[2022-01-31 18:05:20,900] {taskinstance.py:903} INFO - Dependencies all met for <TaskInstance: twitter_dag.transform_twitter_alura_online 2022-01-30T09:00:00+00:00 [queued]>
[2022-01-31 18:05:20,908] {taskinstance.py:903} INFO - Dependencies all met for <TaskInstance: twitter_dag.transform_twitter_alura_online 2022-01-30T09:00:00+00:00 [queued]>
[2022-01-31 18:05:20,909] {taskinstance.py:1095} INFO - 
--------------------------------------------------------------------------------
[2022-01-31 18:05:20,910] {taskinstance.py:1096} INFO - Starting attempt 1 of 1
[2022-01-31 18:05:20,911] {taskinstance.py:1097} INFO - 
--------------------------------------------------------------------------------
[2022-01-31 18:05:20,927] {taskinstance.py:1115} INFO - Executing <Task(SparkSubmitOperator): transform_twitter_alura_online> on 2022-01-30T09:00:00+00:00
[2022-01-31 18:05:20,931] {standard_task_runner.py:52} INFO - Started process 85324 to run task
[2022-01-31 18:05:20,943] {standard_task_runner.py:76} INFO - Running: ['airflow', 'tasks', 'run', 'twitter_dag', 'transform_twitter_alura_online', '2022-01-30T09:00:00+00:00', '--job-id', '32', '--pool', 'default_pool', '--raw', '--subdir', 'DAGS_FOLDER/twitter_dag.py', '--cfg-path', '/var/folders/k6/528t8tnx5llf4w8y5xx1rrm80000gn/T/tmpa0kb80jy', '--error-file', '/var/folders/k6/528t8tnx5llf4w8y5xx1rrm80000gn/T/tmpk0w1kv0t']
[2022-01-31 18:05:20,946] {standard_task_runner.py:77} INFO - Job 32: Subtask transform_twitter_alura_online
[2022-01-31 18:05:21,045] {logging_mixin.py:109} INFO - Running <TaskInstance: twitter_dag.transform_twitter_alura_online 2022-01-30T09:00:00+00:00 [running]> on host 1.0.0.0.0.0.0.0.0.0.0.0.0.0.0.0.0.0.0.0.0.0.0.0.0.0.0.0.0.0.0.0.ip6.arpa
[2022-01-31 18:05:21,183] {taskinstance.py:1254} INFO - Exporting the following env vars:
AIRFLOW_CTX_DAG_OWNER=airflow
AIRFLOW_CTX_DAG_ID=twitter_dag
AIRFLOW_CTX_TASK_ID=transform_twitter_alura_online
AIRFLOW_CTX_EXECUTION_DATE=2022-01-30T09:00:00+00:00
AIRFLOW_CTX_DAG_RUN_ID=scheduled__2022-01-30T09:00:00+00:00
[2022-01-31 18:05:21,202] {base.py:79} INFO - Using connection to: id: spark_default. Host: local, Port: None, Schema: , Login: , Password: None, extra: {'spark-home': '/Users/bezerraescossia/spark-3.2.0-bin-hadoop3.2'}
[2022-01-31 18:05:21,211] {spark_submit.py:360} INFO - Spark-Submit cmd: /Users/bezerraescossia/spark-3.2.0-bin-hadoop3.2/bin/spark-submit --master local --name twitter_transformation /Users/bezerraescossia/Github/studies/twitter-project/spark/transformation.py --src /Users/bezerraescossia/Github/studies/twitter-project/datalake/bronze/extract_date=2022-01-30 --dest /Users/bezerraescossia/Github/studies/twitter-project/datalake/silver --process-date 2022-01-30
[2022-01-31 18:05:24,118] {spark_submit.py:514} INFO - 22/01/31 18:05:24 WARN Utils: Your hostname, MacBook-Air-de-Rafael.local resolves to a loopback address: 127.0.0.1; using 192.168.0.44 instead (on interface en0)
[2022-01-31 18:05:24,119] {spark_submit.py:514} INFO - 22/01/31 18:05:24 WARN Utils: Set SPARK_LOCAL_IP if you need to bind to another address
[2022-01-31 18:05:26,077] {spark_submit.py:514} INFO - Using Spark's default log4j profile: org/apache/spark/log4j-defaults.properties
[2022-01-31 18:05:26,090] {spark_submit.py:514} INFO - 22/01/31 18:05:26 INFO SparkContext: Running Spark version 3.2.0
[2022-01-31 18:05:26,264] {spark_submit.py:514} INFO - 22/01/31 18:05:26 WARN NativeCodeLoader: Unable to load native-hadoop library for your platform... using builtin-java classes where applicable
[2022-01-31 18:05:26,426] {spark_submit.py:514} INFO - 22/01/31 18:05:26 INFO ResourceUtils: ==============================================================
[2022-01-31 18:05:26,427] {spark_submit.py:514} INFO - 22/01/31 18:05:26 INFO ResourceUtils: No custom resources configured for spark.driver.
[2022-01-31 18:05:26,427] {spark_submit.py:514} INFO - 22/01/31 18:05:26 INFO ResourceUtils: ==============================================================
[2022-01-31 18:05:26,428] {spark_submit.py:514} INFO - 22/01/31 18:05:26 INFO SparkContext: Submitted application: twitter_transformation
[2022-01-31 18:05:26,462] {spark_submit.py:514} INFO - 22/01/31 18:05:26 INFO ResourceProfile: Default ResourceProfile created, executor resources: Map(cores -> name: cores, amount: 1, script: , vendor: , memory -> name: memory, amount: 1024, script: , vendor: , offHeap -> name: offHeap, amount: 0, script: , vendor: ), task resources: Map(cpus -> name: cpus, amount: 1.0)
[2022-01-31 18:05:26,491] {spark_submit.py:514} INFO - 22/01/31 18:05:26 INFO ResourceProfile: Limiting resource is cpu
[2022-01-31 18:05:26,493] {spark_submit.py:514} INFO - 22/01/31 18:05:26 INFO ResourceProfileManager: Added ResourceProfile id: 0
[2022-01-31 18:05:26,581] {spark_submit.py:514} INFO - 22/01/31 18:05:26 INFO SecurityManager: Changing view acls to: bezerraescossia
[2022-01-31 18:05:26,582] {spark_submit.py:514} INFO - 22/01/31 18:05:26 INFO SecurityManager: Changing modify acls to: bezerraescossia
[2022-01-31 18:05:26,583] {spark_submit.py:514} INFO - 22/01/31 18:05:26 INFO SecurityManager: Changing view acls groups to:
[2022-01-31 18:05:26,584] {spark_submit.py:514} INFO - 22/01/31 18:05:26 INFO SecurityManager: Changing modify acls groups to:
[2022-01-31 18:05:26,585] {spark_submit.py:514} INFO - 22/01/31 18:05:26 INFO SecurityManager: SecurityManager: authentication disabled; ui acls disabled; users  with view permissions: Set(bezerraescossia); groups with view permissions: Set(); users  with modify permissions: Set(bezerraescossia); groups with modify permissions: Set()
[2022-01-31 18:05:27,079] {spark_submit.py:514} INFO - 22/01/31 18:05:27 INFO Utils: Successfully started service 'sparkDriver' on port 56957.
[2022-01-31 18:05:27,129] {spark_submit.py:514} INFO - 22/01/31 18:05:27 INFO SparkEnv: Registering MapOutputTracker
[2022-01-31 18:05:27,174] {spark_submit.py:514} INFO - 22/01/31 18:05:27 INFO SparkEnv: Registering BlockManagerMaster
[2022-01-31 18:05:27,199] {spark_submit.py:514} INFO - 22/01/31 18:05:27 INFO BlockManagerMasterEndpoint: Using org.apache.spark.storage.DefaultTopologyMapper for getting topology information
[2022-01-31 18:05:27,200] {spark_submit.py:514} INFO - 22/01/31 18:05:27 INFO BlockManagerMasterEndpoint: BlockManagerMasterEndpoint up
[2022-01-31 18:05:27,205] {spark_submit.py:514} INFO - 22/01/31 18:05:27 INFO SparkEnv: Registering BlockManagerMasterHeartbeat
[2022-01-31 18:05:27,245] {spark_submit.py:514} INFO - 22/01/31 18:05:27 INFO DiskBlockManager: Created local directory at /private/var/folders/k6/528t8tnx5llf4w8y5xx1rrm80000gn/T/blockmgr-07d8d7ab-6d6e-44da-b70b-0f58b7fabf4a
[2022-01-31 18:05:27,286] {spark_submit.py:514} INFO - 22/01/31 18:05:27 INFO MemoryStore: MemoryStore started with capacity 366.3 MiB
[2022-01-31 18:05:27,315] {spark_submit.py:514} INFO - 22/01/31 18:05:27 INFO SparkEnv: Registering OutputCommitCoordinator
[2022-01-31 18:05:27,702] {spark_submit.py:514} INFO - 22/01/31 18:05:27 WARN Utils: Service 'SparkUI' could not bind on port 4040. Attempting port 4041.
[2022-01-31 18:05:27,719] {spark_submit.py:514} INFO - 22/01/31 18:05:27 INFO Utils: Successfully started service 'SparkUI' on port 4041.
[2022-01-31 18:05:27,835] {spark_submit.py:514} INFO - 22/01/31 18:05:27 INFO SparkUI: Bound SparkUI to 0.0.0.0, and started at http://192.168.0.44:4041
[2022-01-31 18:05:28,328] {spark_submit.py:514} INFO - 22/01/31 18:05:28 INFO Executor: Starting executor ID driver on host 192.168.0.44
[2022-01-31 18:05:28,383] {spark_submit.py:514} INFO - 22/01/31 18:05:28 INFO Utils: Successfully started service 'org.apache.spark.network.netty.NettyBlockTransferService' on port 56960.
[2022-01-31 18:05:28,384] {spark_submit.py:514} INFO - 22/01/31 18:05:28 INFO NettyBlockTransferService: Server created on 192.168.0.44:56960
[2022-01-31 18:05:28,387] {spark_submit.py:514} INFO - 22/01/31 18:05:28 INFO BlockManager: Using org.apache.spark.storage.RandomBlockReplicationPolicy for block replication policy
[2022-01-31 18:05:28,400] {spark_submit.py:514} INFO - 22/01/31 18:05:28 INFO BlockManagerMaster: Registering BlockManager BlockManagerId(driver, 192.168.0.44, 56960, None)
[2022-01-31 18:05:28,408] {spark_submit.py:514} INFO - 22/01/31 18:05:28 INFO BlockManagerMasterEndpoint: Registering block manager 192.168.0.44:56960 with 366.3 MiB RAM, BlockManagerId(driver, 192.168.0.44, 56960, None)
[2022-01-31 18:05:28,416] {spark_submit.py:514} INFO - 22/01/31 18:05:28 INFO BlockManagerMaster: Registered BlockManager BlockManagerId(driver, 192.168.0.44, 56960, None)
[2022-01-31 18:05:28,419] {spark_submit.py:514} INFO - 22/01/31 18:05:28 INFO BlockManager: Initialized BlockManager: BlockManagerId(driver, 192.168.0.44, 56960, None)
[2022-01-31 18:05:29,533] {spark_submit.py:514} INFO - 22/01/31 18:05:29 INFO SharedState: Setting hive.metastore.warehouse.dir ('null') to the value of spark.sql.warehouse.dir.
[2022-01-31 18:05:29,591] {spark_submit.py:514} INFO - 22/01/31 18:05:29 INFO SharedState: Warehouse path is 'file:/Users/bezerraescossia/Github/studies/twitter-project/spark-warehouse'.
[2022-01-31 18:05:31,563] {spark_submit.py:514} INFO - 22/01/31 18:05:31 INFO InMemoryFileIndex: It took 132 ms to list leaf files for 1 paths.
[2022-01-31 18:05:32,006] {spark_submit.py:514} INFO - 22/01/31 18:05:32 INFO InMemoryFileIndex: It took 4 ms to list leaf files for 1 paths.
[2022-01-31 18:05:36,494] {spark_submit.py:514} INFO - 22/01/31 18:05:36 INFO FileSourceStrategy: Pushed Filters:
[2022-01-31 18:05:36,495] {spark_submit.py:514} INFO - 22/01/31 18:05:36 INFO FileSourceStrategy: Post-Scan Filters:
[2022-01-31 18:05:36,508] {spark_submit.py:514} INFO - 22/01/31 18:05:36 INFO FileSourceStrategy: Output Data Schema: struct<value: string>
[2022-01-31 18:05:37,851] {spark_submit.py:514} INFO - 22/01/31 18:05:37 INFO MemoryStore: Block broadcast_0 stored as values in memory (estimated size 338.2 KiB, free 366.0 MiB)
[2022-01-31 18:05:38,215] {spark_submit.py:514} INFO - 22/01/31 18:05:38 INFO MemoryStore: Block broadcast_0_piece0 stored as bytes in memory (estimated size 32.5 KiB, free 365.9 MiB)
[2022-01-31 18:05:38,220] {spark_submit.py:514} INFO - 22/01/31 18:05:38 INFO BlockManagerInfo: Added broadcast_0_piece0 in memory on 192.168.0.44:56960 (size: 32.5 KiB, free: 366.3 MiB)
[2022-01-31 18:05:38,234] {spark_submit.py:514} INFO - 22/01/31 18:05:38 INFO SparkContext: Created broadcast 0 from json at NativeMethodAccessorImpl.java:0
[2022-01-31 18:05:38,251] {spark_submit.py:514} INFO - 22/01/31 18:05:38 INFO FileSourceScanExec: Planning scan with bin packing, max size: 4203050 bytes, open cost is considered as scanning 4194304 bytes.
[2022-01-31 18:05:38,712] {spark_submit.py:514} INFO - 22/01/31 18:05:38 INFO SparkContext: Starting job: json at NativeMethodAccessorImpl.java:0
[2022-01-31 18:05:38,744] {spark_submit.py:514} INFO - 22/01/31 18:05:38 INFO DAGScheduler: Got job 0 (json at NativeMethodAccessorImpl.java:0) with 1 output partitions
[2022-01-31 18:05:38,745] {spark_submit.py:514} INFO - 22/01/31 18:05:38 INFO DAGScheduler: Final stage: ResultStage 0 (json at NativeMethodAccessorImpl.java:0)
[2022-01-31 18:05:38,745] {spark_submit.py:514} INFO - 22/01/31 18:05:38 INFO DAGScheduler: Parents of final stage: List()
[2022-01-31 18:05:38,747] {spark_submit.py:514} INFO - 22/01/31 18:05:38 INFO DAGScheduler: Missing parents: List()
[2022-01-31 18:05:38,755] {spark_submit.py:514} INFO - 22/01/31 18:05:38 INFO DAGScheduler: Submitting ResultStage 0 (MapPartitionsRDD[3] at json at NativeMethodAccessorImpl.java:0), which has no missing parents
[2022-01-31 18:05:38,952] {spark_submit.py:514} INFO - 22/01/31 18:05:38 INFO MemoryStore: Block broadcast_1 stored as values in memory (estimated size 12.5 KiB, free 365.9 MiB)
[2022-01-31 18:05:38,960] {spark_submit.py:514} INFO - 22/01/31 18:05:38 INFO MemoryStore: Block broadcast_1_piece0 stored as bytes in memory (estimated size 6.5 KiB, free 365.9 MiB)
[2022-01-31 18:05:38,963] {spark_submit.py:514} INFO - 22/01/31 18:05:38 INFO BlockManagerInfo: Added broadcast_1_piece0 in memory on 192.168.0.44:56960 (size: 6.5 KiB, free: 366.3 MiB)
[2022-01-31 18:05:38,967] {spark_submit.py:514} INFO - 22/01/31 18:05:38 INFO SparkContext: Created broadcast 1 from broadcast at DAGScheduler.scala:1427
[2022-01-31 18:05:39,000] {spark_submit.py:514} INFO - 22/01/31 18:05:38 INFO DAGScheduler: Submitting 1 missing tasks from ResultStage 0 (MapPartitionsRDD[3] at json at NativeMethodAccessorImpl.java:0) (first 15 tasks are for partitions Vector(0))
[2022-01-31 18:05:39,001] {spark_submit.py:514} INFO - 22/01/31 18:05:39 INFO TaskSchedulerImpl: Adding task set 0.0 with 1 tasks resource profile 0
[2022-01-31 18:05:39,082] {spark_submit.py:514} INFO - 22/01/31 18:05:39 INFO TaskSetManager: Starting task 0.0 in stage 0.0 (TID 0) (192.168.0.44, executor driver, partition 0, PROCESS_LOCAL, 4951 bytes) taskResourceAssignments Map()
[2022-01-31 18:05:39,108] {spark_submit.py:514} INFO - 22/01/31 18:05:39 INFO Executor: Running task 0.0 in stage 0.0 (TID 0)
[2022-01-31 18:05:39,974] {spark_submit.py:514} INFO - 22/01/31 18:05:39 INFO FileScanRDD: Reading File path: file:///Users/bezerraescossia/Github/studies/twitter-project/datalake/bronze/extract_date=2022-01-30/AluraOnline_20220130.json, range: 0-8746, partition values: [empty row]
[2022-01-31 18:05:40,569] {spark_submit.py:514} INFO - 22/01/31 18:05:40 INFO CodeGenerator: Code generated in 520.235768 ms
[2022-01-31 18:05:40,737] {spark_submit.py:514} INFO - 22/01/31 18:05:40 INFO Executor: Finished task 0.0 in stage 0.0 (TID 0). 2858 bytes result sent to driver
[2022-01-31 18:05:40,749] {spark_submit.py:514} INFO - 22/01/31 18:05:40 INFO TaskSetManager: Finished task 0.0 in stage 0.0 (TID 0) in 1680 ms on 192.168.0.44 (executor driver) (1/1)
[2022-01-31 18:05:40,752] {spark_submit.py:514} INFO - 22/01/31 18:05:40 INFO TaskSchedulerImpl: Removed TaskSet 0.0, whose tasks have all completed, from pool
[2022-01-31 18:05:40,760] {spark_submit.py:514} INFO - 22/01/31 18:05:40 INFO DAGScheduler: ResultStage 0 (json at NativeMethodAccessorImpl.java:0) finished in 1,975 s
[2022-01-31 18:05:40,767] {spark_submit.py:514} INFO - 22/01/31 18:05:40 INFO DAGScheduler: Job 0 is finished. Cancelling potential speculative or zombie tasks for this job
[2022-01-31 18:05:40,768] {spark_submit.py:514} INFO - 22/01/31 18:05:40 INFO TaskSchedulerImpl: Killing all running tasks in stage 0: Stage finished
[2022-01-31 18:05:40,771] {spark_submit.py:514} INFO - 22/01/31 18:05:40 INFO DAGScheduler: Job 0 finished: json at NativeMethodAccessorImpl.java:0, took 2,061639 s
[2022-01-31 18:05:41,989] {spark_submit.py:514} INFO - 22/01/31 18:05:41 INFO FileSourceStrategy: Pushed Filters: IsNotNull(data)
[2022-01-31 18:05:41,992] {spark_submit.py:514} INFO - 22/01/31 18:05:41 INFO FileSourceStrategy: Post-Scan Filters: (size(data#7, true) > 0),isnotnull(data#7)
[2022-01-31 18:05:41,992] {spark_submit.py:514} INFO - 22/01/31 18:05:41 INFO FileSourceStrategy: Output Data Schema: struct<data: array<struct<author_id:string,conversation_id:string,created_at:string,id:string,in_reply_to_user_id:string,public_metrics:struct<like_count:bigint,quote_count:bigint,reply_count:bigint,retweet_count:bigint>,text:string>>>
[2022-01-31 18:05:42,114] {spark_submit.py:514} INFO - 22/01/31 18:05:42 INFO FileOutputCommitter: File Output Committer Algorithm version is 1
[2022-01-31 18:05:42,114] {spark_submit.py:514} INFO - 22/01/31 18:05:42 INFO FileOutputCommitter: FileOutputCommitter skip cleanup _temporary folders under output directory:false, ignore cleanup failures: false
[2022-01-31 18:05:42,115] {spark_submit.py:514} INFO - 22/01/31 18:05:42 INFO SQLHadoopMapReduceCommitProtocol: Using output committer class org.apache.hadoop.mapreduce.lib.output.FileOutputCommitter
[2022-01-31 18:05:42,563] {spark_submit.py:514} INFO - 22/01/31 18:05:42 INFO CodeGenerator: Code generated in 282.35824 ms
[2022-01-31 18:05:42,587] {spark_submit.py:514} INFO - 22/01/31 18:05:42 INFO MemoryStore: Block broadcast_2 stored as values in memory (estimated size 338.0 KiB, free 365.6 MiB)
[2022-01-31 18:05:42,685] {spark_submit.py:514} INFO - 22/01/31 18:05:42 INFO MemoryStore: Block broadcast_2_piece0 stored as bytes in memory (estimated size 32.5 KiB, free 365.6 MiB)
[2022-01-31 18:05:42,686] {spark_submit.py:514} INFO - 22/01/31 18:05:42 INFO BlockManagerInfo: Added broadcast_2_piece0 in memory on 192.168.0.44:56960 (size: 32.5 KiB, free: 366.2 MiB)
[2022-01-31 18:05:42,689] {spark_submit.py:514} INFO - 22/01/31 18:05:42 INFO SparkContext: Created broadcast 2 from json at NativeMethodAccessorImpl.java:0
[2022-01-31 18:05:42,695] {spark_submit.py:514} INFO - 22/01/31 18:05:42 INFO FileSourceScanExec: Planning scan with bin packing, max size: 4203050 bytes, open cost is considered as scanning 4194304 bytes.
[2022-01-31 18:05:43,001] {spark_submit.py:514} INFO - 22/01/31 18:05:43 INFO SparkContext: Starting job: json at NativeMethodAccessorImpl.java:0
[2022-01-31 18:05:43,005] {spark_submit.py:514} INFO - 22/01/31 18:05:43 INFO DAGScheduler: Got job 1 (json at NativeMethodAccessorImpl.java:0) with 1 output partitions
[2022-01-31 18:05:43,006] {spark_submit.py:514} INFO - 22/01/31 18:05:43 INFO DAGScheduler: Final stage: ResultStage 1 (json at NativeMethodAccessorImpl.java:0)
[2022-01-31 18:05:43,007] {spark_submit.py:514} INFO - 22/01/31 18:05:43 INFO DAGScheduler: Parents of final stage: List()
[2022-01-31 18:05:43,007] {spark_submit.py:514} INFO - 22/01/31 18:05:43 INFO DAGScheduler: Missing parents: List()
[2022-01-31 18:05:43,009] {spark_submit.py:514} INFO - 22/01/31 18:05:43 INFO DAGScheduler: Submitting ResultStage 1 (CoalescedRDD[7] at json at NativeMethodAccessorImpl.java:0), which has no missing parents
[2022-01-31 18:05:43,085] {spark_submit.py:514} INFO - 22/01/31 18:05:43 INFO MemoryStore: Block broadcast_3 stored as values in memory (estimated size 223.6 KiB, free 365.3 MiB)
[2022-01-31 18:05:43,111] {spark_submit.py:514} INFO - 22/01/31 18:05:43 INFO MemoryStore: Block broadcast_3_piece0 stored as bytes in memory (estimated size 76.9 KiB, free 365.3 MiB)
[2022-01-31 18:05:43,112] {spark_submit.py:514} INFO - 22/01/31 18:05:43 INFO BlockManagerInfo: Added broadcast_3_piece0 in memory on 192.168.0.44:56960 (size: 76.9 KiB, free: 366.2 MiB)
[2022-01-31 18:05:43,124] {spark_submit.py:514} INFO - 22/01/31 18:05:43 INFO SparkContext: Created broadcast 3 from broadcast at DAGScheduler.scala:1427
[2022-01-31 18:05:43,125] {spark_submit.py:514} INFO - 22/01/31 18:05:43 INFO DAGScheduler: Submitting 1 missing tasks from ResultStage 1 (CoalescedRDD[7] at json at NativeMethodAccessorImpl.java:0) (first 15 tasks are for partitions Vector(0))
[2022-01-31 18:05:43,126] {spark_submit.py:514} INFO - 22/01/31 18:05:43 INFO TaskSchedulerImpl: Adding task set 1.0 with 1 tasks resource profile 0
[2022-01-31 18:05:43,163] {spark_submit.py:514} INFO - 22/01/31 18:05:43 INFO TaskSetManager: Starting task 0.0 in stage 1.0 (TID 1) (192.168.0.44, executor driver, partition 0, PROCESS_LOCAL, 5180 bytes) taskResourceAssignments Map()
[2022-01-31 18:05:43,164] {spark_submit.py:514} INFO - 22/01/31 18:05:43 INFO Executor: Running task 0.0 in stage 1.0 (TID 1)
[2022-01-31 18:05:43,337] {spark_submit.py:514} INFO - 22/01/31 18:05:43 INFO FileOutputCommitter: File Output Committer Algorithm version is 1
[2022-01-31 18:05:43,339] {spark_submit.py:514} INFO - 22/01/31 18:05:43 INFO FileOutputCommitter: FileOutputCommitter skip cleanup _temporary folders under output directory:false, ignore cleanup failures: false
[2022-01-31 18:05:43,341] {spark_submit.py:514} INFO - 22/01/31 18:05:43 INFO SQLHadoopMapReduceCommitProtocol: Using output committer class org.apache.hadoop.mapreduce.lib.output.FileOutputCommitter
[2022-01-31 18:05:43,448] {spark_submit.py:514} INFO - 22/01/31 18:05:43 INFO FileScanRDD: Reading File path: file:///Users/bezerraescossia/Github/studies/twitter-project/datalake/bronze/extract_date=2022-01-30/AluraOnline_20220130.json, range: 0-8746, partition values: [empty row]
[2022-01-31 18:05:43,508] {spark_submit.py:514} INFO - 22/01/31 18:05:43 INFO CodeGenerator: Code generated in 51.328308 ms
[2022-01-31 18:05:43,551] {spark_submit.py:514} INFO - 22/01/31 18:05:43 INFO CodeGenerator: Code generated in 10.3852 ms
[2022-01-31 18:05:43,627] {spark_submit.py:514} INFO - 22/01/31 18:05:43 INFO FileOutputCommitter: Saved output of task 'attempt_2022013118054234225237497924416_0001_m_000000_1' to file:/Users/bezerraescossia/Github/studies/twitter-project/datalake/silver/tweet/process_date=2022-01-30/_temporary/0/task_2022013118054234225237497924416_0001_m_000000
[2022-01-31 18:05:43,628] {spark_submit.py:514} INFO - 22/01/31 18:05:43 INFO SparkHadoopMapRedUtil: attempt_2022013118054234225237497924416_0001_m_000000_1: Committed
[2022-01-31 18:05:43,638] {spark_submit.py:514} INFO - 22/01/31 18:05:43 INFO Executor: Finished task 0.0 in stage 1.0 (TID 1). 2670 bytes result sent to driver
[2022-01-31 18:05:43,642] {spark_submit.py:514} INFO - 22/01/31 18:05:43 INFO TaskSetManager: Finished task 0.0 in stage 1.0 (TID 1) in 494 ms on 192.168.0.44 (executor driver) (1/1)
[2022-01-31 18:05:43,643] {spark_submit.py:514} INFO - 22/01/31 18:05:43 INFO TaskSchedulerImpl: Removed TaskSet 1.0, whose tasks have all completed, from pool
[2022-01-31 18:05:43,646] {spark_submit.py:514} INFO - 22/01/31 18:05:43 INFO DAGScheduler: ResultStage 1 (json at NativeMethodAccessorImpl.java:0) finished in 0,633 s
[2022-01-31 18:05:43,647] {spark_submit.py:514} INFO - 22/01/31 18:05:43 INFO DAGScheduler: Job 1 is finished. Cancelling potential speculative or zombie tasks for this job
[2022-01-31 18:05:43,647] {spark_submit.py:514} INFO - 22/01/31 18:05:43 INFO TaskSchedulerImpl: Killing all running tasks in stage 1: Stage finished
[2022-01-31 18:05:43,651] {spark_submit.py:514} INFO - 22/01/31 18:05:43 INFO DAGScheduler: Job 1 finished: json at NativeMethodAccessorImpl.java:0, took 0,647191 s
[2022-01-31 18:05:43,657] {spark_submit.py:514} INFO - 22/01/31 18:05:43 INFO FileFormatWriter: Start to commit write Job 1fe030ea-8f19-479c-a6d3-355598ee8342.
[2022-01-31 18:05:43,719] {spark_submit.py:514} INFO - 22/01/31 18:05:43 INFO FileFormatWriter: Write Job 1fe030ea-8f19-479c-a6d3-355598ee8342 committed. Elapsed time: 60 ms.
[2022-01-31 18:05:43,727] {spark_submit.py:514} INFO - 22/01/31 18:05:43 INFO FileFormatWriter: Finished processing stats for write job 1fe030ea-8f19-479c-a6d3-355598ee8342.
[2022-01-31 18:05:43,808] {spark_submit.py:514} INFO - 22/01/31 18:05:43 INFO FileSourceStrategy: Pushed Filters: IsNotNull(includes)
[2022-01-31 18:05:43,808] {spark_submit.py:514} INFO - 22/01/31 18:05:43 INFO FileSourceStrategy: Post-Scan Filters: isnotnull(includes#8),(size(includes#8.users, true) > 0),isnotnull(includes#8.users)
[2022-01-31 18:05:43,809] {spark_submit.py:514} INFO - 22/01/31 18:05:43 INFO FileSourceStrategy: Output Data Schema: struct<includes: struct<users: array<struct<created_at:string,id:string,name:string,username:string>>>>
[2022-01-31 18:05:43,846] {spark_submit.py:514} INFO - 22/01/31 18:05:43 INFO FileOutputCommitter: File Output Committer Algorithm version is 1
[2022-01-31 18:05:43,847] {spark_submit.py:514} INFO - 22/01/31 18:05:43 INFO FileOutputCommitter: FileOutputCommitter skip cleanup _temporary folders under output directory:false, ignore cleanup failures: false
[2022-01-31 18:05:43,847] {spark_submit.py:514} INFO - 22/01/31 18:05:43 INFO SQLHadoopMapReduceCommitProtocol: Using output committer class org.apache.hadoop.mapreduce.lib.output.FileOutputCommitter
[2022-01-31 18:05:43,945] {spark_submit.py:514} INFO - 22/01/31 18:05:43 INFO CodeGenerator: Code generated in 26.41288 ms
[2022-01-31 18:05:43,957] {spark_submit.py:514} INFO - 22/01/31 18:05:43 INFO MemoryStore: Block broadcast_4 stored as values in memory (estimated size 338.0 KiB, free 364.9 MiB)
[2022-01-31 18:05:44,002] {spark_submit.py:514} INFO - 22/01/31 18:05:44 INFO MemoryStore: Block broadcast_4_piece0 stored as bytes in memory (estimated size 32.5 KiB, free 364.9 MiB)
[2022-01-31 18:05:44,004] {spark_submit.py:514} INFO - 22/01/31 18:05:44 INFO BlockManagerInfo: Added broadcast_4_piece0 in memory on 192.168.0.44:56960 (size: 32.5 KiB, free: 366.1 MiB)
[2022-01-31 18:05:44,007] {spark_submit.py:514} INFO - 22/01/31 18:05:44 INFO SparkContext: Created broadcast 4 from json at NativeMethodAccessorImpl.java:0
[2022-01-31 18:05:44,010] {spark_submit.py:514} INFO - 22/01/31 18:05:44 INFO FileSourceScanExec: Planning scan with bin packing, max size: 4203050 bytes, open cost is considered as scanning 4194304 bytes.
[2022-01-31 18:05:44,088] {spark_submit.py:514} INFO - 22/01/31 18:05:44 INFO SparkContext: Starting job: json at NativeMethodAccessorImpl.java:0
[2022-01-31 18:05:44,090] {spark_submit.py:514} INFO - 22/01/31 18:05:44 INFO DAGScheduler: Got job 2 (json at NativeMethodAccessorImpl.java:0) with 1 output partitions
[2022-01-31 18:05:44,090] {spark_submit.py:514} INFO - 22/01/31 18:05:44 INFO DAGScheduler: Final stage: ResultStage 2 (json at NativeMethodAccessorImpl.java:0)
[2022-01-31 18:05:44,091] {spark_submit.py:514} INFO - 22/01/31 18:05:44 INFO DAGScheduler: Parents of final stage: List()
[2022-01-31 18:05:44,092] {spark_submit.py:514} INFO - 22/01/31 18:05:44 INFO DAGScheduler: Missing parents: List()
[2022-01-31 18:05:44,092] {spark_submit.py:514} INFO - 22/01/31 18:05:44 INFO DAGScheduler: Submitting ResultStage 2 (CoalescedRDD[11] at json at NativeMethodAccessorImpl.java:0), which has no missing parents
[2022-01-31 18:05:44,160] {spark_submit.py:514} INFO - 22/01/31 18:05:44 INFO MemoryStore: Block broadcast_5 stored as values in memory (estimated size 211.2 KiB, free 364.7 MiB)
[2022-01-31 18:05:44,166] {spark_submit.py:514} INFO - 22/01/31 18:05:44 INFO MemoryStore: Block broadcast_5_piece0 stored as bytes in memory (estimated size 75.3 KiB, free 364.6 MiB)
[2022-01-31 18:05:44,167] {spark_submit.py:514} INFO - 22/01/31 18:05:44 INFO BlockManagerInfo: Added broadcast_5_piece0 in memory on 192.168.0.44:56960 (size: 75.3 KiB, free: 366.0 MiB)
[2022-01-31 18:05:44,168] {spark_submit.py:514} INFO - 22/01/31 18:05:44 INFO SparkContext: Created broadcast 5 from broadcast at DAGScheduler.scala:1427
[2022-01-31 18:05:44,170] {spark_submit.py:514} INFO - 22/01/31 18:05:44 INFO DAGScheduler: Submitting 1 missing tasks from ResultStage 2 (CoalescedRDD[11] at json at NativeMethodAccessorImpl.java:0) (first 15 tasks are for partitions Vector(0))
[2022-01-31 18:05:44,170] {spark_submit.py:514} INFO - 22/01/31 18:05:44 INFO TaskSchedulerImpl: Adding task set 2.0 with 1 tasks resource profile 0
[2022-01-31 18:05:44,173] {spark_submit.py:514} INFO - 22/01/31 18:05:44 INFO TaskSetManager: Starting task 0.0 in stage 2.0 (TID 2) (192.168.0.44, executor driver, partition 0, PROCESS_LOCAL, 5180 bytes) taskResourceAssignments Map()
[2022-01-31 18:05:44,174] {spark_submit.py:514} INFO - 22/01/31 18:05:44 INFO Executor: Running task 0.0 in stage 2.0 (TID 2)
[2022-01-31 18:05:44,211] {spark_submit.py:514} INFO - 22/01/31 18:05:44 INFO FileOutputCommitter: File Output Committer Algorithm version is 1
[2022-01-31 18:05:44,212] {spark_submit.py:514} INFO - 22/01/31 18:05:44 INFO FileOutputCommitter: FileOutputCommitter skip cleanup _temporary folders under output directory:false, ignore cleanup failures: false
[2022-01-31 18:05:44,213] {spark_submit.py:514} INFO - 22/01/31 18:05:44 INFO SQLHadoopMapReduceCommitProtocol: Using output committer class org.apache.hadoop.mapreduce.lib.output.FileOutputCommitter
[2022-01-31 18:05:44,274] {spark_submit.py:514} INFO - 22/01/31 18:05:44 INFO FileScanRDD: Reading File path: file:///Users/bezerraescossia/Github/studies/twitter-project/datalake/bronze/extract_date=2022-01-30/AluraOnline_20220130.json, range: 0-8746, partition values: [empty row]
[2022-01-31 18:05:44,301] {spark_submit.py:514} INFO - 22/01/31 18:05:44 INFO CodeGenerator: Code generated in 24.425298 ms
[2022-01-31 18:05:44,314] {spark_submit.py:514} INFO - 22/01/31 18:05:44 INFO CodeGenerator: Code generated in 8.837703 ms
[2022-01-31 18:05:44,335] {spark_submit.py:514} INFO - 22/01/31 18:05:44 INFO FileOutputCommitter: Saved output of task 'attempt_202201311805441373718565895890109_0002_m_000000_2' to file:/Users/bezerraescossia/Github/studies/twitter-project/datalake/silver/user/process_date=2022-01-30/_temporary/0/task_202201311805441373718565895890109_0002_m_000000
[2022-01-31 18:05:44,336] {spark_submit.py:514} INFO - 22/01/31 18:05:44 INFO SparkHadoopMapRedUtil: attempt_202201311805441373718565895890109_0002_m_000000_2: Committed
[2022-01-31 18:05:44,336] {spark_submit.py:514} INFO - 22/01/31 18:05:44 INFO Executor: Finished task 0.0 in stage 2.0 (TID 2). 2627 bytes result sent to driver
[2022-01-31 18:05:44,337] {spark_submit.py:514} INFO - 22/01/31 18:05:44 INFO TaskSetManager: Finished task 0.0 in stage 2.0 (TID 2) in 164 ms on 192.168.0.44 (executor driver) (1/1)
[2022-01-31 18:05:44,338] {spark_submit.py:514} INFO - 22/01/31 18:05:44 INFO TaskSchedulerImpl: Removed TaskSet 2.0, whose tasks have all completed, from pool
[2022-01-31 18:05:44,339] {spark_submit.py:514} INFO - 22/01/31 18:05:44 INFO DAGScheduler: ResultStage 2 (json at NativeMethodAccessorImpl.java:0) finished in 0,245 s
[2022-01-31 18:05:44,340] {spark_submit.py:514} INFO - 22/01/31 18:05:44 INFO DAGScheduler: Job 2 is finished. Cancelling potential speculative or zombie tasks for this job
[2022-01-31 18:05:44,341] {spark_submit.py:514} INFO - 22/01/31 18:05:44 INFO TaskSchedulerImpl: Killing all running tasks in stage 2: Stage finished
[2022-01-31 18:05:44,341] {spark_submit.py:514} INFO - 22/01/31 18:05:44 INFO DAGScheduler: Job 2 finished: json at NativeMethodAccessorImpl.java:0, took 0,252137 s
[2022-01-31 18:05:44,342] {spark_submit.py:514} INFO - 22/01/31 18:05:44 INFO FileFormatWriter: Start to commit write Job 31ab38c7-a688-47ac-b695-89547538f2b4.
[2022-01-31 18:05:44,374] {spark_submit.py:514} INFO - 22/01/31 18:05:44 INFO FileFormatWriter: Write Job 31ab38c7-a688-47ac-b695-89547538f2b4 committed. Elapsed time: 32 ms.
[2022-01-31 18:05:44,378] {spark_submit.py:514} INFO - 22/01/31 18:05:44 INFO FileFormatWriter: Finished processing stats for write job 31ab38c7-a688-47ac-b695-89547538f2b4.
[2022-01-31 18:05:44,511] {spark_submit.py:514} INFO - 22/01/31 18:05:44 INFO SparkContext: Invoking stop() from shutdown hook
[2022-01-31 18:05:44,548] {spark_submit.py:514} INFO - 22/01/31 18:05:44 INFO SparkUI: Stopped Spark web UI at http://192.168.0.44:4041
[2022-01-31 18:05:44,572] {spark_submit.py:514} INFO - 22/01/31 18:05:44 INFO MapOutputTrackerMasterEndpoint: MapOutputTrackerMasterEndpoint stopped!
[2022-01-31 18:05:44,644] {spark_submit.py:514} INFO - 22/01/31 18:05:44 INFO MemoryStore: MemoryStore cleared
[2022-01-31 18:05:44,645] {spark_submit.py:514} INFO - 22/01/31 18:05:44 INFO BlockManager: BlockManager stopped
[2022-01-31 18:05:44,662] {spark_submit.py:514} INFO - 22/01/31 18:05:44 INFO BlockManagerMaster: BlockManagerMaster stopped
[2022-01-31 18:05:44,667] {spark_submit.py:514} INFO - 22/01/31 18:05:44 INFO OutputCommitCoordinator$OutputCommitCoordinatorEndpoint: OutputCommitCoordinator stopped!
[2022-01-31 18:05:44,728] {spark_submit.py:514} INFO - 22/01/31 18:05:44 INFO SparkContext: Successfully stopped SparkContext
[2022-01-31 18:05:44,729] {spark_submit.py:514} INFO - 22/01/31 18:05:44 INFO ShutdownHookManager: Shutdown hook called
[2022-01-31 18:05:44,732] {spark_submit.py:514} INFO - 22/01/31 18:05:44 INFO ShutdownHookManager: Deleting directory /private/var/folders/k6/528t8tnx5llf4w8y5xx1rrm80000gn/T/spark-e992b22a-855f-4a79-8a93-eb19f1459c6a/pyspark-9bd83e06-6c44-4853-b4e2-1b8288bd765a
[2022-01-31 18:05:44,783] {spark_submit.py:514} INFO - 22/01/31 18:05:44 INFO ShutdownHookManager: Deleting directory /private/var/folders/k6/528t8tnx5llf4w8y5xx1rrm80000gn/T/spark-e992b22a-855f-4a79-8a93-eb19f1459c6a
[2022-01-31 18:05:44,829] {spark_submit.py:514} INFO - 22/01/31 18:05:44 INFO ShutdownHookManager: Deleting directory /private/var/folders/k6/528t8tnx5llf4w8y5xx1rrm80000gn/T/spark-dd8408db-ecc5-4761-bf16-0f74d2a7e72b
[2022-01-31 18:05:44,977] {taskinstance.py:1219} INFO - Marking task as SUCCESS. dag_id=twitter_dag, task_id=transform_twitter_alura_online, execution_date=20220130T090000, start_date=20220131T210520, end_date=20220131T210544
[2022-01-31 18:05:45,029] {local_task_job.py:151} INFO - Task exited with return code 0
[2022-01-31 18:05:45,053] {local_task_job.py:261} INFO - 0 downstream tasks scheduled from follow-on schedule check
