[2022-02-02 11:21:34,204] {taskinstance.py:903} INFO - Dependencies all met for <TaskInstance: twitter_dag.transform_twitter_aluraonline 2022-01-29T09:00:00+00:00 [queued]>
[2022-02-02 11:21:34,212] {taskinstance.py:903} INFO - Dependencies all met for <TaskInstance: twitter_dag.transform_twitter_aluraonline 2022-01-29T09:00:00+00:00 [queued]>
[2022-02-02 11:21:34,212] {taskinstance.py:1095} INFO - 
--------------------------------------------------------------------------------
[2022-02-02 11:21:34,212] {taskinstance.py:1096} INFO - Starting attempt 1 of 1
[2022-02-02 11:21:34,212] {taskinstance.py:1097} INFO - 
--------------------------------------------------------------------------------
[2022-02-02 11:21:34,222] {taskinstance.py:1115} INFO - Executing <Task(SparkSubmitOperator): transform_twitter_aluraonline> on 2022-01-29T09:00:00+00:00
[2022-02-02 11:21:34,225] {standard_task_runner.py:52} INFO - Started process 21947 to run task
[2022-02-02 11:21:34,239] {standard_task_runner.py:76} INFO - Running: ['airflow', 'tasks', 'run', 'twitter_dag', 'transform_twitter_aluraonline', '2022-01-29T09:00:00+00:00', '--job-id', '7', '--pool', 'default_pool', '--raw', '--subdir', 'DAGS_FOLDER/twitter_dag.py', '--cfg-path', '/var/folders/k6/528t8tnx5llf4w8y5xx1rrm80000gn/T/tmpce40x5tq', '--error-file', '/var/folders/k6/528t8tnx5llf4w8y5xx1rrm80000gn/T/tmpch73dujl']
[2022-02-02 11:21:34,242] {standard_task_runner.py:77} INFO - Job 7: Subtask transform_twitter_aluraonline
[2022-02-02 11:21:34,310] {logging_mixin.py:109} INFO - Running <TaskInstance: twitter_dag.transform_twitter_aluraonline 2022-01-29T09:00:00+00:00 [running]> on host 1.0.0.127.in-addr.arpa
[2022-02-02 11:21:34,386] {taskinstance.py:1254} INFO - Exporting the following env vars:
AIRFLOW_CTX_DAG_OWNER=airflow
AIRFLOW_CTX_DAG_ID=twitter_dag
AIRFLOW_CTX_TASK_ID=transform_twitter_aluraonline
AIRFLOW_CTX_EXECUTION_DATE=2022-01-29T09:00:00+00:00
AIRFLOW_CTX_DAG_RUN_ID=scheduled__2022-01-29T09:00:00+00:00
[2022-02-02 11:21:34,393] {base.py:79} INFO - Using connection to: id: spark_default. Host: local, Port: None, Schema: , Login: , Password: None, extra: {'spark-home': '/Users/bezerraescossia/spark-3.2.0-bin-hadoop3.2'}
[2022-02-02 11:21:34,395] {spark_submit.py:360} INFO - Spark-Submit cmd: /Users/bezerraescossia/spark-3.2.0-bin-hadoop3.2/bin/spark-submit --master local --name twitter_transformation /Users/bezerraescossia/Github/studies/twitter-project/spark/transformation.py --src /Users/bezerraescossia/Github/studies/twitter-project/datalake/bronze/extract_date=2022-01-29 --dest /Users/bezerraescossia/Github/studies/twitter-project/datalake/silver/ --process-date 2022-01-29
[2022-02-02 11:21:36,433] {spark_submit.py:514} INFO - 22/02/02 11:21:36 WARN Utils: Your hostname, MacBook-Air-de-Rafael.local resolves to a loopback address: 127.0.0.1; using 192.168.0.44 instead (on interface en0)
[2022-02-02 11:21:36,434] {spark_submit.py:514} INFO - 22/02/02 11:21:36 WARN Utils: Set SPARK_LOCAL_IP if you need to bind to another address
[2022-02-02 11:21:38,741] {spark_submit.py:514} INFO - Using Spark's default log4j profile: org/apache/spark/log4j-defaults.properties
[2022-02-02 11:21:38,753] {spark_submit.py:514} INFO - 22/02/02 11:21:38 INFO SparkContext: Running Spark version 3.2.0
[2022-02-02 11:21:38,957] {spark_submit.py:514} INFO - 22/02/02 11:21:38 WARN NativeCodeLoader: Unable to load native-hadoop library for your platform... using builtin-java classes where applicable
[2022-02-02 11:21:39,099] {spark_submit.py:514} INFO - 22/02/02 11:21:39 INFO ResourceUtils: ==============================================================
[2022-02-02 11:21:39,103] {spark_submit.py:514} INFO - 22/02/02 11:21:39 INFO ResourceUtils: No custom resources configured for spark.driver.
[2022-02-02 11:21:39,119] {spark_submit.py:514} INFO - 22/02/02 11:21:39 INFO ResourceUtils: ==============================================================
[2022-02-02 11:21:39,121] {spark_submit.py:514} INFO - 22/02/02 11:21:39 INFO SparkContext: Submitted application: twitter_transformation
[2022-02-02 11:21:39,155] {spark_submit.py:514} INFO - 22/02/02 11:21:39 INFO ResourceProfile: Default ResourceProfile created, executor resources: Map(cores -> name: cores, amount: 1, script: , vendor: , memory -> name: memory, amount: 1024, script: , vendor: , offHeap -> name: offHeap, amount: 0, script: , vendor: ), task resources: Map(cpus -> name: cpus, amount: 1.0)
[2022-02-02 11:21:39,183] {spark_submit.py:514} INFO - 22/02/02 11:21:39 INFO ResourceProfile: Limiting resource is cpu
[2022-02-02 11:21:39,184] {spark_submit.py:514} INFO - 22/02/02 11:21:39 INFO ResourceProfileManager: Added ResourceProfile id: 0
[2022-02-02 11:21:39,269] {spark_submit.py:514} INFO - 22/02/02 11:21:39 INFO SecurityManager: Changing view acls to: bezerraescossia
[2022-02-02 11:21:39,270] {spark_submit.py:514} INFO - 22/02/02 11:21:39 INFO SecurityManager: Changing modify acls to: bezerraescossia
[2022-02-02 11:21:39,271] {spark_submit.py:514} INFO - 22/02/02 11:21:39 INFO SecurityManager: Changing view acls groups to:
[2022-02-02 11:21:39,272] {spark_submit.py:514} INFO - 22/02/02 11:21:39 INFO SecurityManager: Changing modify acls groups to:
[2022-02-02 11:21:39,275] {spark_submit.py:514} INFO - 22/02/02 11:21:39 INFO SecurityManager: SecurityManager: authentication disabled; ui acls disabled; users  with view permissions: Set(bezerraescossia); groups with view permissions: Set(); users  with modify permissions: Set(bezerraescossia); groups with modify permissions: Set()
[2022-02-02 11:21:39,708] {spark_submit.py:514} INFO - 22/02/02 11:21:39 INFO Utils: Successfully started service 'sparkDriver' on port 54096.
[2022-02-02 11:21:39,750] {spark_submit.py:514} INFO - 22/02/02 11:21:39 INFO SparkEnv: Registering MapOutputTracker
[2022-02-02 11:21:39,799] {spark_submit.py:514} INFO - 22/02/02 11:21:39 INFO SparkEnv: Registering BlockManagerMaster
[2022-02-02 11:21:39,849] {spark_submit.py:514} INFO - 22/02/02 11:21:39 INFO BlockManagerMasterEndpoint: Using org.apache.spark.storage.DefaultTopologyMapper for getting topology information
[2022-02-02 11:21:39,852] {spark_submit.py:514} INFO - 22/02/02 11:21:39 INFO BlockManagerMasterEndpoint: BlockManagerMasterEndpoint up
[2022-02-02 11:21:39,861] {spark_submit.py:514} INFO - 22/02/02 11:21:39 INFO SparkEnv: Registering BlockManagerMasterHeartbeat
[2022-02-02 11:21:39,913] {spark_submit.py:514} INFO - 22/02/02 11:21:39 INFO DiskBlockManager: Created local directory at /private/var/folders/k6/528t8tnx5llf4w8y5xx1rrm80000gn/T/blockmgr-ae189e23-962b-4512-98c3-d91f81c32b0a
[2022-02-02 11:21:39,962] {spark_submit.py:514} INFO - 22/02/02 11:21:39 INFO MemoryStore: MemoryStore started with capacity 366.3 MiB
[2022-02-02 11:21:39,991] {spark_submit.py:514} INFO - 22/02/02 11:21:39 INFO SparkEnv: Registering OutputCommitCoordinator
[2022-02-02 11:21:40,335] {spark_submit.py:514} INFO - 22/02/02 11:21:40 INFO Utils: Successfully started service 'SparkUI' on port 4040.
[2022-02-02 11:21:40,439] {spark_submit.py:514} INFO - 22/02/02 11:21:40 INFO SparkUI: Bound SparkUI to 0.0.0.0, and started at http://192.168.0.44:4040
[2022-02-02 11:21:40,791] {spark_submit.py:514} INFO - 22/02/02 11:21:40 INFO Executor: Starting executor ID driver on host 192.168.0.44
[2022-02-02 11:21:40,847] {spark_submit.py:514} INFO - 22/02/02 11:21:40 INFO Utils: Successfully started service 'org.apache.spark.network.netty.NettyBlockTransferService' on port 54097.
[2022-02-02 11:21:40,848] {spark_submit.py:514} INFO - 22/02/02 11:21:40 INFO NettyBlockTransferService: Server created on 192.168.0.44:54097
[2022-02-02 11:21:40,851] {spark_submit.py:514} INFO - 22/02/02 11:21:40 INFO BlockManager: Using org.apache.spark.storage.RandomBlockReplicationPolicy for block replication policy
[2022-02-02 11:21:40,863] {spark_submit.py:514} INFO - 22/02/02 11:21:40 INFO BlockManagerMaster: Registering BlockManager BlockManagerId(driver, 192.168.0.44, 54097, None)
[2022-02-02 11:21:40,874] {spark_submit.py:514} INFO - 22/02/02 11:21:40 INFO BlockManagerMasterEndpoint: Registering block manager 192.168.0.44:54097 with 366.3 MiB RAM, BlockManagerId(driver, 192.168.0.44, 54097, None)
[2022-02-02 11:21:40,877] {spark_submit.py:514} INFO - 22/02/02 11:21:40 INFO BlockManagerMaster: Registered BlockManager BlockManagerId(driver, 192.168.0.44, 54097, None)
[2022-02-02 11:21:40,879] {spark_submit.py:514} INFO - 22/02/02 11:21:40 INFO BlockManager: Initialized BlockManager: BlockManagerId(driver, 192.168.0.44, 54097, None)
[2022-02-02 11:21:41,922] {spark_submit.py:514} INFO - 22/02/02 11:21:41 INFO SharedState: Setting hive.metastore.warehouse.dir ('null') to the value of spark.sql.warehouse.dir.
[2022-02-02 11:21:41,978] {spark_submit.py:514} INFO - 22/02/02 11:21:41 INFO SharedState: Warehouse path is 'file:/Users/bezerraescossia/Github/studies/twitter-project/spark-warehouse'.
[2022-02-02 11:21:43,477] {spark_submit.py:514} INFO - 22/02/02 11:21:43 INFO InMemoryFileIndex: It took 56 ms to list leaf files for 1 paths.
[2022-02-02 11:21:43,705] {spark_submit.py:514} INFO - 22/02/02 11:21:43 INFO InMemoryFileIndex: It took 3 ms to list leaf files for 1 paths.
[2022-02-02 11:21:48,404] {spark_submit.py:514} INFO - 22/02/02 11:21:48 INFO FileSourceStrategy: Pushed Filters:
[2022-02-02 11:21:48,407] {spark_submit.py:514} INFO - 22/02/02 11:21:48 INFO FileSourceStrategy: Post-Scan Filters:
[2022-02-02 11:21:48,416] {spark_submit.py:514} INFO - 22/02/02 11:21:48 INFO FileSourceStrategy: Output Data Schema: struct<value: string>
[2022-02-02 11:21:48,942] {spark_submit.py:514} INFO - 22/02/02 11:21:48 INFO MemoryStore: Block broadcast_0 stored as values in memory (estimated size 338.2 KiB, free 366.0 MiB)
[2022-02-02 11:21:49,186] {spark_submit.py:514} INFO - 22/02/02 11:21:49 INFO MemoryStore: Block broadcast_0_piece0 stored as bytes in memory (estimated size 32.5 KiB, free 365.9 MiB)
[2022-02-02 11:21:49,190] {spark_submit.py:514} INFO - 22/02/02 11:21:49 INFO BlockManagerInfo: Added broadcast_0_piece0 in memory on 192.168.0.44:54097 (size: 32.5 KiB, free: 366.3 MiB)
[2022-02-02 11:21:49,197] {spark_submit.py:514} INFO - 22/02/02 11:21:49 INFO SparkContext: Created broadcast 0 from json at NativeMethodAccessorImpl.java:0
[2022-02-02 11:21:49,209] {spark_submit.py:514} INFO - 22/02/02 11:21:49 INFO FileSourceScanExec: Planning scan with bin packing, max size: 4210385 bytes, open cost is considered as scanning 4194304 bytes.
[2022-02-02 11:21:49,494] {spark_submit.py:514} INFO - 22/02/02 11:21:49 INFO SparkContext: Starting job: json at NativeMethodAccessorImpl.java:0
[2022-02-02 11:21:49,512] {spark_submit.py:514} INFO - 22/02/02 11:21:49 INFO DAGScheduler: Got job 0 (json at NativeMethodAccessorImpl.java:0) with 1 output partitions
[2022-02-02 11:21:49,513] {spark_submit.py:514} INFO - 22/02/02 11:21:49 INFO DAGScheduler: Final stage: ResultStage 0 (json at NativeMethodAccessorImpl.java:0)
[2022-02-02 11:21:49,514] {spark_submit.py:514} INFO - 22/02/02 11:21:49 INFO DAGScheduler: Parents of final stage: List()
[2022-02-02 11:21:49,515] {spark_submit.py:514} INFO - 22/02/02 11:21:49 INFO DAGScheduler: Missing parents: List()
[2022-02-02 11:21:49,524] {spark_submit.py:514} INFO - 22/02/02 11:21:49 INFO DAGScheduler: Submitting ResultStage 0 (MapPartitionsRDD[3] at json at NativeMethodAccessorImpl.java:0), which has no missing parents
[2022-02-02 11:21:49,665] {spark_submit.py:514} INFO - 22/02/02 11:21:49 INFO MemoryStore: Block broadcast_1 stored as values in memory (estimated size 12.5 KiB, free 365.9 MiB)
[2022-02-02 11:21:49,668] {spark_submit.py:514} INFO - 22/02/02 11:21:49 INFO MemoryStore: Block broadcast_1_piece0 stored as bytes in memory (estimated size 6.5 KiB, free 365.9 MiB)
[2022-02-02 11:21:49,670] {spark_submit.py:514} INFO - 22/02/02 11:21:49 INFO BlockManagerInfo: Added broadcast_1_piece0 in memory on 192.168.0.44:54097 (size: 6.5 KiB, free: 366.3 MiB)
[2022-02-02 11:21:49,671] {spark_submit.py:514} INFO - 22/02/02 11:21:49 INFO SparkContext: Created broadcast 1 from broadcast at DAGScheduler.scala:1427
[2022-02-02 11:21:49,695] {spark_submit.py:514} INFO - 22/02/02 11:21:49 INFO DAGScheduler: Submitting 1 missing tasks from ResultStage 0 (MapPartitionsRDD[3] at json at NativeMethodAccessorImpl.java:0) (first 15 tasks are for partitions Vector(0))
[2022-02-02 11:21:49,697] {spark_submit.py:514} INFO - 22/02/02 11:21:49 INFO TaskSchedulerImpl: Adding task set 0.0 with 1 tasks resource profile 0
[2022-02-02 11:21:49,841] {spark_submit.py:514} INFO - 22/02/02 11:21:49 INFO TaskSetManager: Starting task 0.0 in stage 0.0 (TID 0) (192.168.0.44, executor driver, partition 0, PROCESS_LOCAL, 4951 bytes) taskResourceAssignments Map()
[2022-02-02 11:21:49,877] {spark_submit.py:514} INFO - 22/02/02 11:21:49 INFO Executor: Running task 0.0 in stage 0.0 (TID 0)
[2022-02-02 11:21:50,709] {spark_submit.py:514} INFO - 22/02/02 11:21:50 INFO FileScanRDD: Reading File path: file:///Users/bezerraescossia/Github/studies/twitter-project/datalake/bronze/extract_date=2022-01-29/AluraOnline_20220129.json, range: 0-16081, partition values: [empty row]
[2022-02-02 11:21:51,050] {spark_submit.py:514} INFO - 22/02/02 11:21:51 INFO CodeGenerator: Code generated in 279.615125 ms
[2022-02-02 11:21:51,163] {spark_submit.py:514} INFO - 22/02/02 11:21:51 INFO Executor: Finished task 0.0 in stage 0.0 (TID 0). 2858 bytes result sent to driver
[2022-02-02 11:21:51,177] {spark_submit.py:514} INFO - 22/02/02 11:21:51 INFO TaskSetManager: Finished task 0.0 in stage 0.0 (TID 0) in 1385 ms on 192.168.0.44 (executor driver) (1/1)
[2022-02-02 11:21:51,181] {spark_submit.py:514} INFO - 22/02/02 11:21:51 INFO TaskSchedulerImpl: Removed TaskSet 0.0, whose tasks have all completed, from pool
[2022-02-02 11:21:51,195] {spark_submit.py:514} INFO - 22/02/02 11:21:51 INFO DAGScheduler: ResultStage 0 (json at NativeMethodAccessorImpl.java:0) finished in 1,632 s
[2022-02-02 11:21:51,204] {spark_submit.py:514} INFO - 22/02/02 11:21:51 INFO DAGScheduler: Job 0 is finished. Cancelling potential speculative or zombie tasks for this job
[2022-02-02 11:21:51,217] {spark_submit.py:514} INFO - 22/02/02 11:21:51 INFO TaskSchedulerImpl: Killing all running tasks in stage 0: Stage finished
[2022-02-02 11:21:51,223] {spark_submit.py:514} INFO - 22/02/02 11:21:51 INFO DAGScheduler: Job 0 finished: json at NativeMethodAccessorImpl.java:0, took 1,725225 s
[2022-02-02 11:21:51,903] {spark_submit.py:514} INFO - 22/02/02 11:21:51 INFO FileSourceStrategy: Pushed Filters: IsNotNull(data)
[2022-02-02 11:21:51,905] {spark_submit.py:514} INFO - 22/02/02 11:21:51 INFO FileSourceStrategy: Post-Scan Filters: (size(data#7, true) > 0),isnotnull(data#7)
[2022-02-02 11:21:51,906] {spark_submit.py:514} INFO - 22/02/02 11:21:51 INFO FileSourceStrategy: Output Data Schema: struct<data: array<struct<author_id:string,conversation_id:string,created_at:string,id:string,in_reply_to_user_id:string,public_metrics:struct<like_count:bigint,quote_count:bigint,reply_count:bigint,retweet_count:bigint>,text:string>>>
[2022-02-02 11:21:52,020] {spark_submit.py:514} INFO - 22/02/02 11:21:52 INFO FileOutputCommitter: File Output Committer Algorithm version is 1
[2022-02-02 11:21:52,021] {spark_submit.py:514} INFO - 22/02/02 11:21:52 INFO FileOutputCommitter: FileOutputCommitter skip cleanup _temporary folders under output directory:false, ignore cleanup failures: false
[2022-02-02 11:21:52,022] {spark_submit.py:514} INFO - 22/02/02 11:21:52 INFO SQLHadoopMapReduceCommitProtocol: Using output committer class org.apache.hadoop.mapreduce.lib.output.FileOutputCommitter
[2022-02-02 11:21:52,369] {spark_submit.py:514} INFO - 22/02/02 11:21:52 INFO CodeGenerator: Code generated in 162.069574 ms
[2022-02-02 11:21:52,381] {spark_submit.py:514} INFO - 22/02/02 11:21:52 INFO MemoryStore: Block broadcast_2 stored as values in memory (estimated size 338.0 KiB, free 365.6 MiB)
[2022-02-02 11:21:52,422] {spark_submit.py:514} INFO - 22/02/02 11:21:52 INFO MemoryStore: Block broadcast_2_piece0 stored as bytes in memory (estimated size 32.5 KiB, free 365.6 MiB)
[2022-02-02 11:21:52,424] {spark_submit.py:514} INFO - 22/02/02 11:21:52 INFO BlockManagerInfo: Added broadcast_2_piece0 in memory on 192.168.0.44:54097 (size: 32.5 KiB, free: 366.2 MiB)
[2022-02-02 11:21:52,426] {spark_submit.py:514} INFO - 22/02/02 11:21:52 INFO SparkContext: Created broadcast 2 from json at NativeMethodAccessorImpl.java:0
[2022-02-02 11:21:52,431] {spark_submit.py:514} INFO - 22/02/02 11:21:52 INFO FileSourceScanExec: Planning scan with bin packing, max size: 4210385 bytes, open cost is considered as scanning 4194304 bytes.
[2022-02-02 11:21:52,631] {spark_submit.py:514} INFO - 22/02/02 11:21:52 INFO SparkContext: Starting job: json at NativeMethodAccessorImpl.java:0
[2022-02-02 11:21:52,634] {spark_submit.py:514} INFO - 22/02/02 11:21:52 INFO DAGScheduler: Got job 1 (json at NativeMethodAccessorImpl.java:0) with 1 output partitions
[2022-02-02 11:21:52,635] {spark_submit.py:514} INFO - 22/02/02 11:21:52 INFO DAGScheduler: Final stage: ResultStage 1 (json at NativeMethodAccessorImpl.java:0)
[2022-02-02 11:21:52,636] {spark_submit.py:514} INFO - 22/02/02 11:21:52 INFO DAGScheduler: Parents of final stage: List()
[2022-02-02 11:21:52,637] {spark_submit.py:514} INFO - 22/02/02 11:21:52 INFO DAGScheduler: Missing parents: List()
[2022-02-02 11:21:52,638] {spark_submit.py:514} INFO - 22/02/02 11:21:52 INFO DAGScheduler: Submitting ResultStage 1 (CoalescedRDD[7] at json at NativeMethodAccessorImpl.java:0), which has no missing parents
[2022-02-02 11:21:52,806] {spark_submit.py:514} INFO - 22/02/02 11:21:52 INFO MemoryStore: Block broadcast_3 stored as values in memory (estimated size 223.6 KiB, free 365.3 MiB)
[2022-02-02 11:21:52,807] {spark_submit.py:514} INFO - 22/02/02 11:21:52 INFO MemoryStore: Block broadcast_3_piece0 stored as bytes in memory (estimated size 76.9 KiB, free 365.3 MiB)
[2022-02-02 11:21:52,808] {spark_submit.py:514} INFO - 22/02/02 11:21:52 INFO BlockManagerInfo: Added broadcast_3_piece0 in memory on 192.168.0.44:54097 (size: 76.9 KiB, free: 366.2 MiB)
[2022-02-02 11:21:52,808] {spark_submit.py:514} INFO - 22/02/02 11:21:52 INFO SparkContext: Created broadcast 3 from broadcast at DAGScheduler.scala:1427
[2022-02-02 11:21:52,809] {spark_submit.py:514} INFO - 22/02/02 11:21:52 INFO DAGScheduler: Submitting 1 missing tasks from ResultStage 1 (CoalescedRDD[7] at json at NativeMethodAccessorImpl.java:0) (first 15 tasks are for partitions Vector(0))
[2022-02-02 11:21:52,810] {spark_submit.py:514} INFO - 22/02/02 11:21:52 INFO TaskSchedulerImpl: Adding task set 1.0 with 1 tasks resource profile 0
[2022-02-02 11:21:52,810] {spark_submit.py:514} INFO - 22/02/02 11:21:52 INFO TaskSetManager: Starting task 0.0 in stage 1.0 (TID 1) (192.168.0.44, executor driver, partition 0, PROCESS_LOCAL, 5180 bytes) taskResourceAssignments Map()
[2022-02-02 11:21:52,811] {spark_submit.py:514} INFO - 22/02/02 11:21:52 INFO Executor: Running task 0.0 in stage 1.0 (TID 1)
[2022-02-02 11:21:52,859] {spark_submit.py:514} INFO - 22/02/02 11:21:52 INFO FileOutputCommitter: File Output Committer Algorithm version is 1
[2022-02-02 11:21:52,860] {spark_submit.py:514} INFO - 22/02/02 11:21:52 INFO FileOutputCommitter: FileOutputCommitter skip cleanup _temporary folders under output directory:false, ignore cleanup failures: false
[2022-02-02 11:21:52,861] {spark_submit.py:514} INFO - 22/02/02 11:21:52 INFO SQLHadoopMapReduceCommitProtocol: Using output committer class org.apache.hadoop.mapreduce.lib.output.FileOutputCommitter
[2022-02-02 11:21:52,969] {spark_submit.py:514} INFO - 22/02/02 11:21:52 INFO FileScanRDD: Reading File path: file:///Users/bezerraescossia/Github/studies/twitter-project/datalake/bronze/extract_date=2022-01-29/AluraOnline_20220129.json, range: 0-16081, partition values: [empty row]
[2022-02-02 11:21:53,053] {spark_submit.py:514} INFO - 22/02/02 11:21:53 INFO CodeGenerator: Code generated in 44.021757 ms
[2022-02-02 11:21:53,079] {spark_submit.py:514} INFO - 22/02/02 11:21:53 INFO CodeGenerator: Code generated in 12.478932 ms
[2022-02-02 11:21:53,166] {spark_submit.py:514} INFO - 22/02/02 11:21:53 INFO FileOutputCommitter: Saved output of task 'attempt_202202021121521128253569428224256_0001_m_000000_1' to file:/Users/bezerraescossia/Github/studies/twitter-project/datalake/silver/tweet/process_date=2022-01-29/_temporary/0/task_202202021121521128253569428224256_0001_m_000000
[2022-02-02 11:21:53,167] {spark_submit.py:514} INFO - 22/02/02 11:21:53 INFO SparkHadoopMapRedUtil: attempt_202202021121521128253569428224256_0001_m_000000_1: Committed
[2022-02-02 11:21:53,181] {spark_submit.py:514} INFO - 22/02/02 11:21:53 INFO Executor: Finished task 0.0 in stage 1.0 (TID 1). 2670 bytes result sent to driver
[2022-02-02 11:21:53,185] {spark_submit.py:514} INFO - 22/02/02 11:21:53 INFO TaskSetManager: Finished task 0.0 in stage 1.0 (TID 1) in 448 ms on 192.168.0.44 (executor driver) (1/1)
[2022-02-02 11:21:53,219] {spark_submit.py:514} INFO - 22/02/02 11:21:53 INFO TaskSchedulerImpl: Removed TaskSet 1.0, whose tasks have all completed, from pool
[2022-02-02 11:21:53,219] {spark_submit.py:514} INFO - 22/02/02 11:21:53 INFO DAGScheduler: ResultStage 1 (json at NativeMethodAccessorImpl.java:0) finished in 0,547 s
[2022-02-02 11:21:53,220] {spark_submit.py:514} INFO - 22/02/02 11:21:53 INFO DAGScheduler: Job 1 is finished. Cancelling potential speculative or zombie tasks for this job
[2022-02-02 11:21:53,221] {spark_submit.py:514} INFO - 22/02/02 11:21:53 INFO TaskSchedulerImpl: Killing all running tasks in stage 1: Stage finished
[2022-02-02 11:21:53,222] {spark_submit.py:514} INFO - 22/02/02 11:21:53 INFO DAGScheduler: Job 1 finished: json at NativeMethodAccessorImpl.java:0, took 0,558055 s
[2022-02-02 11:21:53,223] {spark_submit.py:514} INFO - 22/02/02 11:21:53 INFO FileFormatWriter: Start to commit write Job b9fbb66b-1b3c-41e1-b502-98db50c577e3.
[2022-02-02 11:21:53,244] {spark_submit.py:514} INFO - 22/02/02 11:21:53 INFO FileFormatWriter: Write Job b9fbb66b-1b3c-41e1-b502-98db50c577e3 committed. Elapsed time: 44 ms.
[2022-02-02 11:21:53,250] {spark_submit.py:514} INFO - 22/02/02 11:21:53 INFO FileFormatWriter: Finished processing stats for write job b9fbb66b-1b3c-41e1-b502-98db50c577e3.
[2022-02-02 11:21:53,366] {spark_submit.py:514} INFO - 22/02/02 11:21:53 INFO FileSourceStrategy: Pushed Filters: IsNotNull(includes)
[2022-02-02 11:21:53,367] {spark_submit.py:514} INFO - 22/02/02 11:21:53 INFO FileSourceStrategy: Post-Scan Filters: isnotnull(includes#8),(size(includes#8.users, true) > 0),isnotnull(includes#8.users)
[2022-02-02 11:21:53,367] {spark_submit.py:514} INFO - 22/02/02 11:21:53 INFO FileSourceStrategy: Output Data Schema: struct<includes: struct<users: array<struct<created_at:string,id:string,name:string,username:string>>>>
[2022-02-02 11:21:53,395] {spark_submit.py:514} INFO - 22/02/02 11:21:53 INFO FileOutputCommitter: File Output Committer Algorithm version is 1
[2022-02-02 11:21:53,396] {spark_submit.py:514} INFO - 22/02/02 11:21:53 INFO FileOutputCommitter: FileOutputCommitter skip cleanup _temporary folders under output directory:false, ignore cleanup failures: false
[2022-02-02 11:21:53,397] {spark_submit.py:514} INFO - 22/02/02 11:21:53 INFO SQLHadoopMapReduceCommitProtocol: Using output committer class org.apache.hadoop.mapreduce.lib.output.FileOutputCommitter
[2022-02-02 11:21:53,519] {spark_submit.py:514} INFO - 22/02/02 11:21:53 INFO CodeGenerator: Code generated in 36.364994 ms
[2022-02-02 11:21:53,531] {spark_submit.py:514} INFO - 22/02/02 11:21:53 INFO MemoryStore: Block broadcast_4 stored as values in memory (estimated size 338.0 KiB, free 364.9 MiB)
[2022-02-02 11:21:53,569] {spark_submit.py:514} INFO - 22/02/02 11:21:53 INFO MemoryStore: Block broadcast_4_piece0 stored as bytes in memory (estimated size 32.5 KiB, free 364.9 MiB)
[2022-02-02 11:21:53,570] {spark_submit.py:514} INFO - 22/02/02 11:21:53 INFO BlockManagerInfo: Added broadcast_4_piece0 in memory on 192.168.0.44:54097 (size: 32.5 KiB, free: 366.1 MiB)
[2022-02-02 11:21:53,571] {spark_submit.py:514} INFO - 22/02/02 11:21:53 INFO SparkContext: Created broadcast 4 from json at NativeMethodAccessorImpl.java:0
[2022-02-02 11:21:53,575] {spark_submit.py:514} INFO - 22/02/02 11:21:53 INFO FileSourceScanExec: Planning scan with bin packing, max size: 4210385 bytes, open cost is considered as scanning 4194304 bytes.
[2022-02-02 11:21:53,646] {spark_submit.py:514} INFO - 22/02/02 11:21:53 INFO SparkContext: Starting job: json at NativeMethodAccessorImpl.java:0
[2022-02-02 11:21:53,647] {spark_submit.py:514} INFO - 22/02/02 11:21:53 INFO DAGScheduler: Got job 2 (json at NativeMethodAccessorImpl.java:0) with 1 output partitions
[2022-02-02 11:21:53,648] {spark_submit.py:514} INFO - 22/02/02 11:21:53 INFO DAGScheduler: Final stage: ResultStage 2 (json at NativeMethodAccessorImpl.java:0)
[2022-02-02 11:21:53,649] {spark_submit.py:514} INFO - 22/02/02 11:21:53 INFO DAGScheduler: Parents of final stage: List()
[2022-02-02 11:21:53,650] {spark_submit.py:514} INFO - 22/02/02 11:21:53 INFO DAGScheduler: Missing parents: List()
[2022-02-02 11:21:53,651] {spark_submit.py:514} INFO - 22/02/02 11:21:53 INFO DAGScheduler: Submitting ResultStage 2 (CoalescedRDD[11] at json at NativeMethodAccessorImpl.java:0), which has no missing parents
[2022-02-02 11:21:53,707] {spark_submit.py:514} INFO - 22/02/02 11:21:53 INFO MemoryStore: Block broadcast_5 stored as values in memory (estimated size 211.2 KiB, free 364.7 MiB)
[2022-02-02 11:21:53,710] {spark_submit.py:514} INFO - 22/02/02 11:21:53 INFO MemoryStore: Block broadcast_5_piece0 stored as bytes in memory (estimated size 75.3 KiB, free 364.6 MiB)
[2022-02-02 11:21:53,711] {spark_submit.py:514} INFO - 22/02/02 11:21:53 INFO BlockManagerInfo: Added broadcast_5_piece0 in memory on 192.168.0.44:54097 (size: 75.3 KiB, free: 366.0 MiB)
[2022-02-02 11:21:53,712] {spark_submit.py:514} INFO - 22/02/02 11:21:53 INFO SparkContext: Created broadcast 5 from broadcast at DAGScheduler.scala:1427
[2022-02-02 11:21:53,713] {spark_submit.py:514} INFO - 22/02/02 11:21:53 INFO DAGScheduler: Submitting 1 missing tasks from ResultStage 2 (CoalescedRDD[11] at json at NativeMethodAccessorImpl.java:0) (first 15 tasks are for partitions Vector(0))
[2022-02-02 11:21:53,714] {spark_submit.py:514} INFO - 22/02/02 11:21:53 INFO TaskSchedulerImpl: Adding task set 2.0 with 1 tasks resource profile 0
[2022-02-02 11:21:53,726] {spark_submit.py:514} INFO - 22/02/02 11:21:53 INFO TaskSetManager: Starting task 0.0 in stage 2.0 (TID 2) (192.168.0.44, executor driver, partition 0, PROCESS_LOCAL, 5180 bytes) taskResourceAssignments Map()
[2022-02-02 11:21:53,729] {spark_submit.py:514} INFO - 22/02/02 11:21:53 INFO Executor: Running task 0.0 in stage 2.0 (TID 2)
[2022-02-02 11:21:53,763] {spark_submit.py:514} INFO - 22/02/02 11:21:53 INFO FileOutputCommitter: File Output Committer Algorithm version is 1
[2022-02-02 11:21:53,764] {spark_submit.py:514} INFO - 22/02/02 11:21:53 INFO FileOutputCommitter: FileOutputCommitter skip cleanup _temporary folders under output directory:false, ignore cleanup failures: false
[2022-02-02 11:21:53,765] {spark_submit.py:514} INFO - 22/02/02 11:21:53 INFO SQLHadoopMapReduceCommitProtocol: Using output committer class org.apache.hadoop.mapreduce.lib.output.FileOutputCommitter
[2022-02-02 11:21:53,838] {spark_submit.py:514} INFO - 22/02/02 11:21:53 INFO FileScanRDD: Reading File path: file:///Users/bezerraescossia/Github/studies/twitter-project/datalake/bronze/extract_date=2022-01-29/AluraOnline_20220129.json, range: 0-16081, partition values: [empty row]
[2022-02-02 11:21:53,877] {spark_submit.py:514} INFO - 22/02/02 11:21:53 INFO CodeGenerator: Code generated in 31.721208 ms
[2022-02-02 11:21:53,897] {spark_submit.py:514} INFO - 22/02/02 11:21:53 INFO CodeGenerator: Code generated in 14.616475 ms
[2022-02-02 11:21:53,933] {spark_submit.py:514} INFO - 22/02/02 11:21:53 INFO FileOutputCommitter: Saved output of task 'attempt_202202021121532421104388589050339_0002_m_000000_2' to file:/Users/bezerraescossia/Github/studies/twitter-project/datalake/silver/user/process_date=2022-01-29/_temporary/0/task_202202021121532421104388589050339_0002_m_000000
[2022-02-02 11:21:53,934] {spark_submit.py:514} INFO - 22/02/02 11:21:53 INFO SparkHadoopMapRedUtil: attempt_202202021121532421104388589050339_0002_m_000000_2: Committed
[2022-02-02 11:21:53,937] {spark_submit.py:514} INFO - 22/02/02 11:21:53 INFO Executor: Finished task 0.0 in stage 2.0 (TID 2). 2627 bytes result sent to driver
[2022-02-02 11:21:53,939] {spark_submit.py:514} INFO - 22/02/02 11:21:53 INFO TaskSetManager: Finished task 0.0 in stage 2.0 (TID 2) in 224 ms on 192.168.0.44 (executor driver) (1/1)
[2022-02-02 11:21:53,940] {spark_submit.py:514} INFO - 22/02/02 11:21:53 INFO TaskSchedulerImpl: Removed TaskSet 2.0, whose tasks have all completed, from pool
[2022-02-02 11:21:53,941] {spark_submit.py:514} INFO - 22/02/02 11:21:53 INFO DAGScheduler: ResultStage 2 (json at NativeMethodAccessorImpl.java:0) finished in 0,289 s
[2022-02-02 11:21:53,943] {spark_submit.py:514} INFO - 22/02/02 11:21:53 INFO DAGScheduler: Job 2 is finished. Cancelling potential speculative or zombie tasks for this job
[2022-02-02 11:21:53,944] {spark_submit.py:514} INFO - 22/02/02 11:21:53 INFO TaskSchedulerImpl: Killing all running tasks in stage 2: Stage finished
[2022-02-02 11:21:53,945] {spark_submit.py:514} INFO - 22/02/02 11:21:53 INFO DAGScheduler: Job 2 finished: json at NativeMethodAccessorImpl.java:0, took 0,298214 s
[2022-02-02 11:21:53,946] {spark_submit.py:514} INFO - 22/02/02 11:21:53 INFO FileFormatWriter: Start to commit write Job 610ccd27-053d-46a4-8a4f-8b03655cb73c.
[2022-02-02 11:21:53,992] {spark_submit.py:514} INFO - 22/02/02 11:21:53 INFO FileFormatWriter: Write Job 610ccd27-053d-46a4-8a4f-8b03655cb73c committed. Elapsed time: 46 ms.
[2022-02-02 11:21:53,993] {spark_submit.py:514} INFO - 22/02/02 11:21:53 INFO FileFormatWriter: Finished processing stats for write job 610ccd27-053d-46a4-8a4f-8b03655cb73c.
[2022-02-02 11:21:54,111] {spark_submit.py:514} INFO - 22/02/02 11:21:54 INFO SparkContext: Invoking stop() from shutdown hook
[2022-02-02 11:21:54,131] {spark_submit.py:514} INFO - 22/02/02 11:21:54 INFO SparkUI: Stopped Spark web UI at http://192.168.0.44:4040
[2022-02-02 11:21:54,162] {spark_submit.py:514} INFO - 22/02/02 11:21:54 INFO MapOutputTrackerMasterEndpoint: MapOutputTrackerMasterEndpoint stopped!
[2022-02-02 11:21:54,183] {spark_submit.py:514} INFO - 22/02/02 11:21:54 INFO MemoryStore: MemoryStore cleared
[2022-02-02 11:21:54,184] {spark_submit.py:514} INFO - 22/02/02 11:21:54 INFO BlockManager: BlockManager stopped
[2022-02-02 11:21:54,197] {spark_submit.py:514} INFO - 22/02/02 11:21:54 INFO BlockManagerMaster: BlockManagerMaster stopped
[2022-02-02 11:21:54,203] {spark_submit.py:514} INFO - 22/02/02 11:21:54 INFO OutputCommitCoordinator$OutputCommitCoordinatorEndpoint: OutputCommitCoordinator stopped!
[2022-02-02 11:21:54,214] {spark_submit.py:514} INFO - 22/02/02 11:21:54 INFO SparkContext: Successfully stopped SparkContext
[2022-02-02 11:21:54,216] {spark_submit.py:514} INFO - 22/02/02 11:21:54 INFO ShutdownHookManager: Shutdown hook called
[2022-02-02 11:21:54,216] {spark_submit.py:514} INFO - 22/02/02 11:21:54 INFO ShutdownHookManager: Deleting directory /private/var/folders/k6/528t8tnx5llf4w8y5xx1rrm80000gn/T/spark-c9e92f6f-26e2-407a-95a9-c78dba7a2cf4/pyspark-d39e3dca-915f-4b42-aa7f-dda155025d90
[2022-02-02 11:21:54,225] {spark_submit.py:514} INFO - 22/02/02 11:21:54 INFO ShutdownHookManager: Deleting directory /private/var/folders/k6/528t8tnx5llf4w8y5xx1rrm80000gn/T/spark-c732da26-9476-488a-a00d-94317d2a090a
[2022-02-02 11:21:54,233] {spark_submit.py:514} INFO - 22/02/02 11:21:54 INFO ShutdownHookManager: Deleting directory /private/var/folders/k6/528t8tnx5llf4w8y5xx1rrm80000gn/T/spark-c9e92f6f-26e2-407a-95a9-c78dba7a2cf4
[2022-02-02 11:21:54,333] {taskinstance.py:1219} INFO - Marking task as SUCCESS. dag_id=twitter_dag, task_id=transform_twitter_aluraonline, execution_date=20220129T090000, start_date=20220202T142134, end_date=20220202T142154
[2022-02-02 11:21:54,382] {local_task_job.py:151} INFO - Task exited with return code 0
[2022-02-02 11:21:54,403] {local_task_job.py:261} INFO - 0 downstream tasks scheduled from follow-on schedule check
