[2022-01-31 18:02:14,091] {taskinstance.py:903} INFO - Dependencies all met for <TaskInstance: twitter_dag.transform_twitter_alura_online 2022-01-26T09:00:00+00:00 [queued]>
[2022-01-31 18:02:14,098] {taskinstance.py:903} INFO - Dependencies all met for <TaskInstance: twitter_dag.transform_twitter_alura_online 2022-01-26T09:00:00+00:00 [queued]>
[2022-01-31 18:02:14,098] {taskinstance.py:1095} INFO - 
--------------------------------------------------------------------------------
[2022-01-31 18:02:14,098] {taskinstance.py:1096} INFO - Starting attempt 1 of 1
[2022-01-31 18:02:14,098] {taskinstance.py:1097} INFO - 
--------------------------------------------------------------------------------
[2022-01-31 18:02:14,108] {taskinstance.py:1115} INFO - Executing <Task(SparkSubmitOperator): transform_twitter_alura_online> on 2022-01-26T09:00:00+00:00
[2022-01-31 18:02:14,111] {standard_task_runner.py:52} INFO - Started process 85101 to run task
[2022-01-31 18:02:14,119] {standard_task_runner.py:76} INFO - Running: ['airflow', 'tasks', 'run', 'twitter_dag', 'transform_twitter_alura_online', '2022-01-26T09:00:00+00:00', '--job-id', '24', '--pool', 'default_pool', '--raw', '--subdir', 'DAGS_FOLDER/twitter_dag.py', '--cfg-path', '/var/folders/k6/528t8tnx5llf4w8y5xx1rrm80000gn/T/tmpoz_0hdks', '--error-file', '/var/folders/k6/528t8tnx5llf4w8y5xx1rrm80000gn/T/tmph97rgb9d']
[2022-01-31 18:02:14,121] {standard_task_runner.py:77} INFO - Job 24: Subtask transform_twitter_alura_online
[2022-01-31 18:02:14,163] {logging_mixin.py:109} INFO - Running <TaskInstance: twitter_dag.transform_twitter_alura_online 2022-01-26T09:00:00+00:00 [running]> on host macbook-air-de-rafael.local
[2022-01-31 18:02:14,218] {taskinstance.py:1254} INFO - Exporting the following env vars:
AIRFLOW_CTX_DAG_OWNER=airflow
AIRFLOW_CTX_DAG_ID=twitter_dag
AIRFLOW_CTX_TASK_ID=transform_twitter_alura_online
AIRFLOW_CTX_EXECUTION_DATE=2022-01-26T09:00:00+00:00
AIRFLOW_CTX_DAG_RUN_ID=scheduled__2022-01-26T09:00:00+00:00
[2022-01-31 18:02:14,227] {base.py:79} INFO - Using connection to: id: spark_default. Host: local, Port: None, Schema: , Login: , Password: None, extra: {'spark-home': '/Users/bezerraescossia/spark-3.2.0-bin-hadoop3.2'}
[2022-01-31 18:02:14,230] {spark_submit.py:360} INFO - Spark-Submit cmd: /Users/bezerraescossia/spark-3.2.0-bin-hadoop3.2/bin/spark-submit --master local --name twitter_transformation /Users/bezerraescossia/Github/studies/twitter-project/spark/transformation.py --src /Users/bezerraescossia/Github/studies/twitter-project/datalake/bronze/extract_date=2022-01-26 --dest /Users/bezerraescossia/Github/studies/twitter-project/datalake/silver --process-date 2022-01-26
[2022-01-31 18:02:16,916] {spark_submit.py:514} INFO - 22/01/31 18:02:16 WARN Utils: Your hostname, MacBook-Air-de-Rafael.local resolves to a loopback address: 127.0.0.1; using 192.168.0.44 instead (on interface en0)
[2022-01-31 18:02:16,919] {spark_submit.py:514} INFO - 22/01/31 18:02:16 WARN Utils: Set SPARK_LOCAL_IP if you need to bind to another address
[2022-01-31 18:02:18,663] {spark_submit.py:514} INFO - Using Spark's default log4j profile: org/apache/spark/log4j-defaults.properties
[2022-01-31 18:02:18,694] {spark_submit.py:514} INFO - 22/01/31 18:02:18 INFO SparkContext: Running Spark version 3.2.0
[2022-01-31 18:02:18,987] {spark_submit.py:514} INFO - 22/01/31 18:02:18 WARN NativeCodeLoader: Unable to load native-hadoop library for your platform... using builtin-java classes where applicable
[2022-01-31 18:02:19,445] {spark_submit.py:514} INFO - 22/01/31 18:02:19 INFO ResourceUtils: ==============================================================
[2022-01-31 18:02:19,446] {spark_submit.py:514} INFO - 22/01/31 18:02:19 INFO ResourceUtils: No custom resources configured for spark.driver.
[2022-01-31 18:02:19,447] {spark_submit.py:514} INFO - 22/01/31 18:02:19 INFO ResourceUtils: ==============================================================
[2022-01-31 18:02:19,453] {spark_submit.py:514} INFO - 22/01/31 18:02:19 INFO SparkContext: Submitted application: twitter_transformation
[2022-01-31 18:02:19,497] {spark_submit.py:514} INFO - 22/01/31 18:02:19 INFO ResourceProfile: Default ResourceProfile created, executor resources: Map(cores -> name: cores, amount: 1, script: , vendor: , memory -> name: memory, amount: 1024, script: , vendor: , offHeap -> name: offHeap, amount: 0, script: , vendor: ), task resources: Map(cpus -> name: cpus, amount: 1.0)
[2022-01-31 18:02:19,526] {spark_submit.py:514} INFO - 22/01/31 18:02:19 INFO ResourceProfile: Limiting resource is cpu
[2022-01-31 18:02:19,527] {spark_submit.py:514} INFO - 22/01/31 18:02:19 INFO ResourceProfileManager: Added ResourceProfile id: 0
[2022-01-31 18:02:19,651] {spark_submit.py:514} INFO - 22/01/31 18:02:19 INFO SecurityManager: Changing view acls to: bezerraescossia
[2022-01-31 18:02:19,657] {spark_submit.py:514} INFO - 22/01/31 18:02:19 INFO SecurityManager: Changing modify acls to: bezerraescossia
[2022-01-31 18:02:19,657] {spark_submit.py:514} INFO - 22/01/31 18:02:19 INFO SecurityManager: Changing view acls groups to:
[2022-01-31 18:02:19,658] {spark_submit.py:514} INFO - 22/01/31 18:02:19 INFO SecurityManager: Changing modify acls groups to:
[2022-01-31 18:02:19,658] {spark_submit.py:514} INFO - 22/01/31 18:02:19 INFO SecurityManager: SecurityManager: authentication disabled; ui acls disabled; users  with view permissions: Set(bezerraescossia); groups with view permissions: Set(); users  with modify permissions: Set(bezerraescossia); groups with modify permissions: Set()
[2022-01-31 18:02:20,226] {spark_submit.py:514} INFO - 22/01/31 18:02:20 INFO Utils: Successfully started service 'sparkDriver' on port 56754.
[2022-01-31 18:02:20,283] {spark_submit.py:514} INFO - 22/01/31 18:02:20 INFO SparkEnv: Registering MapOutputTracker
[2022-01-31 18:02:20,333] {spark_submit.py:514} INFO - 22/01/31 18:02:20 INFO SparkEnv: Registering BlockManagerMaster
[2022-01-31 18:02:20,374] {spark_submit.py:514} INFO - 22/01/31 18:02:20 INFO BlockManagerMasterEndpoint: Using org.apache.spark.storage.DefaultTopologyMapper for getting topology information
[2022-01-31 18:02:20,376] {spark_submit.py:514} INFO - 22/01/31 18:02:20 INFO BlockManagerMasterEndpoint: BlockManagerMasterEndpoint up
[2022-01-31 18:02:20,381] {spark_submit.py:514} INFO - 22/01/31 18:02:20 INFO SparkEnv: Registering BlockManagerMasterHeartbeat
[2022-01-31 18:02:20,434] {spark_submit.py:514} INFO - 22/01/31 18:02:20 INFO DiskBlockManager: Created local directory at /private/var/folders/k6/528t8tnx5llf4w8y5xx1rrm80000gn/T/blockmgr-8f2fa0f6-3059-4c0f-b5fa-50f0da09d7d9
[2022-01-31 18:02:20,475] {spark_submit.py:514} INFO - 22/01/31 18:02:20 INFO MemoryStore: MemoryStore started with capacity 366.3 MiB
[2022-01-31 18:02:20,513] {spark_submit.py:514} INFO - 22/01/31 18:02:20 INFO SparkEnv: Registering OutputCommitCoordinator
[2022-01-31 18:02:20,934] {spark_submit.py:514} INFO - 22/01/31 18:02:20 INFO Utils: Successfully started service 'SparkUI' on port 4040.
[2022-01-31 18:02:21,126] {spark_submit.py:514} INFO - 22/01/31 18:02:21 INFO SparkUI: Bound SparkUI to 0.0.0.0, and started at http://192.168.0.44:4040
[2022-01-31 18:02:21,605] {spark_submit.py:514} INFO - 22/01/31 18:02:21 INFO Executor: Starting executor ID driver on host 192.168.0.44
[2022-01-31 18:02:21,669] {spark_submit.py:514} INFO - 22/01/31 18:02:21 INFO Utils: Successfully started service 'org.apache.spark.network.netty.NettyBlockTransferService' on port 56757.
[2022-01-31 18:02:21,671] {spark_submit.py:514} INFO - 22/01/31 18:02:21 INFO NettyBlockTransferService: Server created on 192.168.0.44:56757
[2022-01-31 18:02:21,673] {spark_submit.py:514} INFO - 22/01/31 18:02:21 INFO BlockManager: Using org.apache.spark.storage.RandomBlockReplicationPolicy for block replication policy
[2022-01-31 18:02:21,690] {spark_submit.py:514} INFO - 22/01/31 18:02:21 INFO BlockManagerMaster: Registering BlockManager BlockManagerId(driver, 192.168.0.44, 56757, None)
[2022-01-31 18:02:21,701] {spark_submit.py:514} INFO - 22/01/31 18:02:21 INFO BlockManagerMasterEndpoint: Registering block manager 192.168.0.44:56757 with 366.3 MiB RAM, BlockManagerId(driver, 192.168.0.44, 56757, None)
[2022-01-31 18:02:21,710] {spark_submit.py:514} INFO - 22/01/31 18:02:21 INFO BlockManagerMaster: Registered BlockManager BlockManagerId(driver, 192.168.0.44, 56757, None)
[2022-01-31 18:02:21,714] {spark_submit.py:514} INFO - 22/01/31 18:02:21 INFO BlockManager: Initialized BlockManager: BlockManagerId(driver, 192.168.0.44, 56757, None)
[2022-01-31 18:02:23,113] {spark_submit.py:514} INFO - 22/01/31 18:02:23 INFO SharedState: Setting hive.metastore.warehouse.dir ('null') to the value of spark.sql.warehouse.dir.
[2022-01-31 18:02:23,208] {spark_submit.py:514} INFO - 22/01/31 18:02:23 INFO SharedState: Warehouse path is 'file:/Users/bezerraescossia/Github/studies/twitter-project/spark-warehouse'.
[2022-01-31 18:02:28,798] {spark_submit.py:514} INFO - 22/01/31 18:02:28 INFO InMemoryFileIndex: It took 665 ms to list leaf files for 1 paths.
[2022-01-31 18:02:29,469] {spark_submit.py:514} INFO - 22/01/31 18:02:29 INFO InMemoryFileIndex: It took 11 ms to list leaf files for 1 paths.
[2022-01-31 18:02:39,453] {spark_submit.py:514} INFO - 22/01/31 18:02:39 INFO FileSourceStrategy: Pushed Filters:
[2022-01-31 18:02:39,459] {spark_submit.py:514} INFO - 22/01/31 18:02:39 INFO FileSourceStrategy: Post-Scan Filters:
[2022-01-31 18:02:39,461] {spark_submit.py:514} INFO - 22/01/31 18:02:39 INFO FileSourceStrategy: Output Data Schema: struct<value: string>
[2022-01-31 18:02:40,875] {spark_submit.py:514} INFO - 22/01/31 18:02:40 INFO MemoryStore: Block broadcast_0 stored as values in memory (estimated size 338.2 KiB, free 366.0 MiB)
[2022-01-31 18:02:41,566] {spark_submit.py:514} INFO - 22/01/31 18:02:41 INFO MemoryStore: Block broadcast_0_piece0 stored as bytes in memory (estimated size 32.5 KiB, free 365.9 MiB)
[2022-01-31 18:02:41,572] {spark_submit.py:514} INFO - 22/01/31 18:02:41 INFO BlockManagerInfo: Added broadcast_0_piece0 in memory on 192.168.0.44:56757 (size: 32.5 KiB, free: 366.3 MiB)
[2022-01-31 18:02:41,588] {spark_submit.py:514} INFO - 22/01/31 18:02:41 INFO SparkContext: Created broadcast 0 from json at NativeMethodAccessorImpl.java:0
[2022-01-31 18:02:41,608] {spark_submit.py:514} INFO - 22/01/31 18:02:41 INFO FileSourceScanExec: Planning scan with bin packing, max size: 4249686 bytes, open cost is considered as scanning 4194304 bytes.
[2022-01-31 18:02:42,140] {spark_submit.py:514} INFO - 22/01/31 18:02:42 INFO SparkContext: Starting job: json at NativeMethodAccessorImpl.java:0
[2022-01-31 18:02:42,178] {spark_submit.py:514} INFO - 22/01/31 18:02:42 INFO DAGScheduler: Got job 0 (json at NativeMethodAccessorImpl.java:0) with 1 output partitions
[2022-01-31 18:02:42,180] {spark_submit.py:514} INFO - 22/01/31 18:02:42 INFO DAGScheduler: Final stage: ResultStage 0 (json at NativeMethodAccessorImpl.java:0)
[2022-01-31 18:02:42,181] {spark_submit.py:514} INFO - 22/01/31 18:02:42 INFO DAGScheduler: Parents of final stage: List()
[2022-01-31 18:02:42,184] {spark_submit.py:514} INFO - 22/01/31 18:02:42 INFO DAGScheduler: Missing parents: List()
[2022-01-31 18:02:42,194] {spark_submit.py:514} INFO - 22/01/31 18:02:42 INFO DAGScheduler: Submitting ResultStage 0 (MapPartitionsRDD[3] at json at NativeMethodAccessorImpl.java:0), which has no missing parents
[2022-01-31 18:02:42,441] {spark_submit.py:514} INFO - 22/01/31 18:02:42 INFO MemoryStore: Block broadcast_1 stored as values in memory (estimated size 12.5 KiB, free 365.9 MiB)
[2022-01-31 18:02:42,450] {spark_submit.py:514} INFO - 22/01/31 18:02:42 INFO MemoryStore: Block broadcast_1_piece0 stored as bytes in memory (estimated size 6.5 KiB, free 365.9 MiB)
[2022-01-31 18:02:42,451] {spark_submit.py:514} INFO - 22/01/31 18:02:42 INFO BlockManagerInfo: Added broadcast_1_piece0 in memory on 192.168.0.44:56757 (size: 6.5 KiB, free: 366.3 MiB)
[2022-01-31 18:02:42,453] {spark_submit.py:514} INFO - 22/01/31 18:02:42 INFO SparkContext: Created broadcast 1 from broadcast at DAGScheduler.scala:1427
[2022-01-31 18:02:42,480] {spark_submit.py:514} INFO - 22/01/31 18:02:42 INFO DAGScheduler: Submitting 1 missing tasks from ResultStage 0 (MapPartitionsRDD[3] at json at NativeMethodAccessorImpl.java:0) (first 15 tasks are for partitions Vector(0))
[2022-01-31 18:02:42,482] {spark_submit.py:514} INFO - 22/01/31 18:02:42 INFO TaskSchedulerImpl: Adding task set 0.0 with 1 tasks resource profile 0
[2022-01-31 18:02:42,597] {spark_submit.py:514} INFO - 22/01/31 18:02:42 INFO TaskSetManager: Starting task 0.0 in stage 0.0 (TID 0) (192.168.0.44, executor driver, partition 0, PROCESS_LOCAL, 4951 bytes) taskResourceAssignments Map()
[2022-01-31 18:02:42,638] {spark_submit.py:514} INFO - 22/01/31 18:02:42 INFO Executor: Running task 0.0 in stage 0.0 (TID 0)
[2022-01-31 18:02:44,284] {spark_submit.py:514} INFO - 22/01/31 18:02:44 INFO FileScanRDD: Reading File path: file:///Users/bezerraescossia/Github/studies/twitter-project/datalake/bronze/extract_date=2022-01-26/AluraOnline_20220126.json, range: 0-55382, partition values: [empty row]
[2022-01-31 18:02:45,061] {spark_submit.py:514} INFO - 22/01/31 18:02:45 INFO CodeGenerator: Code generated in 662.415561 ms
[2022-01-31 18:02:45,346] {spark_submit.py:514} INFO - 22/01/31 18:02:45 INFO Executor: Finished task 0.0 in stage 0.0 (TID 0). 2858 bytes result sent to driver
[2022-01-31 18:02:45,372] {spark_submit.py:514} INFO - 22/01/31 18:02:45 INFO TaskSetManager: Finished task 0.0 in stage 0.0 (TID 0) in 2796 ms on 192.168.0.44 (executor driver) (1/1)
[2022-01-31 18:02:45,384] {spark_submit.py:514} INFO - 22/01/31 18:02:45 INFO TaskSchedulerImpl: Removed TaskSet 0.0, whose tasks have all completed, from pool
[2022-01-31 18:02:45,396] {spark_submit.py:514} INFO - 22/01/31 18:02:45 INFO DAGScheduler: ResultStage 0 (json at NativeMethodAccessorImpl.java:0) finished in 3,166 s
[2022-01-31 18:02:45,404] {spark_submit.py:514} INFO - 22/01/31 18:02:45 INFO DAGScheduler: Job 0 is finished. Cancelling potential speculative or zombie tasks for this job
[2022-01-31 18:02:45,405] {spark_submit.py:514} INFO - 22/01/31 18:02:45 INFO TaskSchedulerImpl: Killing all running tasks in stage 0: Stage finished
[2022-01-31 18:02:45,410] {spark_submit.py:514} INFO - 22/01/31 18:02:45 INFO DAGScheduler: Job 0 finished: json at NativeMethodAccessorImpl.java:0, took 3,269610 s
[2022-01-31 18:02:46,799] {spark_submit.py:514} INFO - 22/01/31 18:02:46 INFO FileSourceStrategy: Pushed Filters: IsNotNull(data)
[2022-01-31 18:02:46,799] {spark_submit.py:514} INFO - 22/01/31 18:02:46 INFO FileSourceStrategy: Post-Scan Filters: (size(data#7, true) > 0),isnotnull(data#7)
[2022-01-31 18:02:46,800] {spark_submit.py:514} INFO - 22/01/31 18:02:46 INFO FileSourceStrategy: Output Data Schema: struct<data: array<struct<author_id:string,conversation_id:string,created_at:string,id:string,in_reply_to_user_id:string,public_metrics:struct<like_count:bigint,quote_count:bigint,reply_count:bigint,retweet_count:bigint>,text:string>>>
[2022-01-31 18:02:47,023] {spark_submit.py:514} INFO - 22/01/31 18:02:47 INFO FileOutputCommitter: File Output Committer Algorithm version is 1
[2022-01-31 18:02:47,024] {spark_submit.py:514} INFO - 22/01/31 18:02:47 INFO FileOutputCommitter: FileOutputCommitter skip cleanup _temporary folders under output directory:false, ignore cleanup failures: false
[2022-01-31 18:02:47,025] {spark_submit.py:514} INFO - 22/01/31 18:02:47 INFO SQLHadoopMapReduceCommitProtocol: Using output committer class org.apache.hadoop.mapreduce.lib.output.FileOutputCommitter
[2022-01-31 18:02:47,609] {spark_submit.py:514} INFO - 22/01/31 18:02:47 INFO CodeGenerator: Code generated in 338.240247 ms
[2022-01-31 18:02:47,633] {spark_submit.py:514} INFO - 22/01/31 18:02:47 INFO MemoryStore: Block broadcast_2 stored as values in memory (estimated size 338.0 KiB, free 365.6 MiB)
[2022-01-31 18:02:47,738] {spark_submit.py:514} INFO - 22/01/31 18:02:47 INFO MemoryStore: Block broadcast_2_piece0 stored as bytes in memory (estimated size 32.5 KiB, free 365.6 MiB)
[2022-01-31 18:02:47,739] {spark_submit.py:514} INFO - 22/01/31 18:02:47 INFO BlockManagerInfo: Added broadcast_2_piece0 in memory on 192.168.0.44:56757 (size: 32.5 KiB, free: 366.2 MiB)
[2022-01-31 18:02:47,756] {spark_submit.py:514} INFO - 22/01/31 18:02:47 INFO SparkContext: Created broadcast 2 from json at NativeMethodAccessorImpl.java:0
[2022-01-31 18:02:47,768] {spark_submit.py:514} INFO - 22/01/31 18:02:47 INFO FileSourceScanExec: Planning scan with bin packing, max size: 4249686 bytes, open cost is considered as scanning 4194304 bytes.
[2022-01-31 18:02:48,155] {spark_submit.py:514} INFO - 22/01/31 18:02:48 INFO SparkContext: Starting job: json at NativeMethodAccessorImpl.java:0
[2022-01-31 18:02:48,159] {spark_submit.py:514} INFO - 22/01/31 18:02:48 INFO DAGScheduler: Got job 1 (json at NativeMethodAccessorImpl.java:0) with 1 output partitions
[2022-01-31 18:02:48,160] {spark_submit.py:514} INFO - 22/01/31 18:02:48 INFO DAGScheduler: Final stage: ResultStage 1 (json at NativeMethodAccessorImpl.java:0)
[2022-01-31 18:02:48,161] {spark_submit.py:514} INFO - 22/01/31 18:02:48 INFO DAGScheduler: Parents of final stage: List()
[2022-01-31 18:02:48,162] {spark_submit.py:514} INFO - 22/01/31 18:02:48 INFO DAGScheduler: Missing parents: List()
[2022-01-31 18:02:48,163] {spark_submit.py:514} INFO - 22/01/31 18:02:48 INFO DAGScheduler: Submitting ResultStage 1 (CoalescedRDD[7] at json at NativeMethodAccessorImpl.java:0), which has no missing parents
[2022-01-31 18:02:48,291] {spark_submit.py:514} INFO - 22/01/31 18:02:48 INFO MemoryStore: Block broadcast_3 stored as values in memory (estimated size 223.6 KiB, free 365.3 MiB)
[2022-01-31 18:02:48,292] {spark_submit.py:514} INFO - 22/01/31 18:02:48 INFO MemoryStore: Block broadcast_3_piece0 stored as bytes in memory (estimated size 76.9 KiB, free 365.3 MiB)
[2022-01-31 18:02:48,293] {spark_submit.py:514} INFO - 22/01/31 18:02:48 INFO BlockManagerInfo: Added broadcast_3_piece0 in memory on 192.168.0.44:56757 (size: 76.9 KiB, free: 366.2 MiB)
[2022-01-31 18:02:48,295] {spark_submit.py:514} INFO - 22/01/31 18:02:48 INFO SparkContext: Created broadcast 3 from broadcast at DAGScheduler.scala:1427
[2022-01-31 18:02:48,303] {spark_submit.py:514} INFO - 22/01/31 18:02:48 INFO DAGScheduler: Submitting 1 missing tasks from ResultStage 1 (CoalescedRDD[7] at json at NativeMethodAccessorImpl.java:0) (first 15 tasks are for partitions Vector(0))
[2022-01-31 18:02:48,305] {spark_submit.py:514} INFO - 22/01/31 18:02:48 INFO TaskSchedulerImpl: Adding task set 1.0 with 1 tasks resource profile 0
[2022-01-31 18:02:48,314] {spark_submit.py:514} INFO - 22/01/31 18:02:48 INFO TaskSetManager: Starting task 0.0 in stage 1.0 (TID 1) (192.168.0.44, executor driver, partition 0, PROCESS_LOCAL, 5180 bytes) taskResourceAssignments Map()
[2022-01-31 18:02:48,315] {spark_submit.py:514} INFO - 22/01/31 18:02:48 INFO Executor: Running task 0.0 in stage 1.0 (TID 1)
[2022-01-31 18:02:48,455] {spark_submit.py:514} INFO - 22/01/31 18:02:48 INFO FileOutputCommitter: File Output Committer Algorithm version is 1
[2022-01-31 18:02:48,456] {spark_submit.py:514} INFO - 22/01/31 18:02:48 INFO FileOutputCommitter: FileOutputCommitter skip cleanup _temporary folders under output directory:false, ignore cleanup failures: false
[2022-01-31 18:02:48,457] {spark_submit.py:514} INFO - 22/01/31 18:02:48 INFO SQLHadoopMapReduceCommitProtocol: Using output committer class org.apache.hadoop.mapreduce.lib.output.FileOutputCommitter
[2022-01-31 18:02:48,591] {spark_submit.py:514} INFO - 22/01/31 18:02:48 INFO FileScanRDD: Reading File path: file:///Users/bezerraescossia/Github/studies/twitter-project/datalake/bronze/extract_date=2022-01-26/AluraOnline_20220126.json, range: 0-55382, partition values: [empty row]
[2022-01-31 18:02:48,714] {spark_submit.py:514} INFO - 22/01/31 18:02:48 INFO CodeGenerator: Code generated in 114.472757 ms
[2022-01-31 18:02:48,812] {spark_submit.py:514} INFO - 22/01/31 18:02:48 INFO CodeGenerator: Code generated in 33.948292 ms
[2022-01-31 18:02:49,061] {spark_submit.py:514} INFO - 22/01/31 18:02:49 INFO FileOutputCommitter: Saved output of task 'attempt_20220131180247505485528539514288_0001_m_000000_1' to file:/Users/bezerraescossia/Github/studies/twitter-project/datalake/silver/tweet/process_date=2022-01-26/_temporary/0/task_20220131180247505485528539514288_0001_m_000000
[2022-01-31 18:02:49,062] {spark_submit.py:514} INFO - 22/01/31 18:02:49 INFO SparkHadoopMapRedUtil: attempt_20220131180247505485528539514288_0001_m_000000_1: Committed
[2022-01-31 18:02:49,089] {spark_submit.py:514} INFO - 22/01/31 18:02:49 INFO Executor: Finished task 0.0 in stage 1.0 (TID 1). 2670 bytes result sent to driver
[2022-01-31 18:02:49,094] {spark_submit.py:514} INFO - 22/01/31 18:02:49 INFO TaskSetManager: Finished task 0.0 in stage 1.0 (TID 1) in 788 ms on 192.168.0.44 (executor driver) (1/1)
[2022-01-31 18:02:49,095] {spark_submit.py:514} INFO - 22/01/31 18:02:49 INFO TaskSchedulerImpl: Removed TaskSet 1.0, whose tasks have all completed, from pool
[2022-01-31 18:02:49,097] {spark_submit.py:514} INFO - 22/01/31 18:02:49 INFO DAGScheduler: ResultStage 1 (json at NativeMethodAccessorImpl.java:0) finished in 0,931 s
[2022-01-31 18:02:49,097] {spark_submit.py:514} INFO - 22/01/31 18:02:49 INFO DAGScheduler: Job 1 is finished. Cancelling potential speculative or zombie tasks for this job
[2022-01-31 18:02:49,098] {spark_submit.py:514} INFO - 22/01/31 18:02:49 INFO TaskSchedulerImpl: Killing all running tasks in stage 1: Stage finished
[2022-01-31 18:02:49,099] {spark_submit.py:514} INFO - 22/01/31 18:02:49 INFO DAGScheduler: Job 1 finished: json at NativeMethodAccessorImpl.java:0, took 0,942284 s
[2022-01-31 18:02:49,103] {spark_submit.py:514} INFO - 22/01/31 18:02:49 INFO FileFormatWriter: Start to commit write Job 14d2b8f1-48cc-4598-90ee-db8ceb0db606.
[2022-01-31 18:02:49,250] {spark_submit.py:514} INFO - 22/01/31 18:02:49 INFO FileFormatWriter: Write Job 14d2b8f1-48cc-4598-90ee-db8ceb0db606 committed. Elapsed time: 142 ms.
[2022-01-31 18:02:49,276] {spark_submit.py:514} INFO - 22/01/31 18:02:49 INFO FileFormatWriter: Finished processing stats for write job 14d2b8f1-48cc-4598-90ee-db8ceb0db606.
[2022-01-31 18:02:49,648] {spark_submit.py:514} INFO - 22/01/31 18:02:49 INFO FileSourceStrategy: Pushed Filters: IsNotNull(includes)
[2022-01-31 18:02:49,649] {spark_submit.py:514} INFO - 22/01/31 18:02:49 INFO FileSourceStrategy: Post-Scan Filters: isnotnull(includes#8),(size(includes#8.users, true) > 0),isnotnull(includes#8.users)
[2022-01-31 18:02:49,650] {spark_submit.py:514} INFO - 22/01/31 18:02:49 INFO FileSourceStrategy: Output Data Schema: struct<includes: struct<users: array<struct<created_at:string,id:string,name:string,username:string>>>>
[2022-01-31 18:02:49,691] {spark_submit.py:514} INFO - 22/01/31 18:02:49 INFO FileOutputCommitter: File Output Committer Algorithm version is 1
[2022-01-31 18:02:49,693] {spark_submit.py:514} INFO - 22/01/31 18:02:49 INFO FileOutputCommitter: FileOutputCommitter skip cleanup _temporary folders under output directory:false, ignore cleanup failures: false
[2022-01-31 18:02:49,694] {spark_submit.py:514} INFO - 22/01/31 18:02:49 INFO SQLHadoopMapReduceCommitProtocol: Using output committer class org.apache.hadoop.mapreduce.lib.output.FileOutputCommitter
[2022-01-31 18:02:49,880] {spark_submit.py:514} INFO - 22/01/31 18:02:49 INFO CodeGenerator: Code generated in 75.716423 ms
[2022-01-31 18:02:49,917] {spark_submit.py:514} INFO - 22/01/31 18:02:49 INFO MemoryStore: Block broadcast_4 stored as values in memory (estimated size 338.0 KiB, free 364.9 MiB)
[2022-01-31 18:02:49,989] {spark_submit.py:514} INFO - 22/01/31 18:02:49 INFO MemoryStore: Block broadcast_4_piece0 stored as bytes in memory (estimated size 32.5 KiB, free 364.9 MiB)
[2022-01-31 18:02:49,991] {spark_submit.py:514} INFO - 22/01/31 18:02:49 INFO BlockManagerInfo: Added broadcast_4_piece0 in memory on 192.168.0.44:56757 (size: 32.5 KiB, free: 366.1 MiB)
[2022-01-31 18:02:49,993] {spark_submit.py:514} INFO - 22/01/31 18:02:49 INFO SparkContext: Created broadcast 4 from json at NativeMethodAccessorImpl.java:0
[2022-01-31 18:02:49,994] {spark_submit.py:514} INFO - 22/01/31 18:02:49 INFO FileSourceScanExec: Planning scan with bin packing, max size: 4249686 bytes, open cost is considered as scanning 4194304 bytes.
[2022-01-31 18:02:50,262] {spark_submit.py:514} INFO - 22/01/31 18:02:50 INFO SparkContext: Starting job: json at NativeMethodAccessorImpl.java:0
[2022-01-31 18:02:50,264] {spark_submit.py:514} INFO - 22/01/31 18:02:50 INFO DAGScheduler: Got job 2 (json at NativeMethodAccessorImpl.java:0) with 1 output partitions
[2022-01-31 18:02:50,264] {spark_submit.py:514} INFO - 22/01/31 18:02:50 INFO DAGScheduler: Final stage: ResultStage 2 (json at NativeMethodAccessorImpl.java:0)
[2022-01-31 18:02:50,265] {spark_submit.py:514} INFO - 22/01/31 18:02:50 INFO DAGScheduler: Parents of final stage: List()
[2022-01-31 18:02:50,266] {spark_submit.py:514} INFO - 22/01/31 18:02:50 INFO DAGScheduler: Missing parents: List()
[2022-01-31 18:02:50,271] {spark_submit.py:514} INFO - 22/01/31 18:02:50 INFO DAGScheduler: Submitting ResultStage 2 (CoalescedRDD[11] at json at NativeMethodAccessorImpl.java:0), which has no missing parents
[2022-01-31 18:02:50,411] {spark_submit.py:514} INFO - 22/01/31 18:02:50 INFO MemoryStore: Block broadcast_5 stored as values in memory (estimated size 211.2 KiB, free 364.7 MiB)
[2022-01-31 18:02:50,415] {spark_submit.py:514} INFO - 22/01/31 18:02:50 INFO MemoryStore: Block broadcast_5_piece0 stored as bytes in memory (estimated size 75.3 KiB, free 364.6 MiB)
[2022-01-31 18:02:50,417] {spark_submit.py:514} INFO - 22/01/31 18:02:50 INFO BlockManagerInfo: Added broadcast_5_piece0 in memory on 192.168.0.44:56757 (size: 75.3 KiB, free: 366.0 MiB)
[2022-01-31 18:02:50,420] {spark_submit.py:514} INFO - 22/01/31 18:02:50 INFO SparkContext: Created broadcast 5 from broadcast at DAGScheduler.scala:1427
[2022-01-31 18:02:50,431] {spark_submit.py:514} INFO - 22/01/31 18:02:50 INFO DAGScheduler: Submitting 1 missing tasks from ResultStage 2 (CoalescedRDD[11] at json at NativeMethodAccessorImpl.java:0) (first 15 tasks are for partitions Vector(0))
[2022-01-31 18:02:50,432] {spark_submit.py:514} INFO - 22/01/31 18:02:50 INFO TaskSchedulerImpl: Adding task set 2.0 with 1 tasks resource profile 0
[2022-01-31 18:02:50,435] {spark_submit.py:514} INFO - 22/01/31 18:02:50 INFO TaskSetManager: Starting task 0.0 in stage 2.0 (TID 2) (192.168.0.44, executor driver, partition 0, PROCESS_LOCAL, 5180 bytes) taskResourceAssignments Map()
[2022-01-31 18:02:50,437] {spark_submit.py:514} INFO - 22/01/31 18:02:50 INFO Executor: Running task 0.0 in stage 2.0 (TID 2)
[2022-01-31 18:02:50,490] {spark_submit.py:514} INFO - 22/01/31 18:02:50 INFO FileOutputCommitter: File Output Committer Algorithm version is 1
[2022-01-31 18:02:50,491] {spark_submit.py:514} INFO - 22/01/31 18:02:50 INFO FileOutputCommitter: FileOutputCommitter skip cleanup _temporary folders under output directory:false, ignore cleanup failures: false
[2022-01-31 18:02:50,493] {spark_submit.py:514} INFO - 22/01/31 18:02:50 INFO SQLHadoopMapReduceCommitProtocol: Using output committer class org.apache.hadoop.mapreduce.lib.output.FileOutputCommitter
[2022-01-31 18:02:50,747] {spark_submit.py:514} INFO - 22/01/31 18:02:50 INFO FileScanRDD: Reading File path: file:///Users/bezerraescossia/Github/studies/twitter-project/datalake/bronze/extract_date=2022-01-26/AluraOnline_20220126.json, range: 0-55382, partition values: [empty row]
[2022-01-31 18:02:50,792] {spark_submit.py:514} INFO - 22/01/31 18:02:50 INFO CodeGenerator: Code generated in 38.040228 ms
[2022-01-31 18:02:50,819] {spark_submit.py:514} INFO - 22/01/31 18:02:50 INFO CodeGenerator: Code generated in 21.62731 ms
[2022-01-31 18:02:50,867] {spark_submit.py:514} INFO - 22/01/31 18:02:50 INFO FileOutputCommitter: Saved output of task 'attempt_202201311802507504091582142247911_0002_m_000000_2' to file:/Users/bezerraescossia/Github/studies/twitter-project/datalake/silver/user/process_date=2022-01-26/_temporary/0/task_202201311802507504091582142247911_0002_m_000000
[2022-01-31 18:02:50,868] {spark_submit.py:514} INFO - 22/01/31 18:02:50 INFO SparkHadoopMapRedUtil: attempt_202201311802507504091582142247911_0002_m_000000_2: Committed
[2022-01-31 18:02:50,871] {spark_submit.py:514} INFO - 22/01/31 18:02:50 INFO Executor: Finished task 0.0 in stage 2.0 (TID 2). 2627 bytes result sent to driver
[2022-01-31 18:02:50,874] {spark_submit.py:514} INFO - 22/01/31 18:02:50 INFO TaskSetManager: Finished task 0.0 in stage 2.0 (TID 2) in 440 ms on 192.168.0.44 (executor driver) (1/1)
[2022-01-31 18:02:50,875] {spark_submit.py:514} INFO - 22/01/31 18:02:50 INFO TaskSchedulerImpl: Removed TaskSet 2.0, whose tasks have all completed, from pool
[2022-01-31 18:02:50,878] {spark_submit.py:514} INFO - 22/01/31 18:02:50 INFO DAGScheduler: ResultStage 2 (json at NativeMethodAccessorImpl.java:0) finished in 0,605 s
[2022-01-31 18:02:50,879] {spark_submit.py:514} INFO - 22/01/31 18:02:50 INFO DAGScheduler: Job 2 is finished. Cancelling potential speculative or zombie tasks for this job
[2022-01-31 18:02:50,880] {spark_submit.py:514} INFO - 22/01/31 18:02:50 INFO TaskSchedulerImpl: Killing all running tasks in stage 2: Stage finished
[2022-01-31 18:02:50,881] {spark_submit.py:514} INFO - 22/01/31 18:02:50 INFO DAGScheduler: Job 2 finished: json at NativeMethodAccessorImpl.java:0, took 0,617926 s
[2022-01-31 18:02:50,882] {spark_submit.py:514} INFO - 22/01/31 18:02:50 INFO FileFormatWriter: Start to commit write Job f4596a52-793d-4bdc-a257-9874f3d3e7b9.
[2022-01-31 18:02:50,951] {spark_submit.py:514} INFO - 22/01/31 18:02:50 INFO FileFormatWriter: Write Job f4596a52-793d-4bdc-a257-9874f3d3e7b9 committed. Elapsed time: 69 ms.
[2022-01-31 18:02:50,957] {spark_submit.py:514} INFO - 22/01/31 18:02:50 INFO FileFormatWriter: Finished processing stats for write job f4596a52-793d-4bdc-a257-9874f3d3e7b9.
[2022-01-31 18:02:51,088] {spark_submit.py:514} INFO - 22/01/31 18:02:51 INFO SparkContext: Invoking stop() from shutdown hook
[2022-01-31 18:02:51,111] {spark_submit.py:514} INFO - 22/01/31 18:02:51 INFO SparkUI: Stopped Spark web UI at http://192.168.0.44:4040
[2022-01-31 18:02:51,132] {spark_submit.py:514} INFO - 22/01/31 18:02:51 INFO MapOutputTrackerMasterEndpoint: MapOutputTrackerMasterEndpoint stopped!
[2022-01-31 18:02:51,162] {spark_submit.py:514} INFO - 22/01/31 18:02:51 INFO MemoryStore: MemoryStore cleared
[2022-01-31 18:02:51,163] {spark_submit.py:514} INFO - 22/01/31 18:02:51 INFO BlockManager: BlockManager stopped
[2022-01-31 18:02:51,179] {spark_submit.py:514} INFO - 22/01/31 18:02:51 INFO BlockManagerMaster: BlockManagerMaster stopped
[2022-01-31 18:02:51,184] {spark_submit.py:514} INFO - 22/01/31 18:02:51 INFO OutputCommitCoordinator$OutputCommitCoordinatorEndpoint: OutputCommitCoordinator stopped!
[2022-01-31 18:02:51,197] {spark_submit.py:514} INFO - 22/01/31 18:02:51 INFO SparkContext: Successfully stopped SparkContext
[2022-01-31 18:02:51,198] {spark_submit.py:514} INFO - 22/01/31 18:02:51 INFO ShutdownHookManager: Shutdown hook called
[2022-01-31 18:02:51,199] {spark_submit.py:514} INFO - 22/01/31 18:02:51 INFO ShutdownHookManager: Deleting directory /private/var/folders/k6/528t8tnx5llf4w8y5xx1rrm80000gn/T/spark-eb8a1678-e946-4bc9-b5ed-b9abbfb2dcab
[2022-01-31 18:02:51,212] {spark_submit.py:514} INFO - 22/01/31 18:02:51 INFO ShutdownHookManager: Deleting directory /private/var/folders/k6/528t8tnx5llf4w8y5xx1rrm80000gn/T/spark-0f7f47f1-e4ef-4153-9327-55562f790f1b/pyspark-cb6cba87-e29b-4bcc-bc35-908e8c6a8b0f
[2022-01-31 18:02:51,221] {spark_submit.py:514} INFO - 22/01/31 18:02:51 INFO ShutdownHookManager: Deleting directory /private/var/folders/k6/528t8tnx5llf4w8y5xx1rrm80000gn/T/spark-0f7f47f1-e4ef-4153-9327-55562f790f1b
[2022-01-31 18:02:51,373] {taskinstance.py:1219} INFO - Marking task as SUCCESS. dag_id=twitter_dag, task_id=transform_twitter_alura_online, execution_date=20220126T090000, start_date=20220131T210214, end_date=20220131T210251
[2022-01-31 18:02:51,410] {local_task_job.py:151} INFO - Task exited with return code 0
[2022-01-31 18:02:51,433] {local_task_job.py:261} INFO - 0 downstream tasks scheduled from follow-on schedule check
