[2022-01-31 18:02:07,448] {taskinstance.py:903} INFO - Dependencies all met for <TaskInstance: twitter_dag.twitter_aluraonline 2022-01-26T09:00:00+00:00 [queued]>
[2022-01-31 18:02:07,469] {taskinstance.py:903} INFO - Dependencies all met for <TaskInstance: twitter_dag.twitter_aluraonline 2022-01-26T09:00:00+00:00 [queued]>
[2022-01-31 18:02:07,470] {taskinstance.py:1095} INFO - 
--------------------------------------------------------------------------------
[2022-01-31 18:02:07,470] {taskinstance.py:1096} INFO - Starting attempt 1 of 1
[2022-01-31 18:02:07,470] {taskinstance.py:1097} INFO - 
--------------------------------------------------------------------------------
[2022-01-31 18:02:07,484] {taskinstance.py:1115} INFO - Executing <Task(TwitterOperator): twitter_aluraonline> on 2022-01-26T09:00:00+00:00
[2022-01-31 18:02:07,502] {standard_task_runner.py:76} INFO - Running: ['airflow', 'tasks', 'run', 'twitter_dag', 'twitter_aluraonline', '2022-01-26T09:00:00+00:00', '--job-id', '23', '--pool', 'default_pool', '--raw', '--subdir', 'DAGS_FOLDER/twitter_dag.py', '--cfg-path', '/var/folders/k6/528t8tnx5llf4w8y5xx1rrm80000gn/T/tmpv686qbxh', '--error-file', '/var/folders/k6/528t8tnx5llf4w8y5xx1rrm80000gn/T/tmpe081pwu9']
[2022-01-31 18:02:07,503] {standard_task_runner.py:52} INFO - Started process 85095 to run task
[2022-01-31 18:02:07,505] {standard_task_runner.py:77} INFO - Job 23: Subtask twitter_aluraonline
[2022-01-31 18:02:07,589] {logging_mixin.py:109} INFO - Running <TaskInstance: twitter_dag.twitter_aluraonline 2022-01-26T09:00:00+00:00 [running]> on host macbook-air-de-rafael.local
[2022-01-31 18:02:07,651] {taskinstance.py:1254} INFO - Exporting the following env vars:
AIRFLOW_CTX_DAG_OWNER=airflow
AIRFLOW_CTX_DAG_ID=twitter_dag
AIRFLOW_CTX_TASK_ID=twitter_aluraonline
AIRFLOW_CTX_EXECUTION_DATE=2022-01-26T09:00:00+00:00
AIRFLOW_CTX_DAG_RUN_ID=scheduled__2022-01-26T09:00:00+00:00
[2022-01-31 18:02:07,662] {base.py:79} INFO - Using connection to: id: twitter_default. Host: https://api.twitter.com, Port: None, Schema: , Login: , Password: None, extra: {'Authorization': '***'}
[2022-01-31 18:02:07,665] {twitter_hook.py:36} INFO - URL: https://api.twitter.com/2/tweets/search/recent?query=AluraOnline&tweet.fields=author_id,conversation_id,created_at,id,in_reply_to_user_id,public_metrics,text&expansions=author_id&user.fields=id,name,username,created_at&start_time=2022-01-26T09:00:00.00Z&end_time=2022-01-27T09:00:00.00Z
[2022-01-31 18:02:08,563] {twitter_hook.py:36} INFO - URL: https://api.twitter.com/2/tweets/search/recent?query=AluraOnline&tweet.fields=author_id,conversation_id,created_at,id,in_reply_to_user_id,public_metrics,text&expansions=author_id&user.fields=id,name,username,created_at&start_time=2022-01-26T09:00:00.00Z&end_time=2022-01-27T09:00:00.00Z&next_token=b26v89c19zqg8o3fpe47n48wlo3jrihb8okfole2iok1p
[2022-01-31 18:02:08,999] {twitter_hook.py:36} INFO - URL: https://api.twitter.com/2/tweets/search/recent?query=AluraOnline&tweet.fields=author_id,conversation_id,created_at,id,in_reply_to_user_id,public_metrics,text&expansions=author_id&user.fields=id,name,username,created_at&start_time=2022-01-26T09:00:00.00Z&end_time=2022-01-27T09:00:00.00Z&next_token=b26v89c19zqg8o3fpe47n48lq8c5zm9ueuy4bbo8jfb7h
[2022-01-31 18:02:09,341] {twitter_hook.py:36} INFO - URL: https://api.twitter.com/2/tweets/search/recent?query=AluraOnline&tweet.fields=author_id,conversation_id,created_at,id,in_reply_to_user_id,public_metrics,text&expansions=author_id&user.fields=id,name,username,created_at&start_time=2022-01-26T09:00:00.00Z&end_time=2022-01-27T09:00:00.00Z&next_token=b26v89c19zqg8o3fpe47n47pfye0c9wy38ztq4y8qhoxp
[2022-01-31 18:02:09,587] {twitter_hook.py:36} INFO - URL: https://api.twitter.com/2/tweets/search/recent?query=AluraOnline&tweet.fields=author_id,conversation_id,created_at,id,in_reply_to_user_id,public_metrics,text&expansions=author_id&user.fields=id,name,username,created_at&start_time=2022-01-26T09:00:00.00Z&end_time=2022-01-27T09:00:00.00Z&next_token=b26v89c19zqg8o3fpe47n46sznnu3su394dt3ztouem4d
[2022-01-31 18:02:10,022] {twitter_hook.py:36} INFO - URL: https://api.twitter.com/2/tweets/search/recent?query=AluraOnline&tweet.fields=author_id,conversation_id,created_at,id,in_reply_to_user_id,public_metrics,text&expansions=author_id&user.fields=id,name,username,created_at&start_time=2022-01-26T09:00:00.00Z&end_time=2022-01-27T09:00:00.00Z&next_token=b26v89c19zqg8o3fpe47n46stkj56t2ah8v0stxzm9cal
[2022-01-31 18:02:10,304] {twitter_hook.py:36} INFO - URL: https://api.twitter.com/2/tweets/search/recent?query=AluraOnline&tweet.fields=author_id,conversation_id,created_at,id,in_reply_to_user_id,public_metrics,text&expansions=author_id&user.fields=id,name,username,created_at&start_time=2022-01-26T09:00:00.00Z&end_time=2022-01-27T09:00:00.00Z&next_token=b26v89c19zqg8o3fpe47n246aa2sfc4yxkf8p7vhd91tp
[2022-01-31 18:02:10,553] {twitter_hook.py:36} INFO - URL: https://api.twitter.com/2/tweets/search/recent?query=AluraOnline&tweet.fields=author_id,conversation_id,created_at,id,in_reply_to_user_id,public_metrics,text&expansions=author_id&user.fields=id,name,username,created_at&start_time=2022-01-26T09:00:00.00Z&end_time=2022-01-27T09:00:00.00Z&next_token=b26v89c19zqg8o3fpe47n23veuqftlwm4zsk5ygdn448t
[2022-01-31 18:02:10,813] {twitter_hook.py:36} INFO - URL: https://api.twitter.com/2/tweets/search/recent?query=AluraOnline&tweet.fields=author_id,conversation_id,created_at,id,in_reply_to_user_id,public_metrics,text&expansions=author_id&user.fields=id,name,username,created_at&start_time=2022-01-26T09:00:00.00Z&end_time=2022-01-27T09:00:00.00Z&next_token=b26v89c19zqg8o3fpe47n239tzzkixvuuipwrz7vydr3x
[2022-01-31 18:02:11,070] {twitter_hook.py:36} INFO - URL: https://api.twitter.com/2/tweets/search/recent?query=AluraOnline&tweet.fields=author_id,conversation_id,created_at,id,in_reply_to_user_id,public_metrics,text&expansions=author_id&user.fields=id,name,username,created_at&start_time=2022-01-26T09:00:00.00Z&end_time=2022-01-27T09:00:00.00Z&next_token=b26v89c19zqg8o3fpe47n222rbb0v1l17d7gl3t56uf0d
[2022-01-31 18:02:11,315] {twitter_hook.py:36} INFO - URL: https://api.twitter.com/2/tweets/search/recent?query=AluraOnline&tweet.fields=author_id,conversation_id,created_at,id,in_reply_to_user_id,public_metrics,text&expansions=author_id&user.fields=id,name,username,created_at&start_time=2022-01-26T09:00:00.00Z&end_time=2022-01-27T09:00:00.00Z&next_token=b26v89c19zqg8o3fpe47mzzg3fhr4ukoyq8fyltjl3vr1
[2022-01-31 18:02:11,542] {taskinstance.py:1219} INFO - Marking task as SUCCESS. dag_id=twitter_dag, task_id=twitter_aluraonline, execution_date=20220126T090000, start_date=20220131T210207, end_date=20220131T210211
[2022-01-31 18:02:11,594] {local_task_job.py:151} INFO - Task exited with return code 0
[2022-01-31 18:02:11,623] {local_task_job.py:261} INFO - 1 downstream tasks scheduled from follow-on schedule check
