[2022-02-02 11:21:06,943] {taskinstance.py:903} INFO - Dependencies all met for <TaskInstance: twitter_dag.transform_twitter_aluraonline 2022-01-28T09:00:00+00:00 [queued]>
[2022-02-02 11:21:06,954] {taskinstance.py:903} INFO - Dependencies all met for <TaskInstance: twitter_dag.transform_twitter_aluraonline 2022-01-28T09:00:00+00:00 [queued]>
[2022-02-02 11:21:06,954] {taskinstance.py:1095} INFO - 
--------------------------------------------------------------------------------
[2022-02-02 11:21:06,954] {taskinstance.py:1096} INFO - Starting attempt 1 of 1
[2022-02-02 11:21:06,954] {taskinstance.py:1097} INFO - 
--------------------------------------------------------------------------------
[2022-02-02 11:21:06,964] {taskinstance.py:1115} INFO - Executing <Task(SparkSubmitOperator): transform_twitter_aluraonline> on 2022-01-28T09:00:00+00:00
[2022-02-02 11:21:06,967] {standard_task_runner.py:52} INFO - Started process 21900 to run task
[2022-02-02 11:21:06,984] {standard_task_runner.py:76} INFO - Running: ['airflow', 'tasks', 'run', 'twitter_dag', 'transform_twitter_aluraonline', '2022-01-28T09:00:00+00:00', '--job-id', '5', '--pool', 'default_pool', '--raw', '--subdir', 'DAGS_FOLDER/twitter_dag.py', '--cfg-path', '/var/folders/k6/528t8tnx5llf4w8y5xx1rrm80000gn/T/tmptg430n0r', '--error-file', '/var/folders/k6/528t8tnx5llf4w8y5xx1rrm80000gn/T/tmpjo7gve5b']
[2022-02-02 11:21:06,986] {standard_task_runner.py:77} INFO - Job 5: Subtask transform_twitter_aluraonline
[2022-02-02 11:21:07,035] {logging_mixin.py:109} INFO - Running <TaskInstance: twitter_dag.transform_twitter_aluraonline 2022-01-28T09:00:00+00:00 [running]> on host 1.0.0.127.in-addr.arpa
[2022-02-02 11:21:07,077] {taskinstance.py:1254} INFO - Exporting the following env vars:
AIRFLOW_CTX_DAG_OWNER=airflow
AIRFLOW_CTX_DAG_ID=twitter_dag
AIRFLOW_CTX_TASK_ID=transform_twitter_aluraonline
AIRFLOW_CTX_EXECUTION_DATE=2022-01-28T09:00:00+00:00
AIRFLOW_CTX_DAG_RUN_ID=scheduled__2022-01-28T09:00:00+00:00
[2022-02-02 11:21:07,083] {base.py:79} INFO - Using connection to: id: spark_default. Host: local, Port: None, Schema: , Login: , Password: None, extra: {'spark-home': '/Users/bezerraescossia/spark-3.2.0-bin-hadoop3.2'}
[2022-02-02 11:21:07,085] {spark_submit.py:360} INFO - Spark-Submit cmd: /Users/bezerraescossia/spark-3.2.0-bin-hadoop3.2/bin/spark-submit --master local --name twitter_transformation /Users/bezerraescossia/Github/studies/twitter-project/spark/transformation.py --src /Users/bezerraescossia/Github/studies/twitter-project/datalake/bronze/extract_date=2022-01-28 --dest /Users/bezerraescossia/Github/studies/twitter-project/datalake/silver/ --process-date 2022-01-28
[2022-02-02 11:21:09,133] {spark_submit.py:514} INFO - 22/02/02 11:21:09 WARN Utils: Your hostname, MacBook-Air-de-Rafael.local resolves to a loopback address: 127.0.0.1; using 192.168.0.44 instead (on interface en0)
[2022-02-02 11:21:09,134] {spark_submit.py:514} INFO - 22/02/02 11:21:09 WARN Utils: Set SPARK_LOCAL_IP if you need to bind to another address
[2022-02-02 11:21:10,629] {spark_submit.py:514} INFO - Using Spark's default log4j profile: org/apache/spark/log4j-defaults.properties
[2022-02-02 11:21:10,640] {spark_submit.py:514} INFO - 22/02/02 11:21:10 INFO SparkContext: Running Spark version 3.2.0
[2022-02-02 11:21:10,826] {spark_submit.py:514} INFO - 22/02/02 11:21:10 WARN NativeCodeLoader: Unable to load native-hadoop library for your platform... using builtin-java classes where applicable
[2022-02-02 11:21:11,033] {spark_submit.py:514} INFO - 22/02/02 11:21:11 INFO ResourceUtils: ==============================================================
[2022-02-02 11:21:11,034] {spark_submit.py:514} INFO - 22/02/02 11:21:11 INFO ResourceUtils: No custom resources configured for spark.driver.
[2022-02-02 11:21:11,034] {spark_submit.py:514} INFO - 22/02/02 11:21:11 INFO ResourceUtils: ==============================================================
[2022-02-02 11:21:11,035] {spark_submit.py:514} INFO - 22/02/02 11:21:11 INFO SparkContext: Submitted application: twitter_transformation
[2022-02-02 11:21:11,070] {spark_submit.py:514} INFO - 22/02/02 11:21:11 INFO ResourceProfile: Default ResourceProfile created, executor resources: Map(cores -> name: cores, amount: 1, script: , vendor: , memory -> name: memory, amount: 1024, script: , vendor: , offHeap -> name: offHeap, amount: 0, script: , vendor: ), task resources: Map(cpus -> name: cpus, amount: 1.0)
[2022-02-02 11:21:11,110] {spark_submit.py:514} INFO - 22/02/02 11:21:11 INFO ResourceProfile: Limiting resource is cpu
[2022-02-02 11:21:11,110] {spark_submit.py:514} INFO - 22/02/02 11:21:11 INFO ResourceProfileManager: Added ResourceProfile id: 0
[2022-02-02 11:21:11,289] {spark_submit.py:514} INFO - 22/02/02 11:21:11 INFO SecurityManager: Changing view acls to: bezerraescossia
[2022-02-02 11:21:11,290] {spark_submit.py:514} INFO - 22/02/02 11:21:11 INFO SecurityManager: Changing modify acls to: bezerraescossia
[2022-02-02 11:21:11,291] {spark_submit.py:514} INFO - 22/02/02 11:21:11 INFO SecurityManager: Changing view acls groups to:
[2022-02-02 11:21:11,293] {spark_submit.py:514} INFO - 22/02/02 11:21:11 INFO SecurityManager: Changing modify acls groups to:
[2022-02-02 11:21:11,294] {spark_submit.py:514} INFO - 22/02/02 11:21:11 INFO SecurityManager: SecurityManager: authentication disabled; ui acls disabled; users  with view permissions: Set(bezerraescossia); groups with view permissions: Set(); users  with modify permissions: Set(bezerraescossia); groups with modify permissions: Set()
[2022-02-02 11:21:11,720] {spark_submit.py:514} INFO - 22/02/02 11:21:11 INFO Utils: Successfully started service 'sparkDriver' on port 54068.
[2022-02-02 11:21:11,772] {spark_submit.py:514} INFO - 22/02/02 11:21:11 INFO SparkEnv: Registering MapOutputTracker
[2022-02-02 11:21:11,820] {spark_submit.py:514} INFO - 22/02/02 11:21:11 INFO SparkEnv: Registering BlockManagerMaster
[2022-02-02 11:21:11,862] {spark_submit.py:514} INFO - 22/02/02 11:21:11 INFO BlockManagerMasterEndpoint: Using org.apache.spark.storage.DefaultTopologyMapper for getting topology information
[2022-02-02 11:21:11,863] {spark_submit.py:514} INFO - 22/02/02 11:21:11 INFO BlockManagerMasterEndpoint: BlockManagerMasterEndpoint up
[2022-02-02 11:21:11,868] {spark_submit.py:514} INFO - 22/02/02 11:21:11 INFO SparkEnv: Registering BlockManagerMasterHeartbeat
[2022-02-02 11:21:11,914] {spark_submit.py:514} INFO - 22/02/02 11:21:11 INFO DiskBlockManager: Created local directory at /private/var/folders/k6/528t8tnx5llf4w8y5xx1rrm80000gn/T/blockmgr-eb488a8f-8b9a-42a2-9312-60c8f4669164
[2022-02-02 11:21:11,956] {spark_submit.py:514} INFO - 22/02/02 11:21:11 INFO MemoryStore: MemoryStore started with capacity 366.3 MiB
[2022-02-02 11:21:11,998] {spark_submit.py:514} INFO - 22/02/02 11:21:11 INFO SparkEnv: Registering OutputCommitCoordinator
[2022-02-02 11:21:12,329] {spark_submit.py:514} INFO - 22/02/02 11:21:12 INFO Utils: Successfully started service 'SparkUI' on port 4040.
[2022-02-02 11:21:12,430] {spark_submit.py:514} INFO - 22/02/02 11:21:12 INFO SparkUI: Bound SparkUI to 0.0.0.0, and started at http://192.168.0.44:4040
[2022-02-02 11:21:12,743] {spark_submit.py:514} INFO - 22/02/02 11:21:12 INFO Executor: Starting executor ID driver on host 192.168.0.44
[2022-02-02 11:21:12,793] {spark_submit.py:514} INFO - 22/02/02 11:21:12 INFO Utils: Successfully started service 'org.apache.spark.network.netty.NettyBlockTransferService' on port 54069.
[2022-02-02 11:21:12,797] {spark_submit.py:514} INFO - 22/02/02 11:21:12 INFO NettyBlockTransferService: Server created on 192.168.0.44:54069
[2022-02-02 11:21:12,798] {spark_submit.py:514} INFO - 22/02/02 11:21:12 INFO BlockManager: Using org.apache.spark.storage.RandomBlockReplicationPolicy for block replication policy
[2022-02-02 11:21:12,817] {spark_submit.py:514} INFO - 22/02/02 11:21:12 INFO BlockManagerMaster: Registering BlockManager BlockManagerId(driver, 192.168.0.44, 54069, None)
[2022-02-02 11:21:12,824] {spark_submit.py:514} INFO - 22/02/02 11:21:12 INFO BlockManagerMasterEndpoint: Registering block manager 192.168.0.44:54069 with 366.3 MiB RAM, BlockManagerId(driver, 192.168.0.44, 54069, None)
[2022-02-02 11:21:12,830] {spark_submit.py:514} INFO - 22/02/02 11:21:12 INFO BlockManagerMaster: Registered BlockManager BlockManagerId(driver, 192.168.0.44, 54069, None)
[2022-02-02 11:21:12,832] {spark_submit.py:514} INFO - 22/02/02 11:21:12 INFO BlockManager: Initialized BlockManager: BlockManagerId(driver, 192.168.0.44, 54069, None)
[2022-02-02 11:21:13,799] {spark_submit.py:514} INFO - 22/02/02 11:21:13 INFO SharedState: Setting hive.metastore.warehouse.dir ('null') to the value of spark.sql.warehouse.dir.
[2022-02-02 11:21:13,883] {spark_submit.py:514} INFO - 22/02/02 11:21:13 INFO SharedState: Warehouse path is 'file:/Users/bezerraescossia/Github/studies/twitter-project/spark-warehouse'.
[2022-02-02 11:21:15,343] {spark_submit.py:514} INFO - 22/02/02 11:21:15 INFO InMemoryFileIndex: It took 52 ms to list leaf files for 1 paths.
[2022-02-02 11:21:15,585] {spark_submit.py:514} INFO - 22/02/02 11:21:15 INFO InMemoryFileIndex: It took 3 ms to list leaf files for 1 paths.
[2022-02-02 11:21:18,827] {spark_submit.py:514} INFO - 22/02/02 11:21:18 INFO FileSourceStrategy: Pushed Filters:
[2022-02-02 11:21:18,829] {spark_submit.py:514} INFO - 22/02/02 11:21:18 INFO FileSourceStrategy: Post-Scan Filters:
[2022-02-02 11:21:18,836] {spark_submit.py:514} INFO - 22/02/02 11:21:18 INFO FileSourceStrategy: Output Data Schema: struct<value: string>
[2022-02-02 11:21:19,356] {spark_submit.py:514} INFO - 22/02/02 11:21:19 INFO MemoryStore: Block broadcast_0 stored as values in memory (estimated size 338.2 KiB, free 366.0 MiB)
[2022-02-02 11:21:19,615] {spark_submit.py:514} INFO - 22/02/02 11:21:19 INFO MemoryStore: Block broadcast_0_piece0 stored as bytes in memory (estimated size 32.5 KiB, free 365.9 MiB)
[2022-02-02 11:21:19,619] {spark_submit.py:514} INFO - 22/02/02 11:21:19 INFO BlockManagerInfo: Added broadcast_0_piece0 in memory on 192.168.0.44:54069 (size: 32.5 KiB, free: 366.3 MiB)
[2022-02-02 11:21:19,625] {spark_submit.py:514} INFO - 22/02/02 11:21:19 INFO SparkContext: Created broadcast 0 from json at NativeMethodAccessorImpl.java:0
[2022-02-02 11:21:19,637] {spark_submit.py:514} INFO - 22/02/02 11:21:19 INFO FileSourceScanExec: Planning scan with bin packing, max size: 4241621 bytes, open cost is considered as scanning 4194304 bytes.
[2022-02-02 11:21:19,999] {spark_submit.py:514} INFO - 22/02/02 11:21:19 INFO SparkContext: Starting job: json at NativeMethodAccessorImpl.java:0
[2022-02-02 11:21:20,034] {spark_submit.py:514} INFO - 22/02/02 11:21:20 INFO DAGScheduler: Got job 0 (json at NativeMethodAccessorImpl.java:0) with 1 output partitions
[2022-02-02 11:21:20,035] {spark_submit.py:514} INFO - 22/02/02 11:21:20 INFO DAGScheduler: Final stage: ResultStage 0 (json at NativeMethodAccessorImpl.java:0)
[2022-02-02 11:21:20,035] {spark_submit.py:514} INFO - 22/02/02 11:21:20 INFO DAGScheduler: Parents of final stage: List()
[2022-02-02 11:21:20,037] {spark_submit.py:514} INFO - 22/02/02 11:21:20 INFO DAGScheduler: Missing parents: List()
[2022-02-02 11:21:20,046] {spark_submit.py:514} INFO - 22/02/02 11:21:20 INFO DAGScheduler: Submitting ResultStage 0 (MapPartitionsRDD[3] at json at NativeMethodAccessorImpl.java:0), which has no missing parents
[2022-02-02 11:21:20,279] {spark_submit.py:514} INFO - 22/02/02 11:21:20 INFO MemoryStore: Block broadcast_1 stored as values in memory (estimated size 12.5 KiB, free 365.9 MiB)
[2022-02-02 11:21:20,287] {spark_submit.py:514} INFO - 22/02/02 11:21:20 INFO MemoryStore: Block broadcast_1_piece0 stored as bytes in memory (estimated size 6.5 KiB, free 365.9 MiB)
[2022-02-02 11:21:20,288] {spark_submit.py:514} INFO - 22/02/02 11:21:20 INFO BlockManagerInfo: Added broadcast_1_piece0 in memory on 192.168.0.44:54069 (size: 6.5 KiB, free: 366.3 MiB)
[2022-02-02 11:21:20,289] {spark_submit.py:514} INFO - 22/02/02 11:21:20 INFO SparkContext: Created broadcast 1 from broadcast at DAGScheduler.scala:1427
[2022-02-02 11:21:20,315] {spark_submit.py:514} INFO - 22/02/02 11:21:20 INFO DAGScheduler: Submitting 1 missing tasks from ResultStage 0 (MapPartitionsRDD[3] at json at NativeMethodAccessorImpl.java:0) (first 15 tasks are for partitions Vector(0))
[2022-02-02 11:21:20,317] {spark_submit.py:514} INFO - 22/02/02 11:21:20 INFO TaskSchedulerImpl: Adding task set 0.0 with 1 tasks resource profile 0
[2022-02-02 11:21:20,397] {spark_submit.py:514} INFO - 22/02/02 11:21:20 INFO TaskSetManager: Starting task 0.0 in stage 0.0 (TID 0) (192.168.0.44, executor driver, partition 0, PROCESS_LOCAL, 4951 bytes) taskResourceAssignments Map()
[2022-02-02 11:21:20,424] {spark_submit.py:514} INFO - 22/02/02 11:21:20 INFO Executor: Running task 0.0 in stage 0.0 (TID 0)
[2022-02-02 11:21:21,032] {spark_submit.py:514} INFO - 22/02/02 11:21:21 INFO FileScanRDD: Reading File path: file:///Users/bezerraescossia/Github/studies/twitter-project/datalake/bronze/extract_date=2022-01-28/AluraOnline_20220128.json, range: 0-47317, partition values: [empty row]
[2022-02-02 11:21:21,405] {spark_submit.py:514} INFO - 22/02/02 11:21:21 INFO CodeGenerator: Code generated in 289.71398 ms
[2022-02-02 11:21:21,573] {spark_submit.py:514} INFO - 22/02/02 11:21:21 INFO Executor: Finished task 0.0 in stage 0.0 (TID 0). 2858 bytes result sent to driver
[2022-02-02 11:21:21,579] {spark_submit.py:514} INFO - 22/02/02 11:21:21 INFO TaskSetManager: Finished task 0.0 in stage 0.0 (TID 0) in 1195 ms on 192.168.0.44 (executor driver) (1/1)
[2022-02-02 11:21:21,582] {spark_submit.py:514} INFO - 22/02/02 11:21:21 INFO TaskSchedulerImpl: Removed TaskSet 0.0, whose tasks have all completed, from pool
[2022-02-02 11:21:21,595] {spark_submit.py:514} INFO - 22/02/02 11:21:21 INFO DAGScheduler: ResultStage 0 (json at NativeMethodAccessorImpl.java:0) finished in 1,511 s
[2022-02-02 11:21:21,598] {spark_submit.py:514} INFO - 22/02/02 11:21:21 INFO DAGScheduler: Job 0 is finished. Cancelling potential speculative or zombie tasks for this job
[2022-02-02 11:21:21,599] {spark_submit.py:514} INFO - 22/02/02 11:21:21 INFO TaskSchedulerImpl: Killing all running tasks in stage 0: Stage finished
[2022-02-02 11:21:21,603] {spark_submit.py:514} INFO - 22/02/02 11:21:21 INFO DAGScheduler: Job 0 finished: json at NativeMethodAccessorImpl.java:0, took 1,602271 s
[2022-02-02 11:21:22,298] {spark_submit.py:514} INFO - 22/02/02 11:21:22 INFO FileSourceStrategy: Pushed Filters: IsNotNull(data)
[2022-02-02 11:21:22,301] {spark_submit.py:514} INFO - 22/02/02 11:21:22 INFO FileSourceStrategy: Post-Scan Filters: (size(data#7, true) > 0),isnotnull(data#7)
[2022-02-02 11:21:22,302] {spark_submit.py:514} INFO - 22/02/02 11:21:22 INFO FileSourceStrategy: Output Data Schema: struct<data: array<struct<author_id:string,conversation_id:string,created_at:string,id:string,in_reply_to_user_id:string,public_metrics:struct<like_count:bigint,quote_count:bigint,reply_count:bigint,retweet_count:bigint>,text:string>>>
[2022-02-02 11:21:22,423] {spark_submit.py:514} INFO - 22/02/02 11:21:22 INFO FileOutputCommitter: File Output Committer Algorithm version is 1
[2022-02-02 11:21:22,423] {spark_submit.py:514} INFO - 22/02/02 11:21:22 INFO FileOutputCommitter: FileOutputCommitter skip cleanup _temporary folders under output directory:false, ignore cleanup failures: false
[2022-02-02 11:21:22,424] {spark_submit.py:514} INFO - 22/02/02 11:21:22 INFO SQLHadoopMapReduceCommitProtocol: Using output committer class org.apache.hadoop.mapreduce.lib.output.FileOutputCommitter
[2022-02-02 11:21:23,053] {spark_submit.py:514} INFO - 22/02/02 11:21:23 INFO CodeGenerator: Code generated in 365.328531 ms
[2022-02-02 11:21:23,075] {spark_submit.py:514} INFO - 22/02/02 11:21:23 INFO MemoryStore: Block broadcast_2 stored as values in memory (estimated size 338.0 KiB, free 365.6 MiB)
[2022-02-02 11:21:23,217] {spark_submit.py:514} INFO - 22/02/02 11:21:23 INFO MemoryStore: Block broadcast_2_piece0 stored as bytes in memory (estimated size 32.5 KiB, free 365.6 MiB)
[2022-02-02 11:21:23,222] {spark_submit.py:514} INFO - 22/02/02 11:21:23 INFO BlockManagerInfo: Added broadcast_2_piece0 in memory on 192.168.0.44:54069 (size: 32.5 KiB, free: 366.2 MiB)
[2022-02-02 11:21:23,226] {spark_submit.py:514} INFO - 22/02/02 11:21:23 INFO SparkContext: Created broadcast 2 from json at NativeMethodAccessorImpl.java:0
[2022-02-02 11:21:23,232] {spark_submit.py:514} INFO - 22/02/02 11:21:23 INFO FileSourceScanExec: Planning scan with bin packing, max size: 4241621 bytes, open cost is considered as scanning 4194304 bytes.
[2022-02-02 11:21:23,513] {spark_submit.py:514} INFO - 22/02/02 11:21:23 INFO SparkContext: Starting job: json at NativeMethodAccessorImpl.java:0
[2022-02-02 11:21:23,516] {spark_submit.py:514} INFO - 22/02/02 11:21:23 INFO DAGScheduler: Got job 1 (json at NativeMethodAccessorImpl.java:0) with 1 output partitions
[2022-02-02 11:21:23,517] {spark_submit.py:514} INFO - 22/02/02 11:21:23 INFO DAGScheduler: Final stage: ResultStage 1 (json at NativeMethodAccessorImpl.java:0)
[2022-02-02 11:21:23,518] {spark_submit.py:514} INFO - 22/02/02 11:21:23 INFO DAGScheduler: Parents of final stage: List()
[2022-02-02 11:21:23,519] {spark_submit.py:514} INFO - 22/02/02 11:21:23 INFO DAGScheduler: Missing parents: List()
[2022-02-02 11:21:23,520] {spark_submit.py:514} INFO - 22/02/02 11:21:23 INFO DAGScheduler: Submitting ResultStage 1 (CoalescedRDD[7] at json at NativeMethodAccessorImpl.java:0), which has no missing parents
[2022-02-02 11:21:23,608] {spark_submit.py:514} INFO - 22/02/02 11:21:23 INFO MemoryStore: Block broadcast_3 stored as values in memory (estimated size 223.6 KiB, free 365.3 MiB)
[2022-02-02 11:21:23,611] {spark_submit.py:514} INFO - 22/02/02 11:21:23 INFO MemoryStore: Block broadcast_3_piece0 stored as bytes in memory (estimated size 76.9 KiB, free 365.3 MiB)
[2022-02-02 11:21:23,612] {spark_submit.py:514} INFO - 22/02/02 11:21:23 INFO BlockManagerInfo: Added broadcast_3_piece0 in memory on 192.168.0.44:54069 (size: 76.9 KiB, free: 366.2 MiB)
[2022-02-02 11:21:23,613] {spark_submit.py:514} INFO - 22/02/02 11:21:23 INFO SparkContext: Created broadcast 3 from broadcast at DAGScheduler.scala:1427
[2022-02-02 11:21:23,614] {spark_submit.py:514} INFO - 22/02/02 11:21:23 INFO DAGScheduler: Submitting 1 missing tasks from ResultStage 1 (CoalescedRDD[7] at json at NativeMethodAccessorImpl.java:0) (first 15 tasks are for partitions Vector(0))
[2022-02-02 11:21:23,615] {spark_submit.py:514} INFO - 22/02/02 11:21:23 INFO TaskSchedulerImpl: Adding task set 1.0 with 1 tasks resource profile 0
[2022-02-02 11:21:23,622] {spark_submit.py:514} INFO - 22/02/02 11:21:23 INFO TaskSetManager: Starting task 0.0 in stage 1.0 (TID 1) (192.168.0.44, executor driver, partition 0, PROCESS_LOCAL, 5180 bytes) taskResourceAssignments Map()
[2022-02-02 11:21:23,623] {spark_submit.py:514} INFO - 22/02/02 11:21:23 INFO Executor: Running task 0.0 in stage 1.0 (TID 1)
[2022-02-02 11:21:23,735] {spark_submit.py:514} INFO - 22/02/02 11:21:23 INFO FileOutputCommitter: File Output Committer Algorithm version is 1
[2022-02-02 11:21:23,736] {spark_submit.py:514} INFO - 22/02/02 11:21:23 INFO FileOutputCommitter: FileOutputCommitter skip cleanup _temporary folders under output directory:false, ignore cleanup failures: false
[2022-02-02 11:21:23,737] {spark_submit.py:514} INFO - 22/02/02 11:21:23 INFO SQLHadoopMapReduceCommitProtocol: Using output committer class org.apache.hadoop.mapreduce.lib.output.FileOutputCommitter
[2022-02-02 11:21:23,821] {spark_submit.py:514} INFO - 22/02/02 11:21:23 INFO FileScanRDD: Reading File path: file:///Users/bezerraescossia/Github/studies/twitter-project/datalake/bronze/extract_date=2022-01-28/AluraOnline_20220128.json, range: 0-47317, partition values: [empty row]
[2022-02-02 11:21:23,882] {spark_submit.py:514} INFO - 22/02/02 11:21:23 INFO CodeGenerator: Code generated in 38.22737 ms
[2022-02-02 11:21:23,917] {spark_submit.py:514} INFO - 22/02/02 11:21:23 INFO CodeGenerator: Code generated in 10.193237 ms
[2022-02-02 11:21:24,017] {spark_submit.py:514} INFO - 22/02/02 11:21:24 INFO FileOutputCommitter: Saved output of task 'attempt_202202021121233969226295678704718_0001_m_000000_1' to file:/Users/bezerraescossia/Github/studies/twitter-project/datalake/silver/tweet/process_date=2022-01-28/_temporary/0/task_202202021121233969226295678704718_0001_m_000000
[2022-02-02 11:21:24,018] {spark_submit.py:514} INFO - 22/02/02 11:21:24 INFO SparkHadoopMapRedUtil: attempt_202202021121233969226295678704718_0001_m_000000_1: Committed
[2022-02-02 11:21:24,028] {spark_submit.py:514} INFO - 22/02/02 11:21:24 INFO Executor: Finished task 0.0 in stage 1.0 (TID 1). 2670 bytes result sent to driver
[2022-02-02 11:21:24,031] {spark_submit.py:514} INFO - 22/02/02 11:21:24 INFO TaskSetManager: Finished task 0.0 in stage 1.0 (TID 1) in 414 ms on 192.168.0.44 (executor driver) (1/1)
[2022-02-02 11:21:24,032] {spark_submit.py:514} INFO - 22/02/02 11:21:24 INFO TaskSchedulerImpl: Removed TaskSet 1.0, whose tasks have all completed, from pool
[2022-02-02 11:21:24,033] {spark_submit.py:514} INFO - 22/02/02 11:21:24 INFO DAGScheduler: ResultStage 1 (json at NativeMethodAccessorImpl.java:0) finished in 0,513 s
[2022-02-02 11:21:24,034] {spark_submit.py:514} INFO - 22/02/02 11:21:24 INFO DAGScheduler: Job 1 is finished. Cancelling potential speculative or zombie tasks for this job
[2022-02-02 11:21:24,035] {spark_submit.py:514} INFO - 22/02/02 11:21:24 INFO TaskSchedulerImpl: Killing all running tasks in stage 1: Stage finished
[2022-02-02 11:21:24,036] {spark_submit.py:514} INFO - 22/02/02 11:21:24 INFO DAGScheduler: Job 1 finished: json at NativeMethodAccessorImpl.java:0, took 0,522030 s
[2022-02-02 11:21:24,041] {spark_submit.py:514} INFO - 22/02/02 11:21:24 INFO FileFormatWriter: Start to commit write Job 838234ec-fa98-4db5-a1dc-e8613129fa2d.
[2022-02-02 11:21:24,081] {spark_submit.py:514} INFO - 22/02/02 11:21:24 INFO FileFormatWriter: Write Job 838234ec-fa98-4db5-a1dc-e8613129fa2d committed. Elapsed time: 37 ms.
[2022-02-02 11:21:24,089] {spark_submit.py:514} INFO - 22/02/02 11:21:24 INFO FileFormatWriter: Finished processing stats for write job 838234ec-fa98-4db5-a1dc-e8613129fa2d.
[2022-02-02 11:21:24,169] {spark_submit.py:514} INFO - 22/02/02 11:21:24 INFO FileSourceStrategy: Pushed Filters: IsNotNull(includes)
[2022-02-02 11:21:24,170] {spark_submit.py:514} INFO - 22/02/02 11:21:24 INFO FileSourceStrategy: Post-Scan Filters: isnotnull(includes#8),(size(includes#8.users, true) > 0),isnotnull(includes#8.users)
[2022-02-02 11:21:24,171] {spark_submit.py:514} INFO - 22/02/02 11:21:24 INFO FileSourceStrategy: Output Data Schema: struct<includes: struct<users: array<struct<created_at:string,id:string,name:string,username:string>>>>
[2022-02-02 11:21:24,186] {spark_submit.py:514} INFO - 22/02/02 11:21:24 INFO FileOutputCommitter: File Output Committer Algorithm version is 1
[2022-02-02 11:21:24,186] {spark_submit.py:514} INFO - 22/02/02 11:21:24 INFO FileOutputCommitter: FileOutputCommitter skip cleanup _temporary folders under output directory:false, ignore cleanup failures: false
[2022-02-02 11:21:24,187] {spark_submit.py:514} INFO - 22/02/02 11:21:24 INFO SQLHadoopMapReduceCommitProtocol: Using output committer class org.apache.hadoop.mapreduce.lib.output.FileOutputCommitter
[2022-02-02 11:21:24,292] {spark_submit.py:514} INFO - 22/02/02 11:21:24 INFO CodeGenerator: Code generated in 41.89043 ms
[2022-02-02 11:21:24,303] {spark_submit.py:514} INFO - 22/02/02 11:21:24 INFO MemoryStore: Block broadcast_4 stored as values in memory (estimated size 338.0 KiB, free 364.9 MiB)
[2022-02-02 11:21:24,348] {spark_submit.py:514} INFO - 22/02/02 11:21:24 INFO MemoryStore: Block broadcast_4_piece0 stored as bytes in memory (estimated size 32.5 KiB, free 364.9 MiB)
[2022-02-02 11:21:24,350] {spark_submit.py:514} INFO - 22/02/02 11:21:24 INFO BlockManagerInfo: Added broadcast_4_piece0 in memory on 192.168.0.44:54069 (size: 32.5 KiB, free: 366.1 MiB)
[2022-02-02 11:21:24,353] {spark_submit.py:514} INFO - 22/02/02 11:21:24 INFO SparkContext: Created broadcast 4 from json at NativeMethodAccessorImpl.java:0
[2022-02-02 11:21:24,355] {spark_submit.py:514} INFO - 22/02/02 11:21:24 INFO FileSourceScanExec: Planning scan with bin packing, max size: 4241621 bytes, open cost is considered as scanning 4194304 bytes.
[2022-02-02 11:21:24,426] {spark_submit.py:514} INFO - 22/02/02 11:21:24 INFO SparkContext: Starting job: json at NativeMethodAccessorImpl.java:0
[2022-02-02 11:21:24,428] {spark_submit.py:514} INFO - 22/02/02 11:21:24 INFO DAGScheduler: Got job 2 (json at NativeMethodAccessorImpl.java:0) with 1 output partitions
[2022-02-02 11:21:24,429] {spark_submit.py:514} INFO - 22/02/02 11:21:24 INFO DAGScheduler: Final stage: ResultStage 2 (json at NativeMethodAccessorImpl.java:0)
[2022-02-02 11:21:24,430] {spark_submit.py:514} INFO - 22/02/02 11:21:24 INFO DAGScheduler: Parents of final stage: List()
[2022-02-02 11:21:24,431] {spark_submit.py:514} INFO - 22/02/02 11:21:24 INFO DAGScheduler: Missing parents: List()
[2022-02-02 11:21:24,431] {spark_submit.py:514} INFO - 22/02/02 11:21:24 INFO DAGScheduler: Submitting ResultStage 2 (CoalescedRDD[11] at json at NativeMethodAccessorImpl.java:0), which has no missing parents
[2022-02-02 11:21:24,497] {spark_submit.py:514} INFO - 22/02/02 11:21:24 INFO MemoryStore: Block broadcast_5 stored as values in memory (estimated size 211.2 KiB, free 364.7 MiB)
[2022-02-02 11:21:24,501] {spark_submit.py:514} INFO - 22/02/02 11:21:24 INFO MemoryStore: Block broadcast_5_piece0 stored as bytes in memory (estimated size 75.3 KiB, free 364.6 MiB)
[2022-02-02 11:21:24,502] {spark_submit.py:514} INFO - 22/02/02 11:21:24 INFO BlockManagerInfo: Added broadcast_5_piece0 in memory on 192.168.0.44:54069 (size: 75.3 KiB, free: 366.0 MiB)
[2022-02-02 11:21:24,503] {spark_submit.py:514} INFO - 22/02/02 11:21:24 INFO SparkContext: Created broadcast 5 from broadcast at DAGScheduler.scala:1427
[2022-02-02 11:21:24,504] {spark_submit.py:514} INFO - 22/02/02 11:21:24 INFO DAGScheduler: Submitting 1 missing tasks from ResultStage 2 (CoalescedRDD[11] at json at NativeMethodAccessorImpl.java:0) (first 15 tasks are for partitions Vector(0))
[2022-02-02 11:21:24,505] {spark_submit.py:514} INFO - 22/02/02 11:21:24 INFO TaskSchedulerImpl: Adding task set 2.0 with 1 tasks resource profile 0
[2022-02-02 11:21:24,506] {spark_submit.py:514} INFO - 22/02/02 11:21:24 INFO TaskSetManager: Starting task 0.0 in stage 2.0 (TID 2) (192.168.0.44, executor driver, partition 0, PROCESS_LOCAL, 5180 bytes) taskResourceAssignments Map()
[2022-02-02 11:21:24,507] {spark_submit.py:514} INFO - 22/02/02 11:21:24 INFO Executor: Running task 0.0 in stage 2.0 (TID 2)
[2022-02-02 11:21:24,543] {spark_submit.py:514} INFO - 22/02/02 11:21:24 INFO FileOutputCommitter: File Output Committer Algorithm version is 1
[2022-02-02 11:21:24,543] {spark_submit.py:514} INFO - 22/02/02 11:21:24 INFO FileOutputCommitter: FileOutputCommitter skip cleanup _temporary folders under output directory:false, ignore cleanup failures: false
[2022-02-02 11:21:24,544] {spark_submit.py:514} INFO - 22/02/02 11:21:24 INFO SQLHadoopMapReduceCommitProtocol: Using output committer class org.apache.hadoop.mapreduce.lib.output.FileOutputCommitter
[2022-02-02 11:21:24,693] {spark_submit.py:514} INFO - 22/02/02 11:21:24 INFO FileScanRDD: Reading File path: file:///Users/bezerraescossia/Github/studies/twitter-project/datalake/bronze/extract_date=2022-01-28/AluraOnline_20220128.json, range: 0-47317, partition values: [empty row]
[2022-02-02 11:21:24,722] {spark_submit.py:514} INFO - 22/02/02 11:21:24 INFO CodeGenerator: Code generated in 25.052983 ms
[2022-02-02 11:21:24,740] {spark_submit.py:514} INFO - 22/02/02 11:21:24 INFO CodeGenerator: Code generated in 11.953678 ms
[2022-02-02 11:21:24,774] {spark_submit.py:514} INFO - 22/02/02 11:21:24 INFO FileOutputCommitter: Saved output of task 'attempt_202202021121248607032767934997507_0002_m_000000_2' to file:/Users/bezerraescossia/Github/studies/twitter-project/datalake/silver/user/process_date=2022-01-28/_temporary/0/task_202202021121248607032767934997507_0002_m_000000
[2022-02-02 11:21:24,775] {spark_submit.py:514} INFO - 22/02/02 11:21:24 INFO SparkHadoopMapRedUtil: attempt_202202021121248607032767934997507_0002_m_000000_2: Committed
[2022-02-02 11:21:24,778] {spark_submit.py:514} INFO - 22/02/02 11:21:24 INFO Executor: Finished task 0.0 in stage 2.0 (TID 2). 2627 bytes result sent to driver
[2022-02-02 11:21:24,781] {spark_submit.py:514} INFO - 22/02/02 11:21:24 INFO TaskSetManager: Finished task 0.0 in stage 2.0 (TID 2) in 275 ms on 192.168.0.44 (executor driver) (1/1)
[2022-02-02 11:21:24,782] {spark_submit.py:514} INFO - 22/02/02 11:21:24 INFO TaskSchedulerImpl: Removed TaskSet 2.0, whose tasks have all completed, from pool
[2022-02-02 11:21:24,785] {spark_submit.py:514} INFO - 22/02/02 11:21:24 INFO DAGScheduler: ResultStage 2 (json at NativeMethodAccessorImpl.java:0) finished in 0,351 s
[2022-02-02 11:21:24,786] {spark_submit.py:514} INFO - 22/02/02 11:21:24 INFO DAGScheduler: Job 2 is finished. Cancelling potential speculative or zombie tasks for this job
[2022-02-02 11:21:24,787] {spark_submit.py:514} INFO - 22/02/02 11:21:24 INFO TaskSchedulerImpl: Killing all running tasks in stage 2: Stage finished
[2022-02-02 11:21:24,788] {spark_submit.py:514} INFO - 22/02/02 11:21:24 INFO DAGScheduler: Job 2 finished: json at NativeMethodAccessorImpl.java:0, took 0,357949 s
[2022-02-02 11:21:24,788] {spark_submit.py:514} INFO - 22/02/02 11:21:24 INFO FileFormatWriter: Start to commit write Job b1780235-975f-4c1e-bda3-09ade21077e3.
[2022-02-02 11:21:24,815] {spark_submit.py:514} INFO - 22/02/02 11:21:24 INFO FileFormatWriter: Write Job b1780235-975f-4c1e-bda3-09ade21077e3 committed. Elapsed time: 29 ms.
[2022-02-02 11:21:24,816] {spark_submit.py:514} INFO - 22/02/02 11:21:24 INFO FileFormatWriter: Finished processing stats for write job b1780235-975f-4c1e-bda3-09ade21077e3.
[2022-02-02 11:21:24,901] {spark_submit.py:514} INFO - 22/02/02 11:21:24 INFO SparkContext: Invoking stop() from shutdown hook
[2022-02-02 11:21:24,926] {spark_submit.py:514} INFO - 22/02/02 11:21:24 INFO SparkUI: Stopped Spark web UI at http://192.168.0.44:4040
[2022-02-02 11:21:24,947] {spark_submit.py:514} INFO - 22/02/02 11:21:24 INFO MapOutputTrackerMasterEndpoint: MapOutputTrackerMasterEndpoint stopped!
[2022-02-02 11:21:24,966] {spark_submit.py:514} INFO - 22/02/02 11:21:24 INFO MemoryStore: MemoryStore cleared
[2022-02-02 11:21:24,970] {spark_submit.py:514} INFO - 22/02/02 11:21:24 INFO BlockManager: BlockManager stopped
[2022-02-02 11:21:24,980] {spark_submit.py:514} INFO - 22/02/02 11:21:24 INFO BlockManagerMaster: BlockManagerMaster stopped
[2022-02-02 11:21:24,986] {spark_submit.py:514} INFO - 22/02/02 11:21:24 INFO OutputCommitCoordinator$OutputCommitCoordinatorEndpoint: OutputCommitCoordinator stopped!
[2022-02-02 11:21:24,996] {spark_submit.py:514} INFO - 22/02/02 11:21:24 INFO SparkContext: Successfully stopped SparkContext
[2022-02-02 11:21:24,997] {spark_submit.py:514} INFO - 22/02/02 11:21:24 INFO ShutdownHookManager: Shutdown hook called
[2022-02-02 11:21:24,998] {spark_submit.py:514} INFO - 22/02/02 11:21:24 INFO ShutdownHookManager: Deleting directory /private/var/folders/k6/528t8tnx5llf4w8y5xx1rrm80000gn/T/spark-47f41006-a45c-4a3f-8f57-d1364fc0e16f
[2022-02-02 11:21:25,005] {spark_submit.py:514} INFO - 22/02/02 11:21:25 INFO ShutdownHookManager: Deleting directory /private/var/folders/k6/528t8tnx5llf4w8y5xx1rrm80000gn/T/spark-47f41006-a45c-4a3f-8f57-d1364fc0e16f/pyspark-846b1fdd-359b-4857-ab0f-edf28bbb9f43
[2022-02-02 11:21:25,012] {spark_submit.py:514} INFO - 22/02/02 11:21:25 INFO ShutdownHookManager: Deleting directory /private/var/folders/k6/528t8tnx5llf4w8y5xx1rrm80000gn/T/spark-7f89b636-8e7b-4723-8792-e6dc8693acf7
[2022-02-02 11:21:25,115] {taskinstance.py:1219} INFO - Marking task as SUCCESS. dag_id=twitter_dag, task_id=transform_twitter_aluraonline, execution_date=20220128T090000, start_date=20220202T142106, end_date=20220202T142125
[2022-02-02 11:21:25,161] {local_task_job.py:151} INFO - Task exited with return code 0
[2022-02-02 11:21:25,178] {local_task_job.py:261} INFO - 0 downstream tasks scheduled from follow-on schedule check
