[2022-01-31 17:26:03,108] {taskinstance.py:903} INFO - Dependencies all met for <TaskInstance: twitter_dag.twitter_aluraonline 2022-01-31T20:25:53.658766+00:00 [queued]>
[2022-01-31 17:26:03,119] {taskinstance.py:903} INFO - Dependencies all met for <TaskInstance: twitter_dag.twitter_aluraonline 2022-01-31T20:25:53.658766+00:00 [queued]>
[2022-01-31 17:26:03,119] {taskinstance.py:1095} INFO - 
--------------------------------------------------------------------------------
[2022-01-31 17:26:03,119] {taskinstance.py:1096} INFO - Starting attempt 1 of 1
[2022-01-31 17:26:03,120] {taskinstance.py:1097} INFO - 
--------------------------------------------------------------------------------
[2022-01-31 17:26:03,137] {taskinstance.py:1115} INFO - Executing <Task(TwitterOperator): twitter_aluraonline> on 2022-01-31T20:25:53.658766+00:00
[2022-01-31 17:26:03,154] {standard_task_runner.py:76} INFO - Running: ['airflow', 'tasks', 'run', 'twitter_dag', 'twitter_aluraonline', '2022-01-31T20:25:53.658766+00:00', '--job-id', '17', '--pool', 'default_pool', '--raw', '--subdir', 'DAGS_FOLDER/twitter_dag.py', '--cfg-path', '/var/folders/k6/528t8tnx5llf4w8y5xx1rrm80000gn/T/tmprbsjk58e', '--error-file', '/var/folders/k6/528t8tnx5llf4w8y5xx1rrm80000gn/T/tmpa16utgj_']
[2022-01-31 17:26:03,157] {standard_task_runner.py:77} INFO - Job 17: Subtask twitter_aluraonline
[2022-01-31 17:26:03,170] {standard_task_runner.py:52} INFO - Started process 81999 to run task
[2022-01-31 17:26:03,235] {logging_mixin.py:109} INFO - Running <TaskInstance: twitter_dag.twitter_aluraonline 2022-01-31T20:25:53.658766+00:00 [running]> on host 1.0.0.127.in-addr.arpa
[2022-01-31 17:26:03,395] {taskinstance.py:1254} INFO - Exporting the following env vars:
AIRFLOW_CTX_DAG_OWNER=airflow
AIRFLOW_CTX_DAG_ID=twitter_dag
AIRFLOW_CTX_TASK_ID=twitter_aluraonline
AIRFLOW_CTX_EXECUTION_DATE=2022-01-31T20:25:53.658766+00:00
AIRFLOW_CTX_DAG_RUN_ID=manual__2022-01-31T20:25:53.658766+00:00
[2022-01-31 17:26:03,414] {base.py:79} INFO - Using connection to: id: twitter_default. Host: https://api.twitter.com, Port: None, Schema: , Login: , Password: None, extra: {'Authorization': '***'}
[2022-01-31 17:26:03,418] {twitter_hook.py:36} INFO - URL: https://api.twitter.com/2/tweets/search/recent?query=AluraOnline&tweet.fields=author_id,conversation_id,created_at,id,in_reply_to_user_id,public_metrics,text&expansions=author_id&user.fields=id,name,username,created_at
[2022-01-31 17:26:04,122] {twitter_hook.py:36} INFO - URL: https://api.twitter.com/2/tweets/search/recent?query=AluraOnline&tweet.fields=author_id,conversation_id,created_at,id,in_reply_to_user_id,public_metrics,text&expansions=author_id&user.fields=id,name,username,created_at&next_token=b26v89c19zqg8o3fpe48hb58hkwaqrw79ae6aeq4eowal
[2022-01-31 17:26:04,420] {twitter_hook.py:36} INFO - URL: https://api.twitter.com/2/tweets/search/recent?query=AluraOnline&tweet.fields=author_id,conversation_id,created_at,id,in_reply_to_user_id,public_metrics,text&expansions=author_id&user.fields=id,name,username,created_at&next_token=b26v89c19zqg8o3fpe48h91pl0qxzcm0as1g53oe6biil
[2022-01-31 17:26:04,696] {twitter_hook.py:36} INFO - URL: https://api.twitter.com/2/tweets/search/recent?query=AluraOnline&tweet.fields=author_id,conversation_id,created_at,id,in_reply_to_user_id,public_metrics,text&expansions=author_id&user.fields=id,name,username,created_at&next_token=b26v89c19zqg8o3fpe48h913slbciakc50bi1fdv2n725
[2022-01-31 17:26:04,952] {twitter_hook.py:36} INFO - URL: https://api.twitter.com/2/tweets/search/recent?query=AluraOnline&tweet.fields=author_id,conversation_id,created_at,id,in_reply_to_user_id,public_metrics,text&expansions=author_id&user.fields=id,name,username,created_at&next_token=b26v89c19zqg8o3fpe482kgoiuxqgx9eg5ylmost0cgot
[2022-01-31 17:26:05,216] {twitter_hook.py:36} INFO - URL: https://api.twitter.com/2/tweets/search/recent?query=AluraOnline&tweet.fields=author_id,conversation_id,created_at,id,in_reply_to_user_id,public_metrics,text&expansions=author_id&user.fields=id,name,username,created_at&next_token=b26v89c19zqg8o3fpe482g9bjko956pzdich9rgkryn3x
[2022-01-31 17:26:05,513] {twitter_hook.py:36} INFO - URL: https://api.twitter.com/2/tweets/search/recent?query=AluraOnline&tweet.fields=author_id,conversation_id,created_at,id,in_reply_to_user_id,public_metrics,text&expansions=author_id&user.fields=id,name,username,created_at&next_token=b26v89c19zqg8o3fpe482by2mxnbz8dpqw7pxjisa7725
[2022-01-31 17:26:05,789] {twitter_hook.py:36} INFO - URL: https://api.twitter.com/2/tweets/search/recent?query=AluraOnline&tweet.fields=author_id,conversation_id,created_at,id,in_reply_to_user_id,public_metrics,text&expansions=author_id&user.fields=id,name,username,created_at&next_token=b26v89c19zqg8o3fpe482bx5z0ybbfbfygogyu2g66f7h
[2022-01-31 17:26:06,067] {twitter_hook.py:36} INFO - URL: https://api.twitter.com/2/tweets/search/recent?query=AluraOnline&tweet.fields=author_id,conversation_id,created_at,id,in_reply_to_user_id,public_metrics,text&expansions=author_id&user.fields=id,name,username,created_at&next_token=b26v89c19zqg8o3fpe4829tcg2mvif567x5j88bmezywt
[2022-01-31 17:26:06,310] {twitter_hook.py:36} INFO - URL: https://api.twitter.com/2/tweets/search/recent?query=AluraOnline&tweet.fields=author_id,conversation_id,created_at,id,in_reply_to_user_id,public_metrics,text&expansions=author_id&user.fields=id,name,username,created_at&next_token=b26v89c19zqg8o3fpe4823gd79t87hnrz6bc81lyw11ml
[2022-01-31 17:26:06,572] {twitter_hook.py:36} INFO - URL: https://api.twitter.com/2/tweets/search/recent?query=AluraOnline&tweet.fields=author_id,conversation_id,created_at,id,in_reply_to_user_id,public_metrics,text&expansions=author_id&user.fields=id,name,username,created_at&next_token=b26v89c19zqg8o3fpe4823fgjdyxlp71f4snsu2g99chp
[2022-01-31 17:26:06,848] {twitter_hook.py:36} INFO - URL: https://api.twitter.com/2/tweets/search/recent?query=AluraOnline&tweet.fields=author_id,conversation_id,created_at,id,in_reply_to_user_id,public_metrics,text&expansions=author_id&user.fields=id,name,username,created_at&next_token=b26v89c19zqg8o3fpe4823f61lt0ojj2e2587b8ep7erh
[2022-01-31 17:26:07,119] {twitter_hook.py:36} INFO - URL: https://api.twitter.com/2/tweets/search/recent?query=AluraOnline&tweet.fields=author_id,conversation_id,created_at,id,in_reply_to_user_id,public_metrics,text&expansions=author_id&user.fields=id,name,username,created_at&next_token=b26v89c19zqg8o3fpe4823ekc6z2z1kckuvteugfuo77h
[2022-01-31 17:26:07,359] {twitter_hook.py:36} INFO - URL: https://api.twitter.com/2/tweets/search/recent?query=AluraOnline&tweet.fields=author_id,conversation_id,created_at,id,in_reply_to_user_id,public_metrics,text&expansions=author_id&user.fields=id,name,username,created_at&next_token=b26v89c19zqg8o3fpe4821c8gr6fw6iewz3bb0w32fibh
[2022-01-31 17:26:07,626] {twitter_hook.py:36} INFO - URL: https://api.twitter.com/2/tweets/search/recent?query=AluraOnline&tweet.fields=author_id,conversation_id,created_at,id,in_reply_to_user_id,public_metrics,text&expansions=author_id&user.fields=id,name,username,created_at&next_token=b26v89c19zqg8o3fpe4821bc4y6jgsviitkx3fh2dw70d
[2022-01-31 17:26:07,876] {twitter_hook.py:36} INFO - URL: https://api.twitter.com/2/tweets/search/recent?query=AluraOnline&tweet.fields=author_id,conversation_id,created_at,id,in_reply_to_user_id,public_metrics,text&expansions=author_id&user.fields=id,name,username,created_at&next_token=b26v89c19zqg8o3fpe4821aqrplyiuyqmqxjtervzsakd
[2022-01-31 17:26:08,162] {twitter_hook.py:36} INFO - URL: https://api.twitter.com/2/tweets/search/recent?query=AluraOnline&tweet.fields=author_id,conversation_id,created_at,id,in_reply_to_user_id,public_metrics,text&expansions=author_id&user.fields=id,name,username,created_at&next_token=b26v89c19zqg8o3fpe4821afrprjc4pa6f97748k62zy5
[2022-01-31 17:26:08,425] {twitter_hook.py:36} INFO - URL: https://api.twitter.com/2/tweets/search/recent?query=AluraOnline&tweet.fields=author_id,conversation_id,created_at,id,in_reply_to_user_id,public_metrics,text&expansions=author_id&user.fields=id,name,username,created_at&next_token=b26v89c19zqg8o3fpe47ncs3rv9ur7lxhgy2rsbr1518d
[2022-01-31 17:26:08,720] {twitter_hook.py:36} INFO - URL: https://api.twitter.com/2/tweets/search/recent?query=AluraOnline&tweet.fields=author_id,conversation_id,created_at,id,in_reply_to_user_id,public_metrics,text&expansions=author_id&user.fields=id,name,username,created_at&next_token=b26v89c19zqg8o3fpe47ncr7g3cjg9c6lgp3slpjrh7y5
[2022-01-31 17:26:09,005] {twitter_hook.py:36} INFO - URL: https://api.twitter.com/2/tweets/search/recent?query=AluraOnline&tweet.fields=author_id,conversation_id,created_at,id,in_reply_to_user_id,public_metrics,text&expansions=author_id&user.fields=id,name,username,created_at&next_token=b26v89c19zqg8o3fpe47ncqazs6xzbx4pfn87onkaarul
[2022-01-31 17:26:09,311] {twitter_hook.py:36} INFO - URL: https://api.twitter.com/2/tweets/search/recent?query=AluraOnline&tweet.fields=author_id,conversation_id,created_at,id,in_reply_to_user_id,public_metrics,text&expansions=author_id&user.fields=id,name,username,created_at&next_token=b26v89c19zqg8o3fpe47ncq08v86hehics0dw7p691yf1
[2022-01-31 17:26:09,565] {twitter_hook.py:36} INFO - URL: https://api.twitter.com/2/tweets/search/recent?query=AluraOnline&tweet.fields=author_id,conversation_id,created_at,id,in_reply_to_user_id,public_metrics,text&expansions=author_id&user.fields=id,name,username,created_at&next_token=b26v89c19zqg8o3fpe47nan2slb8evkvvz5t2868mxjst
[2022-01-31 17:26:09,913] {twitter_hook.py:36} INFO - URL: https://api.twitter.com/2/tweets/search/recent?query=AluraOnline&tweet.fields=author_id,conversation_id,created_at,id,in_reply_to_user_id,public_metrics,text&expansions=author_id&user.fields=id,name,username,created_at&next_token=b26v89c19zqg8o3fpe47nams1npmxn3f85o1zc10cj4al
[2022-01-31 17:26:10,192] {twitter_hook.py:36} INFO - URL: https://api.twitter.com/2/tweets/search/recent?query=AluraOnline&tweet.fields=author_id,conversation_id,created_at,id,in_reply_to_user_id,public_metrics,text&expansions=author_id&user.fields=id,name,username,created_at&next_token=b26v89c19zqg8o3fpe47namh67awqmi807egus3faxv25
[2022-01-31 17:26:10,477] {twitter_hook.py:36} INFO - URL: https://api.twitter.com/2/tweets/search/recent?query=AluraOnline&tweet.fields=author_id,conversation_id,created_at,id,in_reply_to_user_id,public_metrics,text&expansions=author_id&user.fields=id,name,username,created_at&next_token=b26v89c19zqg8o3fpe47nakocn36cedp5lfa2gdfoatfh
[2022-01-31 17:26:10,763] {twitter_hook.py:36} INFO - URL: https://api.twitter.com/2/tweets/search/recent?query=AluraOnline&tweet.fields=author_id,conversation_id,created_at,id,in_reply_to_user_id,public_metrics,text&expansions=author_id&user.fields=id,name,username,created_at&next_token=b26v89c19zqg8o3fpe47n6b8fla1ptvifmbq4tw6gjr7h
[2022-01-31 17:26:11,047] {twitter_hook.py:36} INFO - URL: https://api.twitter.com/2/tweets/search/recent?query=AluraOnline&tweet.fields=author_id,conversation_id,created_at,id,in_reply_to_user_id,public_metrics,text&expansions=author_id&user.fields=id,name,username,created_at&next_token=b26v89c19zqg8o3fpe47n48wk6z0xf4dcdypot6peqbul
[2022-01-31 17:26:11,359] {twitter_hook.py:36} INFO - URL: https://api.twitter.com/2/tweets/search/recent?query=AluraOnline&tweet.fields=author_id,conversation_id,created_at,id,in_reply_to_user_id,public_metrics,text&expansions=author_id&user.fields=id,name,username,created_at&next_token=b26v89c19zqg8o3fpe47n48lq8c3tosuiar9erjdh7csd
[2022-01-31 17:26:11,611] {twitter_hook.py:36} INFO - URL: https://api.twitter.com/2/tweets/search/recent?query=AluraOnline&tweet.fields=author_id,conversation_id,created_at,id,in_reply_to_user_id,public_metrics,text&expansions=author_id&user.fields=id,name,username,created_at&next_token=b26v89c19zqg8o3fpe47n47p2cpba5j0fu7r9ukvf1nct
[2022-01-31 17:26:11,868] {twitter_hook.py:36} INFO - URL: https://api.twitter.com/2/tweets/search/recent?query=AluraOnline&tweet.fields=author_id,conversation_id,created_at,id,in_reply_to_user_id,public_metrics,text&expansions=author_id&user.fields=id,name,username,created_at&next_token=b26v89c19zqg8o3fpe47n46swnh8kegd7g4y7sjq1yq9p
[2022-01-31 17:26:12,146] {twitter_hook.py:36} INFO - URL: https://api.twitter.com/2/tweets/search/recent?query=AluraOnline&tweet.fields=author_id,conversation_id,created_at,id,in_reply_to_user_id,public_metrics,text&expansions=author_id&user.fields=id,name,username,created_at&next_token=b26v89c19zqg8o3fpe47n46i483ppp0l9lq2z8ifhaxdp
[2022-01-31 17:26:12,518] {twitter_hook.py:36} INFO - URL: https://api.twitter.com/2/tweets/search/recent?query=AluraOnline&tweet.fields=author_id,conversation_id,created_at,id,in_reply_to_user_id,public_metrics,text&expansions=author_id&user.fields=id,name,username,created_at&next_token=b26v89c19zqg8o3fpe47n2468r0ydkq3zer3bcfvohbb1
[2022-01-31 17:26:12,756] {twitter_hook.py:36} INFO - URL: https://api.twitter.com/2/tweets/search/recent?query=AluraOnline&tweet.fields=author_id,conversation_id,created_at,id,in_reply_to_user_id,public_metrics,text&expansions=author_id&user.fields=id,name,username,created_at&next_token=b26v89c19zqg8o3fpe47n23vdb9bya1ayd9zg7dmxhyf1
[2022-01-31 17:26:13,127] {twitter_hook.py:36} INFO - URL: https://api.twitter.com/2/tweets/search/recent?query=AluraOnline&tweet.fields=author_id,conversation_id,created_at,id,in_reply_to_user_id,public_metrics,text&expansions=author_id&user.fields=id,name,username,created_at&next_token=b26v89c19zqg8o3fpe47n22zao4qvcah3rx3js3ol67i5
[2022-01-31 17:26:13,370] {twitter_hook.py:36} INFO - URL: https://api.twitter.com/2/tweets/search/recent?query=AluraOnline&tweet.fields=author_id,conversation_id,created_at,id,in_reply_to_user_id,public_metrics,text&expansions=author_id&user.fields=id,name,username,created_at&next_token=b26v89c19zqg8o3fpe47n222l8lq1y4h82easyfcxhb3x
[2022-01-31 17:26:13,685] {twitter_hook.py:36} INFO - URL: https://api.twitter.com/2/tweets/search/recent?query=AluraOnline&tweet.fields=author_id,conversation_id,created_at,id,in_reply_to_user_id,public_metrics,text&expansions=author_id&user.fields=id,name,username,created_at&next_token=b26v89c19zqg8o3fpe47mzx1wjpyl5ebazhgigwycnptp
[2022-01-31 17:26:13,937] {twitter_hook.py:36} INFO - URL: https://api.twitter.com/2/tweets/search/recent?query=AluraOnline&tweet.fields=author_id,conversation_id,created_at,id,in_reply_to_user_id,public_metrics,text&expansions=author_id&user.fields=id,name,username,created_at&next_token=b26v89c19zqg8o3fpe47mxttnvpzwvtftfkbvxyq0qx6l
[2022-01-31 17:26:14,238] {twitter_hook.py:36} INFO - URL: https://api.twitter.com/2/tweets/search/recent?query=AluraOnline&tweet.fields=author_id,conversation_id,created_at,id,in_reply_to_user_id,public_metrics,text&expansions=author_id&user.fields=id,name,username,created_at&next_token=b26v89c19zqg8o3fpe47mxt81hpisofmz2difrx8gmr25
[2022-01-31 17:26:14,516] {twitter_hook.py:36} INFO - URL: https://api.twitter.com/2/tweets/search/recent?query=AluraOnline&tweet.fields=author_id,conversation_id,created_at,id,in_reply_to_user_id,public_metrics,text&expansions=author_id&user.fields=id,name,username,created_at&next_token=b26v89c19zqg8o3fpe47mvpp0cu0yncscrafz8hk16lq5
[2022-01-31 17:26:14,776] {twitter_hook.py:36} INFO - URL: https://api.twitter.com/2/tweets/search/recent?query=AluraOnline&tweet.fields=author_id,conversation_id,created_at,id,in_reply_to_user_id,public_metrics,text&expansions=author_id&user.fields=id,name,username,created_at&next_token=b26v89c19zqg8o3fpe47mvoi28nvnv13adn04ocshrvjx
[2022-01-31 17:26:15,054] {twitter_hook.py:36} INFO - URL: https://api.twitter.com/2/tweets/search/recent?query=AluraOnline&tweet.fields=author_id,conversation_id,created_at,id,in_reply_to_user_id,public_metrics,text&expansions=author_id&user.fields=id,name,username,created_at&next_token=b26v89c19zqg8o3fpe4789aajtprj8sh7emdqjtvkecfx
[2022-01-31 17:26:15,326] {twitter_hook.py:36} INFO - URL: https://api.twitter.com/2/tweets/search/recent?query=AluraOnline&tweet.fields=author_id,conversation_id,created_at,id,in_reply_to_user_id,public_metrics,text&expansions=author_id&user.fields=id,name,username,created_at&next_token=b26v89c19zqg8o3fpe47899osxjh1sn3m8xae0zhhra0t
[2022-01-31 17:26:15,629] {twitter_hook.py:36} INFO - URL: https://api.twitter.com/2/tweets/search/recent?query=AluraOnline&tweet.fields=author_id,conversation_id,created_at,id,in_reply_to_user_id,public_metrics,text&expansions=author_id&user.fields=id,name,username,created_at&next_token=b26v89c19zqg8o3fpe47874czpdez1y9368z965yoztrx
[2022-01-31 17:26:15,902] {twitter_hook.py:36} INFO - URL: https://api.twitter.com/2/tweets/search/recent?query=AluraOnline&tweet.fields=author_id,conversation_id,created_at,id,in_reply_to_user_id,public_metrics,text&expansions=author_id&user.fields=id,name,username,created_at&next_token=b26v89c19zqg8o3fpe478514u0owm8q40xcaiek83agzh
[2022-01-31 17:26:16,176] {twitter_hook.py:36} INFO - URL: https://api.twitter.com/2/tweets/search/recent?query=AluraOnline&tweet.fields=author_id,conversation_id,created_at,id,in_reply_to_user_id,public_metrics,text&expansions=author_id&user.fields=id,name,username,created_at&next_token=b26v89c19zqg8o3fpe47850j7nbfzvoikherhrfzm1s3h
[2022-01-31 17:26:16,445] {twitter_hook.py:36} INFO - URL: https://api.twitter.com/2/tweets/search/recent?query=AluraOnline&tweet.fields=author_id,conversation_id,created_at,id,in_reply_to_user_id,public_metrics,text&expansions=author_id&user.fields=id,name,username,created_at&next_token=b26v89c19zqg8o3fpe4784zn3gxgnwzn78hlmost3l1ml
[2022-01-31 17:26:16,713] {twitter_hook.py:36} INFO - URL: https://api.twitter.com/2/tweets/search/recent?query=AluraOnline&tweet.fields=author_id,conversation_id,created_at,id,in_reply_to_user_id,public_metrics,text&expansions=author_id&user.fields=id,name,username,created_at&next_token=b26v89c19zqg8o3fpe4784z1h472quheyixhuv41v73i5
[2022-01-31 17:26:16,952] {taskinstance.py:1219} INFO - Marking task as SUCCESS. dag_id=twitter_dag, task_id=twitter_aluraonline, execution_date=20220131T202553, start_date=20220131T202603, end_date=20220131T202616
[2022-01-31 17:26:17,008] {local_task_job.py:151} INFO - Task exited with return code 0
[2022-01-31 17:26:17,024] {local_task_job.py:261} INFO - 0 downstream tasks scheduled from follow-on schedule check
