[2022-01-31 18:02:58,870] {taskinstance.py:903} INFO - Dependencies all met for <TaskInstance: twitter_dag.twitter_aluraonline 2022-01-27T09:00:00+00:00 [queued]>
[2022-01-31 18:02:58,883] {taskinstance.py:903} INFO - Dependencies all met for <TaskInstance: twitter_dag.twitter_aluraonline 2022-01-27T09:00:00+00:00 [queued]>
[2022-01-31 18:02:58,883] {taskinstance.py:1095} INFO - 
--------------------------------------------------------------------------------
[2022-01-31 18:02:58,883] {taskinstance.py:1096} INFO - Starting attempt 1 of 1
[2022-01-31 18:02:58,883] {taskinstance.py:1097} INFO - 
--------------------------------------------------------------------------------
[2022-01-31 18:02:58,891] {taskinstance.py:1115} INFO - Executing <Task(TwitterOperator): twitter_aluraonline> on 2022-01-27T09:00:00+00:00
[2022-01-31 18:02:58,897] {standard_task_runner.py:52} INFO - Started process 85151 to run task
[2022-01-31 18:02:58,907] {standard_task_runner.py:76} INFO - Running: ['airflow', 'tasks', 'run', 'twitter_dag', 'twitter_aluraonline', '2022-01-27T09:00:00+00:00', '--job-id', '25', '--pool', 'default_pool', '--raw', '--subdir', 'DAGS_FOLDER/twitter_dag.py', '--cfg-path', '/var/folders/k6/528t8tnx5llf4w8y5xx1rrm80000gn/T/tmpwa9hccyk', '--error-file', '/var/folders/k6/528t8tnx5llf4w8y5xx1rrm80000gn/T/tmp45tcyx4k']
[2022-01-31 18:02:58,909] {standard_task_runner.py:77} INFO - Job 25: Subtask twitter_aluraonline
[2022-01-31 18:02:58,965] {logging_mixin.py:109} INFO - Running <TaskInstance: twitter_dag.twitter_aluraonline 2022-01-27T09:00:00+00:00 [running]> on host macbook-air-de-rafael.local
[2022-01-31 18:02:59,019] {taskinstance.py:1254} INFO - Exporting the following env vars:
AIRFLOW_CTX_DAG_OWNER=airflow
AIRFLOW_CTX_DAG_ID=twitter_dag
AIRFLOW_CTX_TASK_ID=twitter_aluraonline
AIRFLOW_CTX_EXECUTION_DATE=2022-01-27T09:00:00+00:00
AIRFLOW_CTX_DAG_RUN_ID=scheduled__2022-01-27T09:00:00+00:00
[2022-01-31 18:02:59,030] {base.py:79} INFO - Using connection to: id: twitter_default. Host: https://api.twitter.com, Port: None, Schema: , Login: , Password: None, extra: {'Authorization': '***'}
[2022-01-31 18:02:59,034] {twitter_hook.py:36} INFO - URL: https://api.twitter.com/2/tweets/search/recent?query=AluraOnline&tweet.fields=author_id,conversation_id,created_at,id,in_reply_to_user_id,public_metrics,text&expansions=author_id&user.fields=id,name,username,created_at&start_time=2022-01-27T09:00:00.00Z&end_time=2022-01-28T09:00:00.00Z
[2022-01-31 18:02:59,560] {twitter_hook.py:36} INFO - URL: https://api.twitter.com/2/tweets/search/recent?query=AluraOnline&tweet.fields=author_id,conversation_id,created_at,id,in_reply_to_user_id,public_metrics,text&expansions=author_id&user.fields=id,name,username,created_at&start_time=2022-01-27T09:00:00.00Z&end_time=2022-01-28T09:00:00.00Z&next_token=b26v89c19zqg8o3fpe47ncr7g476azg2u00dl0izoq3jx
[2022-01-31 18:02:59,865] {twitter_hook.py:36} INFO - URL: https://api.twitter.com/2/tweets/search/recent?query=AluraOnline&tweet.fields=author_id,conversation_id,created_at,id,in_reply_to_user_id,public_metrics,text&expansions=author_id&user.fields=id,name,username,created_at&start_time=2022-01-27T09:00:00.00Z&end_time=2022-01-28T09:00:00.00Z&next_token=b26v89c19zqg8o3fpe47ncqb4coycfo1fhq8j0p88vlh9
[2022-01-31 18:03:00,304] {twitter_hook.py:36} INFO - URL: https://api.twitter.com/2/tweets/search/recent?query=AluraOnline&tweet.fields=author_id,conversation_id,created_at,id,in_reply_to_user_id,public_metrics,text&expansions=author_id&user.fields=id,name,username,created_at&start_time=2022-01-27T09:00:00.00Z&end_time=2022-01-28T09:00:00.00Z&next_token=b26v89c19zqg8o3fpe47ncq0aep2ta8nt6xsnnufofb0d
[2022-01-31 18:03:00,560] {twitter_hook.py:36} INFO - URL: https://api.twitter.com/2/tweets/search/recent?query=AluraOnline&tweet.fields=author_id,conversation_id,created_at,id,in_reply_to_user_id,public_metrics,text&expansions=author_id&user.fields=id,name,username,created_at&start_time=2022-01-27T09:00:00.00Z&end_time=2022-01-28T09:00:00.00Z&next_token=b26v89c19zqg8o3fpe47nan2slj4icks4o7wyz02kkha5
[2022-01-31 18:03:00,828] {twitter_hook.py:36} INFO - URL: https://api.twitter.com/2/tweets/search/recent?query=AluraOnline&tweet.fields=author_id,conversation_id,created_at,id,in_reply_to_user_id,public_metrics,text&expansions=author_id&user.fields=id,name,username,created_at&start_time=2022-01-27T09:00:00.00Z&end_time=2022-01-28T09:00:00.00Z&next_token=b26v89c19zqg8o3fpe47nams1o4vmycuc6bcwlt675g8t
[2022-01-31 18:03:01,111] {twitter_hook.py:36} INFO - URL: https://api.twitter.com/2/tweets/search/recent?query=AluraOnline&tweet.fields=author_id,conversation_id,created_at,id,in_reply_to_user_id,public_metrics,text&expansions=author_id&user.fields=id,name,username,created_at&start_time=2022-01-27T09:00:00.00Z&end_time=2022-01-28T09:00:00.00Z&next_token=b26v89c19zqg8o3fpe47namh67iohmyoo81787rbwgarh
[2022-01-31 18:03:01,388] {twitter_hook.py:36} INFO - URL: https://api.twitter.com/2/tweets/search/recent?query=AluraOnline&tweet.fields=author_id,conversation_id,created_at,id,in_reply_to_user_id,public_metrics,text&expansions=author_id&user.fields=id,name,username,created_at&start_time=2022-01-27T09:00:00.00Z&end_time=2022-01-28T09:00:00.00Z&next_token=b26v89c19zqg8o3fpe47nakzcmxnnolm4xsqm6o4eceil
[2022-01-31 18:03:01,632] {taskinstance.py:1219} INFO - Marking task as SUCCESS. dag_id=twitter_dag, task_id=twitter_aluraonline, execution_date=20220127T090000, start_date=20220131T210258, end_date=20220131T210301
[2022-01-31 18:03:01,659] {local_task_job.py:151} INFO - Task exited with return code 0
[2022-01-31 18:03:01,695] {local_task_job.py:261} INFO - 1 downstream tasks scheduled from follow-on schedule check
[2022-02-02 10:55:50,019] {taskinstance.py:903} INFO - Dependencies all met for <TaskInstance: twitter_dag.twitter_aluraonline 2022-01-27T09:00:00+00:00 [queued]>
[2022-02-02 10:55:50,028] {taskinstance.py:903} INFO - Dependencies all met for <TaskInstance: twitter_dag.twitter_aluraonline 2022-01-27T09:00:00+00:00 [queued]>
[2022-02-02 10:55:50,028] {taskinstance.py:1095} INFO - 
--------------------------------------------------------------------------------
[2022-02-02 10:55:50,028] {taskinstance.py:1096} INFO - Starting attempt 1 of 1
[2022-02-02 10:55:50,028] {taskinstance.py:1097} INFO - 
--------------------------------------------------------------------------------
[2022-02-02 10:55:50,038] {taskinstance.py:1115} INFO - Executing <Task(TwitterOperator): twitter_aluraonline> on 2022-01-27T09:00:00+00:00
[2022-02-02 10:55:50,041] {standard_task_runner.py:52} INFO - Started process 19684 to run task
[2022-02-02 10:55:50,050] {standard_task_runner.py:76} INFO - Running: ['airflow', 'tasks', 'run', 'twitter_dag', 'twitter_aluraonline', '2022-01-27T09:00:00+00:00', '--job-id', '2', '--pool', 'default_pool', '--raw', '--subdir', 'DAGS_FOLDER/twitter_dag.py', '--cfg-path', '/var/folders/k6/528t8tnx5llf4w8y5xx1rrm80000gn/T/tmpretbr4ro', '--error-file', '/var/folders/k6/528t8tnx5llf4w8y5xx1rrm80000gn/T/tmpp2qk_498']
[2022-02-02 10:55:50,052] {standard_task_runner.py:77} INFO - Job 2: Subtask twitter_aluraonline
[2022-02-02 10:55:50,096] {logging_mixin.py:109} INFO - Running <TaskInstance: twitter_dag.twitter_aluraonline 2022-01-27T09:00:00+00:00 [running]> on host 1.0.0.127.in-addr.arpa
[2022-02-02 10:55:50,155] {taskinstance.py:1254} INFO - Exporting the following env vars:
AIRFLOW_CTX_DAG_OWNER=airflow
AIRFLOW_CTX_DAG_ID=twitter_dag
AIRFLOW_CTX_TASK_ID=twitter_aluraonline
AIRFLOW_CTX_EXECUTION_DATE=2022-01-27T09:00:00+00:00
AIRFLOW_CTX_DAG_RUN_ID=scheduled__2022-01-27T09:00:00+00:00
[2022-02-02 10:55:50,169] {taskinstance.py:1463} ERROR - Task failed with exception
Traceback (most recent call last):
  File "/Users/bezerraescossia/Github/studies/twitter-project/.venv/lib/python3.7/site-packages/airflow/models/taskinstance.py", line 1165, in _run_raw_task
    self._prepare_and_execute_task_with_callbacks(context, task)
  File "/Users/bezerraescossia/Github/studies/twitter-project/.venv/lib/python3.7/site-packages/airflow/models/taskinstance.py", line 1283, in _prepare_and_execute_task_with_callbacks
    result = self._execute_task(context, task_copy)
  File "/Users/bezerraescossia/Github/studies/twitter-project/.venv/lib/python3.7/site-packages/airflow/models/taskinstance.py", line 1313, in _execute_task
    result = task_copy.execute(context=context)
  File "/Users/bezerraescossia/Github/studies/twitter-project/airflow/plugins/operators/twitter_operator.py", line 49, in execute
    for pg in hook.run():
  File "/Users/bezerraescossia/Github/studies/twitter-project/airflow/plugins/hooks/twitter_hook.py", line 52, in run
    session = self.get_conn()
  File "/Users/bezerraescossia/Github/studies/twitter-project/.venv/lib/python3.7/site-packages/airflow/providers/http/hooks/http.py", line 72, in get_conn
    conn = self.get_connection(self.http_conn_id)
  File "/Users/bezerraescossia/Github/studies/twitter-project/.venv/lib/python3.7/site-packages/airflow/hooks/base.py", line 68, in get_connection
    conn = Connection.get_connection_from_secrets(conn_id)
  File "/Users/bezerraescossia/Github/studies/twitter-project/.venv/lib/python3.7/site-packages/airflow/models/connection.py", line 379, in get_connection_from_secrets
    raise AirflowNotFoundException(f"The conn_id `{conn_id}` isn't defined")
airflow.exceptions.AirflowNotFoundException: The conn_id `twitter_default` isn't defined
[2022-02-02 10:55:50,182] {taskinstance.py:1513} INFO - Marking task as FAILED. dag_id=twitter_dag, task_id=twitter_aluraonline, execution_date=20220127T090000, start_date=20220202T135550, end_date=20220202T135550
[2022-02-02 10:55:50,234] {local_task_job.py:151} INFO - Task exited with return code 1
[2022-02-02 10:55:50,270] {local_task_job.py:261} INFO - 0 downstream tasks scheduled from follow-on schedule check
[2022-02-02 11:20:23,679] {taskinstance.py:903} INFO - Dependencies all met for <TaskInstance: twitter_dag.twitter_aluraonline 2022-01-27T09:00:00+00:00 [queued]>
[2022-02-02 11:20:23,689] {taskinstance.py:903} INFO - Dependencies all met for <TaskInstance: twitter_dag.twitter_aluraonline 2022-01-27T09:00:00+00:00 [queued]>
[2022-02-02 11:20:23,689] {taskinstance.py:1095} INFO - 
--------------------------------------------------------------------------------
[2022-02-02 11:20:23,689] {taskinstance.py:1096} INFO - Starting attempt 1 of 1
[2022-02-02 11:20:23,689] {taskinstance.py:1097} INFO - 
--------------------------------------------------------------------------------
[2022-02-02 11:20:23,699] {taskinstance.py:1115} INFO - Executing <Task(TwitterOperator): twitter_aluraonline> on 2022-01-27T09:00:00+00:00
[2022-02-02 11:20:23,704] {standard_task_runner.py:52} INFO - Started process 21840 to run task
[2022-02-02 11:20:23,719] {standard_task_runner.py:76} INFO - Running: ['airflow', 'tasks', 'run', 'twitter_dag', 'twitter_aluraonline', '2022-01-27T09:00:00+00:00', '--job-id', '2', '--pool', 'default_pool', '--raw', '--subdir', 'DAGS_FOLDER/twitter_dag.py', '--cfg-path', '/var/folders/k6/528t8tnx5llf4w8y5xx1rrm80000gn/T/tmpbikdisq4', '--error-file', '/var/folders/k6/528t8tnx5llf4w8y5xx1rrm80000gn/T/tmpm1qb9ivn']
[2022-02-02 11:20:23,722] {standard_task_runner.py:77} INFO - Job 2: Subtask twitter_aluraonline
[2022-02-02 11:20:23,777] {logging_mixin.py:109} INFO - Running <TaskInstance: twitter_dag.twitter_aluraonline 2022-01-27T09:00:00+00:00 [running]> on host 1.0.0.127.in-addr.arpa
[2022-02-02 11:20:23,836] {taskinstance.py:1254} INFO - Exporting the following env vars:
AIRFLOW_CTX_DAG_OWNER=airflow
AIRFLOW_CTX_DAG_ID=twitter_dag
AIRFLOW_CTX_TASK_ID=twitter_aluraonline
AIRFLOW_CTX_EXECUTION_DATE=2022-01-27T09:00:00+00:00
AIRFLOW_CTX_DAG_RUN_ID=scheduled__2022-01-27T09:00:00+00:00
[2022-02-02 11:20:23,849] {base.py:79} INFO - Using connection to: id: twitter_default. Host: https://api.twitter.com, Port: None, Schema: , Login: , Password: None, extra: {'Authorization': '***'}
[2022-02-02 11:20:23,851] {twitter_hook.py:36} INFO - URL: https://api.twitter.com/2/tweets/search/recent?query=AluraOnline&tweet.fields=author_id,conversation_id,created_at,id,in_reply_to_user_id,public_metrics,text&expansions=author_id&user.fields=id,name,username,created_at&start_time=2022-01-27T09:00:00.00Z&end_time=2022-01-28T09:00:00.00Z
[2022-02-02 11:20:24,381] {twitter_hook.py:36} INFO - URL: https://api.twitter.com/2/tweets/search/recent?query=AluraOnline&tweet.fields=author_id,conversation_id,created_at,id,in_reply_to_user_id,public_metrics,text&expansions=author_id&user.fields=id,name,username,created_at&start_time=2022-01-27T09:00:00.00Z&end_time=2022-01-28T09:00:00.00Z&next_token=b26v89c19zqg8o3fpe47ncr7g476azg2u00dl0izoq3jx
[2022-02-02 11:20:24,659] {twitter_hook.py:36} INFO - URL: https://api.twitter.com/2/tweets/search/recent?query=AluraOnline&tweet.fields=author_id,conversation_id,created_at,id,in_reply_to_user_id,public_metrics,text&expansions=author_id&user.fields=id,name,username,created_at&start_time=2022-01-27T09:00:00.00Z&end_time=2022-01-28T09:00:00.00Z&next_token=b26v89c19zqg8o3fpe47ncqb4coycfo1fhq8j0p88vlh9
[2022-02-02 11:20:24,950] {twitter_hook.py:36} INFO - URL: https://api.twitter.com/2/tweets/search/recent?query=AluraOnline&tweet.fields=author_id,conversation_id,created_at,id,in_reply_to_user_id,public_metrics,text&expansions=author_id&user.fields=id,name,username,created_at&start_time=2022-01-27T09:00:00.00Z&end_time=2022-01-28T09:00:00.00Z&next_token=b26v89c19zqg8o3fpe47ncq0aep2ta8nt6xsnnufofb0d
[2022-02-02 11:20:25,220] {twitter_hook.py:36} INFO - URL: https://api.twitter.com/2/tweets/search/recent?query=AluraOnline&tweet.fields=author_id,conversation_id,created_at,id,in_reply_to_user_id,public_metrics,text&expansions=author_id&user.fields=id,name,username,created_at&start_time=2022-01-27T09:00:00.00Z&end_time=2022-01-28T09:00:00.00Z&next_token=b26v89c19zqg8o3fpe47nan2slj4icks4o7wyz02kkha5
[2022-02-02 11:20:25,904] {twitter_hook.py:36} INFO - URL: https://api.twitter.com/2/tweets/search/recent?query=AluraOnline&tweet.fields=author_id,conversation_id,created_at,id,in_reply_to_user_id,public_metrics,text&expansions=author_id&user.fields=id,name,username,created_at&start_time=2022-01-27T09:00:00.00Z&end_time=2022-01-28T09:00:00.00Z&next_token=b26v89c19zqg8o3fpe47nams1o4vmycuc6bcwlt675g8t
[2022-02-02 11:20:26,154] {twitter_hook.py:36} INFO - URL: https://api.twitter.com/2/tweets/search/recent?query=AluraOnline&tweet.fields=author_id,conversation_id,created_at,id,in_reply_to_user_id,public_metrics,text&expansions=author_id&user.fields=id,name,username,created_at&start_time=2022-01-27T09:00:00.00Z&end_time=2022-01-28T09:00:00.00Z&next_token=b26v89c19zqg8o3fpe47namh67iohmyoo81787rbwgarh
[2022-02-02 11:20:26,392] {twitter_hook.py:36} INFO - URL: https://api.twitter.com/2/tweets/search/recent?query=AluraOnline&tweet.fields=author_id,conversation_id,created_at,id,in_reply_to_user_id,public_metrics,text&expansions=author_id&user.fields=id,name,username,created_at&start_time=2022-01-27T09:00:00.00Z&end_time=2022-01-28T09:00:00.00Z&next_token=b26v89c19zqg8o3fpe47nakzcmxnnolm4xsqm6o4eceil
[2022-02-02 11:20:26,680] {taskinstance.py:1219} INFO - Marking task as SUCCESS. dag_id=twitter_dag, task_id=twitter_aluraonline, execution_date=20220127T090000, start_date=20220202T142023, end_date=20220202T142026
[2022-02-02 11:20:26,709] {local_task_job.py:151} INFO - Task exited with return code 0
[2022-02-02 11:20:26,733] {local_task_job.py:261} INFO - 1 downstream tasks scheduled from follow-on schedule check
