[2022-01-31 18:03:05,063] {taskinstance.py:903} INFO - Dependencies all met for <TaskInstance: twitter_dag.transform_twitter_alura_online 2022-01-27T09:00:00+00:00 [queued]>
[2022-01-31 18:03:05,086] {taskinstance.py:903} INFO - Dependencies all met for <TaskInstance: twitter_dag.transform_twitter_alura_online 2022-01-27T09:00:00+00:00 [queued]>
[2022-01-31 18:03:05,087] {taskinstance.py:1095} INFO - 
--------------------------------------------------------------------------------
[2022-01-31 18:03:05,088] {taskinstance.py:1096} INFO - Starting attempt 1 of 1
[2022-01-31 18:03:05,088] {taskinstance.py:1097} INFO - 
--------------------------------------------------------------------------------
[2022-01-31 18:03:05,107] {taskinstance.py:1115} INFO - Executing <Task(SparkSubmitOperator): transform_twitter_alura_online> on 2022-01-27T09:00:00+00:00
[2022-01-31 18:03:05,112] {standard_task_runner.py:52} INFO - Started process 85160 to run task
[2022-01-31 18:03:05,132] {standard_task_runner.py:76} INFO - Running: ['airflow', 'tasks', 'run', 'twitter_dag', 'transform_twitter_alura_online', '2022-01-27T09:00:00+00:00', '--job-id', '26', '--pool', 'default_pool', '--raw', '--subdir', 'DAGS_FOLDER/twitter_dag.py', '--cfg-path', '/var/folders/k6/528t8tnx5llf4w8y5xx1rrm80000gn/T/tmpe58wjkh7', '--error-file', '/var/folders/k6/528t8tnx5llf4w8y5xx1rrm80000gn/T/tmpdzroxd78']
[2022-01-31 18:03:05,134] {standard_task_runner.py:77} INFO - Job 26: Subtask transform_twitter_alura_online
[2022-01-31 18:03:05,205] {logging_mixin.py:109} INFO - Running <TaskInstance: twitter_dag.transform_twitter_alura_online 2022-01-27T09:00:00+00:00 [running]> on host macbook-air-de-rafael.local
[2022-01-31 18:03:05,332] {taskinstance.py:1254} INFO - Exporting the following env vars:
AIRFLOW_CTX_DAG_OWNER=airflow
AIRFLOW_CTX_DAG_ID=twitter_dag
AIRFLOW_CTX_TASK_ID=transform_twitter_alura_online
AIRFLOW_CTX_EXECUTION_DATE=2022-01-27T09:00:00+00:00
AIRFLOW_CTX_DAG_RUN_ID=scheduled__2022-01-27T09:00:00+00:00
[2022-01-31 18:03:05,340] {base.py:79} INFO - Using connection to: id: spark_default. Host: local, Port: None, Schema: , Login: , Password: None, extra: {'spark-home': '/Users/bezerraescossia/spark-3.2.0-bin-hadoop3.2'}
[2022-01-31 18:03:05,351] {spark_submit.py:360} INFO - Spark-Submit cmd: /Users/bezerraescossia/spark-3.2.0-bin-hadoop3.2/bin/spark-submit --master local --name twitter_transformation /Users/bezerraescossia/Github/studies/twitter-project/spark/transformation.py --src /Users/bezerraescossia/Github/studies/twitter-project/datalake/bronze/extract_date=2022-01-27 --dest /Users/bezerraescossia/Github/studies/twitter-project/datalake/silver --process-date 2022-01-27
[2022-01-31 18:03:09,879] {spark_submit.py:514} INFO - 22/01/31 18:03:09 WARN Utils: Your hostname, MacBook-Air-de-Rafael.local resolves to a loopback address: 127.0.0.1; using 192.168.0.44 instead (on interface en0)
[2022-01-31 18:03:09,881] {spark_submit.py:514} INFO - 22/01/31 18:03:09 WARN Utils: Set SPARK_LOCAL_IP if you need to bind to another address
[2022-01-31 18:03:13,744] {spark_submit.py:514} INFO - Using Spark's default log4j profile: org/apache/spark/log4j-defaults.properties
[2022-01-31 18:03:13,762] {spark_submit.py:514} INFO - 22/01/31 18:03:13 INFO SparkContext: Running Spark version 3.2.0
[2022-01-31 18:03:14,059] {spark_submit.py:514} INFO - 22/01/31 18:03:14 WARN NativeCodeLoader: Unable to load native-hadoop library for your platform... using builtin-java classes where applicable
[2022-01-31 18:03:14,276] {spark_submit.py:514} INFO - 22/01/31 18:03:14 INFO ResourceUtils: ==============================================================
[2022-01-31 18:03:14,277] {spark_submit.py:514} INFO - 22/01/31 18:03:14 INFO ResourceUtils: No custom resources configured for spark.driver.
[2022-01-31 18:03:14,278] {spark_submit.py:514} INFO - 22/01/31 18:03:14 INFO ResourceUtils: ==============================================================
[2022-01-31 18:03:14,278] {spark_submit.py:514} INFO - 22/01/31 18:03:14 INFO SparkContext: Submitted application: twitter_transformation
[2022-01-31 18:03:14,329] {spark_submit.py:514} INFO - 22/01/31 18:03:14 INFO ResourceProfile: Default ResourceProfile created, executor resources: Map(cores -> name: cores, amount: 1, script: , vendor: , memory -> name: memory, amount: 1024, script: , vendor: , offHeap -> name: offHeap, amount: 0, script: , vendor: ), task resources: Map(cpus -> name: cpus, amount: 1.0)
[2022-01-31 18:03:14,380] {spark_submit.py:514} INFO - 22/01/31 18:03:14 INFO ResourceProfile: Limiting resource is cpu
[2022-01-31 18:03:14,382] {spark_submit.py:514} INFO - 22/01/31 18:03:14 INFO ResourceProfileManager: Added ResourceProfile id: 0
[2022-01-31 18:03:14,535] {spark_submit.py:514} INFO - 22/01/31 18:03:14 INFO SecurityManager: Changing view acls to: bezerraescossia
[2022-01-31 18:03:14,537] {spark_submit.py:514} INFO - 22/01/31 18:03:14 INFO SecurityManager: Changing modify acls to: bezerraescossia
[2022-01-31 18:03:14,539] {spark_submit.py:514} INFO - 22/01/31 18:03:14 INFO SecurityManager: Changing view acls groups to:
[2022-01-31 18:03:14,540] {spark_submit.py:514} INFO - 22/01/31 18:03:14 INFO SecurityManager: Changing modify acls groups to:
[2022-01-31 18:03:14,541] {spark_submit.py:514} INFO - 22/01/31 18:03:14 INFO SecurityManager: SecurityManager: authentication disabled; ui acls disabled; users  with view permissions: Set(bezerraescossia); groups with view permissions: Set(); users  with modify permissions: Set(bezerraescossia); groups with modify permissions: Set()
[2022-01-31 18:03:16,737] {spark_submit.py:514} INFO - 22/01/31 18:03:16 INFO Utils: Successfully started service 'sparkDriver' on port 56832.
[2022-01-31 18:03:16,881] {spark_submit.py:514} INFO - 22/01/31 18:03:16 INFO SparkEnv: Registering MapOutputTracker
[2022-01-31 18:03:16,984] {spark_submit.py:514} INFO - 22/01/31 18:03:16 INFO SparkEnv: Registering BlockManagerMaster
[2022-01-31 18:03:17,039] {spark_submit.py:514} INFO - 22/01/31 18:03:17 INFO BlockManagerMasterEndpoint: Using org.apache.spark.storage.DefaultTopologyMapper for getting topology information
[2022-01-31 18:03:17,040] {spark_submit.py:514} INFO - 22/01/31 18:03:17 INFO BlockManagerMasterEndpoint: BlockManagerMasterEndpoint up
[2022-01-31 18:03:17,054] {spark_submit.py:514} INFO - 22/01/31 18:03:17 INFO SparkEnv: Registering BlockManagerMasterHeartbeat
[2022-01-31 18:03:17,253] {spark_submit.py:514} INFO - 22/01/31 18:03:17 INFO DiskBlockManager: Created local directory at /private/var/folders/k6/528t8tnx5llf4w8y5xx1rrm80000gn/T/blockmgr-8c8f2591-b9e6-4658-b6d8-d90bf0d0cd41
[2022-01-31 18:03:17,330] {spark_submit.py:514} INFO - 22/01/31 18:03:17 INFO MemoryStore: MemoryStore started with capacity 366.3 MiB
[2022-01-31 18:03:17,416] {spark_submit.py:514} INFO - 22/01/31 18:03:17 INFO SparkEnv: Registering OutputCommitCoordinator
[2022-01-31 18:03:17,937] {spark_submit.py:514} INFO - 22/01/31 18:03:17 INFO Utils: Successfully started service 'SparkUI' on port 4040.
[2022-01-31 18:03:18,088] {spark_submit.py:514} INFO - 22/01/31 18:03:18 INFO SparkUI: Bound SparkUI to 0.0.0.0, and started at http://192.168.0.44:4040
[2022-01-31 18:03:18,817] {spark_submit.py:514} INFO - 22/01/31 18:03:18 INFO Executor: Starting executor ID driver on host 192.168.0.44
[2022-01-31 18:03:19,086] {spark_submit.py:514} INFO - 22/01/31 18:03:19 INFO Utils: Successfully started service 'org.apache.spark.network.netty.NettyBlockTransferService' on port 56835.
[2022-01-31 18:03:19,086] {spark_submit.py:514} INFO - 22/01/31 18:03:19 INFO NettyBlockTransferService: Server created on 192.168.0.44:56835
[2022-01-31 18:03:19,089] {spark_submit.py:514} INFO - 22/01/31 18:03:19 INFO BlockManager: Using org.apache.spark.storage.RandomBlockReplicationPolicy for block replication policy
[2022-01-31 18:03:19,148] {spark_submit.py:514} INFO - 22/01/31 18:03:19 INFO BlockManagerMaster: Registering BlockManager BlockManagerId(driver, 192.168.0.44, 56835, None)
[2022-01-31 18:03:19,160] {spark_submit.py:514} INFO - 22/01/31 18:03:19 INFO BlockManagerMasterEndpoint: Registering block manager 192.168.0.44:56835 with 366.3 MiB RAM, BlockManagerId(driver, 192.168.0.44, 56835, None)
[2022-01-31 18:03:19,174] {spark_submit.py:514} INFO - 22/01/31 18:03:19 INFO BlockManagerMaster: Registered BlockManager BlockManagerId(driver, 192.168.0.44, 56835, None)
[2022-01-31 18:03:19,176] {spark_submit.py:514} INFO - 22/01/31 18:03:19 INFO BlockManager: Initialized BlockManager: BlockManagerId(driver, 192.168.0.44, 56835, None)
[2022-01-31 18:03:22,096] {spark_submit.py:514} INFO - 22/01/31 18:03:22 INFO SharedState: Setting hive.metastore.warehouse.dir ('null') to the value of spark.sql.warehouse.dir.
[2022-01-31 18:03:22,365] {spark_submit.py:514} INFO - 22/01/31 18:03:22 INFO SharedState: Warehouse path is 'file:/Users/bezerraescossia/Github/studies/twitter-project/spark-warehouse'.
[2022-01-31 18:03:27,086] {spark_submit.py:514} INFO - 22/01/31 18:03:27 INFO InMemoryFileIndex: It took 253 ms to list leaf files for 1 paths.
[2022-01-31 18:03:27,534] {spark_submit.py:514} INFO - 22/01/31 18:03:27 INFO InMemoryFileIndex: It took 5 ms to list leaf files for 1 paths.
[2022-01-31 18:03:38,514] {spark_submit.py:514} INFO - 22/01/31 18:03:38 INFO FileSourceStrategy: Pushed Filters:
[2022-01-31 18:03:38,518] {spark_submit.py:514} INFO - 22/01/31 18:03:38 INFO FileSourceStrategy: Post-Scan Filters:
[2022-01-31 18:03:38,523] {spark_submit.py:514} INFO - 22/01/31 18:03:38 INFO FileSourceStrategy: Output Data Schema: struct<value: string>
[2022-01-31 18:03:39,159] {spark_submit.py:514} INFO - 22/01/31 18:03:39 INFO MemoryStore: Block broadcast_0 stored as values in memory (estimated size 338.2 KiB, free 366.0 MiB)
[2022-01-31 18:03:39,468] {spark_submit.py:514} INFO - 22/01/31 18:03:39 INFO MemoryStore: Block broadcast_0_piece0 stored as bytes in memory (estimated size 32.5 KiB, free 365.9 MiB)
[2022-01-31 18:03:39,473] {spark_submit.py:514} INFO - 22/01/31 18:03:39 INFO BlockManagerInfo: Added broadcast_0_piece0 in memory on 192.168.0.44:56835 (size: 32.5 KiB, free: 366.3 MiB)
[2022-01-31 18:03:39,481] {spark_submit.py:514} INFO - 22/01/31 18:03:39 INFO SparkContext: Created broadcast 0 from json at NativeMethodAccessorImpl.java:0
[2022-01-31 18:03:39,497] {spark_submit.py:514} INFO - 22/01/31 18:03:39 INFO FileSourceScanExec: Planning scan with bin packing, max size: 4237464 bytes, open cost is considered as scanning 4194304 bytes.
[2022-01-31 18:03:39,961] {spark_submit.py:514} INFO - 22/01/31 18:03:39 INFO SparkContext: Starting job: json at NativeMethodAccessorImpl.java:0
[2022-01-31 18:03:40,001] {spark_submit.py:514} INFO - 22/01/31 18:03:40 INFO DAGScheduler: Got job 0 (json at NativeMethodAccessorImpl.java:0) with 1 output partitions
[2022-01-31 18:03:40,002] {spark_submit.py:514} INFO - 22/01/31 18:03:40 INFO DAGScheduler: Final stage: ResultStage 0 (json at NativeMethodAccessorImpl.java:0)
[2022-01-31 18:03:40,002] {spark_submit.py:514} INFO - 22/01/31 18:03:40 INFO DAGScheduler: Parents of final stage: List()
[2022-01-31 18:03:40,004] {spark_submit.py:514} INFO - 22/01/31 18:03:40 INFO DAGScheduler: Missing parents: List()
[2022-01-31 18:03:40,011] {spark_submit.py:514} INFO - 22/01/31 18:03:40 INFO DAGScheduler: Submitting ResultStage 0 (MapPartitionsRDD[3] at json at NativeMethodAccessorImpl.java:0), which has no missing parents
[2022-01-31 18:03:40,291] {spark_submit.py:514} INFO - 22/01/31 18:03:40 INFO MemoryStore: Block broadcast_1 stored as values in memory (estimated size 12.5 KiB, free 365.9 MiB)
[2022-01-31 18:03:40,304] {spark_submit.py:514} INFO - 22/01/31 18:03:40 INFO MemoryStore: Block broadcast_1_piece0 stored as bytes in memory (estimated size 6.5 KiB, free 365.9 MiB)
[2022-01-31 18:03:40,309] {spark_submit.py:514} INFO - 22/01/31 18:03:40 INFO BlockManagerInfo: Added broadcast_1_piece0 in memory on 192.168.0.44:56835 (size: 6.5 KiB, free: 366.3 MiB)
[2022-01-31 18:03:40,315] {spark_submit.py:514} INFO - 22/01/31 18:03:40 INFO SparkContext: Created broadcast 1 from broadcast at DAGScheduler.scala:1427
[2022-01-31 18:03:40,359] {spark_submit.py:514} INFO - 22/01/31 18:03:40 INFO DAGScheduler: Submitting 1 missing tasks from ResultStage 0 (MapPartitionsRDD[3] at json at NativeMethodAccessorImpl.java:0) (first 15 tasks are for partitions Vector(0))
[2022-01-31 18:03:40,361] {spark_submit.py:514} INFO - 22/01/31 18:03:40 INFO TaskSchedulerImpl: Adding task set 0.0 with 1 tasks resource profile 0
[2022-01-31 18:03:40,462] {spark_submit.py:514} INFO - 22/01/31 18:03:40 INFO TaskSetManager: Starting task 0.0 in stage 0.0 (TID 0) (192.168.0.44, executor driver, partition 0, PROCESS_LOCAL, 4951 bytes) taskResourceAssignments Map()
[2022-01-31 18:03:40,485] {spark_submit.py:514} INFO - 22/01/31 18:03:40 INFO Executor: Running task 0.0 in stage 0.0 (TID 0)
[2022-01-31 18:03:42,019] {spark_submit.py:514} INFO - 22/01/31 18:03:42 INFO FileScanRDD: Reading File path: file:///Users/bezerraescossia/Github/studies/twitter-project/datalake/bronze/extract_date=2022-01-27/AluraOnline_20220127.json, range: 0-43160, partition values: [empty row]
[2022-01-31 18:03:42,848] {spark_submit.py:514} INFO - 22/01/31 18:03:42 INFO CodeGenerator: Code generated in 713.864487 ms
[2022-01-31 18:03:42,998] {spark_submit.py:514} INFO - 22/01/31 18:03:42 INFO Executor: Finished task 0.0 in stage 0.0 (TID 0). 2858 bytes result sent to driver
[2022-01-31 18:03:43,017] {spark_submit.py:514} INFO - 22/01/31 18:03:43 INFO TaskSetManager: Finished task 0.0 in stage 0.0 (TID 0) in 2570 ms on 192.168.0.44 (executor driver) (1/1)
[2022-01-31 18:03:43,021] {spark_submit.py:514} INFO - 22/01/31 18:03:43 INFO TaskSchedulerImpl: Removed TaskSet 0.0, whose tasks have all completed, from pool
[2022-01-31 18:03:43,029] {spark_submit.py:514} INFO - 22/01/31 18:03:43 INFO DAGScheduler: ResultStage 0 (json at NativeMethodAccessorImpl.java:0) finished in 2,984 s
[2022-01-31 18:03:43,035] {spark_submit.py:514} INFO - 22/01/31 18:03:43 INFO DAGScheduler: Job 0 is finished. Cancelling potential speculative or zombie tasks for this job
[2022-01-31 18:03:43,036] {spark_submit.py:514} INFO - 22/01/31 18:03:43 INFO TaskSchedulerImpl: Killing all running tasks in stage 0: Stage finished
[2022-01-31 18:03:43,040] {spark_submit.py:514} INFO - 22/01/31 18:03:43 INFO DAGScheduler: Job 0 finished: json at NativeMethodAccessorImpl.java:0, took 3,077125 s
[2022-01-31 18:03:43,832] {spark_submit.py:514} INFO - 22/01/31 18:03:43 INFO FileSourceStrategy: Pushed Filters: IsNotNull(data)
[2022-01-31 18:03:43,835] {spark_submit.py:514} INFO - 22/01/31 18:03:43 INFO FileSourceStrategy: Post-Scan Filters: (size(data#7, true) > 0),isnotnull(data#7)
[2022-01-31 18:03:43,836] {spark_submit.py:514} INFO - 22/01/31 18:03:43 INFO FileSourceStrategy: Output Data Schema: struct<data: array<struct<author_id:string,conversation_id:string,created_at:string,id:string,in_reply_to_user_id:string,public_metrics:struct<like_count:bigint,quote_count:bigint,reply_count:bigint,retweet_count:bigint>,text:string>>>
[2022-01-31 18:03:43,947] {spark_submit.py:514} INFO - 22/01/31 18:03:43 INFO FileOutputCommitter: File Output Committer Algorithm version is 1
[2022-01-31 18:03:43,948] {spark_submit.py:514} INFO - 22/01/31 18:03:43 INFO FileOutputCommitter: FileOutputCommitter skip cleanup _temporary folders under output directory:false, ignore cleanup failures: false
[2022-01-31 18:03:43,949] {spark_submit.py:514} INFO - 22/01/31 18:03:43 INFO SQLHadoopMapReduceCommitProtocol: Using output committer class org.apache.hadoop.mapreduce.lib.output.FileOutputCommitter
[2022-01-31 18:03:44,320] {spark_submit.py:514} INFO - 22/01/31 18:03:44 INFO CodeGenerator: Code generated in 208.231956 ms
[2022-01-31 18:03:44,328] {spark_submit.py:514} INFO - 22/01/31 18:03:44 INFO MemoryStore: Block broadcast_2 stored as values in memory (estimated size 338.0 KiB, free 365.6 MiB)
[2022-01-31 18:03:44,398] {spark_submit.py:514} INFO - 22/01/31 18:03:44 INFO MemoryStore: Block broadcast_2_piece0 stored as bytes in memory (estimated size 32.5 KiB, free 365.6 MiB)
[2022-01-31 18:03:44,403] {spark_submit.py:514} INFO - 22/01/31 18:03:44 INFO BlockManagerInfo: Added broadcast_2_piece0 in memory on 192.168.0.44:56835 (size: 32.5 KiB, free: 366.2 MiB)
[2022-01-31 18:03:44,409] {spark_submit.py:514} INFO - 22/01/31 18:03:44 INFO SparkContext: Created broadcast 2 from json at NativeMethodAccessorImpl.java:0
[2022-01-31 18:03:44,412] {spark_submit.py:514} INFO - 22/01/31 18:03:44 INFO FileSourceScanExec: Planning scan with bin packing, max size: 4237464 bytes, open cost is considered as scanning 4194304 bytes.
[2022-01-31 18:03:44,924] {spark_submit.py:514} INFO - 22/01/31 18:03:44 INFO SparkContext: Starting job: json at NativeMethodAccessorImpl.java:0
[2022-01-31 18:03:44,927] {spark_submit.py:514} INFO - 22/01/31 18:03:44 INFO DAGScheduler: Got job 1 (json at NativeMethodAccessorImpl.java:0) with 1 output partitions
[2022-01-31 18:03:44,928] {spark_submit.py:514} INFO - 22/01/31 18:03:44 INFO DAGScheduler: Final stage: ResultStage 1 (json at NativeMethodAccessorImpl.java:0)
[2022-01-31 18:03:44,929] {spark_submit.py:514} INFO - 22/01/31 18:03:44 INFO DAGScheduler: Parents of final stage: List()
[2022-01-31 18:03:44,930] {spark_submit.py:514} INFO - 22/01/31 18:03:44 INFO DAGScheduler: Missing parents: List()
[2022-01-31 18:03:44,944] {spark_submit.py:514} INFO - 22/01/31 18:03:44 INFO DAGScheduler: Submitting ResultStage 1 (CoalescedRDD[7] at json at NativeMethodAccessorImpl.java:0), which has no missing parents
[2022-01-31 18:03:45,111] {spark_submit.py:514} INFO - 22/01/31 18:03:45 INFO MemoryStore: Block broadcast_3 stored as values in memory (estimated size 223.6 KiB, free 365.3 MiB)
[2022-01-31 18:03:45,121] {spark_submit.py:514} INFO - 22/01/31 18:03:45 INFO MemoryStore: Block broadcast_3_piece0 stored as bytes in memory (estimated size 76.9 KiB, free 365.3 MiB)
[2022-01-31 18:03:45,122] {spark_submit.py:514} INFO - 22/01/31 18:03:45 INFO BlockManagerInfo: Added broadcast_3_piece0 in memory on 192.168.0.44:56835 (size: 76.9 KiB, free: 366.2 MiB)
[2022-01-31 18:03:45,126] {spark_submit.py:514} INFO - 22/01/31 18:03:45 INFO SparkContext: Created broadcast 3 from broadcast at DAGScheduler.scala:1427
[2022-01-31 18:03:45,128] {spark_submit.py:514} INFO - 22/01/31 18:03:45 INFO DAGScheduler: Submitting 1 missing tasks from ResultStage 1 (CoalescedRDD[7] at json at NativeMethodAccessorImpl.java:0) (first 15 tasks are for partitions Vector(0))
[2022-01-31 18:03:45,129] {spark_submit.py:514} INFO - 22/01/31 18:03:45 INFO TaskSchedulerImpl: Adding task set 1.0 with 1 tasks resource profile 0
[2022-01-31 18:03:45,135] {spark_submit.py:514} INFO - 22/01/31 18:03:45 INFO TaskSetManager: Starting task 0.0 in stage 1.0 (TID 1) (192.168.0.44, executor driver, partition 0, PROCESS_LOCAL, 5180 bytes) taskResourceAssignments Map()
[2022-01-31 18:03:45,136] {spark_submit.py:514} INFO - 22/01/31 18:03:45 INFO Executor: Running task 0.0 in stage 1.0 (TID 1)
[2022-01-31 18:03:45,264] {spark_submit.py:514} INFO - 22/01/31 18:03:45 INFO FileOutputCommitter: File Output Committer Algorithm version is 1
[2022-01-31 18:03:45,264] {spark_submit.py:514} INFO - 22/01/31 18:03:45 INFO FileOutputCommitter: FileOutputCommitter skip cleanup _temporary folders under output directory:false, ignore cleanup failures: false
[2022-01-31 18:03:45,266] {spark_submit.py:514} INFO - 22/01/31 18:03:45 INFO SQLHadoopMapReduceCommitProtocol: Using output committer class org.apache.hadoop.mapreduce.lib.output.FileOutputCommitter
[2022-01-31 18:03:45,539] {spark_submit.py:514} INFO - 22/01/31 18:03:45 INFO FileScanRDD: Reading File path: file:///Users/bezerraescossia/Github/studies/twitter-project/datalake/bronze/extract_date=2022-01-27/AluraOnline_20220127.json, range: 0-43160, partition values: [empty row]
[2022-01-31 18:03:45,620] {spark_submit.py:514} INFO - 22/01/31 18:03:45 INFO CodeGenerator: Code generated in 74.414655 ms
[2022-01-31 18:03:45,718] {spark_submit.py:514} INFO - 22/01/31 18:03:45 INFO CodeGenerator: Code generated in 46.403422 ms
[2022-01-31 18:03:45,882] {spark_submit.py:514} INFO - 22/01/31 18:03:45 INFO FileOutputCommitter: Saved output of task 'attempt_202201311803443050123066796664529_0001_m_000000_1' to file:/Users/bezerraescossia/Github/studies/twitter-project/datalake/silver/tweet/process_date=2022-01-27/_temporary/0/task_202201311803443050123066796664529_0001_m_000000
[2022-01-31 18:03:45,883] {spark_submit.py:514} INFO - 22/01/31 18:03:45 INFO SparkHadoopMapRedUtil: attempt_202201311803443050123066796664529_0001_m_000000_1: Committed
[2022-01-31 18:03:45,911] {spark_submit.py:514} INFO - 22/01/31 18:03:45 INFO Executor: Finished task 0.0 in stage 1.0 (TID 1). 2670 bytes result sent to driver
[2022-01-31 18:03:45,916] {spark_submit.py:514} INFO - 22/01/31 18:03:45 INFO TaskSetManager: Finished task 0.0 in stage 1.0 (TID 1) in 786 ms on 192.168.0.44 (executor driver) (1/1)
[2022-01-31 18:03:45,918] {spark_submit.py:514} INFO - 22/01/31 18:03:45 INFO TaskSchedulerImpl: Removed TaskSet 1.0, whose tasks have all completed, from pool
[2022-01-31 18:03:45,919] {spark_submit.py:514} INFO - 22/01/31 18:03:45 INFO DAGScheduler: ResultStage 1 (json at NativeMethodAccessorImpl.java:0) finished in 0,972 s
[2022-01-31 18:03:45,922] {spark_submit.py:514} INFO - 22/01/31 18:03:45 INFO DAGScheduler: Job 1 is finished. Cancelling potential speculative or zombie tasks for this job
[2022-01-31 18:03:45,923] {spark_submit.py:514} INFO - 22/01/31 18:03:45 INFO TaskSchedulerImpl: Killing all running tasks in stage 1: Stage finished
[2022-01-31 18:03:45,925] {spark_submit.py:514} INFO - 22/01/31 18:03:45 INFO DAGScheduler: Job 1 finished: json at NativeMethodAccessorImpl.java:0, took 1,000042 s
[2022-01-31 18:03:45,926] {local_task_job.py:191} WARNING - The recorded hostname macbook-air-de-rafael.local does not match this instance's hostname 1.0.0.0.0.0.0.0.0.0.0.0.0.0.0.0.0.0.0.0.0.0.0.0.0.0.0.0.0.0.0.0.ip6.arpa
[2022-01-31 18:03:45,932] {spark_submit.py:514} INFO - 22/01/31 18:03:45 INFO FileFormatWriter: Start to commit write Job dcd4eefb-c544-4981-a42e-79e881932f8c.
[2022-01-31 18:03:45,951] {process_utils.py:100} INFO - Sending Signals.SIGTERM to GPID 85160
[2022-01-31 18:03:45,953] {taskinstance.py:1236} ERROR - Received SIGTERM. Terminating subprocesses.
[2022-01-31 18:03:45,955] {spark_submit.py:649} INFO - Sending kill signal to spark-submit
[2022-01-31 18:03:46,058] {process_utils.py:66} INFO - Process psutil.Process(pid=85174, status='terminated', started='18:03:12') (85174) terminated with exit code None
[2022-01-31 18:03:46,051] {taskinstance.py:1463} ERROR - Task failed with exception
Traceback (most recent call last):
  File "/Users/bezerraescossia/Github/studies/twitter-project/.venv/lib/python3.7/site-packages/airflow/models/taskinstance.py", line 1165, in _run_raw_task
    self._prepare_and_execute_task_with_callbacks(context, task)
  File "/Users/bezerraescossia/Github/studies/twitter-project/.venv/lib/python3.7/site-packages/airflow/models/taskinstance.py", line 1283, in _prepare_and_execute_task_with_callbacks
    result = self._execute_task(context, task_copy)
  File "/Users/bezerraescossia/Github/studies/twitter-project/.venv/lib/python3.7/site-packages/airflow/models/taskinstance.py", line 1313, in _execute_task
    result = task_copy.execute(context=context)
  File "/Users/bezerraescossia/Github/studies/twitter-project/.venv/lib/python3.7/site-packages/airflow/providers/apache/spark/operators/spark_submit.py", line 182, in execute
    self._hook.submit(self._application)
  File "/Users/bezerraescossia/Github/studies/twitter-project/.venv/lib/python3.7/site-packages/airflow/providers/apache/spark/hooks/spark_submit.py", line 433, in submit
    self._process_spark_submit_log(iter(self._submit_sp.stdout))  # type: ignore
  File "/Users/bezerraescossia/Github/studies/twitter-project/.venv/lib/python3.7/site-packages/airflow/providers/apache/spark/hooks/spark_submit.py", line 482, in _process_spark_submit_log
    for line in itr:
  File "/Users/bezerraescossia/Github/studies/twitter-project/.venv/lib/python3.7/site-packages/airflow/models/taskinstance.py", line 1238, in signal_handler
    raise AirflowException("Task received SIGTERM signal")
airflow.exceptions.AirflowException: Task received SIGTERM signal
[2022-01-31 18:03:46,074] {taskinstance.py:1513} INFO - Marking task as FAILED. dag_id=twitter_dag, task_id=transform_twitter_alura_online, execution_date=20220127T090000, start_date=20220131T210305, end_date=20220131T210346
[2022-01-31 18:03:46,116] {process_utils.py:66} INFO - Process psutil.Process(pid=85161, status='terminated', started='18:03:05') (85161) terminated with exit code None
[2022-01-31 18:03:46,117] {process_utils.py:66} INFO - Process psutil.Process(pid=85160, status='terminated', exitcode=1, started='18:03:05') (85160) terminated with exit code 1
