[2022-01-31 18:04:01,954] {taskinstance.py:903} INFO - Dependencies all met for <TaskInstance: twitter_dag.transform_twitter_alura_online 2022-01-28T09:00:00+00:00 [queued]>
[2022-01-31 18:04:02,020] {taskinstance.py:903} INFO - Dependencies all met for <TaskInstance: twitter_dag.transform_twitter_alura_online 2022-01-28T09:00:00+00:00 [queued]>
[2022-01-31 18:04:02,020] {taskinstance.py:1095} INFO - 
--------------------------------------------------------------------------------
[2022-01-31 18:04:02,020] {taskinstance.py:1096} INFO - Starting attempt 1 of 1
[2022-01-31 18:04:02,027] {taskinstance.py:1097} INFO - 
--------------------------------------------------------------------------------
[2022-01-31 18:04:02,065] {taskinstance.py:1115} INFO - Executing <Task(SparkSubmitOperator): transform_twitter_alura_online> on 2022-01-28T09:00:00+00:00
[2022-01-31 18:04:02,075] {standard_task_runner.py:52} INFO - Started process 85204 to run task
[2022-01-31 18:04:02,087] {standard_task_runner.py:76} INFO - Running: ['airflow', 'tasks', 'run', 'twitter_dag', 'transform_twitter_alura_online', '2022-01-28T09:00:00+00:00', '--job-id', '28', '--pool', 'default_pool', '--raw', '--subdir', 'DAGS_FOLDER/twitter_dag.py', '--cfg-path', '/var/folders/k6/528t8tnx5llf4w8y5xx1rrm80000gn/T/tmpu8r9e50b', '--error-file', '/var/folders/k6/528t8tnx5llf4w8y5xx1rrm80000gn/T/tmpl66oquq2']
[2022-01-31 18:04:02,090] {standard_task_runner.py:77} INFO - Job 28: Subtask transform_twitter_alura_online
[2022-01-31 18:04:02,160] {logging_mixin.py:109} INFO - Running <TaskInstance: twitter_dag.transform_twitter_alura_online 2022-01-28T09:00:00+00:00 [running]> on host 1.0.0.0.0.0.0.0.0.0.0.0.0.0.0.0.0.0.0.0.0.0.0.0.0.0.0.0.0.0.0.0.ip6.arpa
[2022-01-31 18:04:02,237] {taskinstance.py:1254} INFO - Exporting the following env vars:
AIRFLOW_CTX_DAG_OWNER=airflow
AIRFLOW_CTX_DAG_ID=twitter_dag
AIRFLOW_CTX_TASK_ID=transform_twitter_alura_online
AIRFLOW_CTX_EXECUTION_DATE=2022-01-28T09:00:00+00:00
AIRFLOW_CTX_DAG_RUN_ID=scheduled__2022-01-28T09:00:00+00:00
[2022-01-31 18:04:02,243] {base.py:79} INFO - Using connection to: id: spark_default. Host: local, Port: None, Schema: , Login: , Password: None, extra: {'spark-home': '/Users/bezerraescossia/spark-3.2.0-bin-hadoop3.2'}
[2022-01-31 18:04:02,247] {spark_submit.py:360} INFO - Spark-Submit cmd: /Users/bezerraescossia/spark-3.2.0-bin-hadoop3.2/bin/spark-submit --master local --name twitter_transformation /Users/bezerraescossia/Github/studies/twitter-project/spark/transformation.py --src /Users/bezerraescossia/Github/studies/twitter-project/datalake/bronze/extract_date=2022-01-28 --dest /Users/bezerraescossia/Github/studies/twitter-project/datalake/silver --process-date 2022-01-28
[2022-01-31 18:04:05,567] {spark_submit.py:514} INFO - 22/01/31 18:04:05 WARN Utils: Your hostname, MacBook-Air-de-Rafael.local resolves to a loopback address: 127.0.0.1; using 192.168.0.44 instead (on interface en0)
[2022-01-31 18:04:05,575] {spark_submit.py:514} INFO - 22/01/31 18:04:05 WARN Utils: Set SPARK_LOCAL_IP if you need to bind to another address
[2022-01-31 18:04:08,256] {spark_submit.py:514} INFO - Using Spark's default log4j profile: org/apache/spark/log4j-defaults.properties
[2022-01-31 18:04:08,280] {spark_submit.py:514} INFO - 22/01/31 18:04:08 INFO SparkContext: Running Spark version 3.2.0
[2022-01-31 18:04:08,570] {spark_submit.py:514} INFO - 22/01/31 18:04:08 WARN NativeCodeLoader: Unable to load native-hadoop library for your platform... using builtin-java classes where applicable
[2022-01-31 18:04:08,844] {spark_submit.py:514} INFO - 22/01/31 18:04:08 INFO ResourceUtils: ==============================================================
[2022-01-31 18:04:08,844] {spark_submit.py:514} INFO - 22/01/31 18:04:08 INFO ResourceUtils: No custom resources configured for spark.driver.
[2022-01-31 18:04:08,845] {spark_submit.py:514} INFO - 22/01/31 18:04:08 INFO ResourceUtils: ==============================================================
[2022-01-31 18:04:08,846] {spark_submit.py:514} INFO - 22/01/31 18:04:08 INFO SparkContext: Submitted application: twitter_transformation
[2022-01-31 18:04:08,882] {spark_submit.py:514} INFO - 22/01/31 18:04:08 INFO ResourceProfile: Default ResourceProfile created, executor resources: Map(cores -> name: cores, amount: 1, script: , vendor: , memory -> name: memory, amount: 1024, script: , vendor: , offHeap -> name: offHeap, amount: 0, script: , vendor: ), task resources: Map(cpus -> name: cpus, amount: 1.0)
[2022-01-31 18:04:08,911] {spark_submit.py:514} INFO - 22/01/31 18:04:08 INFO ResourceProfile: Limiting resource is cpu
[2022-01-31 18:04:08,914] {spark_submit.py:514} INFO - 22/01/31 18:04:08 INFO ResourceProfileManager: Added ResourceProfile id: 0
[2022-01-31 18:04:09,014] {spark_submit.py:514} INFO - 22/01/31 18:04:09 INFO SecurityManager: Changing view acls to: bezerraescossia
[2022-01-31 18:04:09,015] {spark_submit.py:514} INFO - 22/01/31 18:04:09 INFO SecurityManager: Changing modify acls to: bezerraescossia
[2022-01-31 18:04:09,015] {spark_submit.py:514} INFO - 22/01/31 18:04:09 INFO SecurityManager: Changing view acls groups to:
[2022-01-31 18:04:09,016] {spark_submit.py:514} INFO - 22/01/31 18:04:09 INFO SecurityManager: Changing modify acls groups to:
[2022-01-31 18:04:09,017] {spark_submit.py:514} INFO - 22/01/31 18:04:09 INFO SecurityManager: SecurityManager: authentication disabled; ui acls disabled; users  with view permissions: Set(bezerraescossia); groups with view permissions: Set(); users  with modify permissions: Set(bezerraescossia); groups with modify permissions: Set()
[2022-01-31 18:04:09,676] {spark_submit.py:514} INFO - 22/01/31 18:04:09 INFO Utils: Successfully started service 'sparkDriver' on port 56880.
[2022-01-31 18:04:09,745] {spark_submit.py:514} INFO - 22/01/31 18:04:09 INFO SparkEnv: Registering MapOutputTracker
[2022-01-31 18:04:09,800] {spark_submit.py:514} INFO - 22/01/31 18:04:09 INFO SparkEnv: Registering BlockManagerMaster
[2022-01-31 18:04:09,826] {spark_submit.py:514} INFO - 22/01/31 18:04:09 INFO BlockManagerMasterEndpoint: Using org.apache.spark.storage.DefaultTopologyMapper for getting topology information
[2022-01-31 18:04:09,827] {spark_submit.py:514} INFO - 22/01/31 18:04:09 INFO BlockManagerMasterEndpoint: BlockManagerMasterEndpoint up
[2022-01-31 18:04:09,833] {spark_submit.py:514} INFO - 22/01/31 18:04:09 INFO SparkEnv: Registering BlockManagerMasterHeartbeat
[2022-01-31 18:04:09,884] {spark_submit.py:514} INFO - 22/01/31 18:04:09 INFO DiskBlockManager: Created local directory at /private/var/folders/k6/528t8tnx5llf4w8y5xx1rrm80000gn/T/blockmgr-09d4d2e0-8384-43af-9b0e-8fd75d26c6be
[2022-01-31 18:04:09,926] {spark_submit.py:514} INFO - 22/01/31 18:04:09 INFO MemoryStore: MemoryStore started with capacity 366.3 MiB
[2022-01-31 18:04:09,959] {spark_submit.py:514} INFO - 22/01/31 18:04:09 INFO SparkEnv: Registering OutputCommitCoordinator
[2022-01-31 18:04:10,529] {spark_submit.py:514} INFO - 22/01/31 18:04:10 WARN Utils: Service 'SparkUI' could not bind on port 4040. Attempting port 4041.
[2022-01-31 18:04:10,542] {spark_submit.py:514} INFO - 22/01/31 18:04:10 INFO Utils: Successfully started service 'SparkUI' on port 4041.
[2022-01-31 18:04:10,670] {spark_submit.py:514} INFO - 22/01/31 18:04:10 INFO SparkUI: Bound SparkUI to 0.0.0.0, and started at http://192.168.0.44:4041
[2022-01-31 18:04:11,075] {spark_submit.py:514} INFO - 22/01/31 18:04:11 INFO Executor: Starting executor ID driver on host 192.168.0.44
[2022-01-31 18:04:11,157] {spark_submit.py:514} INFO - 22/01/31 18:04:11 INFO Utils: Successfully started service 'org.apache.spark.network.netty.NettyBlockTransferService' on port 56881.
[2022-01-31 18:04:11,159] {spark_submit.py:514} INFO - 22/01/31 18:04:11 INFO NettyBlockTransferService: Server created on 192.168.0.44:56881
[2022-01-31 18:04:11,164] {spark_submit.py:514} INFO - 22/01/31 18:04:11 INFO BlockManager: Using org.apache.spark.storage.RandomBlockReplicationPolicy for block replication policy
[2022-01-31 18:04:11,182] {spark_submit.py:514} INFO - 22/01/31 18:04:11 INFO BlockManagerMaster: Registering BlockManager BlockManagerId(driver, 192.168.0.44, 56881, None)
[2022-01-31 18:04:11,205] {spark_submit.py:514} INFO - 22/01/31 18:04:11 INFO BlockManagerMasterEndpoint: Registering block manager 192.168.0.44:56881 with 366.3 MiB RAM, BlockManagerId(driver, 192.168.0.44, 56881, None)
[2022-01-31 18:04:11,211] {spark_submit.py:514} INFO - 22/01/31 18:04:11 INFO BlockManagerMaster: Registered BlockManager BlockManagerId(driver, 192.168.0.44, 56881, None)
[2022-01-31 18:04:11,215] {spark_submit.py:514} INFO - 22/01/31 18:04:11 INFO BlockManager: Initialized BlockManager: BlockManagerId(driver, 192.168.0.44, 56881, None)
[2022-01-31 18:04:13,586] {spark_submit.py:514} INFO - 22/01/31 18:04:13 INFO SharedState: Setting hive.metastore.warehouse.dir ('null') to the value of spark.sql.warehouse.dir.
[2022-01-31 18:04:13,724] {spark_submit.py:514} INFO - 22/01/31 18:04:13 INFO SharedState: Warehouse path is 'file:/Users/bezerraescossia/Github/studies/twitter-project/spark-warehouse'.
[2022-01-31 18:04:17,247] {spark_submit.py:514} INFO - 22/01/31 18:04:17 INFO InMemoryFileIndex: It took 90 ms to list leaf files for 1 paths.
[2022-01-31 18:04:17,523] {spark_submit.py:514} INFO - 22/01/31 18:04:17 INFO InMemoryFileIndex: It took 3 ms to list leaf files for 1 paths.
[2022-01-31 18:04:25,719] {spark_submit.py:514} INFO - 22/01/31 18:04:25 INFO FileSourceStrategy: Pushed Filters:
[2022-01-31 18:04:25,722] {spark_submit.py:514} INFO - 22/01/31 18:04:25 INFO FileSourceStrategy: Post-Scan Filters:
[2022-01-31 18:04:25,731] {spark_submit.py:514} INFO - 22/01/31 18:04:25 INFO FileSourceStrategy: Output Data Schema: struct<value: string>
[2022-01-31 18:04:26,425] {spark_submit.py:514} INFO - 22/01/31 18:04:26 INFO MemoryStore: Block broadcast_0 stored as values in memory (estimated size 338.2 KiB, free 366.0 MiB)
[2022-01-31 18:04:26,966] {spark_submit.py:514} INFO - 22/01/31 18:04:26 INFO MemoryStore: Block broadcast_0_piece0 stored as bytes in memory (estimated size 32.5 KiB, free 365.9 MiB)
[2022-01-31 18:04:26,972] {spark_submit.py:514} INFO - 22/01/31 18:04:26 INFO BlockManagerInfo: Added broadcast_0_piece0 in memory on 192.168.0.44:56881 (size: 32.5 KiB, free: 366.3 MiB)
[2022-01-31 18:04:26,983] {spark_submit.py:514} INFO - 22/01/31 18:04:26 INFO SparkContext: Created broadcast 0 from json at NativeMethodAccessorImpl.java:0
[2022-01-31 18:04:27,005] {spark_submit.py:514} INFO - 22/01/31 18:04:27 INFO FileSourceScanExec: Planning scan with bin packing, max size: 4241619 bytes, open cost is considered as scanning 4194304 bytes.
[2022-01-31 18:04:27,497] {spark_submit.py:514} INFO - 22/01/31 18:04:27 INFO SparkContext: Starting job: json at NativeMethodAccessorImpl.java:0
[2022-01-31 18:04:27,540] {spark_submit.py:514} INFO - 22/01/31 18:04:27 INFO DAGScheduler: Got job 0 (json at NativeMethodAccessorImpl.java:0) with 1 output partitions
[2022-01-31 18:04:27,541] {spark_submit.py:514} INFO - 22/01/31 18:04:27 INFO DAGScheduler: Final stage: ResultStage 0 (json at NativeMethodAccessorImpl.java:0)
[2022-01-31 18:04:27,541] {spark_submit.py:514} INFO - 22/01/31 18:04:27 INFO DAGScheduler: Parents of final stage: List()
[2022-01-31 18:04:27,543] {spark_submit.py:514} INFO - 22/01/31 18:04:27 INFO DAGScheduler: Missing parents: List()
[2022-01-31 18:04:27,558] {spark_submit.py:514} INFO - 22/01/31 18:04:27 INFO DAGScheduler: Submitting ResultStage 0 (MapPartitionsRDD[3] at json at NativeMethodAccessorImpl.java:0), which has no missing parents
[2022-01-31 18:04:27,785] {spark_submit.py:514} INFO - 22/01/31 18:04:27 INFO MemoryStore: Block broadcast_1 stored as values in memory (estimated size 12.5 KiB, free 365.9 MiB)
[2022-01-31 18:04:27,790] {spark_submit.py:514} INFO - 22/01/31 18:04:27 INFO MemoryStore: Block broadcast_1_piece0 stored as bytes in memory (estimated size 6.5 KiB, free 365.9 MiB)
[2022-01-31 18:04:27,791] {spark_submit.py:514} INFO - 22/01/31 18:04:27 INFO BlockManagerInfo: Added broadcast_1_piece0 in memory on 192.168.0.44:56881 (size: 6.5 KiB, free: 366.3 MiB)
[2022-01-31 18:04:27,793] {spark_submit.py:514} INFO - 22/01/31 18:04:27 INFO SparkContext: Created broadcast 1 from broadcast at DAGScheduler.scala:1427
[2022-01-31 18:04:27,820] {spark_submit.py:514} INFO - 22/01/31 18:04:27 INFO DAGScheduler: Submitting 1 missing tasks from ResultStage 0 (MapPartitionsRDD[3] at json at NativeMethodAccessorImpl.java:0) (first 15 tasks are for partitions Vector(0))
[2022-01-31 18:04:27,821] {spark_submit.py:514} INFO - 22/01/31 18:04:27 INFO TaskSchedulerImpl: Adding task set 0.0 with 1 tasks resource profile 0
[2022-01-31 18:04:27,915] {spark_submit.py:514} INFO - 22/01/31 18:04:27 INFO TaskSetManager: Starting task 0.0 in stage 0.0 (TID 0) (192.168.0.44, executor driver, partition 0, PROCESS_LOCAL, 4951 bytes) taskResourceAssignments Map()
[2022-01-31 18:04:27,945] {spark_submit.py:514} INFO - 22/01/31 18:04:27 INFO Executor: Running task 0.0 in stage 0.0 (TID 0)
[2022-01-31 18:04:29,269] {spark_submit.py:514} INFO - 22/01/31 18:04:29 INFO FileScanRDD: Reading File path: file:///Users/bezerraescossia/Github/studies/twitter-project/datalake/bronze/extract_date=2022-01-28/AluraOnline_20220128.json, range: 0-47315, partition values: [empty row]
[2022-01-31 18:04:29,883] {spark_submit.py:514} INFO - 22/01/31 18:04:29 INFO CodeGenerator: Code generated in 528.05116 ms
[2022-01-31 18:04:30,091] {spark_submit.py:514} INFO - 22/01/31 18:04:30 INFO Executor: Finished task 0.0 in stage 0.0 (TID 0). 2858 bytes result sent to driver
[2022-01-31 18:04:30,116] {spark_submit.py:514} INFO - 22/01/31 18:04:30 INFO TaskSetManager: Finished task 0.0 in stage 0.0 (TID 0) in 2219 ms on 192.168.0.44 (executor driver) (1/1)
[2022-01-31 18:04:30,122] {spark_submit.py:514} INFO - 22/01/31 18:04:30 INFO TaskSchedulerImpl: Removed TaskSet 0.0, whose tasks have all completed, from pool
[2022-01-31 18:04:30,133] {spark_submit.py:514} INFO - 22/01/31 18:04:30 INFO DAGScheduler: ResultStage 0 (json at NativeMethodAccessorImpl.java:0) finished in 2,546 s
[2022-01-31 18:04:30,141] {spark_submit.py:514} INFO - 22/01/31 18:04:30 INFO DAGScheduler: Job 0 is finished. Cancelling potential speculative or zombie tasks for this job
[2022-01-31 18:04:30,142] {spark_submit.py:514} INFO - 22/01/31 18:04:30 INFO TaskSchedulerImpl: Killing all running tasks in stage 0: Stage finished
[2022-01-31 18:04:30,147] {spark_submit.py:514} INFO - 22/01/31 18:04:30 INFO DAGScheduler: Job 0 finished: json at NativeMethodAccessorImpl.java:0, took 2,645947 s
[2022-01-31 18:04:31,584] {spark_submit.py:514} INFO - 22/01/31 18:04:31 INFO FileSourceStrategy: Pushed Filters: IsNotNull(data)
[2022-01-31 18:04:31,589] {spark_submit.py:514} INFO - 22/01/31 18:04:31 INFO FileSourceStrategy: Post-Scan Filters: (size(data#7, true) > 0),isnotnull(data#7)
[2022-01-31 18:04:31,590] {spark_submit.py:514} INFO - 22/01/31 18:04:31 INFO FileSourceStrategy: Output Data Schema: struct<data: array<struct<author_id:string,conversation_id:string,created_at:string,id:string,in_reply_to_user_id:string,public_metrics:struct<like_count:bigint,quote_count:bigint,reply_count:bigint,retweet_count:bigint>,text:string>>>
[2022-01-31 18:04:31,765] {spark_submit.py:514} INFO - 22/01/31 18:04:31 INFO FileOutputCommitter: File Output Committer Algorithm version is 1
[2022-01-31 18:04:31,766] {spark_submit.py:514} INFO - 22/01/31 18:04:31 INFO FileOutputCommitter: FileOutputCommitter skip cleanup _temporary folders under output directory:false, ignore cleanup failures: false
[2022-01-31 18:04:31,767] {spark_submit.py:514} INFO - 22/01/31 18:04:31 INFO SQLHadoopMapReduceCommitProtocol: Using output committer class org.apache.hadoop.mapreduce.lib.output.FileOutputCommitter
[2022-01-31 18:04:32,170] {spark_submit.py:514} INFO - 22/01/31 18:04:32 INFO CodeGenerator: Code generated in 232.34823 ms
[2022-01-31 18:04:32,198] {spark_submit.py:514} INFO - 22/01/31 18:04:32 INFO MemoryStore: Block broadcast_2 stored as values in memory (estimated size 338.0 KiB, free 365.6 MiB)
[2022-01-31 18:04:32,321] {spark_submit.py:514} INFO - 22/01/31 18:04:32 INFO MemoryStore: Block broadcast_2_piece0 stored as bytes in memory (estimated size 32.5 KiB, free 365.6 MiB)
[2022-01-31 18:04:32,323] {spark_submit.py:514} INFO - 22/01/31 18:04:32 INFO BlockManagerInfo: Added broadcast_2_piece0 in memory on 192.168.0.44:56881 (size: 32.5 KiB, free: 366.2 MiB)
[2022-01-31 18:04:32,332] {spark_submit.py:514} INFO - 22/01/31 18:04:32 INFO SparkContext: Created broadcast 2 from json at NativeMethodAccessorImpl.java:0
[2022-01-31 18:04:32,349] {spark_submit.py:514} INFO - 22/01/31 18:04:32 INFO FileSourceScanExec: Planning scan with bin packing, max size: 4241619 bytes, open cost is considered as scanning 4194304 bytes.
[2022-01-31 18:04:32,779] {spark_submit.py:514} INFO - 22/01/31 18:04:32 INFO SparkContext: Starting job: json at NativeMethodAccessorImpl.java:0
[2022-01-31 18:04:32,784] {spark_submit.py:514} INFO - 22/01/31 18:04:32 INFO DAGScheduler: Got job 1 (json at NativeMethodAccessorImpl.java:0) with 1 output partitions
[2022-01-31 18:04:32,785] {spark_submit.py:514} INFO - 22/01/31 18:04:32 INFO DAGScheduler: Final stage: ResultStage 1 (json at NativeMethodAccessorImpl.java:0)
[2022-01-31 18:04:32,786] {spark_submit.py:514} INFO - 22/01/31 18:04:32 INFO DAGScheduler: Parents of final stage: List()
[2022-01-31 18:04:32,786] {spark_submit.py:514} INFO - 22/01/31 18:04:32 INFO DAGScheduler: Missing parents: List()
[2022-01-31 18:04:32,787] {spark_submit.py:514} INFO - 22/01/31 18:04:32 INFO DAGScheduler: Submitting ResultStage 1 (CoalescedRDD[7] at json at NativeMethodAccessorImpl.java:0), which has no missing parents
[2022-01-31 18:04:32,874] {spark_submit.py:514} INFO - 22/01/31 18:04:32 INFO MemoryStore: Block broadcast_3 stored as values in memory (estimated size 223.6 KiB, free 365.3 MiB)
[2022-01-31 18:04:32,884] {spark_submit.py:514} INFO - 22/01/31 18:04:32 INFO MemoryStore: Block broadcast_3_piece0 stored as bytes in memory (estimated size 76.9 KiB, free 365.3 MiB)
[2022-01-31 18:04:32,885] {spark_submit.py:514} INFO - 22/01/31 18:04:32 INFO BlockManagerInfo: Added broadcast_3_piece0 in memory on 192.168.0.44:56881 (size: 76.9 KiB, free: 366.2 MiB)
[2022-01-31 18:04:32,887] {spark_submit.py:514} INFO - 22/01/31 18:04:32 INFO SparkContext: Created broadcast 3 from broadcast at DAGScheduler.scala:1427
[2022-01-31 18:04:32,890] {spark_submit.py:514} INFO - 22/01/31 18:04:32 INFO DAGScheduler: Submitting 1 missing tasks from ResultStage 1 (CoalescedRDD[7] at json at NativeMethodAccessorImpl.java:0) (first 15 tasks are for partitions Vector(0))
[2022-01-31 18:04:32,891] {spark_submit.py:514} INFO - 22/01/31 18:04:32 INFO TaskSchedulerImpl: Adding task set 1.0 with 1 tasks resource profile 0
[2022-01-31 18:04:32,901] {spark_submit.py:514} INFO - 22/01/31 18:04:32 INFO TaskSetManager: Starting task 0.0 in stage 1.0 (TID 1) (192.168.0.44, executor driver, partition 0, PROCESS_LOCAL, 5180 bytes) taskResourceAssignments Map()
[2022-01-31 18:04:32,902] {spark_submit.py:514} INFO - 22/01/31 18:04:32 INFO Executor: Running task 0.0 in stage 1.0 (TID 1)
[2022-01-31 18:04:33,190] {spark_submit.py:514} INFO - 22/01/31 18:04:33 INFO FileOutputCommitter: File Output Committer Algorithm version is 1
[2022-01-31 18:04:33,191] {spark_submit.py:514} INFO - 22/01/31 18:04:33 INFO FileOutputCommitter: FileOutputCommitter skip cleanup _temporary folders under output directory:false, ignore cleanup failures: false
[2022-01-31 18:04:33,192] {spark_submit.py:514} INFO - 22/01/31 18:04:33 INFO SQLHadoopMapReduceCommitProtocol: Using output committer class org.apache.hadoop.mapreduce.lib.output.FileOutputCommitter
[2022-01-31 18:04:33,331] {spark_submit.py:514} INFO - 22/01/31 18:04:33 INFO FileScanRDD: Reading File path: file:///Users/bezerraescossia/Github/studies/twitter-project/datalake/bronze/extract_date=2022-01-28/AluraOnline_20220128.json, range: 0-47315, partition values: [empty row]
[2022-01-31 18:04:33,526] {spark_submit.py:514} INFO - 22/01/31 18:04:33 INFO CodeGenerator: Code generated in 187.834108 ms
[2022-01-31 18:04:33,687] {spark_submit.py:514} INFO - 22/01/31 18:04:33 INFO CodeGenerator: Code generated in 110.358882 ms
[2022-01-31 18:04:33,922] {spark_submit.py:514} INFO - 22/01/31 18:04:33 INFO FileOutputCommitter: Saved output of task 'attempt_202201311804328303037691166761434_0001_m_000000_1' to file:/Users/bezerraescossia/Github/studies/twitter-project/datalake/silver/tweet/process_date=2022-01-28/_temporary/0/task_202201311804328303037691166761434_0001_m_000000
[2022-01-31 18:04:33,923] {spark_submit.py:514} INFO - 22/01/31 18:04:33 INFO SparkHadoopMapRedUtil: attempt_202201311804328303037691166761434_0001_m_000000_1: Committed
[2022-01-31 18:04:33,941] {spark_submit.py:514} INFO - 22/01/31 18:04:33 INFO Executor: Finished task 0.0 in stage 1.0 (TID 1). 2670 bytes result sent to driver
[2022-01-31 18:04:33,945] {spark_submit.py:514} INFO - 22/01/31 18:04:33 INFO TaskSetManager: Finished task 0.0 in stage 1.0 (TID 1) in 1051 ms on 192.168.0.44 (executor driver) (1/1)
[2022-01-31 18:04:33,946] {spark_submit.py:514} INFO - 22/01/31 18:04:33 INFO TaskSchedulerImpl: Removed TaskSet 1.0, whose tasks have all completed, from pool
[2022-01-31 18:04:33,948] {spark_submit.py:514} INFO - 22/01/31 18:04:33 INFO DAGScheduler: ResultStage 1 (json at NativeMethodAccessorImpl.java:0) finished in 1,159 s
[2022-01-31 18:04:33,948] {spark_submit.py:514} INFO - 22/01/31 18:04:33 INFO DAGScheduler: Job 1 is finished. Cancelling potential speculative or zombie tasks for this job
[2022-01-31 18:04:33,949] {spark_submit.py:514} INFO - 22/01/31 18:04:33 INFO TaskSchedulerImpl: Killing all running tasks in stage 1: Stage finished
[2022-01-31 18:04:33,950] {spark_submit.py:514} INFO - 22/01/31 18:04:33 INFO DAGScheduler: Job 1 finished: json at NativeMethodAccessorImpl.java:0, took 1,170488 s
[2022-01-31 18:04:33,953] {spark_submit.py:514} INFO - 22/01/31 18:04:33 INFO FileFormatWriter: Start to commit write Job 3dd2dfd5-b138-419b-8760-6565e0d4ed5e.
[2022-01-31 18:04:34,094] {spark_submit.py:514} INFO - 22/01/31 18:04:34 INFO FileFormatWriter: Write Job 3dd2dfd5-b138-419b-8760-6565e0d4ed5e committed. Elapsed time: 139 ms.
[2022-01-31 18:04:34,108] {spark_submit.py:514} INFO - 22/01/31 18:04:34 INFO FileFormatWriter: Finished processing stats for write job 3dd2dfd5-b138-419b-8760-6565e0d4ed5e.
[2022-01-31 18:04:34,318] {spark_submit.py:514} INFO - 22/01/31 18:04:34 INFO FileSourceStrategy: Pushed Filters: IsNotNull(includes)
[2022-01-31 18:04:34,337] {spark_submit.py:514} INFO - 22/01/31 18:04:34 INFO FileSourceStrategy: Post-Scan Filters: isnotnull(includes#8),(size(includes#8.users, true) > 0),isnotnull(includes#8.users)
[2022-01-31 18:04:34,338] {spark_submit.py:514} INFO - 22/01/31 18:04:34 INFO FileSourceStrategy: Output Data Schema: struct<includes: struct<users: array<struct<created_at:string,id:string,name:string,username:string>>>>
[2022-01-31 18:04:34,426] {spark_submit.py:514} INFO - 22/01/31 18:04:34 INFO FileOutputCommitter: File Output Committer Algorithm version is 1
[2022-01-31 18:04:34,427] {spark_submit.py:514} INFO - 22/01/31 18:04:34 INFO FileOutputCommitter: FileOutputCommitter skip cleanup _temporary folders under output directory:false, ignore cleanup failures: false
[2022-01-31 18:04:34,429] {spark_submit.py:514} INFO - 22/01/31 18:04:34 INFO SQLHadoopMapReduceCommitProtocol: Using output committer class org.apache.hadoop.mapreduce.lib.output.FileOutputCommitter
[2022-01-31 18:04:34,696] {spark_submit.py:514} INFO - 22/01/31 18:04:34 INFO CodeGenerator: Code generated in 49.381144 ms
[2022-01-31 18:04:34,711] {spark_submit.py:514} INFO - 22/01/31 18:04:34 INFO MemoryStore: Block broadcast_4 stored as values in memory (estimated size 338.0 KiB, free 364.9 MiB)
[2022-01-31 18:04:34,779] {spark_submit.py:514} INFO - 22/01/31 18:04:34 INFO MemoryStore: Block broadcast_4_piece0 stored as bytes in memory (estimated size 32.5 KiB, free 364.9 MiB)
[2022-01-31 18:04:34,780] {spark_submit.py:514} INFO - 22/01/31 18:04:34 INFO BlockManagerInfo: Added broadcast_4_piece0 in memory on 192.168.0.44:56881 (size: 32.5 KiB, free: 366.1 MiB)
[2022-01-31 18:04:34,782] {spark_submit.py:514} INFO - 22/01/31 18:04:34 INFO SparkContext: Created broadcast 4 from json at NativeMethodAccessorImpl.java:0
[2022-01-31 18:04:34,785] {spark_submit.py:514} INFO - 22/01/31 18:04:34 INFO FileSourceScanExec: Planning scan with bin packing, max size: 4241619 bytes, open cost is considered as scanning 4194304 bytes.
[2022-01-31 18:04:35,092] {spark_submit.py:514} INFO - 22/01/31 18:04:35 INFO SparkContext: Starting job: json at NativeMethodAccessorImpl.java:0
[2022-01-31 18:04:35,094] {spark_submit.py:514} INFO - 22/01/31 18:04:35 INFO DAGScheduler: Got job 2 (json at NativeMethodAccessorImpl.java:0) with 1 output partitions
[2022-01-31 18:04:35,095] {spark_submit.py:514} INFO - 22/01/31 18:04:35 INFO DAGScheduler: Final stage: ResultStage 2 (json at NativeMethodAccessorImpl.java:0)
[2022-01-31 18:04:35,096] {spark_submit.py:514} INFO - 22/01/31 18:04:35 INFO DAGScheduler: Parents of final stage: List()
[2022-01-31 18:04:35,096] {spark_submit.py:514} INFO - 22/01/31 18:04:35 INFO DAGScheduler: Missing parents: List()
[2022-01-31 18:04:35,097] {spark_submit.py:514} INFO - 22/01/31 18:04:35 INFO DAGScheduler: Submitting ResultStage 2 (CoalescedRDD[11] at json at NativeMethodAccessorImpl.java:0), which has no missing parents
[2022-01-31 18:04:35,199] {spark_submit.py:514} INFO - 22/01/31 18:04:35 INFO MemoryStore: Block broadcast_5 stored as values in memory (estimated size 211.2 KiB, free 364.7 MiB)
[2022-01-31 18:04:35,205] {spark_submit.py:514} INFO - 22/01/31 18:04:35 INFO MemoryStore: Block broadcast_5_piece0 stored as bytes in memory (estimated size 75.3 KiB, free 364.6 MiB)
[2022-01-31 18:04:35,207] {spark_submit.py:514} INFO - 22/01/31 18:04:35 INFO BlockManagerInfo: Added broadcast_5_piece0 in memory on 192.168.0.44:56881 (size: 75.3 KiB, free: 366.0 MiB)
[2022-01-31 18:04:35,208] {spark_submit.py:514} INFO - 22/01/31 18:04:35 INFO SparkContext: Created broadcast 5 from broadcast at DAGScheduler.scala:1427
[2022-01-31 18:04:35,209] {spark_submit.py:514} INFO - 22/01/31 18:04:35 INFO DAGScheduler: Submitting 1 missing tasks from ResultStage 2 (CoalescedRDD[11] at json at NativeMethodAccessorImpl.java:0) (first 15 tasks are for partitions Vector(0))
[2022-01-31 18:04:35,210] {spark_submit.py:514} INFO - 22/01/31 18:04:35 INFO TaskSchedulerImpl: Adding task set 2.0 with 1 tasks resource profile 0
[2022-01-31 18:04:35,211] {spark_submit.py:514} INFO - 22/01/31 18:04:35 INFO TaskSetManager: Starting task 0.0 in stage 2.0 (TID 2) (192.168.0.44, executor driver, partition 0, PROCESS_LOCAL, 5180 bytes) taskResourceAssignments Map()
[2022-01-31 18:04:35,213] {spark_submit.py:514} INFO - 22/01/31 18:04:35 INFO Executor: Running task 0.0 in stage 2.0 (TID 2)
[2022-01-31 18:04:35,262] {spark_submit.py:514} INFO - 22/01/31 18:04:35 INFO FileOutputCommitter: File Output Committer Algorithm version is 1
[2022-01-31 18:04:35,262] {spark_submit.py:514} INFO - 22/01/31 18:04:35 INFO FileOutputCommitter: FileOutputCommitter skip cleanup _temporary folders under output directory:false, ignore cleanup failures: false
[2022-01-31 18:04:35,263] {spark_submit.py:514} INFO - 22/01/31 18:04:35 INFO SQLHadoopMapReduceCommitProtocol: Using output committer class org.apache.hadoop.mapreduce.lib.output.FileOutputCommitter
[2022-01-31 18:04:35,510] {spark_submit.py:514} INFO - 22/01/31 18:04:35 INFO FileScanRDD: Reading File path: file:///Users/bezerraescossia/Github/studies/twitter-project/datalake/bronze/extract_date=2022-01-28/AluraOnline_20220128.json, range: 0-47315, partition values: [empty row]
[2022-01-31 18:04:35,571] {spark_submit.py:514} INFO - 22/01/31 18:04:35 INFO CodeGenerator: Code generated in 48.076916 ms
[2022-01-31 18:04:35,594] {spark_submit.py:514} INFO - 22/01/31 18:04:35 INFO CodeGenerator: Code generated in 16.823619 ms
[2022-01-31 18:04:35,658] {spark_submit.py:514} INFO - 22/01/31 18:04:35 INFO FileOutputCommitter: Saved output of task 'attempt_202201311804346843775153050632733_0002_m_000000_2' to file:/Users/bezerraescossia/Github/studies/twitter-project/datalake/silver/user/process_date=2022-01-28/_temporary/0/task_202201311804346843775153050632733_0002_m_000000
[2022-01-31 18:04:35,659] {spark_submit.py:514} INFO - 22/01/31 18:04:35 INFO SparkHadoopMapRedUtil: attempt_202201311804346843775153050632733_0002_m_000000_2: Committed
[2022-01-31 18:04:35,661] {spark_submit.py:514} INFO - 22/01/31 18:04:35 INFO Executor: Finished task 0.0 in stage 2.0 (TID 2). 2627 bytes result sent to driver
[2022-01-31 18:04:35,664] {spark_submit.py:514} INFO - 22/01/31 18:04:35 INFO TaskSetManager: Finished task 0.0 in stage 2.0 (TID 2) in 454 ms on 192.168.0.44 (executor driver) (1/1)
[2022-01-31 18:04:35,665] {spark_submit.py:514} INFO - 22/01/31 18:04:35 INFO TaskSchedulerImpl: Removed TaskSet 2.0, whose tasks have all completed, from pool
[2022-01-31 18:04:35,670] {spark_submit.py:514} INFO - 22/01/31 18:04:35 INFO DAGScheduler: ResultStage 2 (json at NativeMethodAccessorImpl.java:0) finished in 0,571 s
[2022-01-31 18:04:35,671] {spark_submit.py:514} INFO - 22/01/31 18:04:35 INFO DAGScheduler: Job 2 is finished. Cancelling potential speculative or zombie tasks for this job
[2022-01-31 18:04:35,673] {spark_submit.py:514} INFO - 22/01/31 18:04:35 INFO TaskSchedulerImpl: Killing all running tasks in stage 2: Stage finished
[2022-01-31 18:04:35,674] {spark_submit.py:514} INFO - 22/01/31 18:04:35 INFO DAGScheduler: Job 2 finished: json at NativeMethodAccessorImpl.java:0, took 0,580737 s
[2022-01-31 18:04:35,674] {spark_submit.py:514} INFO - 22/01/31 18:04:35 INFO FileFormatWriter: Start to commit write Job 6c2689c6-4758-4472-aace-501909084d88.
[2022-01-31 18:04:35,780] {spark_submit.py:514} INFO - 22/01/31 18:04:35 INFO FileFormatWriter: Write Job 6c2689c6-4758-4472-aace-501909084d88 committed. Elapsed time: 104 ms.
[2022-01-31 18:04:35,781] {spark_submit.py:514} INFO - 22/01/31 18:04:35 INFO FileFormatWriter: Finished processing stats for write job 6c2689c6-4758-4472-aace-501909084d88.
[2022-01-31 18:04:35,910] {spark_submit.py:514} INFO - 22/01/31 18:04:35 INFO SparkContext: Invoking stop() from shutdown hook
[2022-01-31 18:04:35,935] {spark_submit.py:514} INFO - 22/01/31 18:04:35 INFO SparkUI: Stopped Spark web UI at http://192.168.0.44:4041
[2022-01-31 18:04:35,971] {spark_submit.py:514} INFO - 22/01/31 18:04:35 INFO MapOutputTrackerMasterEndpoint: MapOutputTrackerMasterEndpoint stopped!
[2022-01-31 18:04:36,015] {spark_submit.py:514} INFO - 22/01/31 18:04:36 INFO MemoryStore: MemoryStore cleared
[2022-01-31 18:04:36,016] {spark_submit.py:514} INFO - 22/01/31 18:04:36 INFO BlockManager: BlockManager stopped
[2022-01-31 18:04:36,025] {spark_submit.py:514} INFO - 22/01/31 18:04:36 INFO BlockManagerMaster: BlockManagerMaster stopped
[2022-01-31 18:04:36,028] {spark_submit.py:514} INFO - 22/01/31 18:04:36 INFO OutputCommitCoordinator$OutputCommitCoordinatorEndpoint: OutputCommitCoordinator stopped!
[2022-01-31 18:04:36,041] {spark_submit.py:514} INFO - 22/01/31 18:04:36 INFO SparkContext: Successfully stopped SparkContext
[2022-01-31 18:04:36,042] {spark_submit.py:514} INFO - 22/01/31 18:04:36 INFO ShutdownHookManager: Shutdown hook called
[2022-01-31 18:04:36,043] {spark_submit.py:514} INFO - 22/01/31 18:04:36 INFO ShutdownHookManager: Deleting directory /private/var/folders/k6/528t8tnx5llf4w8y5xx1rrm80000gn/T/spark-850842b8-8ba1-4fb0-b95f-297f6825fee2
[2022-01-31 18:04:36,049] {spark_submit.py:514} INFO - 22/01/31 18:04:36 INFO ShutdownHookManager: Deleting directory /private/var/folders/k6/528t8tnx5llf4w8y5xx1rrm80000gn/T/spark-fef093ae-d496-4287-993d-c51338705b55
[2022-01-31 18:04:36,064] {spark_submit.py:514} INFO - 22/01/31 18:04:36 INFO ShutdownHookManager: Deleting directory /private/var/folders/k6/528t8tnx5llf4w8y5xx1rrm80000gn/T/spark-fef093ae-d496-4287-993d-c51338705b55/pyspark-07cb8c9c-3199-4871-b4c1-e8607ff94ebc
[2022-01-31 18:04:36,172] {taskinstance.py:1219} INFO - Marking task as SUCCESS. dag_id=twitter_dag, task_id=transform_twitter_alura_online, execution_date=20220128T090000, start_date=20220131T210401, end_date=20220131T210436
[2022-01-31 18:04:36,220] {local_task_job.py:151} INFO - Task exited with return code 0
[2022-01-31 18:04:36,245] {local_task_job.py:261} INFO - 0 downstream tasks scheduled from follow-on schedule check
