[2022-02-02 11:22:03,233] {taskinstance.py:903} INFO - Dependencies all met for <TaskInstance: twitter_dag.transform_twitter_aluraonline 2022-01-30T09:00:00+00:00 [queued]>
[2022-02-02 11:22:03,241] {taskinstance.py:903} INFO - Dependencies all met for <TaskInstance: twitter_dag.transform_twitter_aluraonline 2022-01-30T09:00:00+00:00 [queued]>
[2022-02-02 11:22:03,242] {taskinstance.py:1095} INFO - 
--------------------------------------------------------------------------------
[2022-02-02 11:22:03,242] {taskinstance.py:1096} INFO - Starting attempt 1 of 1
[2022-02-02 11:22:03,242] {taskinstance.py:1097} INFO - 
--------------------------------------------------------------------------------
[2022-02-02 11:22:03,251] {taskinstance.py:1115} INFO - Executing <Task(SparkSubmitOperator): transform_twitter_aluraonline> on 2022-01-30T09:00:00+00:00
[2022-02-02 11:22:03,254] {standard_task_runner.py:52} INFO - Started process 21995 to run task
[2022-02-02 11:22:03,266] {standard_task_runner.py:76} INFO - Running: ['airflow', 'tasks', 'run', 'twitter_dag', 'transform_twitter_aluraonline', '2022-01-30T09:00:00+00:00', '--job-id', '9', '--pool', 'default_pool', '--raw', '--subdir', 'DAGS_FOLDER/twitter_dag.py', '--cfg-path', '/var/folders/k6/528t8tnx5llf4w8y5xx1rrm80000gn/T/tmp27sxnk2k', '--error-file', '/var/folders/k6/528t8tnx5llf4w8y5xx1rrm80000gn/T/tmpfndp5ofl']
[2022-02-02 11:22:03,269] {standard_task_runner.py:77} INFO - Job 9: Subtask transform_twitter_aluraonline
[2022-02-02 11:22:03,322] {logging_mixin.py:109} INFO - Running <TaskInstance: twitter_dag.transform_twitter_aluraonline 2022-01-30T09:00:00+00:00 [running]> on host 1.0.0.127.in-addr.arpa
[2022-02-02 11:22:03,366] {taskinstance.py:1254} INFO - Exporting the following env vars:
AIRFLOW_CTX_DAG_OWNER=airflow
AIRFLOW_CTX_DAG_ID=twitter_dag
AIRFLOW_CTX_TASK_ID=transform_twitter_aluraonline
AIRFLOW_CTX_EXECUTION_DATE=2022-01-30T09:00:00+00:00
AIRFLOW_CTX_DAG_RUN_ID=scheduled__2022-01-30T09:00:00+00:00
[2022-02-02 11:22:03,371] {base.py:79} INFO - Using connection to: id: spark_default. Host: local, Port: None, Schema: , Login: , Password: None, extra: {'spark-home': '/Users/bezerraescossia/spark-3.2.0-bin-hadoop3.2'}
[2022-02-02 11:22:03,374] {spark_submit.py:360} INFO - Spark-Submit cmd: /Users/bezerraescossia/spark-3.2.0-bin-hadoop3.2/bin/spark-submit --master local --name twitter_transformation /Users/bezerraescossia/Github/studies/twitter-project/spark/transformation.py --src /Users/bezerraescossia/Github/studies/twitter-project/datalake/bronze/extract_date=2022-01-30 --dest /Users/bezerraescossia/Github/studies/twitter-project/datalake/silver/ --process-date 2022-01-30
[2022-02-02 11:22:05,370] {spark_submit.py:514} INFO - 22/02/02 11:22:05 WARN Utils: Your hostname, MacBook-Air-de-Rafael.local resolves to a loopback address: 127.0.0.1; using 192.168.0.44 instead (on interface en0)
[2022-02-02 11:22:05,371] {spark_submit.py:514} INFO - 22/02/02 11:22:05 WARN Utils: Set SPARK_LOCAL_IP if you need to bind to another address
[2022-02-02 11:22:06,612] {spark_submit.py:514} INFO - Using Spark's default log4j profile: org/apache/spark/log4j-defaults.properties
[2022-02-02 11:22:06,624] {spark_submit.py:514} INFO - 22/02/02 11:22:06 INFO SparkContext: Running Spark version 3.2.0
[2022-02-02 11:22:06,778] {spark_submit.py:514} INFO - 22/02/02 11:22:06 WARN NativeCodeLoader: Unable to load native-hadoop library for your platform... using builtin-java classes where applicable
[2022-02-02 11:22:06,938] {spark_submit.py:514} INFO - 22/02/02 11:22:06 INFO ResourceUtils: ==============================================================
[2022-02-02 11:22:06,938] {spark_submit.py:514} INFO - 22/02/02 11:22:06 INFO ResourceUtils: No custom resources configured for spark.driver.
[2022-02-02 11:22:06,939] {spark_submit.py:514} INFO - 22/02/02 11:22:06 INFO ResourceUtils: ==============================================================
[2022-02-02 11:22:06,939] {spark_submit.py:514} INFO - 22/02/02 11:22:06 INFO SparkContext: Submitted application: twitter_transformation
[2022-02-02 11:22:06,970] {spark_submit.py:514} INFO - 22/02/02 11:22:06 INFO ResourceProfile: Default ResourceProfile created, executor resources: Map(cores -> name: cores, amount: 1, script: , vendor: , memory -> name: memory, amount: 1024, script: , vendor: , offHeap -> name: offHeap, amount: 0, script: , vendor: ), task resources: Map(cpus -> name: cpus, amount: 1.0)
[2022-02-02 11:22:06,994] {spark_submit.py:514} INFO - 22/02/02 11:22:06 INFO ResourceProfile: Limiting resource is cpu
[2022-02-02 11:22:06,996] {spark_submit.py:514} INFO - 22/02/02 11:22:06 INFO ResourceProfileManager: Added ResourceProfile id: 0
[2022-02-02 11:22:07,084] {spark_submit.py:514} INFO - 22/02/02 11:22:07 INFO SecurityManager: Changing view acls to: bezerraescossia
[2022-02-02 11:22:07,085] {spark_submit.py:514} INFO - 22/02/02 11:22:07 INFO SecurityManager: Changing modify acls to: bezerraescossia
[2022-02-02 11:22:07,086] {spark_submit.py:514} INFO - 22/02/02 11:22:07 INFO SecurityManager: Changing view acls groups to:
[2022-02-02 11:22:07,089] {spark_submit.py:514} INFO - 22/02/02 11:22:07 INFO SecurityManager: Changing modify acls groups to:
[2022-02-02 11:22:07,089] {spark_submit.py:514} INFO - 22/02/02 11:22:07 INFO SecurityManager: SecurityManager: authentication disabled; ui acls disabled; users  with view permissions: Set(bezerraescossia); groups with view permissions: Set(); users  with modify permissions: Set(bezerraescossia); groups with modify permissions: Set()
[2022-02-02 11:22:07,528] {spark_submit.py:514} INFO - 22/02/02 11:22:07 INFO Utils: Successfully started service 'sparkDriver' on port 54124.
[2022-02-02 11:22:07,568] {spark_submit.py:514} INFO - 22/02/02 11:22:07 INFO SparkEnv: Registering MapOutputTracker
[2022-02-02 11:22:07,614] {spark_submit.py:514} INFO - 22/02/02 11:22:07 INFO SparkEnv: Registering BlockManagerMaster
[2022-02-02 11:22:07,650] {spark_submit.py:514} INFO - 22/02/02 11:22:07 INFO BlockManagerMasterEndpoint: Using org.apache.spark.storage.DefaultTopologyMapper for getting topology information
[2022-02-02 11:22:07,651] {spark_submit.py:514} INFO - 22/02/02 11:22:07 INFO BlockManagerMasterEndpoint: BlockManagerMasterEndpoint up
[2022-02-02 11:22:07,656] {spark_submit.py:514} INFO - 22/02/02 11:22:07 INFO SparkEnv: Registering BlockManagerMasterHeartbeat
[2022-02-02 11:22:07,692] {spark_submit.py:514} INFO - 22/02/02 11:22:07 INFO DiskBlockManager: Created local directory at /private/var/folders/k6/528t8tnx5llf4w8y5xx1rrm80000gn/T/blockmgr-4f15b80c-eae5-4d8a-b605-a464495cba55
[2022-02-02 11:22:07,755] {spark_submit.py:514} INFO - 22/02/02 11:22:07 INFO MemoryStore: MemoryStore started with capacity 366.3 MiB
[2022-02-02 11:22:07,786] {spark_submit.py:514} INFO - 22/02/02 11:22:07 INFO SparkEnv: Registering OutputCommitCoordinator
[2022-02-02 11:22:08,166] {spark_submit.py:514} INFO - 22/02/02 11:22:08 INFO Utils: Successfully started service 'SparkUI' on port 4040.
[2022-02-02 11:22:08,284] {spark_submit.py:514} INFO - 22/02/02 11:22:08 INFO SparkUI: Bound SparkUI to 0.0.0.0, and started at http://192.168.0.44:4040
[2022-02-02 11:22:08,611] {spark_submit.py:514} INFO - 22/02/02 11:22:08 INFO Executor: Starting executor ID driver on host 192.168.0.44
[2022-02-02 11:22:08,661] {spark_submit.py:514} INFO - 22/02/02 11:22:08 INFO Utils: Successfully started service 'org.apache.spark.network.netty.NettyBlockTransferService' on port 54128.
[2022-02-02 11:22:08,662] {spark_submit.py:514} INFO - 22/02/02 11:22:08 INFO NettyBlockTransferService: Server created on 192.168.0.44:54128
[2022-02-02 11:22:08,664] {spark_submit.py:514} INFO - 22/02/02 11:22:08 INFO BlockManager: Using org.apache.spark.storage.RandomBlockReplicationPolicy for block replication policy
[2022-02-02 11:22:08,675] {spark_submit.py:514} INFO - 22/02/02 11:22:08 INFO BlockManagerMaster: Registering BlockManager BlockManagerId(driver, 192.168.0.44, 54128, None)
[2022-02-02 11:22:08,681] {spark_submit.py:514} INFO - 22/02/02 11:22:08 INFO BlockManagerMasterEndpoint: Registering block manager 192.168.0.44:54128 with 366.3 MiB RAM, BlockManagerId(driver, 192.168.0.44, 54128, None)
[2022-02-02 11:22:08,688] {spark_submit.py:514} INFO - 22/02/02 11:22:08 INFO BlockManagerMaster: Registered BlockManager BlockManagerId(driver, 192.168.0.44, 54128, None)
[2022-02-02 11:22:08,691] {spark_submit.py:514} INFO - 22/02/02 11:22:08 INFO BlockManager: Initialized BlockManager: BlockManagerId(driver, 192.168.0.44, 54128, None)
[2022-02-02 11:22:09,562] {spark_submit.py:514} INFO - 22/02/02 11:22:09 INFO SharedState: Setting hive.metastore.warehouse.dir ('null') to the value of spark.sql.warehouse.dir.
[2022-02-02 11:22:09,667] {spark_submit.py:514} INFO - 22/02/02 11:22:09 INFO SharedState: Warehouse path is 'file:/Users/bezerraescossia/Github/studies/twitter-project/spark-warehouse'.
[2022-02-02 11:22:11,155] {spark_submit.py:514} INFO - 22/02/02 11:22:11 INFO InMemoryFileIndex: It took 69 ms to list leaf files for 1 paths.
[2022-02-02 11:22:11,367] {spark_submit.py:514} INFO - 22/02/02 11:22:11 INFO InMemoryFileIndex: It took 2 ms to list leaf files for 1 paths.
[2022-02-02 11:22:14,856] {spark_submit.py:514} INFO - 22/02/02 11:22:14 INFO FileSourceStrategy: Pushed Filters:
[2022-02-02 11:22:14,867] {spark_submit.py:514} INFO - 22/02/02 11:22:14 INFO FileSourceStrategy: Post-Scan Filters:
[2022-02-02 11:22:14,869] {spark_submit.py:514} INFO - 22/02/02 11:22:14 INFO FileSourceStrategy: Output Data Schema: struct<value: string>
[2022-02-02 11:22:15,381] {spark_submit.py:514} INFO - 22/02/02 11:22:15 INFO MemoryStore: Block broadcast_0 stored as values in memory (estimated size 338.2 KiB, free 366.0 MiB)
[2022-02-02 11:22:15,636] {spark_submit.py:514} INFO - 22/02/02 11:22:15 INFO MemoryStore: Block broadcast_0_piece0 stored as bytes in memory (estimated size 32.5 KiB, free 365.9 MiB)
[2022-02-02 11:22:15,641] {spark_submit.py:514} INFO - 22/02/02 11:22:15 INFO BlockManagerInfo: Added broadcast_0_piece0 in memory on 192.168.0.44:54128 (size: 32.5 KiB, free: 366.3 MiB)
[2022-02-02 11:22:15,649] {spark_submit.py:514} INFO - 22/02/02 11:22:15 INFO SparkContext: Created broadcast 0 from json at NativeMethodAccessorImpl.java:0
[2022-02-02 11:22:15,661] {spark_submit.py:514} INFO - 22/02/02 11:22:15 INFO FileSourceScanExec: Planning scan with bin packing, max size: 4203050 bytes, open cost is considered as scanning 4194304 bytes.
[2022-02-02 11:22:15,986] {spark_submit.py:514} INFO - 22/02/02 11:22:15 INFO SparkContext: Starting job: json at NativeMethodAccessorImpl.java:0
[2022-02-02 11:22:16,007] {spark_submit.py:514} INFO - 22/02/02 11:22:16 INFO DAGScheduler: Got job 0 (json at NativeMethodAccessorImpl.java:0) with 1 output partitions
[2022-02-02 11:22:16,008] {spark_submit.py:514} INFO - 22/02/02 11:22:16 INFO DAGScheduler: Final stage: ResultStage 0 (json at NativeMethodAccessorImpl.java:0)
[2022-02-02 11:22:16,008] {spark_submit.py:514} INFO - 22/02/02 11:22:16 INFO DAGScheduler: Parents of final stage: List()
[2022-02-02 11:22:16,010] {spark_submit.py:514} INFO - 22/02/02 11:22:16 INFO DAGScheduler: Missing parents: List()
[2022-02-02 11:22:16,018] {spark_submit.py:514} INFO - 22/02/02 11:22:16 INFO DAGScheduler: Submitting ResultStage 0 (MapPartitionsRDD[3] at json at NativeMethodAccessorImpl.java:0), which has no missing parents
[2022-02-02 11:22:16,146] {spark_submit.py:514} INFO - 22/02/02 11:22:16 INFO MemoryStore: Block broadcast_1 stored as values in memory (estimated size 12.5 KiB, free 365.9 MiB)
[2022-02-02 11:22:16,149] {spark_submit.py:514} INFO - 22/02/02 11:22:16 INFO MemoryStore: Block broadcast_1_piece0 stored as bytes in memory (estimated size 6.5 KiB, free 365.9 MiB)
[2022-02-02 11:22:16,150] {spark_submit.py:514} INFO - 22/02/02 11:22:16 INFO BlockManagerInfo: Added broadcast_1_piece0 in memory on 192.168.0.44:54128 (size: 6.5 KiB, free: 366.3 MiB)
[2022-02-02 11:22:16,152] {spark_submit.py:514} INFO - 22/02/02 11:22:16 INFO SparkContext: Created broadcast 1 from broadcast at DAGScheduler.scala:1427
[2022-02-02 11:22:16,173] {spark_submit.py:514} INFO - 22/02/02 11:22:16 INFO DAGScheduler: Submitting 1 missing tasks from ResultStage 0 (MapPartitionsRDD[3] at json at NativeMethodAccessorImpl.java:0) (first 15 tasks are for partitions Vector(0))
[2022-02-02 11:22:16,174] {spark_submit.py:514} INFO - 22/02/02 11:22:16 INFO TaskSchedulerImpl: Adding task set 0.0 with 1 tasks resource profile 0
[2022-02-02 11:22:16,243] {spark_submit.py:514} INFO - 22/02/02 11:22:16 INFO TaskSetManager: Starting task 0.0 in stage 0.0 (TID 0) (192.168.0.44, executor driver, partition 0, PROCESS_LOCAL, 4951 bytes) taskResourceAssignments Map()
[2022-02-02 11:22:16,266] {spark_submit.py:514} INFO - 22/02/02 11:22:16 INFO Executor: Running task 0.0 in stage 0.0 (TID 0)
[2022-02-02 11:22:16,957] {spark_submit.py:514} INFO - 22/02/02 11:22:16 INFO FileScanRDD: Reading File path: file:///Users/bezerraescossia/Github/studies/twitter-project/datalake/bronze/extract_date=2022-01-30/AluraOnline_20220130.json, range: 0-8746, partition values: [empty row]
[2022-02-02 11:22:17,365] {spark_submit.py:514} INFO - 22/02/02 11:22:17 INFO CodeGenerator: Code generated in 329.907294 ms
[2022-02-02 11:22:17,489] {spark_submit.py:514} INFO - 22/02/02 11:22:17 INFO Executor: Finished task 0.0 in stage 0.0 (TID 0). 2858 bytes result sent to driver
[2022-02-02 11:22:17,504] {spark_submit.py:514} INFO - 22/02/02 11:22:17 INFO TaskSetManager: Finished task 0.0 in stage 0.0 (TID 0) in 1272 ms on 192.168.0.44 (executor driver) (1/1)
[2022-02-02 11:22:17,508] {spark_submit.py:514} INFO - 22/02/02 11:22:17 INFO TaskSchedulerImpl: Removed TaskSet 0.0, whose tasks have all completed, from pool
[2022-02-02 11:22:17,518] {spark_submit.py:514} INFO - 22/02/02 11:22:17 INFO DAGScheduler: ResultStage 0 (json at NativeMethodAccessorImpl.java:0) finished in 1,477 s
[2022-02-02 11:22:17,523] {spark_submit.py:514} INFO - 22/02/02 11:22:17 INFO DAGScheduler: Job 0 is finished. Cancelling potential speculative or zombie tasks for this job
[2022-02-02 11:22:17,523] {spark_submit.py:514} INFO - 22/02/02 11:22:17 INFO TaskSchedulerImpl: Killing all running tasks in stage 0: Stage finished
[2022-02-02 11:22:17,527] {spark_submit.py:514} INFO - 22/02/02 11:22:17 INFO DAGScheduler: Job 0 finished: json at NativeMethodAccessorImpl.java:0, took 1,548214 s
[2022-02-02 11:22:18,185] {spark_submit.py:514} INFO - 22/02/02 11:22:18 INFO FileSourceStrategy: Pushed Filters: IsNotNull(data)
[2022-02-02 11:22:18,188] {spark_submit.py:514} INFO - 22/02/02 11:22:18 INFO FileSourceStrategy: Post-Scan Filters: (size(data#7, true) > 0),isnotnull(data#7)
[2022-02-02 11:22:18,188] {spark_submit.py:514} INFO - 22/02/02 11:22:18 INFO FileSourceStrategy: Output Data Schema: struct<data: array<struct<author_id:string,conversation_id:string,created_at:string,id:string,in_reply_to_user_id:string,public_metrics:struct<like_count:bigint,quote_count:bigint,reply_count:bigint,retweet_count:bigint>,text:string>>>
[2022-02-02 11:22:18,297] {spark_submit.py:514} INFO - 22/02/02 11:22:18 INFO FileOutputCommitter: File Output Committer Algorithm version is 1
[2022-02-02 11:22:18,297] {spark_submit.py:514} INFO - 22/02/02 11:22:18 INFO FileOutputCommitter: FileOutputCommitter skip cleanup _temporary folders under output directory:false, ignore cleanup failures: false
[2022-02-02 11:22:18,298] {spark_submit.py:514} INFO - 22/02/02 11:22:18 INFO SQLHadoopMapReduceCommitProtocol: Using output committer class org.apache.hadoop.mapreduce.lib.output.FileOutputCommitter
[2022-02-02 11:22:18,640] {spark_submit.py:514} INFO - 22/02/02 11:22:18 INFO CodeGenerator: Code generated in 157.306194 ms
[2022-02-02 11:22:18,653] {spark_submit.py:514} INFO - 22/02/02 11:22:18 INFO MemoryStore: Block broadcast_2 stored as values in memory (estimated size 338.0 KiB, free 365.6 MiB)
[2022-02-02 11:22:18,693] {spark_submit.py:514} INFO - 22/02/02 11:22:18 INFO MemoryStore: Block broadcast_2_piece0 stored as bytes in memory (estimated size 32.5 KiB, free 365.6 MiB)
[2022-02-02 11:22:18,695] {spark_submit.py:514} INFO - 22/02/02 11:22:18 INFO BlockManagerInfo: Added broadcast_2_piece0 in memory on 192.168.0.44:54128 (size: 32.5 KiB, free: 366.2 MiB)
[2022-02-02 11:22:18,698] {spark_submit.py:514} INFO - 22/02/02 11:22:18 INFO SparkContext: Created broadcast 2 from json at NativeMethodAccessorImpl.java:0
[2022-02-02 11:22:18,703] {spark_submit.py:514} INFO - 22/02/02 11:22:18 INFO FileSourceScanExec: Planning scan with bin packing, max size: 4203050 bytes, open cost is considered as scanning 4194304 bytes.
[2022-02-02 11:22:18,928] {spark_submit.py:514} INFO - 22/02/02 11:22:18 INFO SparkContext: Starting job: json at NativeMethodAccessorImpl.java:0
[2022-02-02 11:22:18,931] {spark_submit.py:514} INFO - 22/02/02 11:22:18 INFO DAGScheduler: Got job 1 (json at NativeMethodAccessorImpl.java:0) with 1 output partitions
[2022-02-02 11:22:18,932] {spark_submit.py:514} INFO - 22/02/02 11:22:18 INFO DAGScheduler: Final stage: ResultStage 1 (json at NativeMethodAccessorImpl.java:0)
[2022-02-02 11:22:18,933] {spark_submit.py:514} INFO - 22/02/02 11:22:18 INFO DAGScheduler: Parents of final stage: List()
[2022-02-02 11:22:18,933] {spark_submit.py:514} INFO - 22/02/02 11:22:18 INFO DAGScheduler: Missing parents: List()
[2022-02-02 11:22:18,935] {spark_submit.py:514} INFO - 22/02/02 11:22:18 INFO DAGScheduler: Submitting ResultStage 1 (CoalescedRDD[7] at json at NativeMethodAccessorImpl.java:0), which has no missing parents
[2022-02-02 11:22:19,015] {spark_submit.py:514} INFO - 22/02/02 11:22:19 INFO MemoryStore: Block broadcast_3 stored as values in memory (estimated size 223.6 KiB, free 365.3 MiB)
[2022-02-02 11:22:19,019] {spark_submit.py:514} INFO - 22/02/02 11:22:19 INFO MemoryStore: Block broadcast_3_piece0 stored as bytes in memory (estimated size 76.9 KiB, free 365.3 MiB)
[2022-02-02 11:22:19,020] {spark_submit.py:514} INFO - 22/02/02 11:22:19 INFO BlockManagerInfo: Added broadcast_3_piece0 in memory on 192.168.0.44:54128 (size: 76.9 KiB, free: 366.2 MiB)
[2022-02-02 11:22:19,022] {spark_submit.py:514} INFO - 22/02/02 11:22:19 INFO SparkContext: Created broadcast 3 from broadcast at DAGScheduler.scala:1427
[2022-02-02 11:22:19,023] {spark_submit.py:514} INFO - 22/02/02 11:22:19 INFO DAGScheduler: Submitting 1 missing tasks from ResultStage 1 (CoalescedRDD[7] at json at NativeMethodAccessorImpl.java:0) (first 15 tasks are for partitions Vector(0))
[2022-02-02 11:22:19,024] {spark_submit.py:514} INFO - 22/02/02 11:22:19 INFO TaskSchedulerImpl: Adding task set 1.0 with 1 tasks resource profile 0
[2022-02-02 11:22:19,030] {spark_submit.py:514} INFO - 22/02/02 11:22:19 INFO TaskSetManager: Starting task 0.0 in stage 1.0 (TID 1) (192.168.0.44, executor driver, partition 0, PROCESS_LOCAL, 5180 bytes) taskResourceAssignments Map()
[2022-02-02 11:22:19,032] {spark_submit.py:514} INFO - 22/02/02 11:22:19 INFO Executor: Running task 0.0 in stage 1.0 (TID 1)
[2022-02-02 11:22:19,128] {spark_submit.py:514} INFO - 22/02/02 11:22:19 INFO FileOutputCommitter: File Output Committer Algorithm version is 1
[2022-02-02 11:22:19,132] {spark_submit.py:514} INFO - 22/02/02 11:22:19 INFO FileOutputCommitter: FileOutputCommitter skip cleanup _temporary folders under output directory:false, ignore cleanup failures: false
[2022-02-02 11:22:19,133] {spark_submit.py:514} INFO - 22/02/02 11:22:19 INFO SQLHadoopMapReduceCommitProtocol: Using output committer class org.apache.hadoop.mapreduce.lib.output.FileOutputCommitter
[2022-02-02 11:22:19,212] {spark_submit.py:514} INFO - 22/02/02 11:22:19 INFO FileScanRDD: Reading File path: file:///Users/bezerraescossia/Github/studies/twitter-project/datalake/bronze/extract_date=2022-01-30/AluraOnline_20220130.json, range: 0-8746, partition values: [empty row]
[2022-02-02 11:22:19,257] {spark_submit.py:514} INFO - 22/02/02 11:22:19 INFO CodeGenerator: Code generated in 43.74953 ms
[2022-02-02 11:22:19,299] {spark_submit.py:514} INFO - 22/02/02 11:22:19 INFO CodeGenerator: Code generated in 10.612201 ms
[2022-02-02 11:22:19,360] {spark_submit.py:514} INFO - 22/02/02 11:22:19 INFO FileOutputCommitter: Saved output of task 'attempt_202202021122187517320778958702295_0001_m_000000_1' to file:/Users/bezerraescossia/Github/studies/twitter-project/datalake/silver/tweet/process_date=2022-01-30/_temporary/0/task_202202021122187517320778958702295_0001_m_000000
[2022-02-02 11:22:19,361] {spark_submit.py:514} INFO - 22/02/02 11:22:19 INFO SparkHadoopMapRedUtil: attempt_202202021122187517320778958702295_0001_m_000000_1: Committed
[2022-02-02 11:22:19,372] {spark_submit.py:514} INFO - 22/02/02 11:22:19 INFO Executor: Finished task 0.0 in stage 1.0 (TID 1). 2670 bytes result sent to driver
[2022-02-02 11:22:19,377] {spark_submit.py:514} INFO - 22/02/02 11:22:19 INFO TaskSetManager: Finished task 0.0 in stage 1.0 (TID 1) in 350 ms on 192.168.0.44 (executor driver) (1/1)
[2022-02-02 11:22:19,378] {spark_submit.py:514} INFO - 22/02/02 11:22:19 INFO TaskSchedulerImpl: Removed TaskSet 1.0, whose tasks have all completed, from pool
[2022-02-02 11:22:19,402] {spark_submit.py:514} INFO - 22/02/02 11:22:19 INFO DAGScheduler: ResultStage 1 (json at NativeMethodAccessorImpl.java:0) finished in 0,440 s
[2022-02-02 11:22:19,404] {spark_submit.py:514} INFO - 22/02/02 11:22:19 INFO DAGScheduler: Job 1 is finished. Cancelling potential speculative or zombie tasks for this job
[2022-02-02 11:22:19,406] {spark_submit.py:514} INFO - 22/02/02 11:22:19 INFO TaskSchedulerImpl: Killing all running tasks in stage 1: Stage finished
[2022-02-02 11:22:19,407] {spark_submit.py:514} INFO - 22/02/02 11:22:19 INFO DAGScheduler: Job 1 finished: json at NativeMethodAccessorImpl.java:0, took 0,454416 s
[2022-02-02 11:22:19,409] {spark_submit.py:514} INFO - 22/02/02 11:22:19 INFO FileFormatWriter: Start to commit write Job a1d5878a-0432-4438-94d3-b02bff6ec5d1.
[2022-02-02 11:22:19,438] {spark_submit.py:514} INFO - 22/02/02 11:22:19 INFO FileFormatWriter: Write Job a1d5878a-0432-4438-94d3-b02bff6ec5d1 committed. Elapsed time: 41 ms.
[2022-02-02 11:22:19,439] {spark_submit.py:514} INFO - 22/02/02 11:22:19 INFO FileFormatWriter: Finished processing stats for write job a1d5878a-0432-4438-94d3-b02bff6ec5d1.
[2022-02-02 11:22:19,524] {spark_submit.py:514} INFO - 22/02/02 11:22:19 INFO FileSourceStrategy: Pushed Filters: IsNotNull(includes)
[2022-02-02 11:22:19,525] {spark_submit.py:514} INFO - 22/02/02 11:22:19 INFO FileSourceStrategy: Post-Scan Filters: isnotnull(includes#8),(size(includes#8.users, true) > 0),isnotnull(includes#8.users)
[2022-02-02 11:22:19,526] {spark_submit.py:514} INFO - 22/02/02 11:22:19 INFO FileSourceStrategy: Output Data Schema: struct<includes: struct<users: array<struct<created_at:string,id:string,name:string,username:string>>>>
[2022-02-02 11:22:19,545] {spark_submit.py:514} INFO - 22/02/02 11:22:19 INFO FileOutputCommitter: File Output Committer Algorithm version is 1
[2022-02-02 11:22:19,546] {spark_submit.py:514} INFO - 22/02/02 11:22:19 INFO FileOutputCommitter: FileOutputCommitter skip cleanup _temporary folders under output directory:false, ignore cleanup failures: false
[2022-02-02 11:22:19,546] {spark_submit.py:514} INFO - 22/02/02 11:22:19 INFO SQLHadoopMapReduceCommitProtocol: Using output committer class org.apache.hadoop.mapreduce.lib.output.FileOutputCommitter
[2022-02-02 11:22:19,628] {spark_submit.py:514} INFO - 22/02/02 11:22:19 INFO CodeGenerator: Code generated in 29.255163 ms
[2022-02-02 11:22:19,668] {spark_submit.py:514} INFO - 22/02/02 11:22:19 INFO MemoryStore: Block broadcast_4 stored as values in memory (estimated size 338.0 KiB, free 364.9 MiB)
[2022-02-02 11:22:19,670] {spark_submit.py:514} INFO - 22/02/02 11:22:19 INFO MemoryStore: Block broadcast_4_piece0 stored as bytes in memory (estimated size 32.5 KiB, free 364.9 MiB)
[2022-02-02 11:22:19,672] {spark_submit.py:514} INFO - 22/02/02 11:22:19 INFO BlockManagerInfo: Added broadcast_4_piece0 in memory on 192.168.0.44:54128 (size: 32.5 KiB, free: 366.1 MiB)
[2022-02-02 11:22:19,673] {spark_submit.py:514} INFO - 22/02/02 11:22:19 INFO SparkContext: Created broadcast 4 from json at NativeMethodAccessorImpl.java:0
[2022-02-02 11:22:19,674] {spark_submit.py:514} INFO - 22/02/02 11:22:19 INFO FileSourceScanExec: Planning scan with bin packing, max size: 4203050 bytes, open cost is considered as scanning 4194304 bytes.
[2022-02-02 11:22:19,766] {spark_submit.py:514} INFO - 22/02/02 11:22:19 INFO SparkContext: Starting job: json at NativeMethodAccessorImpl.java:0
[2022-02-02 11:22:19,769] {spark_submit.py:514} INFO - 22/02/02 11:22:19 INFO DAGScheduler: Got job 2 (json at NativeMethodAccessorImpl.java:0) with 1 output partitions
[2022-02-02 11:22:19,770] {spark_submit.py:514} INFO - 22/02/02 11:22:19 INFO DAGScheduler: Final stage: ResultStage 2 (json at NativeMethodAccessorImpl.java:0)
[2022-02-02 11:22:19,771] {spark_submit.py:514} INFO - 22/02/02 11:22:19 INFO DAGScheduler: Parents of final stage: List()
[2022-02-02 11:22:19,772] {spark_submit.py:514} INFO - 22/02/02 11:22:19 INFO DAGScheduler: Missing parents: List()
[2022-02-02 11:22:19,772] {spark_submit.py:514} INFO - 22/02/02 11:22:19 INFO DAGScheduler: Submitting ResultStage 2 (CoalescedRDD[11] at json at NativeMethodAccessorImpl.java:0), which has no missing parents
[2022-02-02 11:22:19,853] {spark_submit.py:514} INFO - 22/02/02 11:22:19 INFO MemoryStore: Block broadcast_5 stored as values in memory (estimated size 211.2 KiB, free 364.7 MiB)
[2022-02-02 11:22:19,863] {spark_submit.py:514} INFO - 22/02/02 11:22:19 INFO MemoryStore: Block broadcast_5_piece0 stored as bytes in memory (estimated size 75.2 KiB, free 364.6 MiB)
[2022-02-02 11:22:19,865] {spark_submit.py:514} INFO - 22/02/02 11:22:19 INFO BlockManagerInfo: Added broadcast_5_piece0 in memory on 192.168.0.44:54128 (size: 75.2 KiB, free: 366.0 MiB)
[2022-02-02 11:22:19,867] {spark_submit.py:514} INFO - 22/02/02 11:22:19 INFO SparkContext: Created broadcast 5 from broadcast at DAGScheduler.scala:1427
[2022-02-02 11:22:19,868] {spark_submit.py:514} INFO - 22/02/02 11:22:19 INFO DAGScheduler: Submitting 1 missing tasks from ResultStage 2 (CoalescedRDD[11] at json at NativeMethodAccessorImpl.java:0) (first 15 tasks are for partitions Vector(0))
[2022-02-02 11:22:19,869] {spark_submit.py:514} INFO - 22/02/02 11:22:19 INFO TaskSchedulerImpl: Adding task set 2.0 with 1 tasks resource profile 0
[2022-02-02 11:22:19,872] {spark_submit.py:514} INFO - 22/02/02 11:22:19 INFO TaskSetManager: Starting task 0.0 in stage 2.0 (TID 2) (192.168.0.44, executor driver, partition 0, PROCESS_LOCAL, 5180 bytes) taskResourceAssignments Map()
[2022-02-02 11:22:19,873] {spark_submit.py:514} INFO - 22/02/02 11:22:19 INFO Executor: Running task 0.0 in stage 2.0 (TID 2)
[2022-02-02 11:22:19,913] {spark_submit.py:514} INFO - 22/02/02 11:22:19 INFO FileOutputCommitter: File Output Committer Algorithm version is 1
[2022-02-02 11:22:19,915] {spark_submit.py:514} INFO - 22/02/02 11:22:19 INFO FileOutputCommitter: FileOutputCommitter skip cleanup _temporary folders under output directory:false, ignore cleanup failures: false
[2022-02-02 11:22:19,917] {spark_submit.py:514} INFO - 22/02/02 11:22:19 INFO SQLHadoopMapReduceCommitProtocol: Using output committer class org.apache.hadoop.mapreduce.lib.output.FileOutputCommitter
[2022-02-02 11:22:19,964] {spark_submit.py:514} INFO - 22/02/02 11:22:19 INFO FileScanRDD: Reading File path: file:///Users/bezerraescossia/Github/studies/twitter-project/datalake/bronze/extract_date=2022-01-30/AluraOnline_20220130.json, range: 0-8746, partition values: [empty row]
[2022-02-02 11:22:20,005] {spark_submit.py:514} INFO - 22/02/02 11:22:20 INFO CodeGenerator: Code generated in 34.466637 ms
[2022-02-02 11:22:20,025] {spark_submit.py:514} INFO - 22/02/02 11:22:20 INFO CodeGenerator: Code generated in 16.313357 ms
[2022-02-02 11:22:20,047] {spark_submit.py:514} INFO - 22/02/02 11:22:20 INFO FileOutputCommitter: Saved output of task 'attempt_202202021122197061589184558319010_0002_m_000000_2' to file:/Users/bezerraescossia/Github/studies/twitter-project/datalake/silver/user/process_date=2022-01-30/_temporary/0/task_202202021122197061589184558319010_0002_m_000000
[2022-02-02 11:22:20,049] {spark_submit.py:514} INFO - 22/02/02 11:22:20 INFO SparkHadoopMapRedUtil: attempt_202202021122197061589184558319010_0002_m_000000_2: Committed
[2022-02-02 11:22:20,053] {spark_submit.py:514} INFO - 22/02/02 11:22:20 INFO Executor: Finished task 0.0 in stage 2.0 (TID 2). 2627 bytes result sent to driver
[2022-02-02 11:22:20,055] {spark_submit.py:514} INFO - 22/02/02 11:22:20 INFO TaskSetManager: Finished task 0.0 in stage 2.0 (TID 2) in 184 ms on 192.168.0.44 (executor driver) (1/1)
[2022-02-02 11:22:20,056] {spark_submit.py:514} INFO - 22/02/02 11:22:20 INFO TaskSchedulerImpl: Removed TaskSet 2.0, whose tasks have all completed, from pool
[2022-02-02 11:22:20,058] {spark_submit.py:514} INFO - 22/02/02 11:22:20 INFO DAGScheduler: ResultStage 2 (json at NativeMethodAccessorImpl.java:0) finished in 0,285 s
[2022-02-02 11:22:20,059] {spark_submit.py:514} INFO - 22/02/02 11:22:20 INFO DAGScheduler: Job 2 is finished. Cancelling potential speculative or zombie tasks for this job
[2022-02-02 11:22:20,060] {spark_submit.py:514} INFO - 22/02/02 11:22:20 INFO TaskSchedulerImpl: Killing all running tasks in stage 2: Stage finished
[2022-02-02 11:22:20,060] {spark_submit.py:514} INFO - 22/02/02 11:22:20 INFO DAGScheduler: Job 2 finished: json at NativeMethodAccessorImpl.java:0, took 0,291611 s
[2022-02-02 11:22:20,061] {spark_submit.py:514} INFO - 22/02/02 11:22:20 INFO FileFormatWriter: Start to commit write Job 5a2a4230-c597-44e0-980b-adc72dbf2951.
[2022-02-02 11:22:20,148] {spark_submit.py:514} INFO - 22/02/02 11:22:20 INFO FileFormatWriter: Write Job 5a2a4230-c597-44e0-980b-adc72dbf2951 committed. Elapsed time: 57 ms.
[2022-02-02 11:22:20,150] {spark_submit.py:514} INFO - 22/02/02 11:22:20 INFO FileFormatWriter: Finished processing stats for write job 5a2a4230-c597-44e0-980b-adc72dbf2951.
[2022-02-02 11:22:20,193] {spark_submit.py:514} INFO - 22/02/02 11:22:20 INFO SparkContext: Invoking stop() from shutdown hook
[2022-02-02 11:22:20,214] {spark_submit.py:514} INFO - 22/02/02 11:22:20 INFO SparkUI: Stopped Spark web UI at http://192.168.0.44:4040
[2022-02-02 11:22:20,236] {spark_submit.py:514} INFO - 22/02/02 11:22:20 INFO MapOutputTrackerMasterEndpoint: MapOutputTrackerMasterEndpoint stopped!
[2022-02-02 11:22:20,256] {spark_submit.py:514} INFO - 22/02/02 11:22:20 INFO MemoryStore: MemoryStore cleared
[2022-02-02 11:22:20,256] {spark_submit.py:514} INFO - 22/02/02 11:22:20 INFO BlockManager: BlockManager stopped
[2022-02-02 11:22:20,267] {spark_submit.py:514} INFO - 22/02/02 11:22:20 INFO BlockManagerMaster: BlockManagerMaster stopped
[2022-02-02 11:22:20,271] {spark_submit.py:514} INFO - 22/02/02 11:22:20 INFO OutputCommitCoordinator$OutputCommitCoordinatorEndpoint: OutputCommitCoordinator stopped!
[2022-02-02 11:22:20,285] {spark_submit.py:514} INFO - 22/02/02 11:22:20 INFO SparkContext: Successfully stopped SparkContext
[2022-02-02 11:22:20,287] {spark_submit.py:514} INFO - 22/02/02 11:22:20 INFO ShutdownHookManager: Shutdown hook called
[2022-02-02 11:22:20,288] {spark_submit.py:514} INFO - 22/02/02 11:22:20 INFO ShutdownHookManager: Deleting directory /private/var/folders/k6/528t8tnx5llf4w8y5xx1rrm80000gn/T/spark-662c1536-9cc8-40ff-9129-a2f9c2f5152b/pyspark-0c862fbf-ba41-4aca-b044-386417427faf
[2022-02-02 11:22:20,297] {spark_submit.py:514} INFO - 22/02/02 11:22:20 INFO ShutdownHookManager: Deleting directory /private/var/folders/k6/528t8tnx5llf4w8y5xx1rrm80000gn/T/spark-67f667ae-34bd-4cfa-a884-18d127ba04d3
[2022-02-02 11:22:20,304] {spark_submit.py:514} INFO - 22/02/02 11:22:20 INFO ShutdownHookManager: Deleting directory /private/var/folders/k6/528t8tnx5llf4w8y5xx1rrm80000gn/T/spark-662c1536-9cc8-40ff-9129-a2f9c2f5152b
[2022-02-02 11:22:20,404] {taskinstance.py:1219} INFO - Marking task as SUCCESS. dag_id=twitter_dag, task_id=transform_twitter_aluraonline, execution_date=20220130T090000, start_date=20220202T142203, end_date=20220202T142220
[2022-02-02 11:22:20,442] {local_task_job.py:151} INFO - Task exited with return code 0
[2022-02-02 11:22:20,462] {local_task_job.py:261} INFO - 0 downstream tasks scheduled from follow-on schedule check
