[2022-02-02 11:22:53,828] {taskinstance.py:903} INFO - Dependencies all met for <TaskInstance: twitter_dag.transform_twitter_aluraonline 2022-02-01T09:00:00+00:00 [queued]>
[2022-02-02 11:22:53,839] {taskinstance.py:903} INFO - Dependencies all met for <TaskInstance: twitter_dag.transform_twitter_aluraonline 2022-02-01T09:00:00+00:00 [queued]>
[2022-02-02 11:22:53,839] {taskinstance.py:1095} INFO - 
--------------------------------------------------------------------------------
[2022-02-02 11:22:53,840] {taskinstance.py:1096} INFO - Starting attempt 1 of 1
[2022-02-02 11:22:53,840] {taskinstance.py:1097} INFO - 
--------------------------------------------------------------------------------
[2022-02-02 11:22:53,849] {taskinstance.py:1115} INFO - Executing <Task(SparkSubmitOperator): transform_twitter_aluraonline> on 2022-02-01T09:00:00+00:00
[2022-02-02 11:22:53,855] {standard_task_runner.py:52} INFO - Started process 22070 to run task
[2022-02-02 11:22:53,878] {standard_task_runner.py:76} INFO - Running: ['airflow', 'tasks', 'run', 'twitter_dag', 'transform_twitter_aluraonline', '2022-02-01T09:00:00+00:00', '--job-id', '13', '--pool', 'default_pool', '--raw', '--subdir', 'DAGS_FOLDER/twitter_dag.py', '--cfg-path', '/var/folders/k6/528t8tnx5llf4w8y5xx1rrm80000gn/T/tmpc9bab6jx', '--error-file', '/var/folders/k6/528t8tnx5llf4w8y5xx1rrm80000gn/T/tmpnjszycdl']
[2022-02-02 11:22:53,882] {standard_task_runner.py:77} INFO - Job 13: Subtask transform_twitter_aluraonline
[2022-02-02 11:22:53,943] {logging_mixin.py:109} INFO - Running <TaskInstance: twitter_dag.transform_twitter_aluraonline 2022-02-01T09:00:00+00:00 [running]> on host MacBook-Air-de-Rafael.local
[2022-02-02 11:22:53,986] {taskinstance.py:1254} INFO - Exporting the following env vars:
AIRFLOW_CTX_DAG_OWNER=airflow
AIRFLOW_CTX_DAG_ID=twitter_dag
AIRFLOW_CTX_TASK_ID=transform_twitter_aluraonline
AIRFLOW_CTX_EXECUTION_DATE=2022-02-01T09:00:00+00:00
AIRFLOW_CTX_DAG_RUN_ID=scheduled__2022-02-01T09:00:00+00:00
[2022-02-02 11:22:53,992] {base.py:79} INFO - Using connection to: id: spark_default. Host: local, Port: None, Schema: , Login: , Password: None, extra: {'spark-home': '/Users/bezerraescossia/spark-3.2.0-bin-hadoop3.2'}
[2022-02-02 11:22:53,995] {spark_submit.py:360} INFO - Spark-Submit cmd: /Users/bezerraescossia/spark-3.2.0-bin-hadoop3.2/bin/spark-submit --master local --name twitter_transformation /Users/bezerraescossia/Github/studies/twitter-project/spark/transformation.py --src /Users/bezerraescossia/Github/studies/twitter-project/datalake/bronze/extract_date=2022-02-01 --dest /Users/bezerraescossia/Github/studies/twitter-project/datalake/silver/ --process-date 2022-02-01
[2022-02-02 11:22:57,199] {spark_submit.py:514} INFO - Using Spark's default log4j profile: org/apache/spark/log4j-defaults.properties
[2022-02-02 11:22:57,211] {spark_submit.py:514} INFO - 22/02/02 11:22:57 INFO SparkContext: Running Spark version 3.2.0
[2022-02-02 11:22:57,325] {spark_submit.py:514} INFO - 22/02/02 11:22:57 WARN NativeCodeLoader: Unable to load native-hadoop library for your platform... using builtin-java classes where applicable
[2022-02-02 11:22:57,524] {spark_submit.py:514} INFO - 22/02/02 11:22:57 INFO ResourceUtils: ==============================================================
[2022-02-02 11:22:57,524] {spark_submit.py:514} INFO - 22/02/02 11:22:57 INFO ResourceUtils: No custom resources configured for spark.driver.
[2022-02-02 11:22:57,525] {spark_submit.py:514} INFO - 22/02/02 11:22:57 INFO ResourceUtils: ==============================================================
[2022-02-02 11:22:57,525] {spark_submit.py:514} INFO - 22/02/02 11:22:57 INFO SparkContext: Submitted application: twitter_transformation
[2022-02-02 11:22:57,560] {spark_submit.py:514} INFO - 22/02/02 11:22:57 INFO ResourceProfile: Default ResourceProfile created, executor resources: Map(cores -> name: cores, amount: 1, script: , vendor: , memory -> name: memory, amount: 1024, script: , vendor: , offHeap -> name: offHeap, amount: 0, script: , vendor: ), task resources: Map(cpus -> name: cpus, amount: 1.0)
[2022-02-02 11:22:57,582] {spark_submit.py:514} INFO - 22/02/02 11:22:57 INFO ResourceProfile: Limiting resource is cpu
[2022-02-02 11:22:57,583] {spark_submit.py:514} INFO - 22/02/02 11:22:57 INFO ResourceProfileManager: Added ResourceProfile id: 0
[2022-02-02 11:22:57,678] {spark_submit.py:514} INFO - 22/02/02 11:22:57 INFO SecurityManager: Changing view acls to: bezerraescossia
[2022-02-02 11:22:57,679] {spark_submit.py:514} INFO - 22/02/02 11:22:57 INFO SecurityManager: Changing modify acls to: bezerraescossia
[2022-02-02 11:22:57,680] {spark_submit.py:514} INFO - 22/02/02 11:22:57 INFO SecurityManager: Changing view acls groups to:
[2022-02-02 11:22:57,681] {spark_submit.py:514} INFO - 22/02/02 11:22:57 INFO SecurityManager: Changing modify acls groups to:
[2022-02-02 11:22:57,682] {spark_submit.py:514} INFO - 22/02/02 11:22:57 INFO SecurityManager: SecurityManager: authentication disabled; ui acls disabled; users  with view permissions: Set(bezerraescossia); groups with view permissions: Set(); users  with modify permissions: Set(bezerraescossia); groups with modify permissions: Set()
[2022-02-02 11:22:58,142] {spark_submit.py:514} INFO - 22/02/02 11:22:58 INFO Utils: Successfully started service 'sparkDriver' on port 54180.
[2022-02-02 11:22:58,183] {spark_submit.py:514} INFO - 22/02/02 11:22:58 INFO SparkEnv: Registering MapOutputTracker
[2022-02-02 11:22:58,232] {spark_submit.py:514} INFO - 22/02/02 11:22:58 INFO SparkEnv: Registering BlockManagerMaster
[2022-02-02 11:22:58,258] {spark_submit.py:514} INFO - 22/02/02 11:22:58 INFO BlockManagerMasterEndpoint: Using org.apache.spark.storage.DefaultTopologyMapper for getting topology information
[2022-02-02 11:22:58,258] {spark_submit.py:514} INFO - 22/02/02 11:22:58 INFO BlockManagerMasterEndpoint: BlockManagerMasterEndpoint up
[2022-02-02 11:22:58,264] {spark_submit.py:514} INFO - 22/02/02 11:22:58 INFO SparkEnv: Registering BlockManagerMasterHeartbeat
[2022-02-02 11:22:58,316] {spark_submit.py:514} INFO - 22/02/02 11:22:58 INFO DiskBlockManager: Created local directory at /private/var/folders/k6/528t8tnx5llf4w8y5xx1rrm80000gn/T/blockmgr-ebefca01-6177-4900-b5d2-58cc4c758f59
[2022-02-02 11:22:58,357] {spark_submit.py:514} INFO - 22/02/02 11:22:58 INFO MemoryStore: MemoryStore started with capacity 366.3 MiB
[2022-02-02 11:22:58,384] {spark_submit.py:514} INFO - 22/02/02 11:22:58 INFO SparkEnv: Registering OutputCommitCoordinator
[2022-02-02 11:22:58,709] {spark_submit.py:514} INFO - 22/02/02 11:22:58 INFO Utils: Successfully started service 'SparkUI' on port 4040.
[2022-02-02 11:22:58,948] {spark_submit.py:514} INFO - 22/02/02 11:22:58 INFO SparkUI: Bound SparkUI to 0.0.0.0, and started at http://192.168.0.44:4040
[2022-02-02 11:22:59,323] {spark_submit.py:514} INFO - 22/02/02 11:22:59 INFO Executor: Starting executor ID driver on host 192.168.0.44
[2022-02-02 11:22:59,373] {spark_submit.py:514} INFO - 22/02/02 11:22:59 INFO Utils: Successfully started service 'org.apache.spark.network.netty.NettyBlockTransferService' on port 54184.
[2022-02-02 11:22:59,374] {spark_submit.py:514} INFO - 22/02/02 11:22:59 INFO NettyBlockTransferService: Server created on 192.168.0.44:54184
[2022-02-02 11:22:59,377] {spark_submit.py:514} INFO - 22/02/02 11:22:59 INFO BlockManager: Using org.apache.spark.storage.RandomBlockReplicationPolicy for block replication policy
[2022-02-02 11:22:59,390] {spark_submit.py:514} INFO - 22/02/02 11:22:59 INFO BlockManagerMaster: Registering BlockManager BlockManagerId(driver, 192.168.0.44, 54184, None)
[2022-02-02 11:22:59,397] {spark_submit.py:514} INFO - 22/02/02 11:22:59 INFO BlockManagerMasterEndpoint: Registering block manager 192.168.0.44:54184 with 366.3 MiB RAM, BlockManagerId(driver, 192.168.0.44, 54184, None)
[2022-02-02 11:22:59,404] {spark_submit.py:514} INFO - 22/02/02 11:22:59 INFO BlockManagerMaster: Registered BlockManager BlockManagerId(driver, 192.168.0.44, 54184, None)
[2022-02-02 11:22:59,407] {spark_submit.py:514} INFO - 22/02/02 11:22:59 INFO BlockManager: Initialized BlockManager: BlockManagerId(driver, 192.168.0.44, 54184, None)
[2022-02-02 11:23:00,216] {spark_submit.py:514} INFO - 22/02/02 11:23:00 INFO SharedState: Setting hive.metastore.warehouse.dir ('null') to the value of spark.sql.warehouse.dir.
[2022-02-02 11:23:00,278] {spark_submit.py:514} INFO - 22/02/02 11:23:00 INFO SharedState: Warehouse path is 'file:/Users/bezerraescossia/Github/studies/twitter-project/spark-warehouse'.
[2022-02-02 11:23:01,506] {spark_submit.py:514} INFO - 22/02/02 11:23:01 INFO InMemoryFileIndex: It took 55 ms to list leaf files for 1 paths.
[2022-02-02 11:23:01,783] {spark_submit.py:514} INFO - 22/02/02 11:23:01 INFO InMemoryFileIndex: It took 3 ms to list leaf files for 1 paths.
[2022-02-02 11:23:05,466] {spark_submit.py:514} INFO - 22/02/02 11:23:05 INFO FileSourceStrategy: Pushed Filters:
[2022-02-02 11:23:05,468] {spark_submit.py:514} INFO - 22/02/02 11:23:05 INFO FileSourceStrategy: Post-Scan Filters:
[2022-02-02 11:23:05,474] {spark_submit.py:514} INFO - 22/02/02 11:23:05 INFO FileSourceStrategy: Output Data Schema: struct<value: string>
[2022-02-02 11:23:05,990] {spark_submit.py:514} INFO - 22/02/02 11:23:05 INFO MemoryStore: Block broadcast_0 stored as values in memory (estimated size 338.2 KiB, free 366.0 MiB)
[2022-02-02 11:23:06,241] {spark_submit.py:514} INFO - 22/02/02 11:23:06 INFO MemoryStore: Block broadcast_0_piece0 stored as bytes in memory (estimated size 32.5 KiB, free 365.9 MiB)
[2022-02-02 11:23:06,245] {spark_submit.py:514} INFO - 22/02/02 11:23:06 INFO BlockManagerInfo: Added broadcast_0_piece0 in memory on 192.168.0.44:54184 (size: 32.5 KiB, free: 366.3 MiB)
[2022-02-02 11:23:06,254] {spark_submit.py:514} INFO - 22/02/02 11:23:06 INFO SparkContext: Created broadcast 0 from json at NativeMethodAccessorImpl.java:0
[2022-02-02 11:23:06,268] {spark_submit.py:514} INFO - 22/02/02 11:23:06 INFO FileSourceScanExec: Planning scan with bin packing, max size: 4214688 bytes, open cost is considered as scanning 4194304 bytes.
[2022-02-02 11:23:06,647] {spark_submit.py:514} INFO - 22/02/02 11:23:06 INFO SparkContext: Starting job: json at NativeMethodAccessorImpl.java:0
[2022-02-02 11:23:06,682] {spark_submit.py:514} INFO - 22/02/02 11:23:06 INFO DAGScheduler: Got job 0 (json at NativeMethodAccessorImpl.java:0) with 1 output partitions
[2022-02-02 11:23:06,725] {spark_submit.py:514} INFO - 22/02/02 11:23:06 INFO DAGScheduler: Final stage: ResultStage 0 (json at NativeMethodAccessorImpl.java:0)
[2022-02-02 11:23:06,728] {spark_submit.py:514} INFO - 22/02/02 11:23:06 INFO DAGScheduler: Parents of final stage: List()
[2022-02-02 11:23:06,729] {spark_submit.py:514} INFO - 22/02/02 11:23:06 INFO DAGScheduler: Missing parents: List()
[2022-02-02 11:23:06,729] {spark_submit.py:514} INFO - 22/02/02 11:23:06 INFO DAGScheduler: Submitting ResultStage 0 (MapPartitionsRDD[3] at json at NativeMethodAccessorImpl.java:0), which has no missing parents
[2022-02-02 11:23:06,807] {spark_submit.py:514} INFO - 22/02/02 11:23:06 INFO MemoryStore: Block broadcast_1 stored as values in memory (estimated size 12.5 KiB, free 365.9 MiB)
[2022-02-02 11:23:06,810] {spark_submit.py:514} INFO - 22/02/02 11:23:06 INFO MemoryStore: Block broadcast_1_piece0 stored as bytes in memory (estimated size 6.5 KiB, free 365.9 MiB)
[2022-02-02 11:23:06,811] {spark_submit.py:514} INFO - 22/02/02 11:23:06 INFO BlockManagerInfo: Added broadcast_1_piece0 in memory on 192.168.0.44:54184 (size: 6.5 KiB, free: 366.3 MiB)
[2022-02-02 11:23:06,813] {spark_submit.py:514} INFO - 22/02/02 11:23:06 INFO SparkContext: Created broadcast 1 from broadcast at DAGScheduler.scala:1427
[2022-02-02 11:23:06,832] {spark_submit.py:514} INFO - 22/02/02 11:23:06 INFO DAGScheduler: Submitting 1 missing tasks from ResultStage 0 (MapPartitionsRDD[3] at json at NativeMethodAccessorImpl.java:0) (first 15 tasks are for partitions Vector(0))
[2022-02-02 11:23:06,834] {spark_submit.py:514} INFO - 22/02/02 11:23:06 INFO TaskSchedulerImpl: Adding task set 0.0 with 1 tasks resource profile 0
[2022-02-02 11:23:06,918] {spark_submit.py:514} INFO - 22/02/02 11:23:06 INFO TaskSetManager: Starting task 0.0 in stage 0.0 (TID 0) (192.168.0.44, executor driver, partition 0, PROCESS_LOCAL, 4951 bytes) taskResourceAssignments Map()
[2022-02-02 11:23:06,942] {spark_submit.py:514} INFO - 22/02/02 11:23:06 INFO Executor: Running task 0.0 in stage 0.0 (TID 0)
[2022-02-02 11:23:07,602] {spark_submit.py:514} INFO - 22/02/02 11:23:07 INFO FileScanRDD: Reading File path: file:///Users/bezerraescossia/Github/studies/twitter-project/datalake/bronze/extract_date=2022-02-01/AluraOnline_20220201.json, range: 0-20384, partition values: [empty row]
[2022-02-02 11:23:08,068] {spark_submit.py:514} INFO - 22/02/02 11:23:08 INFO CodeGenerator: Code generated in 386.93721 ms
[2022-02-02 11:23:08,275] {spark_submit.py:514} INFO - 22/02/02 11:23:08 INFO Executor: Finished task 0.0 in stage 0.0 (TID 0). 2858 bytes result sent to driver
[2022-02-02 11:23:08,298] {spark_submit.py:514} INFO - 22/02/02 11:23:08 INFO TaskSetManager: Finished task 0.0 in stage 0.0 (TID 0) in 1388 ms on 192.168.0.44 (executor driver) (1/1)
[2022-02-02 11:23:08,302] {spark_submit.py:514} INFO - 22/02/02 11:23:08 INFO TaskSchedulerImpl: Removed TaskSet 0.0, whose tasks have all completed, from pool
[2022-02-02 11:23:08,315] {spark_submit.py:514} INFO - 22/02/02 11:23:08 INFO DAGScheduler: ResultStage 0 (json at NativeMethodAccessorImpl.java:0) finished in 1,608 s
[2022-02-02 11:23:08,324] {spark_submit.py:514} INFO - 22/02/02 11:23:08 INFO DAGScheduler: Job 0 is finished. Cancelling potential speculative or zombie tasks for this job
[2022-02-02 11:23:08,325] {spark_submit.py:514} INFO - 22/02/02 11:23:08 INFO TaskSchedulerImpl: Killing all running tasks in stage 0: Stage finished
[2022-02-02 11:23:08,327] {spark_submit.py:514} INFO - 22/02/02 11:23:08 INFO DAGScheduler: Job 0 finished: json at NativeMethodAccessorImpl.java:0, took 1,705345 s
[2022-02-02 11:23:09,073] {spark_submit.py:514} INFO - 22/02/02 11:23:09 INFO FileSourceStrategy: Pushed Filters: IsNotNull(data)
[2022-02-02 11:23:09,075] {spark_submit.py:514} INFO - 22/02/02 11:23:09 INFO FileSourceStrategy: Post-Scan Filters: (size(data#7, true) > 0),isnotnull(data#7)
[2022-02-02 11:23:09,076] {spark_submit.py:514} INFO - 22/02/02 11:23:09 INFO FileSourceStrategy: Output Data Schema: struct<data: array<struct<author_id:string,conversation_id:string,created_at:string,id:string,in_reply_to_user_id:string,public_metrics:struct<like_count:bigint,quote_count:bigint,reply_count:bigint,retweet_count:bigint>,text:string>>>
[2022-02-02 11:23:09,195] {spark_submit.py:514} INFO - 22/02/02 11:23:09 INFO FileOutputCommitter: File Output Committer Algorithm version is 1
[2022-02-02 11:23:09,195] {spark_submit.py:514} INFO - 22/02/02 11:23:09 INFO FileOutputCommitter: FileOutputCommitter skip cleanup _temporary folders under output directory:false, ignore cleanup failures: false
[2022-02-02 11:23:09,196] {spark_submit.py:514} INFO - 22/02/02 11:23:09 INFO SQLHadoopMapReduceCommitProtocol: Using output committer class org.apache.hadoop.mapreduce.lib.output.FileOutputCommitter
[2022-02-02 11:23:09,542] {spark_submit.py:514} INFO - 22/02/02 11:23:09 INFO CodeGenerator: Code generated in 184.646901 ms
[2022-02-02 11:23:09,569] {spark_submit.py:514} INFO - 22/02/02 11:23:09 INFO MemoryStore: Block broadcast_2 stored as values in memory (estimated size 338.0 KiB, free 365.6 MiB)
[2022-02-02 11:23:09,634] {spark_submit.py:514} INFO - 22/02/02 11:23:09 INFO MemoryStore: Block broadcast_2_piece0 stored as bytes in memory (estimated size 32.5 KiB, free 365.6 MiB)
[2022-02-02 11:23:09,636] {spark_submit.py:514} INFO - 22/02/02 11:23:09 INFO BlockManagerInfo: Added broadcast_2_piece0 in memory on 192.168.0.44:54184 (size: 32.5 KiB, free: 366.2 MiB)
[2022-02-02 11:23:09,639] {spark_submit.py:514} INFO - 22/02/02 11:23:09 INFO SparkContext: Created broadcast 2 from json at NativeMethodAccessorImpl.java:0
[2022-02-02 11:23:09,645] {spark_submit.py:514} INFO - 22/02/02 11:23:09 INFO FileSourceScanExec: Planning scan with bin packing, max size: 4214688 bytes, open cost is considered as scanning 4194304 bytes.
[2022-02-02 11:23:09,838] {spark_submit.py:514} INFO - 22/02/02 11:23:09 INFO SparkContext: Starting job: json at NativeMethodAccessorImpl.java:0
[2022-02-02 11:23:09,841] {spark_submit.py:514} INFO - 22/02/02 11:23:09 INFO DAGScheduler: Got job 1 (json at NativeMethodAccessorImpl.java:0) with 1 output partitions
[2022-02-02 11:23:09,843] {spark_submit.py:514} INFO - 22/02/02 11:23:09 INFO DAGScheduler: Final stage: ResultStage 1 (json at NativeMethodAccessorImpl.java:0)
[2022-02-02 11:23:09,852] {spark_submit.py:514} INFO - 22/02/02 11:23:09 INFO DAGScheduler: Parents of final stage: List()
[2022-02-02 11:23:09,853] {spark_submit.py:514} INFO - 22/02/02 11:23:09 INFO DAGScheduler: Missing parents: List()
[2022-02-02 11:23:09,854] {spark_submit.py:514} INFO - 22/02/02 11:23:09 INFO DAGScheduler: Submitting ResultStage 1 (CoalescedRDD[7] at json at NativeMethodAccessorImpl.java:0), which has no missing parents
[2022-02-02 11:23:09,920] {spark_submit.py:514} INFO - 22/02/02 11:23:09 INFO MemoryStore: Block broadcast_3 stored as values in memory (estimated size 223.6 KiB, free 365.3 MiB)
[2022-02-02 11:23:09,926] {spark_submit.py:514} INFO - 22/02/02 11:23:09 INFO MemoryStore: Block broadcast_3_piece0 stored as bytes in memory (estimated size 76.9 KiB, free 365.3 MiB)
[2022-02-02 11:23:09,928] {spark_submit.py:514} INFO - 22/02/02 11:23:09 INFO BlockManagerInfo: Added broadcast_3_piece0 in memory on 192.168.0.44:54184 (size: 76.9 KiB, free: 366.2 MiB)
[2022-02-02 11:23:09,928] {spark_submit.py:514} INFO - 22/02/02 11:23:09 INFO SparkContext: Created broadcast 3 from broadcast at DAGScheduler.scala:1427
[2022-02-02 11:23:09,930] {spark_submit.py:514} INFO - 22/02/02 11:23:09 INFO DAGScheduler: Submitting 1 missing tasks from ResultStage 1 (CoalescedRDD[7] at json at NativeMethodAccessorImpl.java:0) (first 15 tasks are for partitions Vector(0))
[2022-02-02 11:23:09,931] {spark_submit.py:514} INFO - 22/02/02 11:23:09 INFO TaskSchedulerImpl: Adding task set 1.0 with 1 tasks resource profile 0
[2022-02-02 11:23:09,947] {spark_submit.py:514} INFO - 22/02/02 11:23:09 INFO TaskSetManager: Starting task 0.0 in stage 1.0 (TID 1) (192.168.0.44, executor driver, partition 0, PROCESS_LOCAL, 5180 bytes) taskResourceAssignments Map()
[2022-02-02 11:23:09,949] {spark_submit.py:514} INFO - 22/02/02 11:23:09 INFO Executor: Running task 0.0 in stage 1.0 (TID 1)
[2022-02-02 11:23:10,056] {spark_submit.py:514} INFO - 22/02/02 11:23:10 INFO FileOutputCommitter: File Output Committer Algorithm version is 1
[2022-02-02 11:23:10,057] {spark_submit.py:514} INFO - 22/02/02 11:23:10 INFO FileOutputCommitter: FileOutputCommitter skip cleanup _temporary folders under output directory:false, ignore cleanup failures: false
[2022-02-02 11:23:10,058] {spark_submit.py:514} INFO - 22/02/02 11:23:10 INFO SQLHadoopMapReduceCommitProtocol: Using output committer class org.apache.hadoop.mapreduce.lib.output.FileOutputCommitter
[2022-02-02 11:23:10,140] {spark_submit.py:514} INFO - 22/02/02 11:23:10 INFO FileScanRDD: Reading File path: file:///Users/bezerraescossia/Github/studies/twitter-project/datalake/bronze/extract_date=2022-02-01/AluraOnline_20220201.json, range: 0-20384, partition values: [empty row]
[2022-02-02 11:23:10,193] {spark_submit.py:514} INFO - 22/02/02 11:23:10 INFO CodeGenerator: Code generated in 43.288378 ms
[2022-02-02 11:23:10,241] {spark_submit.py:514} INFO - 22/02/02 11:23:10 INFO CodeGenerator: Code generated in 14.26384 ms
[2022-02-02 11:23:10,336] {spark_submit.py:514} INFO - 22/02/02 11:23:10 INFO FileOutputCommitter: Saved output of task 'attempt_202202021123092985579067719309378_0001_m_000000_1' to file:/Users/bezerraescossia/Github/studies/twitter-project/datalake/silver/tweet/process_date=2022-02-01/_temporary/0/task_202202021123092985579067719309378_0001_m_000000
[2022-02-02 11:23:10,337] {spark_submit.py:514} INFO - 22/02/02 11:23:10 INFO SparkHadoopMapRedUtil: attempt_202202021123092985579067719309378_0001_m_000000_1: Committed
[2022-02-02 11:23:10,351] {spark_submit.py:514} INFO - 22/02/02 11:23:10 INFO Executor: Finished task 0.0 in stage 1.0 (TID 1). 2670 bytes result sent to driver
[2022-02-02 11:23:10,378] {spark_submit.py:514} INFO - 22/02/02 11:23:10 INFO TaskSetManager: Finished task 0.0 in stage 1.0 (TID 1) in 422 ms on 192.168.0.44 (executor driver) (1/1)
[2022-02-02 11:23:10,378] {spark_submit.py:514} INFO - 22/02/02 11:23:10 INFO TaskSchedulerImpl: Removed TaskSet 1.0, whose tasks have all completed, from pool
[2022-02-02 11:23:10,379] {spark_submit.py:514} INFO - 22/02/02 11:23:10 INFO DAGScheduler: ResultStage 1 (json at NativeMethodAccessorImpl.java:0) finished in 0,511 s
[2022-02-02 11:23:10,380] {spark_submit.py:514} INFO - 22/02/02 11:23:10 INFO DAGScheduler: Job 1 is finished. Cancelling potential speculative or zombie tasks for this job
[2022-02-02 11:23:10,380] {spark_submit.py:514} INFO - 22/02/02 11:23:10 INFO TaskSchedulerImpl: Killing all running tasks in stage 1: Stage finished
[2022-02-02 11:23:10,381] {spark_submit.py:514} INFO - 22/02/02 11:23:10 INFO DAGScheduler: Job 1 finished: json at NativeMethodAccessorImpl.java:0, took 0,525329 s
[2022-02-02 11:23:10,381] {spark_submit.py:514} INFO - 22/02/02 11:23:10 INFO FileFormatWriter: Start to commit write Job ed8e0f66-df55-444b-8764-a3769b4d6eb6.
[2022-02-02 11:23:10,415] {spark_submit.py:514} INFO - 22/02/02 11:23:10 INFO FileFormatWriter: Write Job ed8e0f66-df55-444b-8764-a3769b4d6eb6 committed. Elapsed time: 37 ms.
[2022-02-02 11:23:10,416] {spark_submit.py:514} INFO - 22/02/02 11:23:10 INFO FileFormatWriter: Finished processing stats for write job ed8e0f66-df55-444b-8764-a3769b4d6eb6.
[2022-02-02 11:23:10,518] {spark_submit.py:514} INFO - 22/02/02 11:23:10 INFO FileSourceStrategy: Pushed Filters: IsNotNull(includes)
[2022-02-02 11:23:10,524] {spark_submit.py:514} INFO - 22/02/02 11:23:10 INFO FileSourceStrategy: Post-Scan Filters: isnotnull(includes#8),(size(includes#8.users, true) > 0),isnotnull(includes#8.users)
[2022-02-02 11:23:10,525] {spark_submit.py:514} INFO - 22/02/02 11:23:10 INFO FileSourceStrategy: Output Data Schema: struct<includes: struct<users: array<struct<created_at:string,id:string,name:string,username:string>>>>
[2022-02-02 11:23:10,552] {spark_submit.py:514} INFO - 22/02/02 11:23:10 INFO FileOutputCommitter: File Output Committer Algorithm version is 1
[2022-02-02 11:23:10,553] {spark_submit.py:514} INFO - 22/02/02 11:23:10 INFO FileOutputCommitter: FileOutputCommitter skip cleanup _temporary folders under output directory:false, ignore cleanup failures: false
[2022-02-02 11:23:10,554] {spark_submit.py:514} INFO - 22/02/02 11:23:10 INFO SQLHadoopMapReduceCommitProtocol: Using output committer class org.apache.hadoop.mapreduce.lib.output.FileOutputCommitter
[2022-02-02 11:23:10,817] {spark_submit.py:514} INFO - 22/02/02 11:23:10 INFO CodeGenerator: Code generated in 64.877766 ms
[2022-02-02 11:23:10,818] {spark_submit.py:514} INFO - 22/02/02 11:23:10 INFO MemoryStore: Block broadcast_4 stored as values in memory (estimated size 338.0 KiB, free 364.9 MiB)
[2022-02-02 11:23:10,842] {spark_submit.py:514} INFO - 22/02/02 11:23:10 INFO MemoryStore: Block broadcast_4_piece0 stored as bytes in memory (estimated size 32.5 KiB, free 364.9 MiB)
[2022-02-02 11:23:10,844] {spark_submit.py:514} INFO - 22/02/02 11:23:10 INFO BlockManagerInfo: Added broadcast_4_piece0 in memory on 192.168.0.44:54184 (size: 32.5 KiB, free: 366.1 MiB)
[2022-02-02 11:23:10,845] {spark_submit.py:514} INFO - 22/02/02 11:23:10 INFO SparkContext: Created broadcast 4 from json at NativeMethodAccessorImpl.java:0
[2022-02-02 11:23:10,847] {spark_submit.py:514} INFO - 22/02/02 11:23:10 INFO FileSourceScanExec: Planning scan with bin packing, max size: 4214688 bytes, open cost is considered as scanning 4194304 bytes.
[2022-02-02 11:23:10,934] {spark_submit.py:514} INFO - 22/02/02 11:23:10 INFO SparkContext: Starting job: json at NativeMethodAccessorImpl.java:0
[2022-02-02 11:23:10,937] {spark_submit.py:514} INFO - 22/02/02 11:23:10 INFO DAGScheduler: Got job 2 (json at NativeMethodAccessorImpl.java:0) with 1 output partitions
[2022-02-02 11:23:10,939] {spark_submit.py:514} INFO - 22/02/02 11:23:10 INFO DAGScheduler: Final stage: ResultStage 2 (json at NativeMethodAccessorImpl.java:0)
[2022-02-02 11:23:10,940] {spark_submit.py:514} INFO - 22/02/02 11:23:10 INFO DAGScheduler: Parents of final stage: List()
[2022-02-02 11:23:10,940] {spark_submit.py:514} INFO - 22/02/02 11:23:10 INFO DAGScheduler: Missing parents: List()
[2022-02-02 11:23:10,941] {spark_submit.py:514} INFO - 22/02/02 11:23:10 INFO DAGScheduler: Submitting ResultStage 2 (CoalescedRDD[11] at json at NativeMethodAccessorImpl.java:0), which has no missing parents
[2022-02-02 11:23:11,049] {spark_submit.py:514} INFO - 22/02/02 11:23:11 INFO MemoryStore: Block broadcast_5 stored as values in memory (estimated size 211.2 KiB, free 364.7 MiB)
[2022-02-02 11:23:11,059] {spark_submit.py:514} INFO - 22/02/02 11:23:11 INFO MemoryStore: Block broadcast_5_piece0 stored as bytes in memory (estimated size 75.3 KiB, free 364.6 MiB)
[2022-02-02 11:23:11,079] {spark_submit.py:514} INFO - 22/02/02 11:23:11 INFO BlockManagerInfo: Added broadcast_5_piece0 in memory on 192.168.0.44:54184 (size: 75.3 KiB, free: 366.0 MiB)
[2022-02-02 11:23:11,080] {spark_submit.py:514} INFO - 22/02/02 11:23:11 INFO SparkContext: Created broadcast 5 from broadcast at DAGScheduler.scala:1427
[2022-02-02 11:23:11,086] {spark_submit.py:514} INFO - 22/02/02 11:23:11 INFO DAGScheduler: Submitting 1 missing tasks from ResultStage 2 (CoalescedRDD[11] at json at NativeMethodAccessorImpl.java:0) (first 15 tasks are for partitions Vector(0))
[2022-02-02 11:23:11,087] {spark_submit.py:514} INFO - 22/02/02 11:23:11 INFO TaskSchedulerImpl: Adding task set 2.0 with 1 tasks resource profile 0
[2022-02-02 11:23:11,088] {spark_submit.py:514} INFO - 22/02/02 11:23:11 INFO TaskSetManager: Starting task 0.0 in stage 2.0 (TID 2) (192.168.0.44, executor driver, partition 0, PROCESS_LOCAL, 5180 bytes) taskResourceAssignments Map()
[2022-02-02 11:23:11,102] {spark_submit.py:514} INFO - 22/02/02 11:23:11 INFO Executor: Running task 0.0 in stage 2.0 (TID 2)
[2022-02-02 11:23:11,103] {spark_submit.py:514} INFO - 22/02/02 11:23:11 INFO BlockManagerInfo: Removed broadcast_3_piece0 on 192.168.0.44:54184 in memory (size: 76.9 KiB, free: 366.1 MiB)
[2022-02-02 11:23:11,104] {spark_submit.py:514} INFO - 22/02/02 11:23:11 INFO BlockManagerInfo: Removed broadcast_2_piece0 on 192.168.0.44:54184 in memory (size: 32.5 KiB, free: 366.2 MiB)
[2022-02-02 11:23:11,116] {spark_submit.py:514} INFO - 22/02/02 11:23:11 INFO FileOutputCommitter: File Output Committer Algorithm version is 1
[2022-02-02 11:23:11,117] {spark_submit.py:514} INFO - 22/02/02 11:23:11 INFO FileOutputCommitter: FileOutputCommitter skip cleanup _temporary folders under output directory:false, ignore cleanup failures: false
[2022-02-02 11:23:11,118] {spark_submit.py:514} INFO - 22/02/02 11:23:11 INFO SQLHadoopMapReduceCommitProtocol: Using output committer class org.apache.hadoop.mapreduce.lib.output.FileOutputCommitter
[2022-02-02 11:23:11,171] {spark_submit.py:514} INFO - 22/02/02 11:23:11 INFO FileScanRDD: Reading File path: file:///Users/bezerraescossia/Github/studies/twitter-project/datalake/bronze/extract_date=2022-02-01/AluraOnline_20220201.json, range: 0-20384, partition values: [empty row]
[2022-02-02 11:23:11,215] {spark_submit.py:514} INFO - 22/02/02 11:23:11 INFO CodeGenerator: Code generated in 38.510712 ms
[2022-02-02 11:23:11,238] {spark_submit.py:514} INFO - 22/02/02 11:23:11 INFO CodeGenerator: Code generated in 15.030242 ms
[2022-02-02 11:23:11,289] {spark_submit.py:514} INFO - 22/02/02 11:23:11 INFO FileOutputCommitter: Saved output of task 'attempt_202202021123106450026758470629821_0002_m_000000_2' to file:/Users/bezerraescossia/Github/studies/twitter-project/datalake/silver/user/process_date=2022-02-01/_temporary/0/task_202202021123106450026758470629821_0002_m_000000
[2022-02-02 11:23:11,290] {spark_submit.py:514} INFO - 22/02/02 11:23:11 INFO SparkHadoopMapRedUtil: attempt_202202021123106450026758470629821_0002_m_000000_2: Committed
[2022-02-02 11:23:11,301] {spark_submit.py:514} INFO - 22/02/02 11:23:11 INFO Executor: Finished task 0.0 in stage 2.0 (TID 2). 2670 bytes result sent to driver
[2022-02-02 11:23:11,304] {spark_submit.py:514} INFO - 22/02/02 11:23:11 INFO TaskSetManager: Finished task 0.0 in stage 2.0 (TID 2) in 241 ms on 192.168.0.44 (executor driver) (1/1)
[2022-02-02 11:23:11,305] {spark_submit.py:514} INFO - 22/02/02 11:23:11 INFO TaskSchedulerImpl: Removed TaskSet 2.0, whose tasks have all completed, from pool
[2022-02-02 11:23:11,308] {spark_submit.py:514} INFO - 22/02/02 11:23:11 INFO DAGScheduler: ResultStage 2 (json at NativeMethodAccessorImpl.java:0) finished in 0,363 s
[2022-02-02 11:23:11,309] {spark_submit.py:514} INFO - 22/02/02 11:23:11 INFO DAGScheduler: Job 2 is finished. Cancelling potential speculative or zombie tasks for this job
[2022-02-02 11:23:11,309] {spark_submit.py:514} INFO - 22/02/02 11:23:11 INFO TaskSchedulerImpl: Killing all running tasks in stage 2: Stage finished
[2022-02-02 11:23:11,309] {spark_submit.py:514} INFO - 22/02/02 11:23:11 INFO DAGScheduler: Job 2 finished: json at NativeMethodAccessorImpl.java:0, took 0,372232 s
[2022-02-02 11:23:11,310] {spark_submit.py:514} INFO - 22/02/02 11:23:11 INFO FileFormatWriter: Start to commit write Job bb70e6a7-266a-4df9-bfd8-e1586a08794b.
[2022-02-02 11:23:11,365] {spark_submit.py:514} INFO - 22/02/02 11:23:11 INFO FileFormatWriter: Write Job bb70e6a7-266a-4df9-bfd8-e1586a08794b committed. Elapsed time: 56 ms.
[2022-02-02 11:23:11,366] {spark_submit.py:514} INFO - 22/02/02 11:23:11 INFO FileFormatWriter: Finished processing stats for write job bb70e6a7-266a-4df9-bfd8-e1586a08794b.
[2022-02-02 11:23:11,451] {spark_submit.py:514} INFO - 22/02/02 11:23:11 INFO SparkContext: Invoking stop() from shutdown hook
[2022-02-02 11:23:11,471] {spark_submit.py:514} INFO - 22/02/02 11:23:11 INFO SparkUI: Stopped Spark web UI at http://192.168.0.44:4040
[2022-02-02 11:23:11,490] {spark_submit.py:514} INFO - 22/02/02 11:23:11 INFO MapOutputTrackerMasterEndpoint: MapOutputTrackerMasterEndpoint stopped!
[2022-02-02 11:23:11,511] {spark_submit.py:514} INFO - 22/02/02 11:23:11 INFO MemoryStore: MemoryStore cleared
[2022-02-02 11:23:11,512] {spark_submit.py:514} INFO - 22/02/02 11:23:11 INFO BlockManager: BlockManager stopped
[2022-02-02 11:23:11,517] {spark_submit.py:514} INFO - 22/02/02 11:23:11 INFO BlockManagerMaster: BlockManagerMaster stopped
[2022-02-02 11:23:11,521] {spark_submit.py:514} INFO - 22/02/02 11:23:11 INFO OutputCommitCoordinator$OutputCommitCoordinatorEndpoint: OutputCommitCoordinator stopped!
[2022-02-02 11:23:11,534] {spark_submit.py:514} INFO - 22/02/02 11:23:11 INFO SparkContext: Successfully stopped SparkContext
[2022-02-02 11:23:11,535] {spark_submit.py:514} INFO - 22/02/02 11:23:11 INFO ShutdownHookManager: Shutdown hook called
[2022-02-02 11:23:11,536] {spark_submit.py:514} INFO - 22/02/02 11:23:11 INFO ShutdownHookManager: Deleting directory /private/var/folders/k6/528t8tnx5llf4w8y5xx1rrm80000gn/T/spark-da5a2ee6-0618-40e4-9f25-b228f9ecaf57/pyspark-60911976-dd97-4d4c-bd47-049cd342b21a
[2022-02-02 11:23:11,544] {spark_submit.py:514} INFO - 22/02/02 11:23:11 INFO ShutdownHookManager: Deleting directory /private/var/folders/k6/528t8tnx5llf4w8y5xx1rrm80000gn/T/spark-da5a2ee6-0618-40e4-9f25-b228f9ecaf57
[2022-02-02 11:23:11,551] {spark_submit.py:514} INFO - 22/02/02 11:23:11 INFO ShutdownHookManager: Deleting directory /private/var/folders/k6/528t8tnx5llf4w8y5xx1rrm80000gn/T/spark-2d83b7f9-6ea3-410f-bc02-68bbc9b74cae
[2022-02-02 11:23:11,648] {taskinstance.py:1219} INFO - Marking task as SUCCESS. dag_id=twitter_dag, task_id=transform_twitter_aluraonline, execution_date=20220201T090000, start_date=20220202T142253, end_date=20220202T142311
[2022-02-02 11:23:11,679] {local_task_job.py:151} INFO - Task exited with return code 0
[2022-02-02 11:23:11,698] {local_task_job.py:261} INFO - 0 downstream tasks scheduled from follow-on schedule check
