[2022-01-31 14:35:35,977] {taskinstance.py:903} INFO - Dependencies all met for <TaskInstance: twitter_dag.twitter_aluraonline 2022-01-31T17:32:14.366806+00:00 [queued]>
[2022-01-31 14:35:35,993] {taskinstance.py:903} INFO - Dependencies all met for <TaskInstance: twitter_dag.twitter_aluraonline 2022-01-31T17:32:14.366806+00:00 [queued]>
[2022-01-31 14:35:35,993] {taskinstance.py:1095} INFO - 
--------------------------------------------------------------------------------
[2022-01-31 14:35:35,993] {taskinstance.py:1096} INFO - Starting attempt 1 of 1
[2022-01-31 14:35:35,993] {taskinstance.py:1097} INFO - 
--------------------------------------------------------------------------------
[2022-01-31 14:35:36,037] {taskinstance.py:1115} INFO - Executing <Task(TwitterOperator): twitter_aluraonline> on 2022-01-31T17:32:14.366806+00:00
[2022-01-31 14:35:36,057] {standard_task_runner.py:76} INFO - Running: ['airflow', 'tasks', 'run', 'twitter_dag', 'twitter_aluraonline', '2022-01-31T17:32:14.366806+00:00', '--job-id', '11', '--pool', 'default_pool', '--raw', '--subdir', 'DAGS_FOLDER/twitter_dag.py', '--cfg-path', '/var/folders/k6/528t8tnx5llf4w8y5xx1rrm80000gn/T/tmph15h4mvf', '--error-file', '/var/folders/k6/528t8tnx5llf4w8y5xx1rrm80000gn/T/tmppccd9esc']
[2022-01-31 14:35:36,060] {standard_task_runner.py:77} INFO - Job 11: Subtask twitter_aluraonline
[2022-01-31 14:35:36,041] {standard_task_runner.py:52} INFO - Started process 66934 to run task
[2022-01-31 14:35:36,197] {logging_mixin.py:109} INFO - Running <TaskInstance: twitter_dag.twitter_aluraonline 2022-01-31T17:32:14.366806+00:00 [running]> on host MacBook-Air-de-Rafael.local
[2022-01-31 14:35:36,279] {taskinstance.py:1254} INFO - Exporting the following env vars:
AIRFLOW_CTX_DAG_OWNER=airflow
AIRFLOW_CTX_DAG_ID=twitter_dag
AIRFLOW_CTX_TASK_ID=twitter_aluraonline
AIRFLOW_CTX_EXECUTION_DATE=2022-01-31T17:32:14.366806+00:00
AIRFLOW_CTX_DAG_RUN_ID=manual__2022-01-31T17:32:14.366806+00:00
[2022-01-31 14:35:36,297] {base.py:79} INFO - Using connection to: id: twitter_default. Host: https://api.twitter.com, Port: None, Schema: , Login: , Password: None, extra: {'Authorization': '***'}
[2022-01-31 14:35:36,299] {twitter_hook.py:36} INFO - URL: https://api.twitter.com/2/tweets/search/recent?query=AluraOnline&tweet.fields=author_id,conversation_id,created_at,id,in_reply_to_user_id,public_metrics,text&expansions=author_id&user.fields=id,name,username,created_at
[2022-01-31 14:35:36,827] {twitter_hook.py:36} INFO - URL: https://api.twitter.com/2/tweets/search/recent?query=AluraOnline&tweet.fields=author_id,conversation_id,created_at,id,in_reply_to_user_id,public_metrics,text&expansions=author_id&user.fields=id,name,username,created_at&next_token=b26v89c19zqg8o3fpe48h91eskb4srxfpdsacb7f911ml
[2022-01-31 14:35:37,104] {twitter_hook.py:36} INFO - URL: https://api.twitter.com/2/tweets/search/recent?query=AluraOnline&tweet.fields=author_id,conversation_id,created_at,id,in_reply_to_user_id,public_metrics,text&expansions=author_id&user.fields=id,name,username,created_at&next_token=b26v89c19zqg8o3fpe48h90t35wofzeonijn9ed0bl18d
[2022-01-31 14:35:37,386] {twitter_hook.py:36} INFO - URL: https://api.twitter.com/2/tweets/search/recent?query=AluraOnline&tweet.fields=author_id,conversation_id,created_at,id,in_reply_to_user_id,public_metrics,text&expansions=author_id&user.fields=id,name,username,created_at&next_token=b26v89c19zqg8o3fpe482kgo9qcli01zd4ivd3vvjdnct
[2022-01-31 14:35:37,648] {twitter_hook.py:36} INFO - URL: https://api.twitter.com/2/tweets/search/recent?query=AluraOnline&tweet.fields=author_id,conversation_id,created_at,id,in_reply_to_user_id,public_metrics,text&expansions=author_id&user.fields=id,name,username,created_at&next_token=b26v89c19zqg8o3fpe482byz1ooqximnmo1adwaswu7wd
[2022-01-31 14:35:37,920] {twitter_hook.py:36} INFO - URL: https://api.twitter.com/2/tweets/search/recent?query=AluraOnline&tweet.fields=author_id,conversation_id,created_at,id,in_reply_to_user_id,public_metrics,text&expansions=author_id&user.fields=id,name,username,created_at&next_token=b26v89c19zqg8o3fpe482bxh0j7pdx4g1sm43qjqka9a5
[2022-01-31 14:35:38,224] {twitter_hook.py:36} INFO - URL: https://api.twitter.com/2/tweets/search/recent?query=AluraOnline&tweet.fields=author_id,conversation_id,created_at,id,in_reply_to_user_id,public_metrics,text&expansions=author_id&user.fields=id,name,username,created_at&next_token=b26v89c19zqg8o3fpe4829ujlrxdq4bq2258kbz2x0br1
[2022-01-31 14:35:38,479] {twitter_hook.py:36} INFO - URL: https://api.twitter.com/2/tweets/search/recent?query=AluraOnline&tweet.fields=author_id,conversation_id,created_at,id,in_reply_to_user_id,public_metrics,text&expansions=author_id&user.fields=id,name,username,created_at&next_token=b26v89c19zqg8o3fpe4825lovyr4g9dqmben0c374ia2l
[2022-01-31 14:35:38,750] {twitter_hook.py:36} INFO - URL: https://api.twitter.com/2/tweets/search/recent?query=AluraOnline&tweet.fields=author_id,conversation_id,created_at,id,in_reply_to_user_id,public_metrics,text&expansions=author_id&user.fields=id,name,username,created_at&next_token=b26v89c19zqg8o3fpe4823gd49mvapyykq8qkomcttdh9
[2022-01-31 14:35:39,029] {twitter_hook.py:36} INFO - URL: https://api.twitter.com/2/tweets/search/recent?query=AluraOnline&tweet.fields=author_id,conversation_id,created_at,id,in_reply_to_user_id,public_metrics,text&expansions=author_id&user.fields=id,name,username,created_at&next_token=b26v89c19zqg8o3fpe4823fgjdje25ma2vvkm40ppkcjh
[2022-01-31 14:35:39,288] {twitter_hook.py:36} INFO - URL: https://api.twitter.com/2/tweets/search/recent?query=AluraOnline&tweet.fields=author_id,conversation_id,created_at,id,in_reply_to_user_id,public_metrics,text&expansions=author_id&user.fields=id,name,username,created_at&next_token=b26v89c19zqg8o3fpe4823evancikbhpf74g80ntmk67x
[2022-01-31 14:35:39,557] {twitter_hook.py:36} INFO - URL: https://api.twitter.com/2/tweets/search/recent?query=AluraOnline&tweet.fields=author_id,conversation_id,created_at,id,in_reply_to_user_id,public_metrics,text&expansions=author_id&user.fields=id,name,username,created_at&next_token=b26v89c19zqg8o3fpe4823e9i8c7zvackrajxlh2qh75p
[2022-01-31 14:35:39,822] {twitter_hook.py:36} INFO - URL: https://api.twitter.com/2/tweets/search/recent?query=AluraOnline&tweet.fields=author_id,conversation_id,created_at,id,in_reply_to_user_id,public_metrics,text&expansions=author_id&user.fields=id,name,username,created_at&next_token=b26v89c19zqg8o3fpe4821bxxfyt87b62q8c22ahza3r1
[2022-01-31 14:35:40,087] {twitter_hook.py:36} INFO - URL: https://api.twitter.com/2/tweets/search/recent?query=AluraOnline&tweet.fields=author_id,conversation_id,created_at,id,in_reply_to_user_id,public_metrics,text&expansions=author_id&user.fields=id,name,username,created_at&next_token=b26v89c19zqg8o3fpe4821b1in07dci4a2mzllooyhuv1
[2022-01-31 14:35:40,326] {twitter_hook.py:36} INFO - URL: https://api.twitter.com/2/tweets/search/recent?query=AluraOnline&tweet.fields=author_id,conversation_id,created_at,id,in_reply_to_user_id,public_metrics,text&expansions=author_id&user.fields=id,name,username,created_at&next_token=b26v89c19zqg8o3fpe4821aqfl230ytj50ztpws7qvsl9
[2022-01-31 14:35:40,558] {twitter_hook.py:36} INFO - URL: https://api.twitter.com/2/tweets/search/recent?query=AluraOnline&tweet.fields=author_id,conversation_id,created_at,id,in_reply_to_user_id,public_metrics,text&expansions=author_id&user.fields=id,name,username,created_at&next_token=b26v89c19zqg8o3fpe4821a53ttvx3h5ibml2whpueflp
[2022-01-31 14:35:40,845] {twitter_hook.py:36} INFO - URL: https://api.twitter.com/2/tweets/search/recent?query=AluraOnline&tweet.fields=author_id,conversation_id,created_at,id,in_reply_to_user_id,public_metrics,text&expansions=author_id&user.fields=id,name,username,created_at&next_token=b26v89c19zqg8o3fpe47ncrswdl3kcqvhu6yf3e4wnq7x
[2022-01-31 14:35:41,145] {twitter_hook.py:36} INFO - URL: https://api.twitter.com/2/tweets/search/recent?query=AluraOnline&tweet.fields=author_id,conversation_id,created_at,id,in_reply_to_user_id,public_metrics,text&expansions=author_id&user.fields=id,name,username,created_at&next_token=b26v89c19zqg8o3fpe47ncqwg2nayzu0427x1el919ta5
[2022-01-31 14:35:41,445] {twitter_hook.py:36} INFO - URL: https://api.twitter.com/2/tweets/search/recent?query=AluraOnline&tweet.fields=author_id,conversation_id,created_at,id,in_reply_to_user_id,public_metrics,text&expansions=author_id&user.fields=id,name,username,created_at&next_token=b26v89c19zqg8o3fpe47ncq0exx9pow4t333p8nvqq2d9
[2022-01-31 14:35:41,698] {twitter_hook.py:36} INFO - URL: https://api.twitter.com/2/tweets/search/recent?query=AluraOnline&tweet.fields=author_id,conversation_id,created_at,id,in_reply_to_user_id,public_metrics,text&expansions=author_id&user.fields=id,name,username,created_at&next_token=b26v89c19zqg8o3fpe47ncppbvjtekq7dz9ka98g13lh9
[2022-01-31 14:35:41,931] {twitter_hook.py:36} INFO - URL: https://api.twitter.com/2/tweets/search/recent?query=AluraOnline&tweet.fields=author_id,conversation_id,created_at,id,in_reply_to_user_id,public_metrics,text&expansions=author_id&user.fields=id,name,username,created_at&next_token=b26v89c19zqg8o3fpe47nan2o0638zp9svom415mtei65
[2022-01-31 14:35:42,224] {twitter_hook.py:36} INFO - URL: https://api.twitter.com/2/tweets/search/recent?query=AluraOnline&tweet.fields=author_id,conversation_id,created_at,id,in_reply_to_user_id,public_metrics,text&expansions=author_id&user.fields=id,name,username,created_at&next_token=b26v89c19zqg8o3fpe47namhgtvcsnkjvrb07xm1nbxbx
[2022-01-31 14:35:42,520] {twitter_hook.py:36} INFO - URL: https://api.twitter.com/2/tweets/search/recent?query=AluraOnline&tweet.fields=author_id,conversation_id,created_at,id,in_reply_to_user_id,public_metrics,text&expansions=author_id&user.fields=id,name,username,created_at&next_token=b26v89c19zqg8o3fpe47nam6dt7fxqkq94sr4vu497iil
[2022-01-31 14:35:42,791] {twitter_hook.py:36} INFO - URL: https://api.twitter.com/2/tweets/search/recent?query=AluraOnline&tweet.fields=author_id,conversation_id,created_at,id,in_reply_to_user_id,public_metrics,text&expansions=author_id&user.fields=id,name,username,created_at&next_token=b26v89c19zqg8o3fpe47n8icip2b89nl3wlfoxzsk369p
[2022-01-31 14:35:43,090] {twitter_hook.py:36} INFO - URL: https://api.twitter.com/2/tweets/search/recent?query=AluraOnline&tweet.fields=author_id,conversation_id,created_at,id,in_reply_to_user_id,public_metrics,text&expansions=author_id&user.fields=id,name,username,created_at&next_token=b26v89c19zqg8o3fpe47n6b89jmwxt911j63n2en7gfi5
[2022-01-31 14:35:43,372] {twitter_hook.py:36} INFO - URL: https://api.twitter.com/2/tweets/search/recent?query=AluraOnline&tweet.fields=author_id,conversation_id,created_at,id,in_reply_to_user_id,public_metrics,text&expansions=author_id&user.fields=id,name,username,created_at&next_token=b26v89c19zqg8o3fpe47n48wh5ilzwacm9b3pbjgku4xp
[2022-01-31 14:35:43,679] {twitter_hook.py:36} INFO - URL: https://api.twitter.com/2/tweets/search/recent?query=AluraOnline&tweet.fields=author_id,conversation_id,created_at,id,in_reply_to_user_id,public_metrics,text&expansions=author_id&user.fields=id,name,username,created_at&next_token=b26v89c19zqg8o3fpe47n48at88j2b49zu22elrnopwn1
[2022-01-31 14:35:43,921] {twitter_hook.py:36} INFO - URL: https://api.twitter.com/2/tweets/search/recent?query=AluraOnline&tweet.fields=author_id,conversation_id,created_at,id,in_reply_to_user_id,public_metrics,text&expansions=author_id&user.fields=id,name,username,created_at&next_token=b26v89c19zqg8o3fpe47n473s315fio4sg5xwko8u80al
[2022-01-31 14:35:44,191] {twitter_hook.py:36} INFO - URL: https://api.twitter.com/2/tweets/search/recent?query=AluraOnline&tweet.fields=author_id,conversation_id,created_at,id,in_reply_to_user_id,public_metrics,text&expansions=author_id&user.fields=id,name,username,created_at&next_token=b26v89c19zqg8o3fpe47n46sv47s6o0ox9ok1xveljgcd
[2022-01-31 14:35:44,442] {twitter_hook.py:36} INFO - URL: https://api.twitter.com/2/tweets/search/recent?query=AluraOnline&tweet.fields=author_id,conversation_id,created_at,id,in_reply_to_user_id,public_metrics,text&expansions=author_id&user.fields=id,name,username,created_at&next_token=b26v89c19zqg8o3fpe47n46hzmqpigo7fmh56f467nssd
[2022-01-31 14:35:44,738] {twitter_hook.py:36} INFO - URL: https://api.twitter.com/2/tweets/search/recent?query=AluraOnline&tweet.fields=author_id,conversation_id,created_at,id,in_reply_to_user_id,public_metrics,text&expansions=author_id&user.fields=id,name,username,created_at&next_token=b26v89c19zqg8o3fpe47n23vny1n0acn7psrd8rpsw519
[2022-01-31 14:35:45,003] {twitter_hook.py:36} INFO - URL: https://api.twitter.com/2/tweets/search/recent?query=AluraOnline&tweet.fields=author_id,conversation_id,created_at,id,in_reply_to_user_id,public_metrics,text&expansions=author_id&user.fields=id,name,username,created_at&next_token=b26v89c19zqg8o3fpe47n23ktyrjy062yxj3mlh2q8tj1
[2022-01-31 14:35:45,246] {twitter_hook.py:36} INFO - URL: https://api.twitter.com/2/tweets/search/recent?query=AluraOnline&tweet.fields=author_id,conversation_id,created_at,id,in_reply_to_user_id,public_metrics,text&expansions=author_id&user.fields=id,name,username,created_at&next_token=b26v89c19zqg8o3fpe47n22ogpi080m6pwvivru32d7y5
[2022-01-31 14:35:45,497] {twitter_hook.py:36} INFO - URL: https://api.twitter.com/2/tweets/search/recent?query=AluraOnline&tweet.fields=author_id,conversation_id,created_at,id,in_reply_to_user_id,public_metrics,text&expansions=author_id&user.fields=id,name,username,created_at&next_token=b26v89c19zqg8o3fpe47n21s4xzp077pnhgnbq1vsv5od
[2022-01-31 14:35:45,747] {twitter_hook.py:36} INFO - URL: https://api.twitter.com/2/tweets/search/recent?query=AluraOnline&tweet.fields=author_id,conversation_id,created_at,id,in_reply_to_user_id,public_metrics,text&expansions=author_id&user.fields=id,name,username,created_at&next_token=b26v89c19zqg8o3fpe47mxu4er6vedpd90qfx35lkpg8t
[2022-01-31 14:35:45,975] {twitter_hook.py:36} INFO - URL: https://api.twitter.com/2/tweets/search/recent?query=AluraOnline&tweet.fields=author_id,conversation_id,created_at,id,in_reply_to_user_id,public_metrics,text&expansions=author_id&user.fields=id,name,username,created_at&next_token=b26v89c19zqg8o3fpe47mxttjakiu0zeo0ryrloh4icfx
[2022-01-31 14:35:46,207] {twitter_hook.py:36} INFO - URL: https://api.twitter.com/2/tweets/search/recent?query=AluraOnline&tweet.fields=author_id,conversation_id,created_at,id,in_reply_to_user_id,public_metrics,text&expansions=author_id&user.fields=id,name,username,created_at&next_token=b26v89c19zqg8o3fpe47mxt7vf06xlrfsikeqs3711a4d
[2022-01-31 14:35:46,475] {twitter_hook.py:36} INFO - URL: https://api.twitter.com/2/tweets/search/recent?query=AluraOnline&tweet.fields=author_id,conversation_id,created_at,id,in_reply_to_user_id,public_metrics,text&expansions=author_id&user.fields=id,name,username,created_at&next_token=b26v89c19zqg8o3fpe47mvpefid39ug0qczok6yh78ubh
[2022-01-31 14:35:46,744] {twitter_hook.py:36} INFO - URL: https://api.twitter.com/2/tweets/search/recent?query=AluraOnline&tweet.fields=author_id,conversation_id,created_at,id,in_reply_to_user_id,public_metrics,text&expansions=author_id&user.fields=id,name,username,created_at&next_token=b26v89c19zqg8o3fpe47mvnllw0kp1hcqrpm0n7ykt1ml
[2022-01-31 14:35:47,030] {twitter_hook.py:36} INFO - URL: https://api.twitter.com/2/tweets/search/recent?query=AluraOnline&tweet.fields=author_id,conversation_id,created_at,id,in_reply_to_user_id,public_metrics,text&expansions=author_id&user.fields=id,name,username,created_at&next_token=b26v89c19zqg8o3fpe47899zrez5xkoqateub9tdhfm9p
[2022-01-31 14:35:47,327] {twitter_hook.py:36} INFO - URL: https://api.twitter.com/2/tweets/search/recent?query=AluraOnline&tweet.fields=author_id,conversation_id,created_at,id,in_reply_to_user_id,public_metrics,text&expansions=author_id&user.fields=id,name,username,created_at&next_token=b26v89c19zqg8o3fpe4789936jizz3zh4qcf2tl40wepp
[2022-01-31 14:35:47,599] {twitter_hook.py:36} INFO - URL: https://api.twitter.com/2/tweets/search/recent?query=AluraOnline&tweet.fields=author_id,conversation_id,created_at,id,in_reply_to_user_id,public_metrics,text&expansions=author_id&user.fields=id,name,username,created_at&next_token=b26v89c19zqg8o3fpe478742btv2g0l5jmy8gdfydmk59
[2022-01-31 14:35:47,870] {twitter_hook.py:36} INFO - URL: https://api.twitter.com/2/tweets/search/recent?query=AluraOnline&tweet.fields=author_id,conversation_id,created_at,id,in_reply_to_user_id,public_metrics,text&expansions=author_id&user.fields=id,name,username,created_at&next_token=b26v89c19zqg8o3fpe47850u4lpotlow14xv8ohzup20t
[2022-01-31 14:35:48,147] {twitter_hook.py:36} INFO - URL: https://api.twitter.com/2/tweets/search/recent?query=AluraOnline&tweet.fields=author_id,conversation_id,created_at,id,in_reply_to_user_id,public_metrics,text&expansions=author_id&user.fields=id,name,username,created_at&next_token=b26v89c19zqg8o3fpe478508pub1lz1fwndquyvt1x4e5
[2022-01-31 14:35:48,407] {twitter_hook.py:36} INFO - URL: https://api.twitter.com/2/tweets/search/recent?query=AluraOnline&tweet.fields=author_id,conversation_id,created_at,id,in_reply_to_user_id,public_metrics,text&expansions=author_id&user.fields=id,name,username,created_at&next_token=b26v89c19zqg8o3fpe4784zmsu57rj7l0p7bsryzj6ykd
[2022-01-31 14:35:48,653] {twitter_hook.py:36} INFO - URL: https://api.twitter.com/2/tweets/search/recent?query=AluraOnline&tweet.fields=author_id,conversation_id,created_at,id,in_reply_to_user_id,public_metrics,text&expansions=author_id&user.fields=id,name,username,created_at&next_token=b26v89c19zqg8o3fpe4784yqq6lbu9ggmut524ytd3a0t
[2022-01-31 14:35:48,950] {twitter_hook.py:36} INFO - URL: https://api.twitter.com/2/tweets/search/recent?query=AluraOnline&tweet.fields=author_id,conversation_id,created_at,id,in_reply_to_user_id,public_metrics,text&expansions=author_id&user.fields=id,name,username,created_at&next_token=b26v89c19zqg8o3fpe4782wezag9sx11g2sfbk99z9n5p
[2022-01-31 14:35:49,262] {twitter_hook.py:36} INFO - URL: https://api.twitter.com/2/tweets/search/recent?query=AluraOnline&tweet.fields=author_id,conversation_id,created_at,id,in_reply_to_user_id,public_metrics,text&expansions=author_id&user.fields=id,name,username,created_at&next_token=b26v89c19zqg8o3fpe4782w3uqqellw6maf67ep498ccd
[2022-01-31 14:35:49,450] {taskinstance.py:1219} INFO - Marking task as SUCCESS. dag_id=twitter_dag, task_id=twitter_aluraonline, execution_date=20220131T173214, start_date=20220131T173535, end_date=20220131T173549
[2022-01-31 14:35:49,489] {local_task_job.py:151} INFO - Task exited with return code 0
[2022-01-31 14:35:49,509] {local_task_job.py:261} INFO - 0 downstream tasks scheduled from follow-on schedule check
