[2022-01-31 18:04:47,575] {taskinstance.py:903} INFO - Dependencies all met for <TaskInstance: twitter_dag.transform_twitter_alura_online 2022-01-29T09:00:00+00:00 [queued]>
[2022-01-31 18:04:47,583] {taskinstance.py:903} INFO - Dependencies all met for <TaskInstance: twitter_dag.transform_twitter_alura_online 2022-01-29T09:00:00+00:00 [queued]>
[2022-01-31 18:04:47,583] {taskinstance.py:1095} INFO - 
--------------------------------------------------------------------------------
[2022-01-31 18:04:47,583] {taskinstance.py:1096} INFO - Starting attempt 1 of 1
[2022-01-31 18:04:47,583] {taskinstance.py:1097} INFO - 
--------------------------------------------------------------------------------
[2022-01-31 18:04:47,592] {taskinstance.py:1115} INFO - Executing <Task(SparkSubmitOperator): transform_twitter_alura_online> on 2022-01-29T09:00:00+00:00
[2022-01-31 18:04:47,594] {standard_task_runner.py:52} INFO - Started process 85264 to run task
[2022-01-31 18:04:47,604] {standard_task_runner.py:76} INFO - Running: ['airflow', 'tasks', 'run', 'twitter_dag', 'transform_twitter_alura_online', '2022-01-29T09:00:00+00:00', '--job-id', '30', '--pool', 'default_pool', '--raw', '--subdir', 'DAGS_FOLDER/twitter_dag.py', '--cfg-path', '/var/folders/k6/528t8tnx5llf4w8y5xx1rrm80000gn/T/tmp8odxxcmy', '--error-file', '/var/folders/k6/528t8tnx5llf4w8y5xx1rrm80000gn/T/tmp5boittjg']
[2022-01-31 18:04:47,606] {standard_task_runner.py:77} INFO - Job 30: Subtask transform_twitter_alura_online
[2022-01-31 18:04:47,648] {logging_mixin.py:109} INFO - Running <TaskInstance: twitter_dag.transform_twitter_alura_online 2022-01-29T09:00:00+00:00 [running]> on host 1.0.0.0.0.0.0.0.0.0.0.0.0.0.0.0.0.0.0.0.0.0.0.0.0.0.0.0.0.0.0.0.ip6.arpa
[2022-01-31 18:04:47,694] {taskinstance.py:1254} INFO - Exporting the following env vars:
AIRFLOW_CTX_DAG_OWNER=airflow
AIRFLOW_CTX_DAG_ID=twitter_dag
AIRFLOW_CTX_TASK_ID=transform_twitter_alura_online
AIRFLOW_CTX_EXECUTION_DATE=2022-01-29T09:00:00+00:00
AIRFLOW_CTX_DAG_RUN_ID=scheduled__2022-01-29T09:00:00+00:00
[2022-01-31 18:04:47,702] {base.py:79} INFO - Using connection to: id: spark_default. Host: local, Port: None, Schema: , Login: , Password: None, extra: {'spark-home': '/Users/bezerraescossia/spark-3.2.0-bin-hadoop3.2'}
[2022-01-31 18:04:47,707] {spark_submit.py:360} INFO - Spark-Submit cmd: /Users/bezerraescossia/spark-3.2.0-bin-hadoop3.2/bin/spark-submit --master local --name twitter_transformation /Users/bezerraescossia/Github/studies/twitter-project/spark/transformation.py --src /Users/bezerraescossia/Github/studies/twitter-project/datalake/bronze/extract_date=2022-01-29 --dest /Users/bezerraescossia/Github/studies/twitter-project/datalake/silver --process-date 2022-01-29
[2022-01-31 18:04:50,133] {spark_submit.py:514} INFO - 22/01/31 18:04:50 WARN Utils: Your hostname, MacBook-Air-de-Rafael.local resolves to a loopback address: 127.0.0.1; using 192.168.0.44 instead (on interface en0)
[2022-01-31 18:04:50,135] {spark_submit.py:514} INFO - 22/01/31 18:04:50 WARN Utils: Set SPARK_LOCAL_IP if you need to bind to another address
[2022-01-31 18:04:51,666] {spark_submit.py:514} INFO - Using Spark's default log4j profile: org/apache/spark/log4j-defaults.properties
[2022-01-31 18:04:51,679] {spark_submit.py:514} INFO - 22/01/31 18:04:51 INFO SparkContext: Running Spark version 3.2.0
[2022-01-31 18:04:51,853] {spark_submit.py:514} INFO - 22/01/31 18:04:51 WARN NativeCodeLoader: Unable to load native-hadoop library for your platform... using builtin-java classes where applicable
[2022-01-31 18:04:52,001] {spark_submit.py:514} INFO - 22/01/31 18:04:52 INFO ResourceUtils: ==============================================================
[2022-01-31 18:04:52,001] {spark_submit.py:514} INFO - 22/01/31 18:04:52 INFO ResourceUtils: No custom resources configured for spark.driver.
[2022-01-31 18:04:52,002] {spark_submit.py:514} INFO - 22/01/31 18:04:52 INFO ResourceUtils: ==============================================================
[2022-01-31 18:04:52,003] {spark_submit.py:514} INFO - 22/01/31 18:04:52 INFO SparkContext: Submitted application: twitter_transformation
[2022-01-31 18:04:52,048] {spark_submit.py:514} INFO - 22/01/31 18:04:52 INFO ResourceProfile: Default ResourceProfile created, executor resources: Map(cores -> name: cores, amount: 1, script: , vendor: , memory -> name: memory, amount: 1024, script: , vendor: , offHeap -> name: offHeap, amount: 0, script: , vendor: ), task resources: Map(cpus -> name: cpus, amount: 1.0)
[2022-01-31 18:04:52,092] {spark_submit.py:514} INFO - 22/01/31 18:04:52 INFO ResourceProfile: Limiting resource is cpu
[2022-01-31 18:04:52,093] {spark_submit.py:514} INFO - 22/01/31 18:04:52 INFO ResourceProfileManager: Added ResourceProfile id: 0
[2022-01-31 18:04:52,269] {spark_submit.py:514} INFO - 22/01/31 18:04:52 INFO SecurityManager: Changing view acls to: bezerraescossia
[2022-01-31 18:04:52,271] {spark_submit.py:514} INFO - 22/01/31 18:04:52 INFO SecurityManager: Changing modify acls to: bezerraescossia
[2022-01-31 18:04:52,272] {spark_submit.py:514} INFO - 22/01/31 18:04:52 INFO SecurityManager: Changing view acls groups to:
[2022-01-31 18:04:52,273] {spark_submit.py:514} INFO - 22/01/31 18:04:52 INFO SecurityManager: Changing modify acls groups to:
[2022-01-31 18:04:52,274] {spark_submit.py:514} INFO - 22/01/31 18:04:52 INFO SecurityManager: SecurityManager: authentication disabled; ui acls disabled; users  with view permissions: Set(bezerraescossia); groups with view permissions: Set(); users  with modify permissions: Set(bezerraescossia); groups with modify permissions: Set()
[2022-01-31 18:04:52,851] {spark_submit.py:514} INFO - 22/01/31 18:04:52 INFO Utils: Successfully started service 'sparkDriver' on port 56923.
[2022-01-31 18:04:52,897] {spark_submit.py:514} INFO - 22/01/31 18:04:52 INFO SparkEnv: Registering MapOutputTracker
[2022-01-31 18:04:52,944] {spark_submit.py:514} INFO - 22/01/31 18:04:52 INFO SparkEnv: Registering BlockManagerMaster
[2022-01-31 18:04:52,969] {spark_submit.py:514} INFO - 22/01/31 18:04:52 INFO BlockManagerMasterEndpoint: Using org.apache.spark.storage.DefaultTopologyMapper for getting topology information
[2022-01-31 18:04:52,970] {spark_submit.py:514} INFO - 22/01/31 18:04:52 INFO BlockManagerMasterEndpoint: BlockManagerMasterEndpoint up
[2022-01-31 18:04:52,975] {spark_submit.py:514} INFO - 22/01/31 18:04:52 INFO SparkEnv: Registering BlockManagerMasterHeartbeat
[2022-01-31 18:04:53,012] {spark_submit.py:514} INFO - 22/01/31 18:04:53 INFO DiskBlockManager: Created local directory at /private/var/folders/k6/528t8tnx5llf4w8y5xx1rrm80000gn/T/blockmgr-48f8f9a7-74c8-40e2-a47b-d3f97077f96f
[2022-01-31 18:04:53,061] {spark_submit.py:514} INFO - 22/01/31 18:04:53 INFO MemoryStore: MemoryStore started with capacity 366.3 MiB
[2022-01-31 18:04:53,094] {spark_submit.py:514} INFO - 22/01/31 18:04:53 INFO SparkEnv: Registering OutputCommitCoordinator
[2022-01-31 18:04:53,461] {spark_submit.py:514} INFO - 22/01/31 18:04:53 WARN Utils: Service 'SparkUI' could not bind on port 4040. Attempting port 4041.
[2022-01-31 18:04:53,474] {spark_submit.py:514} INFO - 22/01/31 18:04:53 INFO Utils: Successfully started service 'SparkUI' on port 4041.
[2022-01-31 18:04:53,588] {spark_submit.py:514} INFO - 22/01/31 18:04:53 INFO SparkUI: Bound SparkUI to 0.0.0.0, and started at http://192.168.0.44:4041
[2022-01-31 18:04:53,911] {spark_submit.py:514} INFO - 22/01/31 18:04:53 INFO Executor: Starting executor ID driver on host 192.168.0.44
[2022-01-31 18:04:53,961] {spark_submit.py:514} INFO - 22/01/31 18:04:53 INFO Utils: Successfully started service 'org.apache.spark.network.netty.NettyBlockTransferService' on port 56924.
[2022-01-31 18:04:53,962] {spark_submit.py:514} INFO - 22/01/31 18:04:53 INFO NettyBlockTransferService: Server created on 192.168.0.44:56924
[2022-01-31 18:04:53,964] {spark_submit.py:514} INFO - 22/01/31 18:04:53 INFO BlockManager: Using org.apache.spark.storage.RandomBlockReplicationPolicy for block replication policy
[2022-01-31 18:04:53,986] {spark_submit.py:514} INFO - 22/01/31 18:04:53 INFO BlockManagerMaster: Registering BlockManager BlockManagerId(driver, 192.168.0.44, 56924, None)
[2022-01-31 18:04:53,993] {spark_submit.py:514} INFO - 22/01/31 18:04:53 INFO BlockManagerMasterEndpoint: Registering block manager 192.168.0.44:56924 with 366.3 MiB RAM, BlockManagerId(driver, 192.168.0.44, 56924, None)
[2022-01-31 18:04:53,997] {spark_submit.py:514} INFO - 22/01/31 18:04:53 INFO BlockManagerMaster: Registered BlockManager BlockManagerId(driver, 192.168.0.44, 56924, None)
[2022-01-31 18:04:54,001] {spark_submit.py:514} INFO - 22/01/31 18:04:54 INFO BlockManager: Initialized BlockManager: BlockManagerId(driver, 192.168.0.44, 56924, None)
[2022-01-31 18:04:55,015] {spark_submit.py:514} INFO - 22/01/31 18:04:55 INFO SharedState: Setting hive.metastore.warehouse.dir ('null') to the value of spark.sql.warehouse.dir.
[2022-01-31 18:04:55,162] {spark_submit.py:514} INFO - 22/01/31 18:04:55 INFO SharedState: Warehouse path is 'file:/Users/bezerraescossia/Github/studies/twitter-project/spark-warehouse'.
[2022-01-31 18:04:56,623] {spark_submit.py:514} INFO - 22/01/31 18:04:56 INFO InMemoryFileIndex: It took 54 ms to list leaf files for 1 paths.
[2022-01-31 18:04:56,864] {spark_submit.py:514} INFO - 22/01/31 18:04:56 INFO InMemoryFileIndex: It took 3 ms to list leaf files for 1 paths.
[2022-01-31 18:05:00,742] {spark_submit.py:514} INFO - 22/01/31 18:05:00 INFO FileSourceStrategy: Pushed Filters:
[2022-01-31 18:05:00,747] {spark_submit.py:514} INFO - 22/01/31 18:05:00 INFO FileSourceStrategy: Post-Scan Filters:
[2022-01-31 18:05:00,753] {spark_submit.py:514} INFO - 22/01/31 18:05:00 INFO FileSourceStrategy: Output Data Schema: struct<value: string>
[2022-01-31 18:05:02,327] {spark_submit.py:514} INFO - 22/01/31 18:05:02 INFO MemoryStore: Block broadcast_0 stored as values in memory (estimated size 338.2 KiB, free 366.0 MiB)
[2022-01-31 18:05:02,688] {spark_submit.py:514} INFO - 22/01/31 18:05:02 INFO MemoryStore: Block broadcast_0_piece0 stored as bytes in memory (estimated size 32.5 KiB, free 365.9 MiB)
[2022-01-31 18:05:02,693] {spark_submit.py:514} INFO - 22/01/31 18:05:02 INFO BlockManagerInfo: Added broadcast_0_piece0 in memory on 192.168.0.44:56924 (size: 32.5 KiB, free: 366.3 MiB)
[2022-01-31 18:05:02,701] {spark_submit.py:514} INFO - 22/01/31 18:05:02 INFO SparkContext: Created broadcast 0 from json at NativeMethodAccessorImpl.java:0
[2022-01-31 18:05:02,714] {spark_submit.py:514} INFO - 22/01/31 18:05:02 INFO FileSourceScanExec: Planning scan with bin packing, max size: 4210385 bytes, open cost is considered as scanning 4194304 bytes.
[2022-01-31 18:05:03,250] {spark_submit.py:514} INFO - 22/01/31 18:05:03 INFO SparkContext: Starting job: json at NativeMethodAccessorImpl.java:0
[2022-01-31 18:05:03,275] {spark_submit.py:514} INFO - 22/01/31 18:05:03 INFO DAGScheduler: Got job 0 (json at NativeMethodAccessorImpl.java:0) with 1 output partitions
[2022-01-31 18:05:03,277] {spark_submit.py:514} INFO - 22/01/31 18:05:03 INFO DAGScheduler: Final stage: ResultStage 0 (json at NativeMethodAccessorImpl.java:0)
[2022-01-31 18:05:03,278] {spark_submit.py:514} INFO - 22/01/31 18:05:03 INFO DAGScheduler: Parents of final stage: List()
[2022-01-31 18:05:03,281] {spark_submit.py:514} INFO - 22/01/31 18:05:03 INFO DAGScheduler: Missing parents: List()
[2022-01-31 18:05:03,297] {spark_submit.py:514} INFO - 22/01/31 18:05:03 INFO DAGScheduler: Submitting ResultStage 0 (MapPartitionsRDD[3] at json at NativeMethodAccessorImpl.java:0), which has no missing parents
[2022-01-31 18:05:03,557] {spark_submit.py:514} INFO - 22/01/31 18:05:03 INFO MemoryStore: Block broadcast_1 stored as values in memory (estimated size 12.5 KiB, free 365.9 MiB)
[2022-01-31 18:05:03,567] {spark_submit.py:514} INFO - 22/01/31 18:05:03 INFO MemoryStore: Block broadcast_1_piece0 stored as bytes in memory (estimated size 6.5 KiB, free 365.9 MiB)
[2022-01-31 18:05:03,568] {spark_submit.py:514} INFO - 22/01/31 18:05:03 INFO BlockManagerInfo: Added broadcast_1_piece0 in memory on 192.168.0.44:56924 (size: 6.5 KiB, free: 366.3 MiB)
[2022-01-31 18:05:03,576] {spark_submit.py:514} INFO - 22/01/31 18:05:03 INFO SparkContext: Created broadcast 1 from broadcast at DAGScheduler.scala:1427
[2022-01-31 18:05:03,631] {spark_submit.py:514} INFO - 22/01/31 18:05:03 INFO DAGScheduler: Submitting 1 missing tasks from ResultStage 0 (MapPartitionsRDD[3] at json at NativeMethodAccessorImpl.java:0) (first 15 tasks are for partitions Vector(0))
[2022-01-31 18:05:03,633] {spark_submit.py:514} INFO - 22/01/31 18:05:03 INFO TaskSchedulerImpl: Adding task set 0.0 with 1 tasks resource profile 0
[2022-01-31 18:05:03,809] {spark_submit.py:514} INFO - 22/01/31 18:05:03 INFO TaskSetManager: Starting task 0.0 in stage 0.0 (TID 0) (192.168.0.44, executor driver, partition 0, PROCESS_LOCAL, 4951 bytes) taskResourceAssignments Map()
[2022-01-31 18:05:03,904] {spark_submit.py:514} INFO - 22/01/31 18:05:03 INFO Executor: Running task 0.0 in stage 0.0 (TID 0)
[2022-01-31 18:05:05,121] {spark_submit.py:514} INFO - 22/01/31 18:05:05 INFO FileScanRDD: Reading File path: file:///Users/bezerraescossia/Github/studies/twitter-project/datalake/bronze/extract_date=2022-01-29/AluraOnline_20220129.json, range: 0-16081, partition values: [empty row]
[2022-01-31 18:05:05,626] {spark_submit.py:514} INFO - 22/01/31 18:05:05 INFO CodeGenerator: Code generated in 337.553568 ms
[2022-01-31 18:05:05,835] {spark_submit.py:514} INFO - 22/01/31 18:05:05 INFO Executor: Finished task 0.0 in stage 0.0 (TID 0). 2858 bytes result sent to driver
[2022-01-31 18:05:05,854] {spark_submit.py:514} INFO - 22/01/31 18:05:05 INFO TaskSetManager: Finished task 0.0 in stage 0.0 (TID 0) in 2077 ms on 192.168.0.44 (executor driver) (1/1)
[2022-01-31 18:05:05,858] {spark_submit.py:514} INFO - 22/01/31 18:05:05 INFO TaskSchedulerImpl: Removed TaskSet 0.0, whose tasks have all completed, from pool
[2022-01-31 18:05:05,866] {spark_submit.py:514} INFO - 22/01/31 18:05:05 INFO DAGScheduler: ResultStage 0 (json at NativeMethodAccessorImpl.java:0) finished in 2,535 s
[2022-01-31 18:05:05,882] {spark_submit.py:514} INFO - 22/01/31 18:05:05 INFO DAGScheduler: Job 0 is finished. Cancelling potential speculative or zombie tasks for this job
[2022-01-31 18:05:05,884] {spark_submit.py:514} INFO - 22/01/31 18:05:05 INFO TaskSchedulerImpl: Killing all running tasks in stage 0: Stage finished
[2022-01-31 18:05:05,890] {spark_submit.py:514} INFO - 22/01/31 18:05:05 INFO DAGScheduler: Job 0 finished: json at NativeMethodAccessorImpl.java:0, took 2,636074 s
[2022-01-31 18:05:07,086] {spark_submit.py:514} INFO - 22/01/31 18:05:07 INFO FileSourceStrategy: Pushed Filters: IsNotNull(data)
[2022-01-31 18:05:07,091] {spark_submit.py:514} INFO - 22/01/31 18:05:07 INFO FileSourceStrategy: Post-Scan Filters: (size(data#7, true) > 0),isnotnull(data#7)
[2022-01-31 18:05:07,093] {spark_submit.py:514} INFO - 22/01/31 18:05:07 INFO FileSourceStrategy: Output Data Schema: struct<data: array<struct<author_id:string,conversation_id:string,created_at:string,id:string,in_reply_to_user_id:string,public_metrics:struct<like_count:bigint,quote_count:bigint,reply_count:bigint,retweet_count:bigint>,text:string>>>
[2022-01-31 18:05:07,324] {spark_submit.py:514} INFO - 22/01/31 18:05:07 INFO FileOutputCommitter: File Output Committer Algorithm version is 1
[2022-01-31 18:05:07,325] {spark_submit.py:514} INFO - 22/01/31 18:05:07 INFO FileOutputCommitter: FileOutputCommitter skip cleanup _temporary folders under output directory:false, ignore cleanup failures: false
[2022-01-31 18:05:07,328] {spark_submit.py:514} INFO - 22/01/31 18:05:07 INFO SQLHadoopMapReduceCommitProtocol: Using output committer class org.apache.hadoop.mapreduce.lib.output.FileOutputCommitter
[2022-01-31 18:05:07,895] {spark_submit.py:514} INFO - 22/01/31 18:05:07 INFO CodeGenerator: Code generated in 337.883512 ms
[2022-01-31 18:05:07,911] {spark_submit.py:514} INFO - 22/01/31 18:05:07 INFO MemoryStore: Block broadcast_2 stored as values in memory (estimated size 338.0 KiB, free 365.6 MiB)
[2022-01-31 18:05:07,957] {spark_submit.py:514} INFO - 22/01/31 18:05:07 INFO MemoryStore: Block broadcast_2_piece0 stored as bytes in memory (estimated size 32.5 KiB, free 365.6 MiB)
[2022-01-31 18:05:07,959] {spark_submit.py:514} INFO - 22/01/31 18:05:07 INFO BlockManagerInfo: Added broadcast_2_piece0 in memory on 192.168.0.44:56924 (size: 32.5 KiB, free: 366.2 MiB)
[2022-01-31 18:05:07,962] {spark_submit.py:514} INFO - 22/01/31 18:05:07 INFO SparkContext: Created broadcast 2 from json at NativeMethodAccessorImpl.java:0
[2022-01-31 18:05:07,968] {spark_submit.py:514} INFO - 22/01/31 18:05:07 INFO FileSourceScanExec: Planning scan with bin packing, max size: 4210385 bytes, open cost is considered as scanning 4194304 bytes.
[2022-01-31 18:05:08,256] {spark_submit.py:514} INFO - 22/01/31 18:05:08 INFO SparkContext: Starting job: json at NativeMethodAccessorImpl.java:0
[2022-01-31 18:05:08,262] {spark_submit.py:514} INFO - 22/01/31 18:05:08 INFO DAGScheduler: Got job 1 (json at NativeMethodAccessorImpl.java:0) with 1 output partitions
[2022-01-31 18:05:08,262] {spark_submit.py:514} INFO - 22/01/31 18:05:08 INFO DAGScheduler: Final stage: ResultStage 1 (json at NativeMethodAccessorImpl.java:0)
[2022-01-31 18:05:08,263] {spark_submit.py:514} INFO - 22/01/31 18:05:08 INFO DAGScheduler: Parents of final stage: List()
[2022-01-31 18:05:08,264] {spark_submit.py:514} INFO - 22/01/31 18:05:08 INFO DAGScheduler: Missing parents: List()
[2022-01-31 18:05:08,265] {spark_submit.py:514} INFO - 22/01/31 18:05:08 INFO DAGScheduler: Submitting ResultStage 1 (CoalescedRDD[7] at json at NativeMethodAccessorImpl.java:0), which has no missing parents
[2022-01-31 18:05:08,351] {spark_submit.py:514} INFO - 22/01/31 18:05:08 INFO MemoryStore: Block broadcast_3 stored as values in memory (estimated size 223.6 KiB, free 365.3 MiB)
[2022-01-31 18:05:08,363] {spark_submit.py:514} INFO - 22/01/31 18:05:08 INFO MemoryStore: Block broadcast_3_piece0 stored as bytes in memory (estimated size 76.9 KiB, free 365.3 MiB)
[2022-01-31 18:05:08,369] {spark_submit.py:514} INFO - 22/01/31 18:05:08 INFO BlockManagerInfo: Added broadcast_3_piece0 in memory on 192.168.0.44:56924 (size: 76.9 KiB, free: 366.2 MiB)
[2022-01-31 18:05:08,370] {spark_submit.py:514} INFO - 22/01/31 18:05:08 INFO SparkContext: Created broadcast 3 from broadcast at DAGScheduler.scala:1427
[2022-01-31 18:05:08,371] {spark_submit.py:514} INFO - 22/01/31 18:05:08 INFO DAGScheduler: Submitting 1 missing tasks from ResultStage 1 (CoalescedRDD[7] at json at NativeMethodAccessorImpl.java:0) (first 15 tasks are for partitions Vector(0))
[2022-01-31 18:05:08,372] {spark_submit.py:514} INFO - 22/01/31 18:05:08 INFO TaskSchedulerImpl: Adding task set 1.0 with 1 tasks resource profile 0
[2022-01-31 18:05:08,382] {spark_submit.py:514} INFO - 22/01/31 18:05:08 INFO TaskSetManager: Starting task 0.0 in stage 1.0 (TID 1) (192.168.0.44, executor driver, partition 0, PROCESS_LOCAL, 5180 bytes) taskResourceAssignments Map()
[2022-01-31 18:05:08,383] {spark_submit.py:514} INFO - 22/01/31 18:05:08 INFO Executor: Running task 0.0 in stage 1.0 (TID 1)
[2022-01-31 18:05:08,514] {spark_submit.py:514} INFO - 22/01/31 18:05:08 INFO FileOutputCommitter: File Output Committer Algorithm version is 1
[2022-01-31 18:05:08,516] {spark_submit.py:514} INFO - 22/01/31 18:05:08 INFO FileOutputCommitter: FileOutputCommitter skip cleanup _temporary folders under output directory:false, ignore cleanup failures: false
[2022-01-31 18:05:08,518] {spark_submit.py:514} INFO - 22/01/31 18:05:08 INFO SQLHadoopMapReduceCommitProtocol: Using output committer class org.apache.hadoop.mapreduce.lib.output.FileOutputCommitter
[2022-01-31 18:05:08,804] {spark_submit.py:514} INFO - 22/01/31 18:05:08 INFO FileScanRDD: Reading File path: file:///Users/bezerraescossia/Github/studies/twitter-project/datalake/bronze/extract_date=2022-01-29/AluraOnline_20220129.json, range: 0-16081, partition values: [empty row]
[2022-01-31 18:05:08,929] {spark_submit.py:514} INFO - 22/01/31 18:05:08 INFO CodeGenerator: Code generated in 115.022447 ms
[2022-01-31 18:05:09,031] {spark_submit.py:514} INFO - 22/01/31 18:05:09 INFO CodeGenerator: Code generated in 16.943173 ms
[2022-01-31 18:05:09,157] {spark_submit.py:514} INFO - 22/01/31 18:05:09 INFO FileOutputCommitter: Saved output of task 'attempt_202201311805083926892004450015594_0001_m_000000_1' to file:/Users/bezerraescossia/Github/studies/twitter-project/datalake/silver/tweet/process_date=2022-01-29/_temporary/0/task_202201311805083926892004450015594_0001_m_000000
[2022-01-31 18:05:09,158] {spark_submit.py:514} INFO - 22/01/31 18:05:09 INFO SparkHadoopMapRedUtil: attempt_202201311805083926892004450015594_0001_m_000000_1: Committed
[2022-01-31 18:05:09,168] {spark_submit.py:514} INFO - 22/01/31 18:05:09 INFO Executor: Finished task 0.0 in stage 1.0 (TID 1). 2670 bytes result sent to driver
[2022-01-31 18:05:09,172] {spark_submit.py:514} INFO - 22/01/31 18:05:09 INFO TaskSetManager: Finished task 0.0 in stage 1.0 (TID 1) in 794 ms on 192.168.0.44 (executor driver) (1/1)
[2022-01-31 18:05:09,173] {spark_submit.py:514} INFO - 22/01/31 18:05:09 INFO TaskSchedulerImpl: Removed TaskSet 1.0, whose tasks have all completed, from pool
[2022-01-31 18:05:09,180] {spark_submit.py:514} INFO - 22/01/31 18:05:09 INFO DAGScheduler: ResultStage 1 (json at NativeMethodAccessorImpl.java:0) finished in 0,909 s
[2022-01-31 18:05:09,181] {spark_submit.py:514} INFO - 22/01/31 18:05:09 INFO DAGScheduler: Job 1 is finished. Cancelling potential speculative or zombie tasks for this job
[2022-01-31 18:05:09,181] {spark_submit.py:514} INFO - 22/01/31 18:05:09 INFO TaskSchedulerImpl: Killing all running tasks in stage 1: Stage finished
[2022-01-31 18:05:09,182] {spark_submit.py:514} INFO - 22/01/31 18:05:09 INFO DAGScheduler: Job 1 finished: json at NativeMethodAccessorImpl.java:0, took 0,923883 s
[2022-01-31 18:05:09,184] {spark_submit.py:514} INFO - 22/01/31 18:05:09 INFO FileFormatWriter: Start to commit write Job b83bcb79-7729-4f3c-87e3-7cc89c1cdf49.
[2022-01-31 18:05:09,288] {spark_submit.py:514} INFO - 22/01/31 18:05:09 INFO FileFormatWriter: Write Job b83bcb79-7729-4f3c-87e3-7cc89c1cdf49 committed. Elapsed time: 103 ms.
[2022-01-31 18:05:09,293] {spark_submit.py:514} INFO - 22/01/31 18:05:09 INFO FileFormatWriter: Finished processing stats for write job b83bcb79-7729-4f3c-87e3-7cc89c1cdf49.
[2022-01-31 18:05:09,399] {spark_submit.py:514} INFO - 22/01/31 18:05:09 INFO FileSourceStrategy: Pushed Filters: IsNotNull(includes)
[2022-01-31 18:05:09,400] {spark_submit.py:514} INFO - 22/01/31 18:05:09 INFO FileSourceStrategy: Post-Scan Filters: isnotnull(includes#8),(size(includes#8.users, true) > 0),isnotnull(includes#8.users)
[2022-01-31 18:05:09,401] {spark_submit.py:514} INFO - 22/01/31 18:05:09 INFO FileSourceStrategy: Output Data Schema: struct<includes: struct<users: array<struct<created_at:string,id:string,name:string,username:string>>>>
[2022-01-31 18:05:09,428] {spark_submit.py:514} INFO - 22/01/31 18:05:09 INFO FileOutputCommitter: File Output Committer Algorithm version is 1
[2022-01-31 18:05:09,429] {spark_submit.py:514} INFO - 22/01/31 18:05:09 INFO FileOutputCommitter: FileOutputCommitter skip cleanup _temporary folders under output directory:false, ignore cleanup failures: false
[2022-01-31 18:05:09,429] {spark_submit.py:514} INFO - 22/01/31 18:05:09 INFO SQLHadoopMapReduceCommitProtocol: Using output committer class org.apache.hadoop.mapreduce.lib.output.FileOutputCommitter
[2022-01-31 18:05:09,756] {spark_submit.py:514} INFO - 22/01/31 18:05:09 INFO CodeGenerator: Code generated in 58.77537 ms
[2022-01-31 18:05:09,766] {spark_submit.py:514} INFO - 22/01/31 18:05:09 INFO MemoryStore: Block broadcast_4 stored as values in memory (estimated size 338.0 KiB, free 364.9 MiB)
[2022-01-31 18:05:09,806] {spark_submit.py:514} INFO - 22/01/31 18:05:09 INFO MemoryStore: Block broadcast_4_piece0 stored as bytes in memory (estimated size 32.5 KiB, free 364.9 MiB)
[2022-01-31 18:05:09,807] {spark_submit.py:514} INFO - 22/01/31 18:05:09 INFO BlockManagerInfo: Added broadcast_4_piece0 in memory on 192.168.0.44:56924 (size: 32.5 KiB, free: 366.1 MiB)
[2022-01-31 18:05:09,809] {spark_submit.py:514} INFO - 22/01/31 18:05:09 INFO SparkContext: Created broadcast 4 from json at NativeMethodAccessorImpl.java:0
[2022-01-31 18:05:09,812] {spark_submit.py:514} INFO - 22/01/31 18:05:09 INFO FileSourceScanExec: Planning scan with bin packing, max size: 4210385 bytes, open cost is considered as scanning 4194304 bytes.
[2022-01-31 18:05:09,909] {spark_submit.py:514} INFO - 22/01/31 18:05:09 INFO SparkContext: Starting job: json at NativeMethodAccessorImpl.java:0
[2022-01-31 18:05:09,915] {spark_submit.py:514} INFO - 22/01/31 18:05:09 INFO DAGScheduler: Got job 2 (json at NativeMethodAccessorImpl.java:0) with 1 output partitions
[2022-01-31 18:05:09,916] {spark_submit.py:514} INFO - 22/01/31 18:05:09 INFO DAGScheduler: Final stage: ResultStage 2 (json at NativeMethodAccessorImpl.java:0)
[2022-01-31 18:05:09,916] {spark_submit.py:514} INFO - 22/01/31 18:05:09 INFO DAGScheduler: Parents of final stage: List()
[2022-01-31 18:05:09,917] {spark_submit.py:514} INFO - 22/01/31 18:05:09 INFO DAGScheduler: Missing parents: List()
[2022-01-31 18:05:09,918] {spark_submit.py:514} INFO - 22/01/31 18:05:09 INFO DAGScheduler: Submitting ResultStage 2 (CoalescedRDD[11] at json at NativeMethodAccessorImpl.java:0), which has no missing parents
[2022-01-31 18:05:09,999] {spark_submit.py:514} INFO - 22/01/31 18:05:09 INFO MemoryStore: Block broadcast_5 stored as values in memory (estimated size 211.2 KiB, free 364.7 MiB)
[2022-01-31 18:05:10,003] {spark_submit.py:514} INFO - 22/01/31 18:05:10 INFO MemoryStore: Block broadcast_5_piece0 stored as bytes in memory (estimated size 75.2 KiB, free 364.6 MiB)
[2022-01-31 18:05:10,005] {spark_submit.py:514} INFO - 22/01/31 18:05:10 INFO BlockManagerInfo: Added broadcast_5_piece0 in memory on 192.168.0.44:56924 (size: 75.2 KiB, free: 366.0 MiB)
[2022-01-31 18:05:10,005] {spark_submit.py:514} INFO - 22/01/31 18:05:10 INFO SparkContext: Created broadcast 5 from broadcast at DAGScheduler.scala:1427
[2022-01-31 18:05:10,006] {spark_submit.py:514} INFO - 22/01/31 18:05:10 INFO DAGScheduler: Submitting 1 missing tasks from ResultStage 2 (CoalescedRDD[11] at json at NativeMethodAccessorImpl.java:0) (first 15 tasks are for partitions Vector(0))
[2022-01-31 18:05:10,007] {spark_submit.py:514} INFO - 22/01/31 18:05:10 INFO TaskSchedulerImpl: Adding task set 2.0 with 1 tasks resource profile 0
[2022-01-31 18:05:10,009] {spark_submit.py:514} INFO - 22/01/31 18:05:10 INFO TaskSetManager: Starting task 0.0 in stage 2.0 (TID 2) (192.168.0.44, executor driver, partition 0, PROCESS_LOCAL, 5180 bytes) taskResourceAssignments Map()
[2022-01-31 18:05:10,010] {spark_submit.py:514} INFO - 22/01/31 18:05:10 INFO Executor: Running task 0.0 in stage 2.0 (TID 2)
[2022-01-31 18:05:10,050] {spark_submit.py:514} INFO - 22/01/31 18:05:10 INFO FileOutputCommitter: File Output Committer Algorithm version is 1
[2022-01-31 18:05:10,051] {spark_submit.py:514} INFO - 22/01/31 18:05:10 INFO FileOutputCommitter: FileOutputCommitter skip cleanup _temporary folders under output directory:false, ignore cleanup failures: false
[2022-01-31 18:05:10,051] {spark_submit.py:514} INFO - 22/01/31 18:05:10 INFO SQLHadoopMapReduceCommitProtocol: Using output committer class org.apache.hadoop.mapreduce.lib.output.FileOutputCommitter
[2022-01-31 18:05:10,186] {spark_submit.py:514} INFO - 22/01/31 18:05:10 INFO FileScanRDD: Reading File path: file:///Users/bezerraescossia/Github/studies/twitter-project/datalake/bronze/extract_date=2022-01-29/AluraOnline_20220129.json, range: 0-16081, partition values: [empty row]
[2022-01-31 18:05:10,225] {spark_submit.py:514} INFO - 22/01/31 18:05:10 INFO CodeGenerator: Code generated in 35.583577 ms
[2022-01-31 18:05:10,248] {spark_submit.py:514} INFO - 22/01/31 18:05:10 INFO CodeGenerator: Code generated in 13.10677 ms
[2022-01-31 18:05:10,282] {spark_submit.py:514} INFO - 22/01/31 18:05:10 INFO FileOutputCommitter: Saved output of task 'attempt_202201311805098940577411660156563_0002_m_000000_2' to file:/Users/bezerraescossia/Github/studies/twitter-project/datalake/silver/user/process_date=2022-01-29/_temporary/0/task_202201311805098940577411660156563_0002_m_000000
[2022-01-31 18:05:10,283] {spark_submit.py:514} INFO - 22/01/31 18:05:10 INFO SparkHadoopMapRedUtil: attempt_202201311805098940577411660156563_0002_m_000000_2: Committed
[2022-01-31 18:05:10,285] {spark_submit.py:514} INFO - 22/01/31 18:05:10 INFO Executor: Finished task 0.0 in stage 2.0 (TID 2). 2627 bytes result sent to driver
[2022-01-31 18:05:10,287] {spark_submit.py:514} INFO - 22/01/31 18:05:10 INFO TaskSetManager: Finished task 0.0 in stage 2.0 (TID 2) in 279 ms on 192.168.0.44 (executor driver) (1/1)
[2022-01-31 18:05:10,288] {spark_submit.py:514} INFO - 22/01/31 18:05:10 INFO TaskSchedulerImpl: Removed TaskSet 2.0, whose tasks have all completed, from pool
[2022-01-31 18:05:10,289] {spark_submit.py:514} INFO - 22/01/31 18:05:10 INFO DAGScheduler: ResultStage 2 (json at NativeMethodAccessorImpl.java:0) finished in 0,368 s
[2022-01-31 18:05:10,289] {spark_submit.py:514} INFO - 22/01/31 18:05:10 INFO DAGScheduler: Job 2 is finished. Cancelling potential speculative or zombie tasks for this job
[2022-01-31 18:05:10,290] {spark_submit.py:514} INFO - 22/01/31 18:05:10 INFO TaskSchedulerImpl: Killing all running tasks in stage 2: Stage finished
[2022-01-31 18:05:10,291] {spark_submit.py:514} INFO - 22/01/31 18:05:10 INFO DAGScheduler: Job 2 finished: json at NativeMethodAccessorImpl.java:0, took 0,382750 s
[2022-01-31 18:05:10,292] {spark_submit.py:514} INFO - 22/01/31 18:05:10 INFO FileFormatWriter: Start to commit write Job 9b8adf9e-9f09-4e62-8cb2-e06e2a7d4bdf.
[2022-01-31 18:05:10,395] {spark_submit.py:514} INFO - 22/01/31 18:05:10 INFO FileFormatWriter: Write Job 9b8adf9e-9f09-4e62-8cb2-e06e2a7d4bdf committed. Elapsed time: 104 ms.
[2022-01-31 18:05:10,396] {spark_submit.py:514} INFO - 22/01/31 18:05:10 INFO FileFormatWriter: Finished processing stats for write job 9b8adf9e-9f09-4e62-8cb2-e06e2a7d4bdf.
[2022-01-31 18:05:10,490] {spark_submit.py:514} INFO - 22/01/31 18:05:10 INFO SparkContext: Invoking stop() from shutdown hook
[2022-01-31 18:05:10,517] {spark_submit.py:514} INFO - 22/01/31 18:05:10 INFO SparkUI: Stopped Spark web UI at http://192.168.0.44:4041
[2022-01-31 18:05:10,545] {spark_submit.py:514} INFO - 22/01/31 18:05:10 INFO MapOutputTrackerMasterEndpoint: MapOutputTrackerMasterEndpoint stopped!
[2022-01-31 18:05:10,565] {spark_submit.py:514} INFO - 22/01/31 18:05:10 INFO MemoryStore: MemoryStore cleared
[2022-01-31 18:05:10,566] {spark_submit.py:514} INFO - 22/01/31 18:05:10 INFO BlockManager: BlockManager stopped
[2022-01-31 18:05:10,573] {spark_submit.py:514} INFO - 22/01/31 18:05:10 INFO BlockManagerMaster: BlockManagerMaster stopped
[2022-01-31 18:05:10,577] {spark_submit.py:514} INFO - 22/01/31 18:05:10 INFO OutputCommitCoordinator$OutputCommitCoordinatorEndpoint: OutputCommitCoordinator stopped!
[2022-01-31 18:05:10,588] {spark_submit.py:514} INFO - 22/01/31 18:05:10 INFO SparkContext: Successfully stopped SparkContext
[2022-01-31 18:05:10,588] {spark_submit.py:514} INFO - 22/01/31 18:05:10 INFO ShutdownHookManager: Shutdown hook called
[2022-01-31 18:05:10,589] {spark_submit.py:514} INFO - 22/01/31 18:05:10 INFO ShutdownHookManager: Deleting directory /private/var/folders/k6/528t8tnx5llf4w8y5xx1rrm80000gn/T/spark-ba96d08e-52cc-4837-947d-eb31c4ebdbaf/pyspark-49fd19ea-2d0d-47ec-afc0-2b99c966aef5
[2022-01-31 18:05:10,596] {spark_submit.py:514} INFO - 22/01/31 18:05:10 INFO ShutdownHookManager: Deleting directory /private/var/folders/k6/528t8tnx5llf4w8y5xx1rrm80000gn/T/spark-a1c61ff0-723b-466b-9b7f-0370d8354bb8
[2022-01-31 18:05:10,604] {spark_submit.py:514} INFO - 22/01/31 18:05:10 INFO ShutdownHookManager: Deleting directory /private/var/folders/k6/528t8tnx5llf4w8y5xx1rrm80000gn/T/spark-ba96d08e-52cc-4837-947d-eb31c4ebdbaf
[2022-01-31 18:05:10,699] {taskinstance.py:1219} INFO - Marking task as SUCCESS. dag_id=twitter_dag, task_id=transform_twitter_alura_online, execution_date=20220129T090000, start_date=20220131T210447, end_date=20220131T210510
[2022-01-31 18:05:10,752] {local_task_job.py:151} INFO - Task exited with return code 0
[2022-01-31 18:05:10,772] {local_task_job.py:261} INFO - 0 downstream tasks scheduled from follow-on schedule check
